2;75;C:\Program Files\MetaTrader - Alpari UK\experts\oa_NLV3_Core_10t05IN2.mq4;206:12;'b_fivedigitbroker' - variable not defined
2;75;C:\Program Files\MetaTrader - Alpari UK\experts\oa_NLV3_Core_10t05IN2.mq4;206:37;'maxspread' - variable not defined
2;75;C:\Program Files\MetaTrader - Alpari UK\experts\oa_NLV3_Core_10t05IN2.mq4;207:12;'b_fivedigitbroker' - variable not defined
2;75;C:\Program Files\MetaTrader - Alpari UK\experts\oa_NLV3_Core_10t05IN2.mq4;207:69;'entry_orderbridge' - variable not defined
2;75;C:\Program Files\MetaTrader - Alpari UK\experts\oa_NLV3_Core_10t05IN2.mq4;211:19;'program_name' - variable not defined
2;75;C:\Program Files\MetaTrader - Alpari UK\experts\oa_NLV3_Core_10t05IN2.mq4;220:11;'b_run_multistrat' - variable not defined
2;75;C:\Program Files\MetaTrader - Alpari UK\experts\oa_NLV3_Core_10t05IN2.mq4;220:37;'strat_symbol' - variable not defined
2;75;C:\Program Files\MetaTrader - Alpari UK\experts\oa_NLV3_Core_10t05IN2.mq4;221:7;'strat_run' - variable not defined
2;75;C:\Program Files\MetaTrader - Alpari UK\experts\oa_NLV3_Core_10t05IN2.mq4;221:20;'strat_1' - variable not defined
2;75;C:\Program Files\MetaTrader - Alpari UK\experts\oa_NLV3_Core_10t05IN2.mq4;222:7;'strat_run' - variable not defined
2;75;C:\Program Files\MetaTrader - Alpari UK\experts\oa_NLV3_Core_10t05IN2.mq4;222:20;'strat_2' - variable not defined
2;75;C:\Program Files\MetaTrader - Alpari UK\experts\oa_NLV3_Core_10t05IN2.mq4;223:7;'strat_run' - variable not defined
2;75;C:\Program Files\MetaTrader - Alpari UK\experts\oa_NLV3_Core_10t05IN2.mq4;223:20;'strat_3' - variable not defined
2;75;C:\Program Files\MetaTrader - Alpari UK\experts\oa_NLV3_Core_10t05IN2.mq4;224:7;'strat_run' - variable not defined
2;75;C:\Program Files\MetaTrader - Alpari UK\experts\oa_NLV3_Core_10t05IN2.mq4;224:20;'strat_4' - variable not defined
2;75;C:\Program Files\MetaTrader - Alpari UK\experts\oa_NLV3_Core_10t05IN2.mq4;225:7;'strat_run' - variable not defined
2;75;C:\Program Files\MetaTrader - Alpari UK\experts\oa_NLV3_Core_10t05IN2.mq4;225:20;'strat_5' - variable not defined
2;75;C:\Program Files\MetaTrader - Alpari UK\experts\oa_NLV3_Core_10t05IN2.mq4;226:7;'strat_run' - variable not defined
2;75;C:\Program Files\MetaTrader - Alpari UK\experts\oa_NLV3_Core_10t05IN2.mq4;226:20;'strat_6' - variable not defined
2;75;C:\Program Files\MetaTrader - Alpari UK\experts\oa_NLV3_Core_10t05IN2.mq4;227:7;'strat_run' - variable not defined
2;75;C:\Program Files\MetaTrader - Alpari UK\experts\oa_NLV3_Core_10t05IN2.mq4;227:20;'strat_7' - variable not defined
2;75;C:\Program Files\MetaTrader - Alpari UK\experts\oa_NLV3_Core_10t05IN2.mq4;228:11;'test_strategies_to' - variable not defined
2;75;C:\Program Files\MetaTrader - Alpari UK\experts\oa_NLV3_Core_10t05IN2.mq4;228:65;'test_strategies_to' - variable not defined
2;75;C:\Program Files\MetaTrader - Alpari UK\experts\oa_NLV3_Core_10t05IN2.mq4;228:85;'strat_run' - variable not defined
2;75;C:\Program Files\MetaTrader - Alpari UK\experts\oa_NLV3_Core_10t05IN2.mq4;228:111;'strat_run' - variable not defined
2;75;C:\Program Files\MetaTrader - Alpari UK\experts\oa_NLV3_Core_10t05IN2.mq4;230:11;'money_management' - variable not defined
2;75;C:\Program Files\MetaTrader - Alpari UK\experts\oa_NLV3_Core_10t05IN2.mq4;230:35;'lots' - variable not defined
2;75;C:\Program Files\MetaTrader - Alpari UK\experts\oa_NLV3_Core_10t05IN2.mq4;230:72;'lots_equityperlot' - variable not defined
2;75;C:\Program Files\MetaTrader - Alpari UK\experts\oa_NLV3_Core_10t05IN2.mq4;230:90;'lots_multipliyer' - variable not defined
2;75;C:\Program Files\MetaTrader - Alpari UK\experts\oa_NLV3_Core_10t05IN2.mq4;230:117;'lots' - variable not defined
2;75;C:\Program Files\MetaTrader - Alpari UK\experts\oa_NLV3_Core_10t05IN2.mq4;236:31;'strat_period' - variable not defined
2;75;C:\Program Files\MetaTrader - Alpari UK\experts\oa_NLV3_Core_10t05IN2.mq4;236:51;'entry_type' - variable not defined
2;75;C:\Program Files\MetaTrader - Alpari UK\experts\oa_NLV3_Core_10t05IN2.mq4;236:65;'entry_ordertype' - variable not defined
2;75;C:\Program Files\MetaTrader - Alpari UK\experts\oa_NLV3_Core_10t05IN2.mq4;252:28;'b_run_multistrat' - variable not defined
2;75;C:\Program Files\MetaTrader - Alpari UK\experts\oa_NLV3_Core_10t05IN2.mq4;254:37;'entry_ordertype' - variable not defined
2;75;C:\Program Files\MetaTrader - Alpari UK\experts\oa_NLV3_Core_10t05IN2.mq4;256:28;'b_run_multistrat' - variable not defined
2;75;C:\Program Files\MetaTrader - Alpari UK\experts\oa_NLV3_Core_10t05IN2.mq4;257:26;'strat_nr' - variable not defined
2;75;C:\Program Files\MetaTrader - Alpari UK\experts\oa_NLV3_Core_10t05IN2.mq4;258:17;'strat_run' - variable not defined
2;75;C:\Program Files\MetaTrader - Alpari UK\experts\oa_NLV3_Core_10t05IN2.mq4;262:43;'entry_ordertype' - variable not defined
2;75;C:\Program Files\MetaTrader - Alpari UK\experts\oa_NLV3_Core_10t05IN2.mq4;277:44;'step' - variable not defined
2;75;C:\Program Files\MetaTrader - Alpari UK\experts\oa_NLV3_Core_10t05IN2.mq4;277:66;'step_first' - variable not defined
2;75;C:\Program Files\MetaTrader - Alpari UK\experts\oa_NLV3_Core_10t05IN2.mq4;277:77;'step_type' - variable not defined
2;75;C:\Program Files\MetaTrader - Alpari UK\experts\oa_NLV3_Core_10t05IN2.mq4;289:13;'tradinghour_start' - variable not defined
2;75;C:\Program Files\MetaTrader - Alpari UK\experts\oa_NLV3_Core_10t05IN2.mq4;289:31;'tradinghour_end' - variable not defined
2;75;C:\Program Files\MetaTrader - Alpari UK\experts\oa_NLV3_Core_10t05IN2.mq4;289:75;'tradinghour_start' - variable not defined
2;75;C:\Program Files\MetaTrader - Alpari UK\experts\oa_NLV3_Core_10t05IN2.mq4;289:121;'tradinghour_end' - variable not defined
2;75;C:\Program Files\MetaTrader - Alpari UK\experts\oa_NLV3_Core_10t05IN2.mq4;290:26;'tradinghour_end' - variable not defined
2;75;C:\Program Files\MetaTrader - Alpari UK\experts\oa_NLV3_Core_10t05IN2.mq4;290:43;'tradinghour_start' - variable not defined
2;75;C:\Program Files\MetaTrader - Alpari UK\experts\oa_NLV3_Core_10t05IN2.mq4;290:89;'tradinghour_start' - variable not defined
2;75;C:\Program Files\MetaTrader - Alpari UK\experts\oa_NLV3_Core_10t05IN2.mq4;290:135;'tradinghour_end' - variable not defined
2;75;C:\Program Files\MetaTrader - Alpari UK\experts\oa_NLV3_Core_10t05IN2.mq4;291:16;'tradinghour' - variable not defined
2;75;C:\Program Files\MetaTrader - Alpari UK\experts\oa_NLV3_Core_10t05IN2.mq4;291:31;'tradinghour' - variable not defined
2;75;C:\Program Files\MetaTrader - Alpari UK\experts\oa_NLV3_Core_10t05IN2.mq4;292:20;'tradingdayoyearmax' - variable not defined
2;75;C:\Program Files\MetaTrader - Alpari UK\experts\oa_NLV3_Core_10t05IN2.mq4;293:34;'tradingfridaytill' - variable not defined
2;75;C:\Program Files\MetaTrader - Alpari UK\experts\oa_NLV3_Core_10t05IN2.mq4;295:8;'strat_period' - variable not defined
2;75;C:\Program Files\MetaTrader - Alpari UK\experts\oa_NLV3_Core_10t05IN2.mq4;295:25;'strat_period' - variable not defined
2;75;C:\Program Files\MetaTrader - Alpari UK\experts\oa_NLV3_Core_10t05IN2.mq4;297:49;'delayminutes' - variable not defined
2;75;C:\Program Files\MetaTrader - Alpari UK\experts\oa_NLV3_Core_10t05IN2.mq4;297:93;'delayminutesafterclose' - variable not defined
2;75;C:\Program Files\MetaTrader - Alpari UK\experts\oa_NLV3_Core_10t05IN2.mq4;297:146;'delayminutesafterloss' - variable not defined
2;75;C:\Program Files\MetaTrader - Alpari UK\experts\oa_NLV3_Core_10t05IN2.mq4;298:30;'strat_period' - variable not defined
2;75;C:\Program Files\MetaTrader - Alpari UK\experts\oa_NLV3_Core_10t05IN2.mq4;298:43;'adx_preiod' - variable not defined
2;75;C:\Program Files\MetaTrader - Alpari UK\experts\oa_NLV3_Core_10t05IN2.mq4;298:82;'signal_adx_limit' - variable not defined
2;75;C:\Program Files\MetaTrader - Alpari UK\experts\oa_NLV3_Core_10t05IN2.mq4;299:30;'strat_period' - variable not defined
2;75;C:\Program Files\MetaTrader - Alpari UK\experts\oa_NLV3_Core_10t05IN2.mq4;299:43;'adx_preiod' - variable not defined
2;75;C:\Program Files\MetaTrader - Alpari UK\experts\oa_NLV3_Core_10t05IN2.mq4;299:82;'signal_adx_max' - variable not defined
2;75;C:\Program Files\MetaTrader - Alpari UK\experts\oa_NLV3_Core_10t05IN2.mq4;300:30;'strat_period' - variable not defined
2;75;C:\Program Files\MetaTrader - Alpari UK\experts\oa_NLV3_Core_10t05IN2.mq4;300:43;'adx_preiod2' - variable not defined
2;75;C:\Program Files\MetaTrader - Alpari UK\experts\oa_NLV3_Core_10t05IN2.mq4;300:82;'signal_adx_limit2' - variable not defined
2;75;C:\Program Files\MetaTrader - Alpari UK\experts\oa_NLV3_Core_10t05IN2.mq4;301:30;'strat_period' - variable not defined
2;75;C:\Program Files\MetaTrader - Alpari UK\experts\oa_NLV3_Core_10t05IN2.mq4;301:43;'atr_preiod' - variable not defined
2;75;C:\Program Files\MetaTrader - Alpari UK\experts\oa_NLV3_Core_10t05IN2.mq4;301:58;'signal_atr_min' - variable not defined
2;75;C:\Program Files\MetaTrader - Alpari UK\experts\oa_NLV3_Core_10t05IN2.mq4;302:30;'strat_period' - variable not defined
2;75;C:\Program Files\MetaTrader - Alpari UK\experts\oa_NLV3_Core_10t05IN2.mq4;302:43;'atr_preiod' - variable not defined
2;75;C:\Program Files\MetaTrader - Alpari UK\experts\oa_NLV3_Core_10t05IN2.mq4;302:58;'signal_atr_max' - variable not defined
2;75;C:\Program Files\MetaTrader - Alpari UK\experts\oa_NLV3_Core_10t05IN2.mq4;303:22;'bool_dev' - variable not defined
2;75;C:\Program Files\MetaTrader - Alpari UK\experts\oa_NLV3_Core_10t05IN2.mq4;303:63;'strat_period' - variable not defined
2;75;C:\Program Files\MetaTrader - Alpari UK\experts\oa_NLV3_Core_10t05IN2.mq4;303:76;'bool_preiod' - variable not defined
2;75;C:\Program Files\MetaTrader - Alpari UK\experts\oa_NLV3_Core_10t05IN2.mq4;303:88;'bool_dev' - variable not defined
2;75;C:\Program Files\MetaTrader - Alpari UK\experts\oa_NLV3_Core_10t05IN2.mq4;304:22;'rsi_period' - variable not defined
2;75;C:\Program Files\MetaTrader - Alpari UK\experts\oa_NLV3_Core_10t05IN2.mq4;304:53;'strat_period' - variable not defined
2;75;C:\Program Files\MetaTrader - Alpari UK\experts\oa_NLV3_Core_10t05IN2.mq4;304:66;'rsi_period' - variable not defined
2;75;C:\Program Files\MetaTrader - Alpari UK\experts\oa_NLV3_Core_10t05IN2.mq4;304:99;'rsi_limit_down' - variable not defined
2;75;C:\Program Files\MetaTrader - Alpari UK\experts\oa_NLV3_Core_10t05IN2.mq4;305:22;'rsi_period' - variable not defined
2;75;C:\Program Files\MetaTrader - Alpari UK\experts\oa_NLV3_Core_10t05IN2.mq4;305:53;'strat_period' - variable not defined
2;75;C:\Program Files\MetaTrader - Alpari UK\experts\oa_NLV3_Core_10t05IN2.mq4;305:66;'rsi_period' - variable not defined
2;75;C:\Program Files\MetaTrader - Alpari UK\experts\oa_NLV3_Core_10t05IN2.mq4;305:99;'rsi_min_down' - variable not defined
2;75;C:\Program Files\MetaTrader - Alpari UK\experts\oa_NLV3_Core_10t05IN2.mq4;306:22;'stoch_preiod' - variable not defined
2;75;C:\Program Files\MetaTrader - Alpari UK\experts\oa_NLV3_Core_10t05IN2.mq4;306:63;'strat_period' - variable not defined
2;75;C:\Program Files\MetaTrader - Alpari UK\experts\oa_NLV3_Core_10t05IN2.mq4;306:115;'signal_stoch_down' - variable not defined
2;75;C:\Program Files\MetaTrader - Alpari UK\experts\oa_NLV3_Core_10t05IN2.mq4;307:22;'stepmin1' - variable not defined
2;75;C:\Program Files\MetaTrader - Alpari UK\experts\oa_NLV3_Core_10t05IN2.mq4;307:38;'steppip1' - variable not defined
2;75;C:\Program Files\MetaTrader - Alpari UK\experts\oa_NLV3_Core_10t05IN2.mq4;307:68;'stepmin1' - variable not defined
2;75;C:\Program Files\MetaTrader - Alpari UK\experts\oa_NLV3_Core_10t05IN2.mq4;307:78;'steppip1' - variable not defined
2;75;C:\Program Files\MetaTrader - Alpari UK\experts\oa_NLV3_Core_10t05IN2.mq4;307:98;'steppip1' - variable not defined
2;75;C:\Program Files\MetaTrader - Alpari UK\experts\oa_NLV3_Core_10t05IN2.mq4;307:128;'stepmin1' - variable not defined
2;75;C:\Program Files\MetaTrader - Alpari UK\experts\oa_NLV3_Core_10t05IN2.mq4;307:138;'steppip1' - variable not defined
2;75;C:\Program Files\MetaTrader - Alpari UK\experts\oa_NLV3_Core_10t05IN2.mq4;308:22;'stepmin2' - variable not defined
2;75;C:\Program Files\MetaTrader - Alpari UK\experts\oa_NLV3_Core_10t05IN2.mq4;308:38;'steppip2' - variable not defined
2;75;C:\Program Files\MetaTrader - Alpari UK\experts\oa_NLV3_Core_10t05IN2.mq4;308:68;'stepmin2' - variable not defined
2;75;C:\Program Files\MetaTrader - Alpari UK\experts\oa_NLV3_Core_10t05IN2.mq4;308:78;'steppip2' - variable not defined
2;75;C:\Program Files\MetaTrader - Alpari UK\experts\oa_NLV3_Core_10t05IN2.mq4;308:98;'steppip2' - variable not defined
2;75;C:\Program Files\MetaTrader - Alpari UK\experts\oa_NLV3_Core_10t05IN2.mq4;308:128;'stepmin2' - variable not defined
2;75;C:\Program Files\MetaTrader - Alpari UK\experts\oa_NLV3_Core_10t05IN2.mq4;308:138;'steppip2' - variable not defined
2;75;C:\Program Files\MetaTrader - Alpari UK\experts\oa_NLV3_Core_10t05IN2.mq4;309:22;'stepmin3' - variable not defined
2;75;C:\Program Files\MetaTrader - Alpari UK\experts\oa_NLV3_Core_10t05IN2.mq4;309:38;'steppip3' - variable not defined
2;75;C:\Program Files\MetaTrader - Alpari UK\experts\oa_NLV3_Core_10t05IN2.mq4;309:68;'stepmin3' - variable not defined
2;75;C:\Program Files\MetaTrader - Alpari UK\experts\oa_NLV3_Core_10t05IN2.mq4;309:78;'steppip3' - variable not defined
2;75;C:\Program Files\MetaTrader - Alpari UK\experts\oa_NLV3_Core_10t05IN2.mq4;309:98;'steppip3' - variable not defined
2;75;C:\Program Files\MetaTrader - Alpari UK\experts\oa_NLV3_Core_10t05IN2.mq4;309:128;'stepmin3' - variable not defined
2;75;C:\Program Files\MetaTrader - Alpari UK\experts\oa_NLV3_Core_10t05IN2.mq4;309:138;'steppip3' - variable not defined
2;75;C:\Program Files\MetaTrader - Alpari UK\experts\oa_NLV3_Core_10t05IN2.mq4;311:31;'entry_reverse' - variable not defined
2;75;C:\Program Files\MetaTrader - Alpari UK\experts\oa_NLV3_Core_10t05IN2.mq4;312:22;'bool_dev' - variable not defined
2;75;C:\Program Files\MetaTrader - Alpari UK\experts\oa_NLV3_Core_10t05IN2.mq4;312:63;'strat_period' - variable not defined
2;75;C:\Program Files\MetaTrader - Alpari UK\experts\oa_NLV3_Core_10t05IN2.mq4;312:76;'bool_preiod' - variable not defined
2;75;C:\Program Files\MetaTrader - Alpari UK\experts\oa_NLV3_Core_10t05IN2.mq4;312:88;'bool_dev' - variable not defined
2;75;C:\Program Files\MetaTrader - Alpari UK\experts\oa_NLV3_Core_10t05IN2.mq4;313:22;'rsi_period' - variable not defined
2;75;C:\Program Files\MetaTrader - Alpari UK\experts\oa_NLV3_Core_10t05IN2.mq4;313:53;'strat_period' - variable not defined
2;75;C:\Program Files\MetaTrader - Alpari UK\experts\oa_NLV3_Core_10t05IN2.mq4;313:66;'rsi_period' - variable not defined
2;75;C:\Program Files\MetaTrader - Alpari UK\experts\oa_NLV3_Core_10t05IN2.mq4;313:93;'rsi_limit_down' - variable not defined
2;75;C:\Program Files\MetaTrader - Alpari UK\experts\oa_NLV3_Core_10t05IN2.mq4;314:22;'rsi_period' - variable not defined
2;75;C:\Program Files\MetaTrader - Alpari UK\experts\oa_NLV3_Core_10t05IN2.mq4;314:53;'strat_period' - variable not defined
2;75;C:\Program Files\MetaTrader - Alpari UK\experts\oa_NLV3_Core_10t05IN2.mq4;314:66;'rsi_period' - variable not defined
2;75;C:\Program Files\MetaTrader - Alpari UK\experts\oa_NLV3_Core_10t05IN2.mq4;314:93;'rsi_min_down' - variable not defined
2;75;C:\Program Files\MetaTrader - Alpari UK\experts\oa_NLV3_Core_10t05IN2.mq4;315:22;'stoch_preiod' - variable not defined
2;75;C:\Program Files\MetaTrader - Alpari UK\experts\oa_NLV3_Core_10t05IN2.mq4;315:63;'strat_period' - variable not defined
2;75;C:\Program Files\MetaTrader - Alpari UK\experts\oa_NLV3_Core_10t05IN2.mq4;315:109;'signal_stoch_down' - variable not defined
2;75;C:\Program Files\MetaTrader - Alpari UK\experts\oa_NLV3_Core_10t05IN2.mq4;316:22;'steppip1' - variable not defined
2;75;C:\Program Files\MetaTrader - Alpari UK\experts\oa_NLV3_Core_10t05IN2.mq4;316:38;'steppip1' - variable not defined
2;75;C:\Program Files\MetaTrader - Alpari UK\experts\oa_NLV3_Core_10t05IN2.mq4;316:68;'stepmin1' - variable not defined
2;75;C:\Program Files\MetaTrader - Alpari UK\experts\oa_NLV3_Core_10t05IN2.mq4;316:78;'steppip1' - variable not defined
2;75;C:\Program Files\MetaTrader - Alpari UK\experts\oa_NLV3_Core_10t05IN2.mq4;316:98;'steppip1' - variable not defined
2;75;C:\Program Files\MetaTrader - Alpari UK\experts\oa_NLV3_Core_10t05IN2.mq4;316:128;'stepmin1' - variable not defined
2;75;C:\Program Files\MetaTrader - Alpari UK\experts\oa_NLV3_Core_10t05IN2.mq4;316:138;'steppip1' - variable not defined
2;75;C:\Program Files\MetaTrader - Alpari UK\experts\oa_NLV3_Core_10t05IN2.mq4;317:22;'steppip2' - variable not defined
2;75;C:\Program Files\MetaTrader - Alpari UK\experts\oa_NLV3_Core_10t05IN2.mq4;317:38;'steppip2' - variable not defined
2;75;C:\Program Files\MetaTrader - Alpari UK\experts\oa_NLV3_Core_10t05IN2.mq4;317:68;'stepmin2' - variable not defined
2;75;C:\Program Files\MetaTrader - Alpari UK\experts\oa_NLV3_Core_10t05IN2.mq4;317:78;'steppip2' - variable not defined
2;75;C:\Program Files\MetaTrader - Alpari UK\experts\oa_NLV3_Core_10t05IN2.mq4;317:98;'steppip2' - variable not defined
2;75;C:\Program Files\MetaTrader - Alpari UK\experts\oa_NLV3_Core_10t05IN2.mq4;317:128;'stepmin2' - variable not defined
2;75;C:\Program Files\MetaTrader - Alpari UK\experts\oa_NLV3_Core_10t05IN2.mq4;317:138;'steppip2' - variable not defined
2;75;C:\Program Files\MetaTrader - Alpari UK\experts\oa_NLV3_Core_10t05IN2.mq4;318:22;'steppip3' - variable not defined
2;75;C:\Program Files\MetaTrader - Alpari UK\experts\oa_NLV3_Core_10t05IN2.mq4;318:38;'steppip3' - variable not defined
2;75;C:\Program Files\MetaTrader - Alpari UK\experts\oa_NLV3_Core_10t05IN2.mq4;318:68;'stepmin3' - variable not defined
2;75;C:\Program Files\MetaTrader - Alpari UK\experts\oa_NLV3_Core_10t05IN2.mq4;318:78;'steppip3' - variable not defined
2;75;C:\Program Files\MetaTrader - Alpari UK\experts\oa_NLV3_Core_10t05IN2.mq4;318:98;'steppip3' - variable not defined
2;75;C:\Program Files\MetaTrader - Alpari UK\experts\oa_NLV3_Core_10t05IN2.mq4;318:128;'stepmin3' - variable not defined
2;75;C:\Program Files\MetaTrader - Alpari UK\experts\oa_NLV3_Core_10t05IN2.mq4;318:138;'steppip3' - variable not defined
2;75;C:\Program Files\MetaTrader - Alpari UK\experts\oa_NLV3_Core_10t05IN2.mq4;320:30;'entry_reverse' - variable not defined
2;75;C:\Program Files\MetaTrader - Alpari UK\experts\oa_NLV3_Core_10t05IN2.mq4;322:49;'delayminutes' - variable not defined
2;75;C:\Program Files\MetaTrader - Alpari UK\experts\oa_NLV3_Core_10t05IN2.mq4;322:93;'delayminutesafterclose' - variable not defined
2;75;C:\Program Files\MetaTrader - Alpari UK\experts\oa_NLV3_Core_10t05IN2.mq4;322:146;'delayminutesafterloss' - variable not defined
2;75;C:\Program Files\MetaTrader - Alpari UK\experts\oa_NLV3_Core_10t05IN2.mq4;323:30;'strat_period' - variable not defined
2;75;C:\Program Files\MetaTrader - Alpari UK\experts\oa_NLV3_Core_10t05IN2.mq4;323:43;'adx_preiod' - variable not defined
2;75;C:\Program Files\MetaTrader - Alpari UK\experts\oa_NLV3_Core_10t05IN2.mq4;323:82;'signal_adx_limit' - variable not defined
2;75;C:\Program Files\MetaTrader - Alpari UK\experts\oa_NLV3_Core_10t05IN2.mq4;324:30;'strat_period' - variable not defined
2;75;C:\Program Files\MetaTrader - Alpari UK\experts\oa_NLV3_Core_10t05IN2.mq4;324:43;'adx_preiod' - variable not defined
2;75;C:\Program Files\MetaTrader - Alpari UK\experts\oa_NLV3_Core_10t05IN2.mq4;324:82;'signal_adx_max' - variable not defined
2;75;C:\Program Files\MetaTrader - Alpari UK\experts\oa_NLV3_Core_10t05IN2.mq4;325:30;'strat_period' - variable not defined
2;75;C:\Program Files\MetaTrader - Alpari UK\experts\oa_NLV3_Core_10t05IN2.mq4;325:43;'adx_preiod2' - variable not defined
2;75;C:\Program Files\MetaTrader - Alpari UK\experts\oa_NLV3_Core_10t05IN2.mq4;325:82;'signal_adx_limit2' - variable not defined
2;75;C:\Program Files\MetaTrader - Alpari UK\experts\oa_NLV3_Core_10t05IN2.mq4;326:30;'strat_period' - variable not defined
2;75;C:\Program Files\MetaTrader - Alpari UK\experts\oa_NLV3_Core_10t05IN2.mq4;326:43;'atr_preiod' - variable not defined
2;75;C:\Program Files\MetaTrader - Alpari UK\experts\oa_NLV3_Core_10t05IN2.mq4;326:58;'signal_atr_min' - variable not defined
2;75;C:\Program Files\MetaTrader - Alpari UK\experts\oa_NLV3_Core_10t05IN2.mq4;327:30;'strat_period' - variable not defined
2;75;C:\Program Files\MetaTrader - Alpari UK\experts\oa_NLV3_Core_10t05IN2.mq4;327:43;'atr_preiod' - variable not defined
2;75;C:\Program Files\MetaTrader - Alpari UK\experts\oa_NLV3_Core_10t05IN2.mq4;327:58;'signal_atr_max' - variable not defined
2;75;C:\Program Files\MetaTrader - Alpari UK\experts\oa_NLV3_Core_10t05IN2.mq4;328:22;'bool_dev' - variable not defined
2;75;C:\Program Files\MetaTrader - Alpari UK\experts\oa_NLV3_Core_10t05IN2.mq4;328:63;'strat_period' - variable not defined
2;75;C:\Program Files\MetaTrader - Alpari UK\experts\oa_NLV3_Core_10t05IN2.mq4;328:76;'bool_preiod' - variable not defined
2;75;C:\Program Files\MetaTrader - Alpari UK\experts\oa_NLV3_Core_10t05IN2.mq4;328:88;'bool_dev' - variable not defined
2;75;C:\Program Files\MetaTrader - Alpari UK\experts\oa_NLV3_Core_10t05IN2.mq4;329:22;'rsi_period' - variable not defined
2;75;C:\Program Files\MetaTrader - Alpari UK\experts\oa_NLV3_Core_10t05IN2.mq4;329:53;'strat_period' - variable not defined
2;75;C:\Program Files\MetaTrader - Alpari UK\experts\oa_NLV3_Core_10t05IN2.mq4;329:66;'rsi_period' - variable not defined
2;75;C:\Program Files\MetaTrader - Alpari UK\experts\oa_NLV3_Core_10t05IN2.mq4;329:93;'rsi_limit_down' - variable not defined
2;75;C:\Program Files\MetaTrader - Alpari UK\experts\oa_NLV3_Core_10t05IN2.mq4;330:22;'rsi_period' - variable not defined
2;75;C:\Program Files\MetaTrader - Alpari UK\experts\oa_NLV3_Core_10t05IN2.mq4;330:53;'strat_period' - variable not defined
2;75;C:\Program Files\MetaTrader - Alpari UK\experts\oa_NLV3_Core_10t05IN2.mq4;330:66;'rsi_period' - variable not defined
2;75;C:\Program Files\MetaTrader - Alpari UK\experts\oa_NLV3_Core_10t05IN2.mq4;330:93;'rsi_min_down' - variable not defined
2;75;C:\Program Files\MetaTrader - Alpari UK\experts\oa_NLV3_Core_10t05IN2.mq4;331:22;'stoch_preiod' - variable not defined
2;75;C:\Program Files\MetaTrader - Alpari UK\experts\oa_NLV3_Core_10t05IN2.mq4;331:63;'strat_period' - variable not defined
2;75;C:\Program Files\MetaTrader - Alpari UK\experts\oa_NLV3_Core_10t05IN2.mq4;331:109;'signal_stoch_down' - variable not defined
2;75;C:\Program Files\MetaTrader - Alpari UK\experts\oa_NLV3_Core_10t05IN2.mq4;332:22;'stepmin1' - variable not defined
2;75;C:\Program Files\MetaTrader - Alpari UK\experts\oa_NLV3_Core_10t05IN2.mq4;332:38;'steppip1' - variable not defined
2;75;C:\Program Files\MetaTrader - Alpari UK\experts\oa_NLV3_Core_10t05IN2.mq4;332:68;'stepmin1' - variable not defined
2;75;C:\Program Files\MetaTrader - Alpari UK\experts\oa_NLV3_Core_10t05IN2.mq4;332:78;'steppip1' - variable not defined
2;75;C:\Program Files\MetaTrader - Alpari UK\experts\oa_NLV3_Core_10t05IN2.mq4;332:98;'steppip1' - variable not defined
2;75;C:\Program Files\MetaTrader - Alpari UK\experts\oa_NLV3_Core_10t05IN2.mq4;332:128;'stepmin1' - variable not defined
2;75;C:\Program Files\MetaTrader - Alpari UK\experts\oa_NLV3_Core_10t05IN2.mq4;332:138;'steppip1' - variable not defined
2;75;C:\Program Files\MetaTrader - Alpari UK\experts\oa_NLV3_Core_10t05IN2.mq4;333:22;'stepmin2' - variable not defined
2;75;C:\Program Files\MetaTrader - Alpari UK\experts\oa_NLV3_Core_10t05IN2.mq4;333:38;'steppip2' - variable not defined
2;75;C:\Program Files\MetaTrader - Alpari UK\experts\oa_NLV3_Core_10t05IN2.mq4;333:68;'stepmin2' - variable not defined
2;75;C:\Program Files\MetaTrader - Alpari UK\experts\oa_NLV3_Core_10t05IN2.mq4;333:78;'steppip2' - variable not defined
2;75;C:\Program Files\MetaTrader - Alpari UK\experts\oa_NLV3_Core_10t05IN2.mq4;333:98;'steppip2' - variable not defined
2;75;C:\Program Files\MetaTrader - Alpari UK\experts\oa_NLV3_Core_10t05IN2.mq4;333:128;'stepmin2' - variable not defined
2;75;C:\Program Files\MetaTrader - Alpari UK\experts\oa_NLV3_Core_10t05IN2.mq4;333:138;'steppip2' - variable not defined
2;75;C:\Program Files\MetaTrader - Alpari UK\experts\oa_NLV3_Core_10t05IN2.mq4;334:22;'stepmin3' - variable not defined
2;75;C:\Program Files\MetaTrader - Alpari UK\experts\oa_NLV3_Core_10t05IN2.mq4;334:38;'steppip3' - variable not defined
2;75;C:\Program Files\MetaTrader - Alpari UK\experts\oa_NLV3_Core_10t05IN2.mq4;334:68;'stepmin3' - variable not defined
2;75;C:\Program Files\MetaTrader - Alpari UK\experts\oa_NLV3_Core_10t05IN2.mq4;334:78;'steppip3' - variable not defined
2;75;C:\Program Files\MetaTrader - Alpari UK\experts\oa_NLV3_Core_10t05IN2.mq4;334:98;'steppip3' - variable not defined
2;75;C:\Program Files\MetaTrader - Alpari UK\experts\oa_NLV3_Core_10t05IN2.mq4;334:128;'stepmin3' - variable not defined
2;75;C:\Program Files\MetaTrader - Alpari UK\experts\oa_NLV3_Core_10t05IN2.mq4;334:138;'steppip3' - variable not defined
2;75;C:\Program Files\MetaTrader - Alpari UK\experts\oa_NLV3_Core_10t05IN2.mq4;336:30;'entry_reverse' - variable not defined
2;75;C:\Program Files\MetaTrader - Alpari UK\experts\oa_NLV3_Core_10t05IN2.mq4;337:22;'bool_dev' - variable not defined
2;75;C:\Program Files\MetaTrader - Alpari UK\experts\oa_NLV3_Core_10t05IN2.mq4;337:63;'strat_period' - variable not defined
2;75;C:\Program Files\MetaTrader - Alpari UK\experts\oa_NLV3_Core_10t05IN2.mq4;337:76;'bool_preiod' - variable not defined
2;75;C:\Program Files\MetaTrader - Alpari UK\experts\oa_NLV3_Core_10t05IN2.mq4;337:88;'bool_dev' - variable not defined
2;75;C:\Program Files\MetaTrader - Alpari UK\experts\oa_NLV3_Core_10t05IN2.mq4;338:22;'rsi_period' - variable not defined
2;75;C:\Program Files\MetaTrader - Alpari UK\experts\oa_NLV3_Core_10t05IN2.mq4;338:53;'strat_period' - variable not defined
2;75;C:\Program Files\MetaTrader - Alpari UK\experts\oa_NLV3_Core_10t05IN2.mq4;338:66;'rsi_period' - variable not defined
2;75;C:\Program Files\MetaTrader - Alpari UK\experts\oa_NLV3_Core_10t05IN2.mq4;338:99;'rsi_limit_down' - variable not defined
2;75;C:\Program Files\MetaTrader - Alpari UK\experts\oa_NLV3_Core_10t05IN2.mq4;339:22;'rsi_period' - variable not defined
2;75;C:\Program Files\MetaTrader - Alpari UK\experts\oa_NLV3_Core_10t05IN2.mq4;339:53;'strat_period' - variable not defined
2;75;C:\Program Files\MetaTrader - Alpari UK\experts\oa_NLV3_Core_10t05IN2.mq4;339:66;'rsi_period' - variable not defined
2;75;C:\Program Files\MetaTrader - Alpari UK\experts\oa_NLV3_Core_10t05IN2.mq4;339:99;'rsi_min_down' - variable not defined
2;75;C:\Program Files\MetaTrader - Alpari UK\experts\oa_NLV3_Core_10t05IN2.mq4;340:22;'stoch_preiod' - variable not defined
2;75;C:\Program Files\MetaTrader - Alpari UK\experts\oa_NLV3_Core_10t05IN2.mq4;340:63;'strat_period' - variable not defined
2;75;C:\Program Files\MetaTrader - Alpari UK\experts\oa_NLV3_Core_10t05IN2.mq4;340:115;'signal_stoch_down' - variable not defined
2;75;C:\Program Files\MetaTrader - Alpari UK\experts\oa_NLV3_Core_10t05IN2.mq4;341:22;'steppip1' - variable not defined
2;75;C:\Program Files\MetaTrader - Alpari UK\experts\oa_NLV3_Core_10t05IN2.mq4;341:38;'steppip1' - variable not defined
2;75;C:\Program Files\MetaTrader - Alpari UK\experts\oa_NLV3_Core_10t05IN2.mq4;341:68;'stepmin1' - variable not defined
2;75;C:\Program Files\MetaTrader - Alpari UK\experts\oa_NLV3_Core_10t05IN2.mq4;341:78;'steppip1' - variable not defined
2;75;C:\Program Files\MetaTrader - Alpari UK\experts\oa_NLV3_Core_10t05IN2.mq4;341:98;'steppip1' - variable not defined
2;75;C:\Program Files\MetaTrader - Alpari UK\experts\oa_NLV3_Core_10t05IN2.mq4;341:128;'stepmin1' - variable not defined
2;75;C:\Program Files\MetaTrader - Alpari UK\experts\oa_NLV3_Core_10t05IN2.mq4;341:138;'steppip1' - variable not defined
2;75;C:\Program Files\MetaTrader - Alpari UK\experts\oa_NLV3_Core_10t05IN2.mq4;342:22;'steppip2' - variable not defined
2;75;C:\Program Files\MetaTrader - Alpari UK\experts\oa_NLV3_Core_10t05IN2.mq4;342:38;'steppip2' - variable not defined
2;75;C:\Program Files\MetaTrader - Alpari UK\experts\oa_NLV3_Core_10t05IN2.mq4;342:68;'stepmin2' - variable not defined
2;75;C:\Program Files\MetaTrader - Alpari UK\experts\oa_NLV3_Core_10t05IN2.mq4;342:78;'steppip2' - variable not defined
2;75;C:\Program Files\MetaTrader - Alpari UK\experts\oa_NLV3_Core_10t05IN2.mq4;342:98;'steppip2' - variable not defined
2;75;C:\Program Files\MetaTrader - Alpari UK\experts\oa_NLV3_Core_10t05IN2.mq4;342:128;'stepmin2' - variable not defined
2;75;C:\Program Files\MetaTrader - Alpari UK\experts\oa_NLV3_Core_10t05IN2.mq4;342:138;'steppip2' - variable not defined
2;75;C:\Program Files\MetaTrader - Alpari UK\experts\oa_NLV3_Core_10t05IN2.mq4;343:22;'steppip3' - variable not defined
2;75;C:\Program Files\MetaTrader - Alpari UK\experts\oa_NLV3_Core_10t05IN2.mq4;343:38;'steppip3' - variable not defined
2;75;C:\Program Files\MetaTrader - Alpari UK\experts\oa_NLV3_Core_10t05IN2.mq4;343:68;'stepmin3' - variable not defined
2;75;C:\Program Files\MetaTrader - Alpari UK\experts\oa_NLV3_Core_10t05IN2.mq4;343:78;'steppip3' - variable not defined
2;75;C:\Program Files\MetaTrader - Alpari UK\experts\oa_NLV3_Core_10t05IN2.mq4;343:98;'steppip3' - variable not defined
2;75;C:\Program Files\MetaTrader - Alpari UK\experts\oa_NLV3_Core_10t05IN2.mq4;343:128;'stepmin3' - variable not defined
2;75;C:\Program Files\MetaTrader - Alpari UK\experts\oa_NLV3_Core_10t05IN2.mq4;343:138;'steppip3' - variable not defined
2;75;C:\Program Files\MetaTrader - Alpari UK\experts\oa_NLV3_Core_10t05IN2.mq4;345:31;'entry_reverse' - variable not defined
2;75;C:\Program Files\MetaTrader - Alpari UK\experts\oa_NLV3_Core_10t05IN2.mq4;353:36;'entry_type' - variable not defined
2;75;C:\Program Files\MetaTrader - Alpari UK\experts\oa_NLV3_Core_10t05IN2.mq4;353:83;'strat_period' - variable not defined
2;75;C:\Program Files\MetaTrader - Alpari UK\experts\oa_NLV3_Core_10t05IN2.mq4;353:96;'adx_preiod' - variable not defined
2;75;C:\Program Files\MetaTrader - Alpari UK\experts\oa_NLV3_Core_10t05IN2.mq4;354:122;'b_signal2_trading' - variable not defined
2;75;C:\Program Files\MetaTrader - Alpari UK\experts\oa_NLV3_Core_10t05IN2.mq4;363:14;'b_signal2_trading' - variable not defined
2;75;C:\Program Files\MetaTrader - Alpari UK\experts\oa_NLV3_Core_10t05IN2.mq4;364:14;'b_signal2_trading' - variable not defined
2;75;C:\Program Files\MetaTrader - Alpari UK\experts\oa_NLV3_Core_10t05IN2.mq4;379:25;'strat_nr' - variable not defined
2;75;C:\Program Files\MetaTrader - Alpari UK\experts\oa_NLV3_Core_10t05IN2.mq4;382:17;'b_run_multistrat' - variable not defined
2;75;C:\Program Files\MetaTrader - Alpari UK\experts\oa_NLV3_Core_10t05IN2.mq4;382:53;'strat_nr' - variable not defined
2;75;C:\Program Files\MetaTrader - Alpari UK\experts\oa_NLV3_Core_10t05IN2.mq4;383:76;'MAGIC_Rf_m' - variable not defined
2;75;C:\Program Files\MetaTrader - Alpari UK\experts\oa_NLV3_Core_10t05IN2.mq4;383:113;'MAGIC_Rf_m' - variable not defined
2;75;C:\Program Files\MetaTrader - Alpari UK\experts\oa_NLV3_Core_10t05IN2.mq4;388:17;'b_run_multistrat' - variable not defined
2;75;C:\Program Files\MetaTrader - Alpari UK\experts\oa_NLV3_Core_10t05IN2.mq4;389:69;'MAGIC_Rf' - variable not defined
2;75;C:\Program Files\MetaTrader - Alpari UK\experts\oa_NLV3_Core_10t05IN2.mq4;389:101;'MAGIC_Rf' - variable not defined
2;75;C:\Program Files\MetaTrader - Alpari UK\experts\oa_NLV3_Core_10t05IN2.mq4;409:29;'strat_nr' - variable not defined
2;75;C:\Program Files\MetaTrader - Alpari UK\experts\oa_NLV3_Core_10t05IN2.mq4;410:17;'strat_run' - variable not defined
2;75;C:\Program Files\MetaTrader - Alpari UK\experts\oa_NLV3_Core_10t05IN2.mq4;410:40;'MAGIC_Rf_m' - variable not defined
2;75;C:\Program Files\MetaTrader - Alpari UK\experts\oa_NLV3_Core_10t05IN2.mq4;410:77;'MAGIC_Rf_m' - variable not defined
2;75;C:\Program Files\MetaTrader - Alpari UK\experts\oa_NLV3_Core_10t05IN2.mq4;412:32;'MAGIC_Rf' - variable not defined
2;75;C:\Program Files\MetaTrader - Alpari UK\experts\oa_NLV3_Core_10t05IN2.mq4;412:64;'MAGIC_Rf' - variable not defined
2;75;C:\Program Files\MetaTrader - Alpari UK\experts\oa_NLV3_Core_10t05IN2.mq4;415:24;'strat_act' - variable not defined
2;75;C:\Program Files\MetaTrader - Alpari UK\experts\oa_NLV3_Core_10t05IN2.mq4;415:53;'strat_act' - variable not defined
2;75;C:\Program Files\MetaTrader - Alpari UK\experts\oa_NLV3_Core_10t05IN2.mq4;426:70;'step_type' - variable not defined
2;75;C:\Program Files\MetaTrader - Alpari UK\experts\oa_NLV3_Core_10t05IN2.mq4;427:70;'step_type' - variable not defined
2;75;C:\Program Files\MetaTrader - Alpari UK\experts\oa_NLV3_Core_10t05IN2.mq4;429:71;'step_type' - variable not defined
2;75;C:\Program Files\MetaTrader - Alpari UK\experts\oa_NLV3_Core_10t05IN2.mq4;430:71;'step_type' - variable not defined
2;75;C:\Program Files\MetaTrader - Alpari UK\experts\oa_NLV3_Core_10t05IN2.mq4;431:14;'tp_price' - variable not defined
2;75;C:\Program Files\MetaTrader - Alpari UK\experts\oa_NLV3_Core_10t05IN2.mq4;431:53;'tp_price' - variable not defined
2;75;C:\Program Files\MetaTrader - Alpari UK\experts\oa_NLV3_Core_10t05IN2.mq4;432:14;'sl_price' - variable not defined
2;75;C:\Program Files\MetaTrader - Alpari UK\experts\oa_NLV3_Core_10t05IN2.mq4;432:53;'sl_price' - variable not defined
2;75;C:\Program Files\MetaTrader - Alpari UK\experts\oa_NLV3_Core_10t05IN2.mq4;433:14;'step_type' - variable not defined
2;75;C:\Program Files\MetaTrader - Alpari UK\experts\oa_NLV3_Core_10t05IN2.mq4;433:66;'step' - variable not defined
2;75;C:\Program Files\MetaTrader - Alpari UK\experts\oa_NLV3_Core_10t05IN2.mq4;433:86;'sl_price' - variable not defined
2;75;C:\Program Files\MetaTrader - Alpari UK\experts\oa_NLV3_Core_10t05IN2.mq4;433:105;'sl_step' - variable not defined
2;75;C:\Program Files\MetaTrader - Alpari UK\experts\oa_NLV3_Core_10t05IN2.mq4;434:14;'step_type' - variable not defined
2;75;C:\Program Files\MetaTrader - Alpari UK\experts\oa_NLV3_Core_10t05IN2.mq4;434:66;'step' - variable not defined
2;75;C:\Program Files\MetaTrader - Alpari UK\experts\oa_NLV3_Core_10t05IN2.mq4;434:86;'sl_price' - variable not defined
2;75;C:\Program Files\MetaTrader - Alpari UK\experts\oa_NLV3_Core_10t05IN2.mq4;434:105;'sl_step' - variable not defined
2;75;C:\Program Files\MetaTrader - Alpari UK\experts\oa_NLV3_Core_10t05IN2.mq4;441:32;'MAGIC_Rf' - variable not defined
2;75;C:\Program Files\MetaTrader - Alpari UK\experts\oa_NLV3_Core_10t05IN2.mq4;441:64;'MAGIC_Rf' - variable not defined
2;75;C:\Program Files\MetaTrader - Alpari UK\experts\oa_NLV3_Core_10t05IN2.mq4;465:11;'money_management' - variable not defined
2;75;C:\Program Files\MetaTrader - Alpari UK\experts\oa_NLV3_Core_10t05IN2.mq4;465:82;'lots_equityperlot' - variable not defined
2;75;C:\Program Files\MetaTrader - Alpari UK\experts\oa_NLV3_Core_10t05IN2.mq4;465:100;'lots_multipliyer' - variable not defined
2;75;C:\Program Files\MetaTrader - Alpari UK\experts\oa_NLV3_Core_10t05IN2.mq4;466:27;'lots' - variable not defined
2;75;C:\Program Files\MetaTrader - Alpari UK\experts\oa_NLV3_Core_10t05IN2.mq4;471:28;'b_compeetingbot' - variable not defined
2;75;C:\Program Files\MetaTrader - Alpari UK\experts\oa_NLV3_Core_10t05IN2.mq4;472:28;'b_compeetingbot' - variable not defined
2;75;C:\Program Files\MetaTrader - Alpari UK\experts\oa_NLV3_Core_10t05IN2.mq4;473:57;'delayminutes' - variable not defined
2;75;C:\Program Files\MetaTrader - Alpari UK\experts\oa_NLV3_Core_10t05IN2.mq4;474:21;'maxspread' - variable not defined
2;75;C:\Program Files\MetaTrader - Alpari UK\experts\oa_NLV3_Core_10t05IN2.mq4;475:44;'maxspread' - variable not defined
2;75;C:\Program Files\MetaTrader - Alpari UK\experts\oa_NLV3_Core_10t05IN2.mq4;481:84;'program_name' - variable not defined
2;75;C:\Program Files\MetaTrader - Alpari UK\experts\oa_NLV3_Core_10t05IN2.mq4;481:97;'strat_symbol' - variable not defined
2;75;C:\Program Files\MetaTrader - Alpari UK\experts\oa_NLV3_Core_10t05IN2.mq4;481:110;'MAGIC_Rf' - variable not defined
2;75;C:\Program Files\MetaTrader - Alpari UK\experts\oa_NLV3_Core_10t05IN2.mq4;483:98;'average_win' - variable not defined
2;75;C:\Program Files\MetaTrader - Alpari UK\experts\oa_NLV3_Core_10t05IN2.mq4;484:31;'step_type' - variable not defined
2;75;C:\Program Files\MetaTrader - Alpari UK\experts\oa_NLV3_Core_10t05IN2.mq4;484:47;'average_win' - variable not defined
2;75;C:\Program Files\MetaTrader - Alpari UK\experts\oa_NLV3_Core_10t05IN2.mq4;486:85;'program_name' - variable not defined
2;75;C:\Program Files\MetaTrader - Alpari UK\experts\oa_NLV3_Core_10t05IN2.mq4;486:98;'strat_symbol' - variable not defined
2;75;C:\Program Files\MetaTrader - Alpari UK\experts\oa_NLV3_Core_10t05IN2.mq4;486:111;'MAGIC_Rf' - variable not defined
2;75;C:\Program Files\MetaTrader - Alpari UK\experts\oa_NLV3_Core_10t05IN2.mq4;488:98;'average_win' - variable not defined
2;75;C:\Program Files\MetaTrader - Alpari UK\experts\oa_NLV3_Core_10t05IN2.mq4;489:31;'step_type' - variable not defined
2;75;C:\Program Files\MetaTrader - Alpari UK\experts\oa_NLV3_Core_10t05IN2.mq4;489:47;'average_win' - variable not defined
2;75;C:\Program Files\MetaTrader - Alpari UK\experts\oa_NLV3_Core_10t05IN2.mq4;493:89;'entry_orderbridge' - variable not defined
2;75;C:\Program Files\MetaTrader - Alpari UK\experts\oa_NLV3_Core_10t05IN2.mq4;493:119;'program_name' - variable not defined
2;75;C:\Program Files\MetaTrader - Alpari UK\experts\oa_NLV3_Core_10t05IN2.mq4;493:132;'strat_symbol' - variable not defined
2;75;C:\Program Files\MetaTrader - Alpari UK\experts\oa_NLV3_Core_10t05IN2.mq4;493:145;'MAGIC_Rf' - variable not defined
2;75;C:\Program Files\MetaTrader - Alpari UK\experts\oa_NLV3_Core_10t05IN2.mq4;493:168;'entry_expire' - variable not defined
2;75;C:\Program Files\MetaTrader - Alpari UK\experts\oa_NLV3_Core_10t05IN2.mq4;495:98;'average_win' - variable not defined
2;75;C:\Program Files\MetaTrader - Alpari UK\experts\oa_NLV3_Core_10t05IN2.mq4;498:90;'entry_orderbridge' - variable not defined
2;75;C:\Program Files\MetaTrader - Alpari UK\experts\oa_NLV3_Core_10t05IN2.mq4;498:120;'program_name' - variable not defined
2;75;C:\Program Files\MetaTrader - Alpari UK\experts\oa_NLV3_Core_10t05IN2.mq4;498:133;'strat_symbol' - variable not defined
2;75;C:\Program Files\MetaTrader - Alpari UK\experts\oa_NLV3_Core_10t05IN2.mq4;498:146;'MAGIC_Rf' - variable not defined
2;75;C:\Program Files\MetaTrader - Alpari UK\experts\oa_NLV3_Core_10t05IN2.mq4;498:171;'entry_expire' - variable not defined
2;75;C:\Program Files\MetaTrader - Alpari UK\experts\oa_NLV3_Core_10t05IN2.mq4;500:98;'average_win' - variable not defined
2;75;C:\Program Files\MetaTrader - Alpari UK\experts\oa_NLV3_Core_10t05IN2.mq4;506:88;'entry_orderbridge' - variable not defined
2;75;C:\Program Files\MetaTrader - Alpari UK\experts\oa_NLV3_Core_10t05IN2.mq4;506:118;'program_name' - variable not defined
2;75;C:\Program Files\MetaTrader - Alpari UK\experts\oa_NLV3_Core_10t05IN2.mq4;506:131;'strat_symbol' - variable not defined
2;75;C:\Program Files\MetaTrader - Alpari UK\experts\oa_NLV3_Core_10t05IN2.mq4;506:144;'MAGIC_Rf' - variable not defined
2;75;C:\Program Files\MetaTrader - Alpari UK\experts\oa_NLV3_Core_10t05IN2.mq4;506:167;'entry_expire' - variable not defined
2;75;C:\Program Files\MetaTrader - Alpari UK\experts\oa_NLV3_Core_10t05IN2.mq4;508:98;'average_win' - variable not defined
2;75;C:\Program Files\MetaTrader - Alpari UK\experts\oa_NLV3_Core_10t05IN2.mq4;511:89;'entry_orderbridge' - variable not defined
2;75;C:\Program Files\MetaTrader - Alpari UK\experts\oa_NLV3_Core_10t05IN2.mq4;511:119;'program_name' - variable not defined
2;75;C:\Program Files\MetaTrader - Alpari UK\experts\oa_NLV3_Core_10t05IN2.mq4;511:132;'strat_symbol' - variable not defined
2;75;C:\Program Files\MetaTrader - Alpari UK\experts\oa_NLV3_Core_10t05IN2.mq4;511:145;'MAGIC_Rf' - variable not defined
2;75;C:\Program Files\MetaTrader - Alpari UK\experts\oa_NLV3_Core_10t05IN2.mq4;511:170;'entry_expire' - variable not defined
2;75;C:\Program Files\MetaTrader - Alpari UK\experts\oa_NLV3_Core_10t05IN2.mq4;513:98;'average_win' - variable not defined
2;75;C:\Program Files\MetaTrader - Alpari UK\experts\oa_NLV3_Core_10t05IN2.mq4;516:7;'tp_price' - variable not defined
2;75;C:\Program Files\MetaTrader - Alpari UK\experts\oa_NLV3_Core_10t05IN2.mq4;516:18;'sl_price' - variable not defined
2;75;C:\Program Files\MetaTrader - Alpari UK\experts\oa_NLV3_Core_10t05IN2.mq4;522:17;'step_max_nr' - variable not defined
2;75;C:\Program Files\MetaTrader - Alpari UK\experts\oa_NLV3_Core_10t05IN2.mq4;528:37;'step_minute' - variable not defined
2;75;C:\Program Files\MetaTrader - Alpari UK\experts\oa_NLV3_Core_10t05IN2.mq4;530:17;'increase_lots' - variable not defined
2;75;C:\Program Files\MetaTrader - Alpari UK\experts\oa_NLV3_Core_10t05IN2.mq4;530:50;'increase_for_every' - variable not defined
2;75;C:\Program Files\MetaTrader - Alpari UK\experts\oa_NLV3_Core_10t05IN2.mq4;530:102;'lots' - variable not defined
2;75;C:\Program Files\MetaTrader - Alpari UK\experts\oa_NLV3_Core_10t05IN2.mq4;530:107;'increase_percent' - variable not defined
2;75;C:\Program Files\MetaTrader - Alpari UK\experts\oa_NLV3_Core_10t05IN2.mq4;532:84;'MAGIC_Rf' - variable not defined
2;75;C:\Program Files\MetaTrader - Alpari UK\experts\oa_NLV3_Core_10t05IN2.mq4;534:27;'step_movegoal' - variable not defined
2;75;C:\Program Files\MetaTrader - Alpari UK\experts\oa_NLV3_Core_10t05IN2.mq4;537:37;'step_minute' - variable not defined
2;75;C:\Program Files\MetaTrader - Alpari UK\experts\oa_NLV3_Core_10t05IN2.mq4;538:18;'increase_lots' - variable not defined
2;75;C:\Program Files\MetaTrader - Alpari UK\experts\oa_NLV3_Core_10t05IN2.mq4;538:51;'increase_for_every' - variable not defined
2;75;C:\Program Files\MetaTrader - Alpari UK\experts\oa_NLV3_Core_10t05IN2.mq4;538:103;'lots' - variable not defined
2;75;C:\Program Files\MetaTrader - Alpari UK\experts\oa_NLV3_Core_10t05IN2.mq4;538:108;'increase_percent' - variable not defined
2;75;C:\Program Files\MetaTrader - Alpari UK\experts\oa_NLV3_Core_10t05IN2.mq4;540:85;'MAGIC_Rf' - variable not defined
2;75;C:\Program Files\MetaTrader - Alpari UK\experts\oa_NLV3_Core_10t05IN2.mq4;542:27;'step_movegoal' - variable not defined
2;75;C:\Program Files\MetaTrader - Alpari UK\experts\oa_NLV3_Core_10t05IN2.mq4;547:37;'step_minute' - variable not defined
2;75;C:\Program Files\MetaTrader - Alpari UK\experts\oa_NLV3_Core_10t05IN2.mq4;548:18;'increase_lots' - variable not defined
2;75;C:\Program Files\MetaTrader - Alpari UK\experts\oa_NLV3_Core_10t05IN2.mq4;548:51;'increase_for_every' - variable not defined
2;75;C:\Program Files\MetaTrader - Alpari UK\experts\oa_NLV3_Core_10t05IN2.mq4;548:103;'lots' - variable not defined
2;75;C:\Program Files\MetaTrader - Alpari UK\experts\oa_NLV3_Core_10t05IN2.mq4;548:108;'increase_percent' - variable not defined
2;75;C:\Program Files\MetaTrader - Alpari UK\experts\oa_NLV3_Core_10t05IN2.mq4;550:84;'MAGIC_Rf' - variable not defined
2;75;C:\Program Files\MetaTrader - Alpari UK\experts\oa_NLV3_Core_10t05IN2.mq4;552:27;'step_movegoal' - variable not defined
2;75;C:\Program Files\MetaTrader - Alpari UK\experts\oa_NLV3_Core_10t05IN2.mq4;555:37;'step_minute' - variable not defined
2;75;C:\Program Files\MetaTrader - Alpari UK\experts\oa_NLV3_Core_10t05IN2.mq4;556:18;'increase_lots' - variable not defined
2;75;C:\Program Files\MetaTrader - Alpari UK\experts\oa_NLV3_Core_10t05IN2.mq4;556:51;'increase_for_every' - variable not defined
2;75;C:\Program Files\MetaTrader - Alpari UK\experts\oa_NLV3_Core_10t05IN2.mq4;556:103;'lots' - variable not defined
2;75;C:\Program Files\MetaTrader - Alpari UK\experts\oa_NLV3_Core_10t05IN2.mq4;556:108;'increase_percent' - variable not defined
2;75;C:\Program Files\MetaTrader - Alpari UK\experts\oa_NLV3_Core_10t05IN2.mq4;558:85;'MAGIC_Rf' - variable not defined
2;75;C:\Program Files\MetaTrader - Alpari UK\experts\oa_NLV3_Core_10t05IN2.mq4;560:27;'step_movegoal' - variable not defined
2;75;C:\Program Files\MetaTrader - Alpari UK\experts\oa_NLV3_Core_10t05IN2.mq4;567:11;'tp_price' - variable not defined
2;75;C:\Program Files\MetaTrader - Alpari UK\experts\oa_NLV3_Core_10t05IN2.mq4;567:26;'tp' - variable not defined
2;75;C:\Program Files\MetaTrader - Alpari UK\experts\oa_NLV3_Core_10t05IN2.mq4;567:50;'tp_price' - variable not defined
2;75;C:\Program Files\MetaTrader - Alpari UK\experts\oa_NLV3_Core_10t05IN2.mq4;567:76;'tp' - variable not defined
2;75;C:\Program Files\MetaTrader - Alpari UK\experts\oa_NLV3_Core_10t05IN2.mq4;568:11;'tp_price' - variable not defined
2;75;C:\Program Files\MetaTrader - Alpari UK\experts\oa_NLV3_Core_10t05IN2.mq4;568:26;'tp' - variable not defined
2;75;C:\Program Files\MetaTrader - Alpari UK\experts\oa_NLV3_Core_10t05IN2.mq4;568:50;'tp_price' - variable not defined
2;75;C:\Program Files\MetaTrader - Alpari UK\experts\oa_NLV3_Core_10t05IN2.mq4;568:76;'tp' - variable not defined
2;75;C:\Program Files\MetaTrader - Alpari UK\experts\oa_NLV3_Core_10t05IN2.mq4;569:11;'sl_price' - variable not defined
2;75;C:\Program Files\MetaTrader - Alpari UK\experts\oa_NLV3_Core_10t05IN2.mq4;569:26;'sl' - variable not defined
2;75;C:\Program Files\MetaTrader - Alpari UK\experts\oa_NLV3_Core_10t05IN2.mq4;569:50;'sl_price' - variable not defined
2;75;C:\Program Files\MetaTrader - Alpari UK\experts\oa_NLV3_Core_10t05IN2.mq4;569:76;'sl' - variable not defined
2;75;C:\Program Files\MetaTrader - Alpari UK\experts\oa_NLV3_Core_10t05IN2.mq4;570:11;'sl_price' - variable not defined
2;75;C:\Program Files\MetaTrader - Alpari UK\experts\oa_NLV3_Core_10t05IN2.mq4;570:26;'sl' - variable not defined
2;75;C:\Program Files\MetaTrader - Alpari UK\experts\oa_NLV3_Core_10t05IN2.mq4;570:51;'sl_price' - variable not defined
2;75;C:\Program Files\MetaTrader - Alpari UK\experts\oa_NLV3_Core_10t05IN2.mq4;570:77;'sl' - variable not defined
2;75;C:\Program Files\MetaTrader - Alpari UK\experts\oa_NLV3_Core_10t05IN2.mq4;571:11;'trailingstop' - variable not defined
2;75;C:\Program Files\MetaTrader - Alpari UK\experts\oa_NLV3_Core_10t05IN2.mq4;571:39;'trailingstop_after_nr' - variable not defined
2;75;C:\Program Files\MetaTrader - Alpari UK\experts\oa_NLV3_Core_10t05IN2.mq4;572:17;'sl' - variable not defined
2;75;C:\Program Files\MetaTrader - Alpari UK\experts\oa_NLV3_Core_10t05IN2.mq4;572:27;'sl_price' - variable not defined
2;75;C:\Program Files\MetaTrader - Alpari UK\experts\oa_NLV3_Core_10t05IN2.mq4;572:36;'sl_step' - variable not defined
2;75;C:\Program Files\MetaTrader - Alpari UK\experts\oa_NLV3_Core_10t05IN2.mq4;573:17;'sl' - variable not defined
2;75;C:\Program Files\MetaTrader - Alpari UK\experts\oa_NLV3_Core_10t05IN2.mq4;573:44;'sl_step_first' - variable not defined
2;75;C:\Program Files\MetaTrader - Alpari UK\experts\oa_NLV3_Core_10t05IN2.mq4;574:17;'sl' - variable not defined
2;75;C:\Program Files\MetaTrader - Alpari UK\experts\oa_NLV3_Core_10t05IN2.mq4;574:41;'sl_onavgprice' - variable not defined
2;75;C:\Program Files\MetaTrader - Alpari UK\experts\oa_NLV3_Core_10t05IN2.mq4;575:12;'sl_price' - variable not defined
2;75;C:\Program Files\MetaTrader - Alpari UK\experts\oa_NLV3_Core_10t05IN2.mq4;575:25;'sl' - variable not defined
2;75;C:\Program Files\MetaTrader - Alpari UK\experts\oa_NLV3_Core_10t05IN2.mq4;576:11;'trailingstop' - variable not defined
2;75;C:\Program Files\MetaTrader - Alpari UK\experts\oa_NLV3_Core_10t05IN2.mq4;576:39;'trailingstop_after_nr' - variable not defined
2;75;C:\Program Files\MetaTrader - Alpari UK\experts\oa_NLV3_Core_10t05IN2.mq4;577:17;'sl' - variable not defined
2;75;C:\Program Files\MetaTrader - Alpari UK\experts\oa_NLV3_Core_10t05IN2.mq4;577:27;'sl_price' - variable not defined
2;75;C:\Program Files\MetaTrader - Alpari UK\experts\oa_NLV3_Core_10t05IN2.mq4;577:36;'sl_step' - variable not defined
2;75;C:\Program Files\MetaTrader - Alpari UK\experts\oa_NLV3_Core_10t05IN2.mq4;578:17;'sl' - variable not defined
2;75;C:\Program Files\MetaTrader - Alpari UK\experts\oa_NLV3_Core_10t05IN2.mq4;578:44;'sl_step_first' - variable not defined
2;75;C:\Program Files\MetaTrader - Alpari UK\experts\oa_NLV3_Core_10t05IN2.mq4;579:17;'sl' - variable not defined
2;75;C:\Program Files\MetaTrader - Alpari UK\experts\oa_NLV3_Core_10t05IN2.mq4;579:41;'sl_onavgprice' - variable not defined
2;75;C:\Program Files\MetaTrader - Alpari UK\experts\oa_NLV3_Core_10t05IN2.mq4;580:12;'sl_price' - variable not defined
2;75;C:\Program Files\MetaTrader - Alpari UK\experts\oa_NLV3_Core_10t05IN2.mq4;580:25;'sl' - variable not defined
2;75;C:\Program Files\MetaTrader - Alpari UK\experts\oa_NLV3_Core_10t05IN2.mq4;587:32;'tp_price' - variable not defined
2;75;C:\Program Files\MetaTrader - Alpari UK\experts\oa_NLV3_Core_10t05IN2.mq4;587:61;'sl_price' - variable not defined
2;75;C:\Program Files\MetaTrader - Alpari UK\experts\oa_NLV3_Core_10t05IN2.mq4;588:56;'sl_price' - variable not defined
2;75;C:\Program Files\MetaTrader - Alpari UK\experts\oa_NLV3_Core_10t05IN2.mq4;588:65;'tp_price' - variable not defined
2;75;C:\Program Files\MetaTrader - Alpari UK\experts\oa_NLV3_Core_10t05IN2.mq4;593:27;'b_fivedigitbroker' - variable not defined
2;75;C:\Program Files\MetaTrader - Alpari UK\experts\oa_NLV3_Core_10t05IN2.mq4;612:48;'max_loss_percent' - variable not defined
2;75;C:\Program Files\MetaTrader - Alpari UK\experts\oa_NLV3_Core_10t05IN2.mq4;613:48;'ult_max_loss_percent' - variable not defined
2;75;C:\Program Files\MetaTrader - Alpari UK\experts\oa_NLV3_Core_10t05IN2.mq4;614:11;'b_letprofitrun' - variable not defined
2;75;C:\Program Files\MetaTrader - Alpari UK\experts\oa_NLV3_Core_10t05IN2.mq4;615:11;'b_letprofitrun' - variable not defined
2;75;C:\Program Files\MetaTrader - Alpari UK\experts\oa_NLV3_Core_10t05IN2.mq4;615:87;'fallbackpip_min' - variable not defined
2;75;C:\Program Files\MetaTrader - Alpari UK\experts\oa_NLV3_Core_10t05IN2.mq4;616:33;'fallbackpip_max' - variable not defined
2;75;C:\Program Files\MetaTrader - Alpari UK\experts\oa_NLV3_Core_10t05IN2.mq4;616:86;'fallbackpercent_max' - variable not defined
2;75;C:\Program Files\MetaTrader - Alpari UK\experts\oa_NLV3_Core_10t05IN2.mq4;617:35;'stop_after_hour' - variable not defined
2;75;C:\Program Files\MetaTrader - Alpari UK\experts\oa_NLV3_Core_10t05IN2.mq4;617:59;'stop_after_hour' - variable not defined
2;75;C:\Program Files\MetaTrader - Alpari UK\experts\oa_NLV3_Core_10t05IN2.mq4;617:81;'stop_after_hour_minloss' - variable not defined
2;75;C:\Program Files\MetaTrader - Alpari UK\experts\oa_NLV3_Core_10t05IN2.mq4;617:125;'stop_after_hour_minprofit' - variable not defined
2;75;C:\Program Files\MetaTrader - Alpari UK\experts\oa_NLV3_Core_10t05IN2.mq4;618:35;'stop_after_hour2' - variable not defined
2;75;C:\Program Files\MetaTrader - Alpari UK\experts\oa_NLV3_Core_10t05IN2.mq4;618:60;'stop_after_hour2' - variable not defined
2;75;C:\Program Files\MetaTrader - Alpari UK\experts\oa_NLV3_Core_10t05IN2.mq4;618:83;'stop_after_hour_minloss2' - variable not defined
2;75;C:\Program Files\MetaTrader - Alpari UK\experts\oa_NLV3_Core_10t05IN2.mq4;618:128;'stop_after_hour_minprofit2' - variable not defined
2;75;C:\Program Files\MetaTrader - Alpari UK\experts\oa_NLV3_Core_10t05IN2.mq4;619:35;'stop_after_hour' - variable not defined
2;75;C:\Program Files\MetaTrader - Alpari UK\experts\oa_NLV3_Core_10t05IN2.mq4;619:59;'stop_after_hour' - variable not defined
2;75;C:\Program Files\MetaTrader - Alpari UK\experts\oa_NLV3_Core_10t05IN2.mq4;619:81;'stop_after_hour_minloss' - variable not defined
2;75;C:\Program Files\MetaTrader - Alpari UK\experts\oa_NLV3_Core_10t05IN2.mq4;619:111;'stop_after_hour_minprofit' - variable not defined
2;75;C:\Program Files\MetaTrader - Alpari UK\experts\oa_NLV3_Core_10t05IN2.mq4;619:157;'stop_after_hour_minloss' - variable not defined
2;75;C:\Program Files\MetaTrader - Alpari UK\experts\oa_NLV3_Core_10t05IN2.mq4;620:35;'stop_after_hour2' - variable not defined
2;75;C:\Program Files\MetaTrader - Alpari UK\experts\oa_NLV3_Core_10t05IN2.mq4;620:60;'stop_after_hour2' - variable not defined
2;75;C:\Program Files\MetaTrader - Alpari UK\experts\oa_NLV3_Core_10t05IN2.mq4;620:83;'stop_after_hour_minloss2' - variable not defined
2;75;C:\Program Files\MetaTrader - Alpari UK\experts\oa_NLV3_Core_10t05IN2.mq4;620:113;'stop_after_hour_minprofit2' - variable not defined
2;75;C:\Program Files\MetaTrader - Alpari UK\experts\oa_NLV3_Core_10t05IN2.mq4;620:160;'stop_after_hour_minloss2' - variable not defined
2;75;C:\Program Files\MetaTrader - Alpari UK\experts\oa_NLV3_Core_10t05IN2.mq4;624:35;'sl_price' - variable not defined
2;75;C:\Program Files\MetaTrader - Alpari UK\experts\oa_NLV3_Core_10t05IN2.mq4;624:47;'sl_price' - variable not defined
2;75;C:\Program Files\MetaTrader - Alpari UK\experts\oa_NLV3_Core_10t05IN2.mq4;624:69;'tp_price' - variable not defined
2;75;C:\Program Files\MetaTrader - Alpari UK\experts\oa_NLV3_Core_10t05IN2.mq4;624:81;'tp_price' - variable not defined
2;75;C:\Program Files\MetaTrader - Alpari UK\experts\oa_NLV3_Core_10t05IN2.mq4;625:36;'sl_price' - variable not defined
2;75;C:\Program Files\MetaTrader - Alpari UK\experts\oa_NLV3_Core_10t05IN2.mq4;625:48;'sl_price' - variable not defined
2;75;C:\Program Files\MetaTrader - Alpari UK\experts\oa_NLV3_Core_10t05IN2.mq4;625:70;'tp_price' - variable not defined
2;75;C:\Program Files\MetaTrader - Alpari UK\experts\oa_NLV3_Core_10t05IN2.mq4;625:82;'tp_price' - variable not defined
2;75;C:\Program Files\MetaTrader - Alpari UK\experts\oa_NLV3_Core_10t05IN2.mq4;627:36;'stop_after_lastopen_min' - variable not defined
2;75;C:\Program Files\MetaTrader - Alpari UK\experts\oa_NLV3_Core_10t05IN2.mq4;627:66;'stop_after_lastopen_min' - variable not defined
2;75;C:\Program Files\MetaTrader - Alpari UK\experts\oa_NLV3_Core_10t05IN2.mq4;627:110;'stop_after_lastopen_minprofit' - variable not defined
2;75;C:\Program Files\MetaTrader - Alpari UK\experts\oa_NLV3_Core_10t05IN2.mq4;644:27;'strat_act' - variable not defined
2;75;C:\Program Files\MetaTrader - Alpari UK\experts\oa_NLV3_Core_10t05IN2.mq4;645:47;'strat_act' - variable not defined
2;75;C:\Program Files\MetaTrader - Alpari UK\experts\oa_NLV3_Core_10t05IN2.mq4;649:53;'MAGIC_Rf' - variable not defined
2;75;C:\Program Files\MetaTrader - Alpari UK\experts\oa_NLV3_Core_10t05IN2.mq4;653:57;'MAGIC_Rf' - variable not defined
2;75;C:\Program Files\MetaTrader - Alpari UK\experts\oa_NLV3_Core_10t05IN2.mq4;665:10;'strat_act' - variable not defined
2;75;C:\Program Files\MetaTrader - Alpari UK\experts\oa_NLV3_Core_10t05IN2.mq4;681:10;'strat_act' - variable not defined
2;75;C:\Program Files\MetaTrader - Alpari UK\experts\oa_NLV3_Core_10t05IN2.mq4;701:4;'strat_symbol' - variable not defined
2;75;C:\Program Files\MetaTrader - Alpari UK\experts\oa_NLV3_Core_10t05IN2.mq4;701:23;'strat_symbol_m' - variable not defined
2;75;C:\Program Files\MetaTrader - Alpari UK\experts\oa_NLV3_Core_10t05IN2.mq4;702:4;'strat_period' - variable not defined
2;75;C:\Program Files\MetaTrader - Alpari UK\experts\oa_NLV3_Core_10t05IN2.mq4;702:23;'strat_preiod_m' - variable not defined
2;75;C:\Program Files\MetaTrader - Alpari UK\experts\oa_NLV3_Core_10t05IN2.mq4;703:4;'b_signal2_trading' - variable not defined
2;75;C:\Program Files\MetaTrader - Alpari UK\experts\oa_NLV3_Core_10t05IN2.mq4;703:22;'b_signal2_trading_m' - variable not defined
2;75;C:\Program Files\MetaTrader - Alpari UK\experts\oa_NLV3_Core_10t05IN2.mq4;704:4;'tradinghour_start' - variable not defined
2;75;C:\Program Files\MetaTrader - Alpari UK\experts\oa_NLV3_Core_10t05IN2.mq4;704:23;'tradinghour_start_m' - variable not defined
2;75;C:\Program Files\MetaTrader - Alpari UK\experts\oa_NLV3_Core_10t05IN2.mq4;705:4;'tradinghour_end' - variable not defined
2;75;C:\Program Files\MetaTrader - Alpari UK\experts\oa_NLV3_Core_10t05IN2.mq4;705:23;'tradinghour_end_m' - variable not defined
2;75;C:\Program Files\MetaTrader - Alpari UK\experts\oa_NLV3_Core_10t05IN2.mq4;706:4;'tradinghour' - variable not defined
2;75;C:\Program Files\MetaTrader - Alpari UK\experts\oa_NLV3_Core_10t05IN2.mq4;706:23;'tradinghour_m' - variable not defined
2;75;C:\Program Files\MetaTrader - Alpari UK\experts\oa_NLV3_Core_10t05IN2.mq4;707:4;'tradingfridaytill' - variable not defined
2;75;C:\Program Files\MetaTrader - Alpari UK\experts\oa_NLV3_Core_10t05IN2.mq4;707:23;'tradingfridaytill_m' - variable not defined
2;75;C:\Program Files\MetaTrader - Alpari UK\experts\oa_NLV3_Core_10t05IN2.mq4;708:4;'tradingdayoyearmax' - variable not defined
2;75;C:\Program Files\MetaTrader - Alpari UK\experts\oa_NLV3_Core_10t05IN2.mq4;708:23;'tradingdayoyearmax_m' - variable not defined
2;75;C:\Program Files\MetaTrader - Alpari UK\experts\oa_NLV3_Core_10t05IN2.mq4;710:4;'entry_type' - variable not defined
2;75;C:\Program Files\MetaTrader - Alpari UK\experts\oa_NLV3_Core_10t05IN2.mq4;710:23;'entry_type_m' - variable not defined
2;75;C:\Program Files\MetaTrader - Alpari UK\experts\oa_NLV3_Core_10t05IN2.mq4;711:4;'entry_reverse' - variable not defined
2;75;C:\Program Files\MetaTrader - Alpari UK\experts\oa_NLV3_Core_10t05IN2.mq4;711:23;'entry_reverse_m' - variable not defined
2;75;C:\Program Files\MetaTrader - Alpari UK\experts\oa_NLV3_Core_10t05IN2.mq4;712:38;'entry_ordertype' - variable not defined
2;75;C:\Program Files\MetaTrader - Alpari UK\experts\oa_NLV3_Core_10t05IN2.mq4;712:57;'entry_ordertype_m' - variable not defined
2;75;C:\Program Files\MetaTrader - Alpari UK\experts\oa_NLV3_Core_10t05IN2.mq4;713:38;'entry_orderbridge' - variable not defined
2;75;C:\Program Files\MetaTrader - Alpari UK\experts\oa_NLV3_Core_10t05IN2.mq4;713:57;'entry_orderbridge_m' - variable not defined
2;75;C:\Program Files\MetaTrader - Alpari UK\experts\oa_NLV3_Core_10t05IN2.mq4;714:38;'entry_expire' - variable not defined
2;75;C:\Program Files\MetaTrader - Alpari UK\experts\oa_NLV3_Core_10t05IN2.mq4;714:57;'entry_expire_m' - variable not defined
2;75;C:\Program Files\MetaTrader - Alpari UK\experts\oa_NLV3_Core_10t05IN2.mq4;716:4;'lots_equityperlot' - variable not defined
2;75;C:\Program Files\MetaTrader - Alpari UK\experts\oa_NLV3_Core_10t05IN2.mq4;716:23;'lots_equityperlot_m' - variable not defined
2;75;C:\Program Files\MetaTrader - Alpari UK\experts\oa_NLV3_Core_10t05IN2.mq4;717:4;'martingal' - variable not defined
2;75;C:\Program Files\MetaTrader - Alpari UK\experts\oa_NLV3_Core_10t05IN2.mq4;717:23;'martingal_m' - variable not defined
2;75;C:\Program Files\MetaTrader - Alpari UK\experts\oa_NLV3_Core_10t05IN2.mq4;719:8;'b_aggressive' - variable not defined
2;75;C:\Program Files\MetaTrader - Alpari UK\experts\oa_NLV3_Core_10t05IN2.mq4;719:28;'lots_equityperlot' - variable not defined
2;75;C:\Program Files\MetaTrader - Alpari UK\experts\oa_NLV3_Core_10t05IN2.mq4;719:47;'lots_equityperlot_ma' - variable not defined
2;75;C:\Program Files\MetaTrader - Alpari UK\experts\oa_NLV3_Core_10t05IN2.mq4;720:4;'MAGIC_Rf' - variable not defined
2;75;C:\Program Files\MetaTrader - Alpari UK\experts\oa_NLV3_Core_10t05IN2.mq4;720:23;'MAGIC_Rf_m' - variable not defined
2;75;C:\Program Files\MetaTrader - Alpari UK\experts\oa_NLV3_Core_10t05IN2.mq4;722:4;'increase_lots' - variable not defined
2;75;C:\Program Files\MetaTrader - Alpari UK\experts\oa_NLV3_Core_10t05IN2.mq4;722:29;'increase_lots_m' - variable not defined
2;75;C:\Program Files\MetaTrader - Alpari UK\experts\oa_NLV3_Core_10t05IN2.mq4;723:4;'increase_for_every' - variable not defined
2;75;C:\Program Files\MetaTrader - Alpari UK\experts\oa_NLV3_Core_10t05IN2.mq4;723:30;'increase_for_every_m' - variable not defined
2;75;C:\Program Files\MetaTrader - Alpari UK\experts\oa_NLV3_Core_10t05IN2.mq4;724:4;'increase_percent' - variable not defined
2;75;C:\Program Files\MetaTrader - Alpari UK\experts\oa_NLV3_Core_10t05IN2.mq4;724:29;'increase_percent_m' - variable not defined
2;75;C:\Program Files\MetaTrader - Alpari UK\experts\oa_NLV3_Core_10t05IN2.mq4;726:4;'step' - variable not defined
2;75;C:\Program Files\MetaTrader - Alpari UK\experts\oa_NLV3_Core_10t05IN2.mq4;726:29;'step_m' - variable not defined
2;75;C:\Program Files\MetaTrader - Alpari UK\experts\oa_NLV3_Core_10t05IN2.mq4;727:4;'step_first' - variable not defined
2;75;C:\Program Files\MetaTrader - Alpari UK\experts\oa_NLV3_Core_10t05IN2.mq4;727:29;'step_first_m' - variable not defined
2;75;C:\Program Files\MetaTrader - Alpari UK\experts\oa_NLV3_Core_10t05IN2.mq4;728:4;'step_minute' - variable not defined
2;75;C:\Program Files\MetaTrader - Alpari UK\experts\oa_NLV3_Core_10t05IN2.mq4;728:29;'step_minute_m' - variable not defined
2;75;C:\Program Files\MetaTrader - Alpari UK\experts\oa_NLV3_Core_10t05IN2.mq4;729:4;'step_max_nr' - variable not defined
2;75;C:\Program Files\MetaTrader - Alpari UK\experts\oa_NLV3_Core_10t05IN2.mq4;729:29;'step_max_nr_m' - variable not defined
2;75;C:\Program Files\MetaTrader - Alpari UK\experts\oa_NLV3_Core_10t05IN2.mq4;730:4;'step_movegoal' - variable not defined
2;75;C:\Program Files\MetaTrader - Alpari UK\experts\oa_NLV3_Core_10t05IN2.mq4;730:29;'step_movegoal_m' - variable not defined
2;75;C:\Program Files\MetaTrader - Alpari UK\experts\oa_NLV3_Core_10t05IN2.mq4;731:4;'step_type' - variable not defined
2;75;C:\Program Files\MetaTrader - Alpari UK\experts\oa_NLV3_Core_10t05IN2.mq4;731:29;'step_type_m' - variable not defined
2;75;C:\Program Files\MetaTrader - Alpari UK\experts\oa_NLV3_Core_10t05IN2.mq4;733:4;'average_win' - variable not defined
2;75;C:\Program Files\MetaTrader - Alpari UK\experts\oa_NLV3_Core_10t05IN2.mq4;733:29;'average_win_m' - variable not defined
2;75;C:\Program Files\MetaTrader - Alpari UK\experts\oa_NLV3_Core_10t05IN2.mq4;734:4;'tp' - variable not defined
2;75;C:\Program Files\MetaTrader - Alpari UK\experts\oa_NLV3_Core_10t05IN2.mq4;734:29;'tp_m' - variable not defined
2;75;C:\Program Files\MetaTrader - Alpari UK\experts\oa_NLV3_Core_10t05IN2.mq4;735:4;'tp_price' - variable not defined
2;75;C:\Program Files\MetaTrader - Alpari UK\experts\oa_NLV3_Core_10t05IN2.mq4;735:29;'tp_price_m' - variable not defined
2;75;C:\Program Files\MetaTrader - Alpari UK\experts\oa_NLV3_Core_10t05IN2.mq4;737:4;'b_letprofitrun' - variable not defined
2;75;C:\Program Files\MetaTrader - Alpari UK\experts\oa_NLV3_Core_10t05IN2.mq4;737:29;'b_letprofitrun_m' - variable not defined
2;75;C:\Program Files\MetaTrader - Alpari UK\experts\oa_NLV3_Core_10t05IN2.mq4;738:4;'fallbackpip_min' - variable not defined
2;75;C:\Program Files\MetaTrader - Alpari UK\experts\oa_NLV3_Core_10t05IN2.mq4;738:29;'fallbackpip_min_m' - variable not defined
2;75;C:\Program Files\MetaTrader - Alpari UK\experts\oa_NLV3_Core_10t05IN2.mq4;739:4;'fallbackpip_max' - variable not defined
2;75;C:\Program Files\MetaTrader - Alpari UK\experts\oa_NLV3_Core_10t05IN2.mq4;739:29;'fallbackpip_max_m' - variable not defined
2;75;C:\Program Files\MetaTrader - Alpari UK\experts\oa_NLV3_Core_10t05IN2.mq4;740:4;'fallbackpercent_max' - variable not defined
2;75;C:\Program Files\MetaTrader - Alpari UK\experts\oa_NLV3_Core_10t05IN2.mq4;740:29;'fallbackpercent_max_m' - variable not defined
2;75;C:\Program Files\MetaTrader - Alpari UK\experts\oa_NLV3_Core_10t05IN2.mq4;742:4;'max_loss_percent' - variable not defined
2;75;C:\Program Files\MetaTrader - Alpari UK\experts\oa_NLV3_Core_10t05IN2.mq4;742:29;'max_loss_percent_m' - variable not defined
2;75;C:\Program Files\MetaTrader - Alpari UK\experts\oa_NLV3_Core_10t05IN2.mq4;743:4;'sl' - variable not defined
2;75;C:\Program Files\MetaTrader - Alpari UK\experts\oa_NLV3_Core_10t05IN2.mq4;743:29;'sl_m' - variable not defined
2;75;C:\Program Files\MetaTrader - Alpari UK\experts\oa_NLV3_Core_10t05IN2.mq4;744:4;'sl_price' - variable not defined
2;75;C:\Program Files\MetaTrader - Alpari UK\experts\oa_NLV3_Core_10t05IN2.mq4;744:29;'sl_price_m' - variable not defined
2;75;C:\Program Files\MetaTrader - Alpari UK\experts\oa_NLV3_Core_10t05IN2.mq4;745:4;'sl_step' - variable not defined
2;75;C:\Program Files\MetaTrader - Alpari UK\experts\oa_NLV3_Core_10t05IN2.mq4;745:29;'sl_step_m' - variable not defined
2;75;C:\Program Files\MetaTrader - Alpari UK\experts\oa_NLV3_Core_10t05IN2.mq4;746:4;'sl_step_first' - variable not defined
2;75;C:\Program Files\MetaTrader - Alpari UK\experts\oa_NLV3_Core_10t05IN2.mq4;746:29;'sl_step_first_m' - variable not defined
2;75;C:\Program Files\MetaTrader - Alpari UK\experts\oa_NLV3_Core_10t05IN2.mq4;747:4;'sl_onavgprice' - variable not defined
2;75;C:\Program Files\MetaTrader - Alpari UK\experts\oa_NLV3_Core_10t05IN2.mq4;747:29;'sl_onavgprice_m' - variable not defined
2;75;C:\Program Files\MetaTrader - Alpari UK\experts\oa_NLV3_Core_10t05IN2.mq4;748:4;'trailingstop' - variable not defined
2;75;C:\Program Files\MetaTrader - Alpari UK\experts\oa_NLV3_Core_10t05IN2.mq4;748:29;'trailingstop_m' - variable not defined
2;75;C:\Program Files\MetaTrader - Alpari UK\experts\oa_NLV3_Core_10t05IN2.mq4;749:4;'trailingstop_after_nr' - variable not defined
2;75;C:\Program Files\MetaTrader - Alpari UK\experts\oa_NLV3_Core_10t05IN2.mq4;749:29;'trailingstop_after_nr_m' - variable not defined
2;75;C:\Program Files\MetaTrader - Alpari UK\experts\oa_NLV3_Core_10t05IN2.mq4;751:4;'stop_after_hour' - variable not defined
2;75;C:\Program Files\MetaTrader - Alpari UK\experts\oa_NLV3_Core_10t05IN2.mq4;751:32;'stop_after_hour_m' - variable not defined
2;75;C:\Program Files\MetaTrader - Alpari UK\experts\oa_NLV3_Core_10t05IN2.mq4;752:4;'stop_after_hour_minprofit' - variable not defined
2;75;C:\Program Files\MetaTrader - Alpari UK\experts\oa_NLV3_Core_10t05IN2.mq4;752:32;'stop_after_hour_minprofit_m' - variable not defined
2;75;C:\Program Files\MetaTrader - Alpari UK\experts\oa_NLV3_Core_10t05IN2.mq4;753:4;'stop_after_hour_minloss' - variable not defined
2;75;C:\Program Files\MetaTrader - Alpari UK\experts\oa_NLV3_Core_10t05IN2.mq4;753:32;'stop_after_hour_minloss_m' - variable not defined
2;75;C:\Program Files\MetaTrader - Alpari UK\experts\oa_NLV3_Core_10t05IN2.mq4;754:4;'stop_after_hour2' - variable not defined
2;75;C:\Program Files\MetaTrader - Alpari UK\experts\oa_NLV3_Core_10t05IN2.mq4;754:32;'stop_after_hour2_m' - variable not defined
2;75;C:\Program Files\MetaTrader - Alpari UK\experts\oa_NLV3_Core_10t05IN2.mq4;755:4;'stop_after_hour_minprofit2' - variable not defined
2;75;C:\Program Files\MetaTrader - Alpari UK\experts\oa_NLV3_Core_10t05IN2.mq4;755:32;'stop_after_hour_minprofit2_m' - variable not defined
2;75;C:\Program Files\MetaTrader - Alpari UK\experts\oa_NLV3_Core_10t05IN2.mq4;756:4;'stop_after_hour_minloss2' - variable not defined
2;75;C:\Program Files\MetaTrader - Alpari UK\experts\oa_NLV3_Core_10t05IN2.mq4;756:31;'stop_after_hour_minloss2_m' - variable not defined
2;75;C:\Program Files\MetaTrader - Alpari UK\experts\oa_NLV3_Core_10t05IN2.mq4;758:4;'signal_atr_max' - variable not defined
2;75;C:\Program Files\MetaTrader - Alpari UK\experts\oa_NLV3_Core_10t05IN2.mq4;758:23;'signal_atr_max_m' - variable not defined
2;75;C:\Program Files\MetaTrader - Alpari UK\experts\oa_NLV3_Core_10t05IN2.mq4;759:4;'signal_atr_min' - variable not defined
2;75;C:\Program Files\MetaTrader - Alpari UK\experts\oa_NLV3_Core_10t05IN2.mq4;759:23;'signal_atr_min_m' - variable not defined
2;75;C:\Program Files\MetaTrader - Alpari UK\experts\oa_NLV3_Core_10t05IN2.mq4;760:4;'atr_preiod' - variable not defined
2;75;C:\Program Files\MetaTrader - Alpari UK\experts\oa_NLV3_Core_10t05IN2.mq4;760:23;'atr_preiod_m' - variable not defined
2;75;C:\Program Files\MetaTrader - Alpari UK\experts\oa_NLV3_Core_10t05IN2.mq4;762:4;'signal_adx_limit' - variable not defined
2;75;C:\Program Files\MetaTrader - Alpari UK\experts\oa_NLV3_Core_10t05IN2.mq4;762:23;'signal_adx_limit_m' - variable not defined
2;75;C:\Program Files\MetaTrader - Alpari UK\experts\oa_NLV3_Core_10t05IN2.mq4;763:4;'signal_adx_max' - variable not defined
2;75;C:\Program Files\MetaTrader - Alpari UK\experts\oa_NLV3_Core_10t05IN2.mq4;763:23;'signal_adx_max_m' - variable not defined
2;75;C:\Program Files\MetaTrader - Alpari UK\experts\oa_NLV3_Core_10t05IN2.mq4;764:4;'adx_preiod' - variable not defined
2;75;C:\Program Files\MetaTrader - Alpari UK\experts\oa_NLV3_Core_10t05IN2.mq4;764:23;'adx_preiod_m' - variable not defined
2;75;C:\Program Files\MetaTrader - Alpari UK\experts\oa_NLV3_Core_10t05IN2.mq4;765:4;'signal_adx_limit2' - variable not defined
2;75;C:\Program Files\MetaTrader - Alpari UK\experts\oa_NLV3_Core_10t05IN2.mq4;765:23;'signal_adx_limit2_m' - variable not defined
2;75;C:\Program Files\MetaTrader - Alpari UK\experts\oa_NLV3_Core_10t05IN2.mq4;766:4;'adx_preiod2' - variable not defined
2;75;C:\Program Files\MetaTrader - Alpari UK\experts\oa_NLV3_Core_10t05IN2.mq4;766:23;'adx_preiod2_m' - variable not defined
2;75;C:\Program Files\MetaTrader - Alpari UK\experts\oa_NLV3_Core_10t05IN2.mq4;767:4;'signal_stoch_down' - variable not defined
2;75;C:\Program Files\MetaTrader - Alpari UK\experts\oa_NLV3_Core_10t05IN2.mq4;767:23;'signal_stoch_limit_m' - variable not defined
2;75;C:\Program Files\MetaTrader - Alpari UK\experts\oa_NLV3_Core_10t05IN2.mq4;768:4;'stoch_preiod' - variable not defined
2;75;C:\Program Files\MetaTrader - Alpari UK\experts\oa_NLV3_Core_10t05IN2.mq4;768:23;'adx_stoch_m' - variable not defined
2;75;C:\Program Files\MetaTrader - Alpari UK\experts\oa_NLV3_Core_10t05IN2.mq4;769:4;'rsi_limit_down' - variable not defined
2;75;C:\Program Files\MetaTrader - Alpari UK\experts\oa_NLV3_Core_10t05IN2.mq4;769:23;'rsi_limit_down_m' - variable not defined
2;75;C:\Program Files\MetaTrader - Alpari UK\experts\oa_NLV3_Core_10t05IN2.mq4;770:4;'rsi_min_down' - variable not defined
2;75;C:\Program Files\MetaTrader - Alpari UK\experts\oa_NLV3_Core_10t05IN2.mq4;770:23;'rsi_limit_min_m' - variable not defined
2;75;C:\Program Files\MetaTrader - Alpari UK\experts\oa_NLV3_Core_10t05IN2.mq4;771:4;'rsi_period' - variable not defined
2;75;C:\Program Files\MetaTrader - Alpari UK\experts\oa_NLV3_Core_10t05IN2.mq4;771:23;'rsi_period_m' - variable not defined
2;75;C:\Program Files\MetaTrader - Alpari UK\experts\oa_NLV3_Core_10t05IN2.mq4;772:4;'bool_dev' - variable not defined
2;75;C:\Program Files\MetaTrader - Alpari UK\experts\oa_NLV3_Core_10t05IN2.mq4;772:23;'bool_dev_m' - variable not defined
2;75;C:\Program Files\MetaTrader - Alpari UK\experts\oa_NLV3_Core_10t05IN2.mq4;773:4;'bool_preiod' - variable not defined
2;75;C:\Program Files\MetaTrader - Alpari UK\experts\oa_NLV3_Core_10t05IN2.mq4;773:23;'bool_preiod_m' - variable not defined
2;75;C:\Program Files\MetaTrader - Alpari UK\experts\oa_NLV3_Core_10t05IN2.mq4;775:4;'stepmin1' - variable not defined
2;75;C:\Program Files\MetaTrader - Alpari UK\experts\oa_NLV3_Core_10t05IN2.mq4;775:17;'stepmin1_m' - variable not defined
2;75;C:\Program Files\MetaTrader - Alpari UK\experts\oa_NLV3_Core_10t05IN2.mq4;776:4;'steppip1' - variable not defined
2;75;C:\Program Files\MetaTrader - Alpari UK\experts\oa_NLV3_Core_10t05IN2.mq4;776:17;'steppip1_m' - variable not defined
2;75;C:\Program Files\MetaTrader - Alpari UK\experts\oa_NLV3_Core_10t05IN2.mq4;777:4;'stepmin2' - variable not defined
2;75;C:\Program Files\MetaTrader - Alpari UK\experts\oa_NLV3_Core_10t05IN2.mq4;777:17;'stepmin2_m' - variable not defined
2;75;C:\Program Files\MetaTrader - Alpari UK\experts\oa_NLV3_Core_10t05IN2.mq4;778:4;'steppip2' - variable not defined
2;75;C:\Program Files\MetaTrader - Alpari UK\experts\oa_NLV3_Core_10t05IN2.mq4;778:17;'steppip2_m' - variable not defined
2;75;C:\Program Files\MetaTrader - Alpari UK\experts\oa_NLV3_Core_10t05IN2.mq4;779:4;'stepmin3' - variable not defined
2;75;C:\Program Files\MetaTrader - Alpari UK\experts\oa_NLV3_Core_10t05IN2.mq4;779:17;'stepmin3_m' - variable not defined
2;75;C:\Program Files\MetaTrader - Alpari UK\experts\oa_NLV3_Core_10t05IN2.mq4;780:4;'steppip3' - variable not defined
2;75;C:\Program Files\MetaTrader - Alpari UK\experts\oa_NLV3_Core_10t05IN2.mq4;780:17;'steppip3_m' - variable not defined
2;75;C:\Program Files\MetaTrader - Alpari UK\experts\oa_NLV3_Core_10t05IN2.mq4;782:4;'delayminutes' - variable not defined
2;75;C:\Program Files\MetaTrader - Alpari UK\experts\oa_NLV3_Core_10t05IN2.mq4;782:22;'delayminutes_m' - variable not defined
2;75;C:\Program Files\MetaTrader - Alpari UK\experts\oa_NLV3_Core_10t05IN2.mq4;783:4;'delayminutesafterclose' - variable not defined
2;75;C:\Program Files\MetaTrader - Alpari UK\experts\oa_NLV3_Core_10t05IN2.mq4;783:27;'delayminutesafterclose_m' - variable not defined
2;75;C:\Program Files\MetaTrader - Alpari UK\experts\oa_NLV3_Core_10t05IN2.mq4;784:4;'delayminutesafterloss' - variable not defined
2;75;C:\Program Files\MetaTrader - Alpari UK\experts\oa_NLV3_Core_10t05IN2.mq4;784:26;'delayminutesafterloss_m' - variable not defined
2;75;C:\Program Files\MetaTrader - Alpari UK\experts\oa_NLV3_Core_10t05IN2.mq4;796:11;'b_fivedigitbroker' - variable not defined
2;75;C:\Program Files\MetaTrader - Alpari UK\experts\oa_NLV3_Core_10t05IN2.mq4;797:44;'entry_orderbridge' - variable not defined
2;75;C:\Program Files\MetaTrader - Alpari UK\experts\oa_NLV3_Core_10t05IN2.mq4;798:10;'step' - variable not defined
2;75;C:\Program Files\MetaTrader - Alpari UK\experts\oa_NLV3_Core_10t05IN2.mq4;799:10;'step_first' - variable not defined
2;75;C:\Program Files\MetaTrader - Alpari UK\experts\oa_NLV3_Core_10t05IN2.mq4;800:10;'step_movegoal' - variable not defined
2;75;C:\Program Files\MetaTrader - Alpari UK\experts\oa_NLV3_Core_10t05IN2.mq4;801:10;'average_win' - variable not defined
2;75;C:\Program Files\MetaTrader - Alpari UK\experts\oa_NLV3_Core_10t05IN2.mq4;802:10;'fallbackpip_min' - variable not defined
2;75;C:\Program Files\MetaTrader - Alpari UK\experts\oa_NLV3_Core_10t05IN2.mq4;803:10;'fallbackpip_max' - variable not defined
2;75;C:\Program Files\MetaTrader - Alpari UK\experts\oa_NLV3_Core_10t05IN2.mq4;804:10;'tp' - variable not defined
2;75;C:\Program Files\MetaTrader - Alpari UK\experts\oa_NLV3_Core_10t05IN2.mq4;805:10;'sl' - variable not defined
2;75;C:\Program Files\MetaTrader - Alpari UK\experts\oa_NLV3_Core_10t05IN2.mq4;806:10;'sl_step' - variable not defined
2;75;C:\Program Files\MetaTrader - Alpari UK\experts\oa_NLV3_Core_10t05IN2.mq4;807:10;'sl_onavgprice' - variable not defined
2;75;C:\Program Files\MetaTrader - Alpari UK\experts\oa_NLV3_Core_10t05IN2.mq4;808:10;'stop_after_hour_minprofit' - variable not defined
2;75;C:\Program Files\MetaTrader - Alpari UK\experts\oa_NLV3_Core_10t05IN2.mq4;809:10;'stop_after_hour_minprofit2' - variable not defined
2;75;C:\Program Files\MetaTrader - Alpari UK\experts\oa_NLV3_Core_10t05IN2.mq4;810:10;'stop_after_hour_minloss' - variable not defined
2;75;C:\Program Files\MetaTrader - Alpari UK\experts\oa_NLV3_Core_10t05IN2.mq4;811:10;'stop_after_hour_minloss2' - variable not defined
2;75;C:\Program Files\MetaTrader - Alpari UK\experts\oa_NLV3_Core_10t05IN2.mq4;812:10;'signal_atr_max' - variable not defined
2;75;C:\Program Files\MetaTrader - Alpari UK\experts\oa_NLV3_Core_10t05IN2.mq4;813:10;'signal_atr_min' - variable not defined
2;75;C:\Program Files\MetaTrader - Alpari UK\experts\oa_NLV3_Core_10t05IN2.mq4;814:10;'steppip1' - variable not defined
2;75;C:\Program Files\MetaTrader - Alpari UK\experts\oa_NLV3_Core_10t05IN2.mq4;814:24;'steppip2' - variable not defined
2;75;C:\Program Files\MetaTrader - Alpari UK\experts\oa_NLV3_Core_10t05IN2.mq4;814:38;'steppip3' - variable not defined
2;75;C:\Program Files\MetaTrader - Alpari UK\experts\oa_NLV3_Core_10t05IN2.mq4;836:77;'b_fivedigitbroker' - variable not defined
2;75;C:\Program Files\MetaTrader - Alpari UK\experts\oa_NLV3_Core_10t05IN2.mq4;852:129;'sl_price' - variable not defined
2;75;C:\Program Files\MetaTrader - Alpari UK\experts\oa_NLV3_Core_10t05IN2.mq4;852:196;'tp_price' - variable not defined
