2;75;C:\Program Files\MetaTrader - Alpari UK\experts\oa_NLV3_Follower_05t.mq4;189:26;'j' - variable not defined
2;75;C:\Program Files\MetaTrader - Alpari UK\experts\oa_NLV3_Follower_05t.mq4;235:17;'increase_lots' - variable not defined
2;75;C:\Program Files\MetaTrader - Alpari UK\experts\oa_NLV3_Follower_05t.mq4;235:50;'increase_for_every' - variable not defined
2;75;C:\Program Files\MetaTrader - Alpari UK\experts\oa_NLV3_Follower_05t.mq4;235:107;'increase_percent' - variable not defined
2;75;C:\Program Files\MetaTrader - Alpari UK\experts\oa_NLV3_Follower_05t.mq4;239:27;'step_movegoal' - variable not defined
2;75;C:\Program Files\MetaTrader - Alpari UK\experts\oa_NLV3_Follower_05t.mq4;242:17;'increase_lots' - variable not defined
2;75;C:\Program Files\MetaTrader - Alpari UK\experts\oa_NLV3_Follower_05t.mq4;242:50;'increase_for_every' - variable not defined
2;75;C:\Program Files\MetaTrader - Alpari UK\experts\oa_NLV3_Follower_05t.mq4;242:107;'increase_percent' - variable not defined
2;75;C:\Program Files\MetaTrader - Alpari UK\experts\oa_NLV3_Follower_05t.mq4;246:27;'step_movegoal' - variable not defined
2;75;C:\Program Files\MetaTrader - Alpari UK\experts\oa_NLV3_Follower_05t.mq4;251:17;'increase_lots' - variable not defined
2;75;C:\Program Files\MetaTrader - Alpari UK\experts\oa_NLV3_Follower_05t.mq4;251:50;'increase_for_every' - variable not defined
2;75;C:\Program Files\MetaTrader - Alpari UK\experts\oa_NLV3_Follower_05t.mq4;251:107;'increase_percent' - variable not defined
2;75;C:\Program Files\MetaTrader - Alpari UK\experts\oa_NLV3_Follower_05t.mq4;255:27;'step_movegoal' - variable not defined
2;75;C:\Program Files\MetaTrader - Alpari UK\experts\oa_NLV3_Follower_05t.mq4;258:17;'increase_lots' - variable not defined
2;75;C:\Program Files\MetaTrader - Alpari UK\experts\oa_NLV3_Follower_05t.mq4;258:50;'increase_for_every' - variable not defined
2;75;C:\Program Files\MetaTrader - Alpari UK\experts\oa_NLV3_Follower_05t.mq4;258:107;'increase_percent' - variable not defined
2;75;C:\Program Files\MetaTrader - Alpari UK\experts\oa_NLV3_Follower_05t.mq4;262:27;'step_movegoal' - variable not defined
2;75;C:\Program Files\MetaTrader - Alpari UK\experts\oa_NLV3_Follower_05t.mq4;274:44;'sl_step_first' - variable not defined
2;75;C:\Program Files\MetaTrader - Alpari UK\experts\oa_NLV3_Follower_05t.mq4;276:44;'sl_step_first' - variable not defined
2;75;C:\Program Files\MetaTrader - Alpari UK\experts\oa_NLV3_Follower_05t.mq4;302:48;'ult_max_loss_percent' - variable not defined
2;75;C:\Program Files\MetaTrader - Alpari UK\experts\oa_NLV3_Follower_05t.mq4;303:11;'b_letprofitrun' - variable not defined
2;75;C:\Program Files\MetaTrader - Alpari UK\experts\oa_NLV3_Follower_05t.mq4;304:11;'b_letprofitrun' - variable not defined
2;75;C:\Program Files\MetaTrader - Alpari UK\experts\oa_NLV3_Follower_05t.mq4;304:87;'fallbackpip_min' - variable not defined
2;75;C:\Program Files\MetaTrader - Alpari UK\experts\oa_NLV3_Follower_05t.mq4;305:33;'fallbackpip_max' - variable not defined
2;75;C:\Program Files\MetaTrader - Alpari UK\experts\oa_NLV3_Follower_05t.mq4;305:86;'fallbackpercent_max' - variable not defined
2;75;C:\Program Files\MetaTrader - Alpari UK\experts\oa_NLV3_Follower_05t.mq4;316:36;'stop_after_lastopen_min' - variable not defined
2;75;C:\Program Files\MetaTrader - Alpari UK\experts\oa_NLV3_Follower_05t.mq4;316:66;'stop_after_lastopen_min' - variable not defined
2;75;C:\Program Files\MetaTrader - Alpari UK\experts\oa_NLV3_Follower_05t.mq4;316:110;'stop_after_lastopen_minprofit' - variable not defined
2;75;C:\Program Files\MetaTrader - Alpari UK\experts\oa_NLV3_Follower_05t.mq4;332:21;'tde' - variable not defined
2;75;C:\Program Files\MetaTrader - Alpari UK\experts\oa_NLV3_Follower_05t.mq4;334:71;'tde' - variable not defined
2;75;C:\Program Files\MetaTrader - Alpari UK\experts\oa_NLV3_Follower_05t.mq4;337:53;'tde' - variable not defined
2;75;C:\Program Files\MetaTrader - Alpari UK\experts\oa_NLV3_Follower_05t.mq4;337:66;'tde' - variable not defined
2;75;C:\Program Files\MetaTrader - Alpari UK\experts\oa_NLV3_Follower_05t.mq4;337:81;'tde' - variable not defined
2;75;C:\Program Files\MetaTrader - Alpari UK\experts\oa_NLV3_Follower_05t.mq4;337:93;'tde' - variable not defined
2;75;C:\Program Files\MetaTrader - Alpari UK\experts\oa_NLV3_Follower_05t.mq4;337:140;'tde' - variable not defined
2;75;C:\Program Files\MetaTrader - Alpari UK\experts\oa_NLV3_Follower_05t.mq4;337:168;'tde' - variable not defined
2;75;C:\Program Files\MetaTrader - Alpari UK\experts\oa_NLV3_Follower_05t.mq4;337:208;'tde' - variable not defined
2;75;C:\Program Files\MetaTrader - Alpari UK\experts\oa_NLV3_Follower_05t.mq4;337:251;'tde' - variable not defined
2;75;C:\Program Files\MetaTrader - Alpari UK\experts\oa_NLV3_Follower_05t.mq4;338:59;'tde' - variable not defined
2;75;C:\Program Files\MetaTrader - Alpari UK\experts\oa_NLV3_Follower_05t.mq4;338:75;'tde' - variable not defined
2;75;C:\Program Files\MetaTrader - Alpari UK\experts\oa_NLV3_Follower_05t.mq4;338:98;'tde' - variable not defined
2;75;C:\Program Files\MetaTrader - Alpari UK\experts\oa_NLV3_Follower_05t.mq4;338:121;'tde' - variable not defined
2;75;C:\Program Files\MetaTrader - Alpari UK\experts\oa_NLV3_Follower_05t.mq4;338:144;'tde' - variable not defined
2;75;C:\Program Files\MetaTrader - Alpari UK\experts\oa_NLV3_Follower_05t.mq4;338:169;'tde' - variable not defined
2;75;C:\Program Files\MetaTrader - Alpari UK\experts\oa_NLV3_Follower_05t.mq4;338:186;'tde' - variable not defined
2;75;C:\Program Files\MetaTrader - Alpari UK\experts\oa_NLV3_Follower_05t.mq4;338:203;'tde' - variable not defined
2;75;C:\Program Files\MetaTrader - Alpari UK\experts\oa_NLV3_Follower_05t.mq4;338:220;'tde' - variable not defined
2;75;C:\Program Files\MetaTrader - Alpari UK\experts\oa_NLV3_Follower_05t.mq4;338:237;'tde' - variable not defined
2;75;C:\Program Files\MetaTrader - Alpari UK\experts\oa_NLV3_Follower_05t.mq4;338:254;'tde' - variable not defined
2;75;C:\Program Files\MetaTrader - Alpari UK\experts\oa_NLV3_Follower_05t.mq4;338:271;'tde' - variable not defined
2;75;C:\Program Files\MetaTrader - Alpari UK\experts\oa_NLV3_Follower_05t.mq4;339:30;'tde' - variable not defined
2;75;C:\Program Files\MetaTrader - Alpari UK\experts\oa_NLV3_Follower_05t.mq4;339:47;'tde' - variable not defined
2;75;C:\Program Files\MetaTrader - Alpari UK\experts\oa_NLV3_Follower_05t.mq4;339:64;'tde' - variable not defined
2;75;C:\Program Files\MetaTrader - Alpari UK\experts\oa_NLV3_Follower_05t.mq4;339:82;'tde' - variable not defined
2;75;C:\Program Files\MetaTrader - Alpari UK\experts\oa_NLV3_Follower_05t.mq4;339:100;'tde' - variable not defined
2;75;C:\Program Files\MetaTrader - Alpari UK\experts\oa_NLV3_Follower_05t.mq4;339:118;'tde' - variable not defined
2;75;C:\Program Files\MetaTrader - Alpari UK\experts\oa_NLV3_Follower_05t.mq4;349:23;'strat_symbol_m' - variable not defined
2;75;C:\Program Files\MetaTrader - Alpari UK\experts\oa_NLV3_Follower_05t.mq4;350:4;'strat_period' - variable not defined
2;75;C:\Program Files\MetaTrader - Alpari UK\experts\oa_NLV3_Follower_05t.mq4;350:23;'strat_preiod_m' - variable not defined
2;75;C:\Program Files\MetaTrader - Alpari UK\experts\oa_NLV3_Follower_05t.mq4;351:4;'b_signal2_trading' - variable not defined
2;75;C:\Program Files\MetaTrader - Alpari UK\experts\oa_NLV3_Follower_05t.mq4;351:22;'b_signal2_trading_m' - variable not defined
2;75;C:\Program Files\MetaTrader - Alpari UK\experts\oa_NLV3_Follower_05t.mq4;352:4;'tradinghour_start' - variable not defined
2;75;C:\Program Files\MetaTrader - Alpari UK\experts\oa_NLV3_Follower_05t.mq4;352:23;'tradinghour_start_m' - variable not defined
2;75;C:\Program Files\MetaTrader - Alpari UK\experts\oa_NLV3_Follower_05t.mq4;353:4;'tradinghour_end' - variable not defined
2;75;C:\Program Files\MetaTrader - Alpari UK\experts\oa_NLV3_Follower_05t.mq4;353:23;'tradinghour_end_m' - variable not defined
2;75;C:\Program Files\MetaTrader - Alpari UK\experts\oa_NLV3_Follower_05t.mq4;354:4;'tradinghour' - variable not defined
2;75;C:\Program Files\MetaTrader - Alpari UK\experts\oa_NLV3_Follower_05t.mq4;354:23;'tradinghour_m' - variable not defined
2;75;C:\Program Files\MetaTrader - Alpari UK\experts\oa_NLV3_Follower_05t.mq4;355:4;'tradingfridaytill' - variable not defined
2;75;C:\Program Files\MetaTrader - Alpari UK\experts\oa_NLV3_Follower_05t.mq4;355:23;'tradingfridaytill_m' - variable not defined
2;75;C:\Program Files\MetaTrader - Alpari UK\experts\oa_NLV3_Follower_05t.mq4;356:4;'tradingdayoyearmax' - variable not defined
2;75;C:\Program Files\MetaTrader - Alpari UK\experts\oa_NLV3_Follower_05t.mq4;356:23;'tradingdayoyearmax_m' - variable not defined
2;75;C:\Program Files\MetaTrader - Alpari UK\experts\oa_NLV3_Follower_05t.mq4;358:23;'entry_type_m' - variable not defined
2;75;C:\Program Files\MetaTrader - Alpari UK\experts\oa_NLV3_Follower_05t.mq4;359:4;'entry_reverse' - variable not defined
2;75;C:\Program Files\MetaTrader - Alpari UK\experts\oa_NLV3_Follower_05t.mq4;359:23;'entry_reverse_m' - variable not defined
2;75;C:\Program Files\MetaTrader - Alpari UK\experts\oa_NLV3_Follower_05t.mq4;360:8;'test_entry_order_type' - variable not defined
2;75;C:\Program Files\MetaTrader - Alpari UK\experts\oa_NLV3_Follower_05t.mq4;360:38;'entry_ordertype' - variable not defined
2;75;C:\Program Files\MetaTrader - Alpari UK\experts\oa_NLV3_Follower_05t.mq4;360:57;'entry_ordertype_m' - variable not defined
2;75;C:\Program Files\MetaTrader - Alpari UK\experts\oa_NLV3_Follower_05t.mq4;361:8;'test_entry_order_type' - variable not defined
2;75;C:\Program Files\MetaTrader - Alpari UK\experts\oa_NLV3_Follower_05t.mq4;361:38;'entry_orderbridge' - variable not defined
2;75;C:\Program Files\MetaTrader - Alpari UK\experts\oa_NLV3_Follower_05t.mq4;361:57;'entry_orderbridge_m' - variable not defined
2;75;C:\Program Files\MetaTrader - Alpari UK\experts\oa_NLV3_Follower_05t.mq4;362:8;'test_entry_order_type' - variable not defined
2;75;C:\Program Files\MetaTrader - Alpari UK\experts\oa_NLV3_Follower_05t.mq4;362:38;'entry_expire' - variable not defined
2;75;C:\Program Files\MetaTrader - Alpari UK\experts\oa_NLV3_Follower_05t.mq4;362:57;'entry_expire_m' - variable not defined
2;75;C:\Program Files\MetaTrader - Alpari UK\experts\oa_NLV3_Follower_05t.mq4;364:4;'lots_equityperlot' - variable not defined
2;75;C:\Program Files\MetaTrader - Alpari UK\experts\oa_NLV3_Follower_05t.mq4;364:23;'lots_equityperlot_m' - variable not defined
2;75;C:\Program Files\MetaTrader - Alpari UK\experts\oa_NLV3_Follower_05t.mq4;365:4;'martingal' - variable not defined
2;75;C:\Program Files\MetaTrader - Alpari UK\experts\oa_NLV3_Follower_05t.mq4;365:23;'martingal_m' - variable not defined
2;75;C:\Program Files\MetaTrader - Alpari UK\experts\oa_NLV3_Follower_05t.mq4;366:4;'mult_martingal' - variable not defined
2;75;C:\Program Files\MetaTrader - Alpari UK\experts\oa_NLV3_Follower_05t.mq4;366:23;'mult_martingal_m' - variable not defined
2;75;C:\Program Files\MetaTrader - Alpari UK\experts\oa_NLV3_Follower_05t.mq4;368:8;'b_aggressive' - variable not defined
2;75;C:\Program Files\MetaTrader - Alpari UK\experts\oa_NLV3_Follower_05t.mq4;368:28;'lots_equityperlot' - variable not defined
2;75;C:\Program Files\MetaTrader - Alpari UK\experts\oa_NLV3_Follower_05t.mq4;368:47;'lots_equityperlot_ma' - variable not defined
2;75;C:\Program Files\MetaTrader - Alpari UK\experts\oa_NLV3_Follower_05t.mq4;371:4;'increase_lots' - variable not defined
2;75;C:\Program Files\MetaTrader - Alpari UK\experts\oa_NLV3_Follower_05t.mq4;371:29;'increase_lots_m' - variable not defined
2;75;C:\Program Files\MetaTrader - Alpari UK\experts\oa_NLV3_Follower_05t.mq4;372:4;'increase_for_every' - variable not defined
2;75;C:\Program Files\MetaTrader - Alpari UK\experts\oa_NLV3_Follower_05t.mq4;372:30;'increase_for_every_m' - variable not defined
2;75;C:\Program Files\MetaTrader - Alpari UK\experts\oa_NLV3_Follower_05t.mq4;373:4;'increase_percent' - variable not defined
2;75;C:\Program Files\MetaTrader - Alpari UK\experts\oa_NLV3_Follower_05t.mq4;373:29;'increase_percent_m' - variable not defined
2;75;C:\Program Files\MetaTrader - Alpari UK\experts\oa_NLV3_Follower_05t.mq4;375:29;'step_m' - variable not defined
2;75;C:\Program Files\MetaTrader - Alpari UK\experts\oa_NLV3_Follower_05t.mq4;376:29;'step_minute_m' - variable not defined
2;75;C:\Program Files\MetaTrader - Alpari UK\experts\oa_NLV3_Follower_05t.mq4;377:29;'step_max_nr_m' - variable not defined
2;75;C:\Program Files\MetaTrader - Alpari UK\experts\oa_NLV3_Follower_05t.mq4;378:4;'step_movegoal' - variable not defined
2;75;C:\Program Files\MetaTrader - Alpari UK\experts\oa_NLV3_Follower_05t.mq4;378:29;'step_movegoal_m' - variable not defined
2;75;C:\Program Files\MetaTrader - Alpari UK\experts\oa_NLV3_Follower_05t.mq4;379:29;'step_type_m' - variable not defined
2;75;C:\Program Files\MetaTrader - Alpari UK\experts\oa_NLV3_Follower_05t.mq4;381:29;'average_win_m' - variable not defined
2;75;C:\Program Files\MetaTrader - Alpari UK\experts\oa_NLV3_Follower_05t.mq4;382:29;'tp_m' - variable not defined
2;75;C:\Program Files\MetaTrader - Alpari UK\experts\oa_NLV3_Follower_05t.mq4;383:29;'tp_price_m' - variable not defined
2;75;C:\Program Files\MetaTrader - Alpari UK\experts\oa_NLV3_Follower_05t.mq4;385:4;'b_letprofitrun' - variable not defined
2;75;C:\Program Files\MetaTrader - Alpari UK\experts\oa_NLV3_Follower_05t.mq4;385:29;'b_letprofitrun_m' - variable not defined
2;75;C:\Program Files\MetaTrader - Alpari UK\experts\oa_NLV3_Follower_05t.mq4;386:4;'fallbackpip_min' - variable not defined
2;75;C:\Program Files\MetaTrader - Alpari UK\experts\oa_NLV3_Follower_05t.mq4;386:29;'fallbackpip_min_m' - variable not defined
2;75;C:\Program Files\MetaTrader - Alpari UK\experts\oa_NLV3_Follower_05t.mq4;387:4;'fallbackpip_max' - variable not defined
2;75;C:\Program Files\MetaTrader - Alpari UK\experts\oa_NLV3_Follower_05t.mq4;387:29;'fallbackpip_max_m' - variable not defined
2;75;C:\Program Files\MetaTrader - Alpari UK\experts\oa_NLV3_Follower_05t.mq4;388:4;'fallbackpercent_max' - variable not defined
2;75;C:\Program Files\MetaTrader - Alpari UK\experts\oa_NLV3_Follower_05t.mq4;388:29;'fallbackpercent_max_m' - variable not defined
2;75;C:\Program Files\MetaTrader - Alpari UK\experts\oa_NLV3_Follower_05t.mq4;390:29;'max_loss_percent_m' - variable not defined
2;75;C:\Program Files\MetaTrader - Alpari UK\experts\oa_NLV3_Follower_05t.mq4;391:29;'sl_m' - variable not defined
2;75;C:\Program Files\MetaTrader - Alpari UK\experts\oa_NLV3_Follower_05t.mq4;392:29;'sl_price_m' - variable not defined
2;75;C:\Program Files\MetaTrader - Alpari UK\experts\oa_NLV3_Follower_05t.mq4;393:29;'sl_step_m' - variable not defined
2;75;C:\Program Files\MetaTrader - Alpari UK\experts\oa_NLV3_Follower_05t.mq4;394:4;'sl_step_first' - variable not defined
2;75;C:\Program Files\MetaTrader - Alpari UK\experts\oa_NLV3_Follower_05t.mq4;394:29;'sl_step_first_m' - variable not defined
2;75;C:\Program Files\MetaTrader - Alpari UK\experts\oa_NLV3_Follower_05t.mq4;395:29;'trailingstop_m' - variable not defined
2;75;C:\Program Files\MetaTrader - Alpari UK\experts\oa_NLV3_Follower_05t.mq4;396:29;'trailingstop_after_nr_m' - variable not defined
2;75;C:\Program Files\MetaTrader - Alpari UK\experts\oa_NLV3_Follower_05t.mq4;398:32;'stop_after_hour_m' - variable not defined
2;75;C:\Program Files\MetaTrader - Alpari UK\experts\oa_NLV3_Follower_05t.mq4;399:32;'stop_after_hour_minprofit_m' - variable not defined
2;75;C:\Program Files\MetaTrader - Alpari UK\experts\oa_NLV3_Follower_05t.mq4;400:32;'stop_after_hour_minloss_m' - variable not defined
2;75;C:\Program Files\MetaTrader - Alpari UK\experts\oa_NLV3_Follower_05t.mq4;401:32;'stop_after_hour2_m' - variable not defined
2;75;C:\Program Files\MetaTrader - Alpari UK\experts\oa_NLV3_Follower_05t.mq4;402:32;'stop_after_hour_minprofit2_m' - variable not defined
2;75;C:\Program Files\MetaTrader - Alpari UK\experts\oa_NLV3_Follower_05t.mq4;403:31;'stop_after_hour_minloss2_m' - variable not defined
2;75;C:\Program Files\MetaTrader - Alpari UK\experts\oa_NLV3_Follower_05t.mq4;405:4;'signal_atr_max' - variable not defined
2;75;C:\Program Files\MetaTrader - Alpari UK\experts\oa_NLV3_Follower_05t.mq4;405:23;'signal_atr_max_m' - variable not defined
2;75;C:\Program Files\MetaTrader - Alpari UK\experts\oa_NLV3_Follower_05t.mq4;406:4;'signal_atr_min' - variable not defined
2;75;C:\Program Files\MetaTrader - Alpari UK\experts\oa_NLV3_Follower_05t.mq4;406:23;'signal_atr_min_m' - variable not defined
2;75;C:\Program Files\MetaTrader - Alpari UK\experts\oa_NLV3_Follower_05t.mq4;407:4;'atr_preiod' - variable not defined
2;75;C:\Program Files\MetaTrader - Alpari UK\experts\oa_NLV3_Follower_05t.mq4;407:23;'atr_preiod_m' - variable not defined
2;75;C:\Program Files\MetaTrader - Alpari UK\experts\oa_NLV3_Follower_05t.mq4;409:4;'signal_adx_limit' - variable not defined
2;75;C:\Program Files\MetaTrader - Alpari UK\experts\oa_NLV3_Follower_05t.mq4;409:23;'signal_adx_limit_m' - variable not defined
2;75;C:\Program Files\MetaTrader - Alpari UK\experts\oa_NLV3_Follower_05t.mq4;410:4;'signal_adx_max' - variable not defined
2;75;C:\Program Files\MetaTrader - Alpari UK\experts\oa_NLV3_Follower_05t.mq4;410:23;'signal_adx_max_m' - variable not defined
2;75;C:\Program Files\MetaTrader - Alpari UK\experts\oa_NLV3_Follower_05t.mq4;411:4;'adx_preiod' - variable not defined
2;75;C:\Program Files\MetaTrader - Alpari UK\experts\oa_NLV3_Follower_05t.mq4;411:23;'adx_preiod_m' - variable not defined
2;75;C:\Program Files\MetaTrader - Alpari UK\experts\oa_NLV3_Follower_05t.mq4;412:4;'signal_adx_limit2' - variable not defined
2;75;C:\Program Files\MetaTrader - Alpari UK\experts\oa_NLV3_Follower_05t.mq4;412:23;'signal_adx_limit2_m' - variable not defined
2;75;C:\Program Files\MetaTrader - Alpari UK\experts\oa_NLV3_Follower_05t.mq4;413:4;'adx_preiod2' - variable not defined
2;75;C:\Program Files\MetaTrader - Alpari UK\experts\oa_NLV3_Follower_05t.mq4;413:23;'adx_preiod2_m' - variable not defined
2;75;C:\Program Files\MetaTrader - Alpari UK\experts\oa_NLV3_Follower_05t.mq4;414:4;'signal_stoch_down' - variable not defined
2;75;C:\Program Files\MetaTrader - Alpari UK\experts\oa_NLV3_Follower_05t.mq4;414:23;'signal_stoch_limit_m' - variable not defined
2;75;C:\Program Files\MetaTrader - Alpari UK\experts\oa_NLV3_Follower_05t.mq4;415:4;'stoch_preiod' - variable not defined
2;75;C:\Program Files\MetaTrader - Alpari UK\experts\oa_NLV3_Follower_05t.mq4;415:23;'adx_stoch_m' - variable not defined
2;75;C:\Program Files\MetaTrader - Alpari UK\experts\oa_NLV3_Follower_05t.mq4;416:4;'rsi_limit_down' - variable not defined
2;75;C:\Program Files\MetaTrader - Alpari UK\experts\oa_NLV3_Follower_05t.mq4;416:23;'rsi_limit_down_m' - variable not defined
2;75;C:\Program Files\MetaTrader - Alpari UK\experts\oa_NLV3_Follower_05t.mq4;417:4;'rsi_min_down' - variable not defined
2;75;C:\Program Files\MetaTrader - Alpari UK\experts\oa_NLV3_Follower_05t.mq4;417:23;'rsi_limit_min_m' - variable not defined
2;75;C:\Program Files\MetaTrader - Alpari UK\experts\oa_NLV3_Follower_05t.mq4;418:4;'rsi_period' - variable not defined
2;75;C:\Program Files\MetaTrader - Alpari UK\experts\oa_NLV3_Follower_05t.mq4;418:23;'rsi_period_m' - variable not defined
2;75;C:\Program Files\MetaTrader - Alpari UK\experts\oa_NLV3_Follower_05t.mq4;419:4;'bool_dev' - variable not defined
2;75;C:\Program Files\MetaTrader - Alpari UK\experts\oa_NLV3_Follower_05t.mq4;419:23;'bool_dev_m' - variable not defined
2;75;C:\Program Files\MetaTrader - Alpari UK\experts\oa_NLV3_Follower_05t.mq4;420:4;'bool_preiod' - variable not defined
2;75;C:\Program Files\MetaTrader - Alpari UK\experts\oa_NLV3_Follower_05t.mq4;420:23;'bool_preiod_m' - variable not defined
2;75;C:\Program Files\MetaTrader - Alpari UK\experts\oa_NLV3_Follower_05t.mq4;422:4;'stepmin1' - variable not defined
2;75;C:\Program Files\MetaTrader - Alpari UK\experts\oa_NLV3_Follower_05t.mq4;422:17;'stepmin1_m' - variable not defined
2;75;C:\Program Files\MetaTrader - Alpari UK\experts\oa_NLV3_Follower_05t.mq4;423:4;'steppip1' - variable not defined
2;75;C:\Program Files\MetaTrader - Alpari UK\experts\oa_NLV3_Follower_05t.mq4;423:17;'steppip1_m' - variable not defined
2;75;C:\Program Files\MetaTrader - Alpari UK\experts\oa_NLV3_Follower_05t.mq4;424:4;'stepmin2' - variable not defined
2;75;C:\Program Files\MetaTrader - Alpari UK\experts\oa_NLV3_Follower_05t.mq4;424:17;'stepmin2_m' - variable not defined
2;75;C:\Program Files\MetaTrader - Alpari UK\experts\oa_NLV3_Follower_05t.mq4;425:4;'steppip2' - variable not defined
2;75;C:\Program Files\MetaTrader - Alpari UK\experts\oa_NLV3_Follower_05t.mq4;425:17;'steppip2_m' - variable not defined
2;75;C:\Program Files\MetaTrader - Alpari UK\experts\oa_NLV3_Follower_05t.mq4;426:4;'stepmin3' - variable not defined
2;75;C:\Program Files\MetaTrader - Alpari UK\experts\oa_NLV3_Follower_05t.mq4;426:17;'stepmin3_m' - variable not defined
2;75;C:\Program Files\MetaTrader - Alpari UK\experts\oa_NLV3_Follower_05t.mq4;427:4;'steppip3' - variable not defined
2;75;C:\Program Files\MetaTrader - Alpari UK\experts\oa_NLV3_Follower_05t.mq4;427:17;'steppip3_m' - variable not defined
2;75;C:\Program Files\MetaTrader - Alpari UK\experts\oa_NLV3_Follower_05t.mq4;429:4;'delayminutes' - variable not defined
2;75;C:\Program Files\MetaTrader - Alpari UK\experts\oa_NLV3_Follower_05t.mq4;429:22;'delayminutes_m' - variable not defined
2;75;C:\Program Files\MetaTrader - Alpari UK\experts\oa_NLV3_Follower_05t.mq4;438:14;'test_entry_order_type' - variable not defined
2;75;C:\Program Files\MetaTrader - Alpari UK\experts\oa_NLV3_Follower_05t.mq4;438:44;'entry_orderbridge' - variable not defined
2;75;C:\Program Files\MetaTrader - Alpari UK\experts\oa_NLV3_Follower_05t.mq4;440:10;'step_movegoal' - variable not defined
2;75;C:\Program Files\MetaTrader - Alpari UK\experts\oa_NLV3_Follower_05t.mq4;442:10;'fallbackpip_min' - variable not defined
2;75;C:\Program Files\MetaTrader - Alpari UK\experts\oa_NLV3_Follower_05t.mq4;443:10;'fallbackpip_max' - variable not defined
2;75;C:\Program Files\MetaTrader - Alpari UK\experts\oa_NLV3_Follower_05t.mq4;451:10;'signal_atr_max' - variable not defined
2;75;C:\Program Files\MetaTrader - Alpari UK\experts\oa_NLV3_Follower_05t.mq4;452:10;'signal_atr_min' - variable not defined
2;75;C:\Program Files\MetaTrader - Alpari UK\experts\oa_NLV3_Follower_05t.mq4;453:10;'steppip1' - variable not defined
2;75;C:\Program Files\MetaTrader - Alpari UK\experts\oa_NLV3_Follower_05t.mq4;453:24;'steppip2' - variable not defined
2;75;C:\Program Files\MetaTrader - Alpari UK\experts\oa_NLV3_Follower_05t.mq4;453:38;'steppip3' - variable not defined
