2;75;C:\Program Files\MetaTrader - Alpari UK\experts\oa_NLV3_Core_12t09IN.mq4;263:12;'b_fivedigitbroker' - variable not defined
2;75;C:\Program Files\MetaTrader - Alpari UK\experts\oa_NLV3_Core_12t09IN.mq4;263:37;'maxspread' - variable not defined
2;75;C:\Program Files\MetaTrader - Alpari UK\experts\oa_NLV3_Core_12t09IN.mq4;264:12;'b_fivedigitbroker' - variable not defined
2;75;C:\Program Files\MetaTrader - Alpari UK\experts\oa_NLV3_Core_12t09IN.mq4;264:69;'entry_orderbridge' - variable not defined
2;75;C:\Program Files\MetaTrader - Alpari UK\experts\oa_NLV3_Core_12t09IN.mq4;268:19;'program_name' - variable not defined
2;75;C:\Program Files\MetaTrader - Alpari UK\experts\oa_NLV3_Core_12t09IN.mq4;277:11;'b_run_multistrat' - variable not defined
2;75;C:\Program Files\MetaTrader - Alpari UK\experts\oa_NLV3_Core_12t09IN.mq4;277:37;'strat_symbol' - variable not defined
2;75;C:\Program Files\MetaTrader - Alpari UK\experts\oa_NLV3_Core_12t09IN.mq4;278:7;'strat_run' - variable not defined
2;75;C:\Program Files\MetaTrader - Alpari UK\experts\oa_NLV3_Core_12t09IN.mq4;278:20;'strat_1' - variable not defined
2;75;C:\Program Files\MetaTrader - Alpari UK\experts\oa_NLV3_Core_12t09IN.mq4;279:7;'strat_run' - variable not defined
2;75;C:\Program Files\MetaTrader - Alpari UK\experts\oa_NLV3_Core_12t09IN.mq4;279:20;'strat_2' - variable not defined
2;75;C:\Program Files\MetaTrader - Alpari UK\experts\oa_NLV3_Core_12t09IN.mq4;280:7;'strat_run' - variable not defined
2;75;C:\Program Files\MetaTrader - Alpari UK\experts\oa_NLV3_Core_12t09IN.mq4;280:20;'strat_3' - variable not defined
2;75;C:\Program Files\MetaTrader - Alpari UK\experts\oa_NLV3_Core_12t09IN.mq4;281:7;'strat_run' - variable not defined
2;75;C:\Program Files\MetaTrader - Alpari UK\experts\oa_NLV3_Core_12t09IN.mq4;281:20;'strat_4' - variable not defined
2;75;C:\Program Files\MetaTrader - Alpari UK\experts\oa_NLV3_Core_12t09IN.mq4;282:7;'strat_run' - variable not defined
2;75;C:\Program Files\MetaTrader - Alpari UK\experts\oa_NLV3_Core_12t09IN.mq4;282:20;'strat_5' - variable not defined
2;75;C:\Program Files\MetaTrader - Alpari UK\experts\oa_NLV3_Core_12t09IN.mq4;283:7;'strat_run' - variable not defined
2;75;C:\Program Files\MetaTrader - Alpari UK\experts\oa_NLV3_Core_12t09IN.mq4;283:20;'strat_6' - variable not defined
2;75;C:\Program Files\MetaTrader - Alpari UK\experts\oa_NLV3_Core_12t09IN.mq4;284:7;'strat_run' - variable not defined
2;75;C:\Program Files\MetaTrader - Alpari UK\experts\oa_NLV3_Core_12t09IN.mq4;284:20;'strat_7' - variable not defined
2;75;C:\Program Files\MetaTrader - Alpari UK\experts\oa_NLV3_Core_12t09IN.mq4;285:11;'test_strategies_to' - variable not defined
2;75;C:\Program Files\MetaTrader - Alpari UK\experts\oa_NLV3_Core_12t09IN.mq4;285:65;'test_strategies_to' - variable not defined
2;75;C:\Program Files\MetaTrader - Alpari UK\experts\oa_NLV3_Core_12t09IN.mq4;285:85;'strat_run' - variable not defined
2;75;C:\Program Files\MetaTrader - Alpari UK\experts\oa_NLV3_Core_12t09IN.mq4;285:111;'strat_run' - variable not defined
2;75;C:\Program Files\MetaTrader - Alpari UK\experts\oa_NLV3_Core_12t09IN.mq4;287:11;'money_management' - variable not defined
2;75;C:\Program Files\MetaTrader - Alpari UK\experts\oa_NLV3_Core_12t09IN.mq4;287:35;'lots' - variable not defined
2;75;C:\Program Files\MetaTrader - Alpari UK\experts\oa_NLV3_Core_12t09IN.mq4;287:73;'hidden_equity' - variable not defined
2;75;C:\Program Files\MetaTrader - Alpari UK\experts\oa_NLV3_Core_12t09IN.mq4;287:88;'lots_equityperlot' - variable not defined
2;75;C:\Program Files\MetaTrader - Alpari UK\experts\oa_NLV3_Core_12t09IN.mq4;287:106;'lots_multipliyer' - variable not defined
2;75;C:\Program Files\MetaTrader - Alpari UK\experts\oa_NLV3_Core_12t09IN.mq4;287:133;'lots' - variable not defined
2;75;C:\Program Files\MetaTrader - Alpari UK\experts\oa_NLV3_Core_12t09IN.mq4;295:31;'strat_period' - variable not defined
2;75;C:\Program Files\MetaTrader - Alpari UK\experts\oa_NLV3_Core_12t09IN.mq4;295:51;'entry_type' - variable not defined
2;75;C:\Program Files\MetaTrader - Alpari UK\experts\oa_NLV3_Core_12t09IN.mq4;295:65;'entry_ordertype' - variable not defined
2;75;C:\Program Files\MetaTrader - Alpari UK\experts\oa_NLV3_Core_12t09IN.mq4;306:37;'strat_symbol' - variable not defined
2;75;C:\Program Files\MetaTrader - Alpari UK\experts\oa_NLV3_Core_12t09IN.mq4;309:28;'b_run_multistrat' - variable not defined
2;75;C:\Program Files\MetaTrader - Alpari UK\experts\oa_NLV3_Core_12t09IN.mq4;311:37;'entry_ordertype' - variable not defined
2;75;C:\Program Files\MetaTrader - Alpari UK\experts\oa_NLV3_Core_12t09IN.mq4;313:28;'b_run_multistrat' - variable not defined
2;75;C:\Program Files\MetaTrader - Alpari UK\experts\oa_NLV3_Core_12t09IN.mq4;314:26;'strat_nr' - variable not defined
2;75;C:\Program Files\MetaTrader - Alpari UK\experts\oa_NLV3_Core_12t09IN.mq4;315:17;'strat_run' - variable not defined
2;75;C:\Program Files\MetaTrader - Alpari UK\experts\oa_NLV3_Core_12t09IN.mq4;319:43;'entry_ordertype' - variable not defined
2;75;C:\Program Files\MetaTrader - Alpari UK\experts\oa_NLV3_Core_12t09IN.mq4;331:14;'trailingstop_after_nr' - variable not defined
2;75;C:\Program Files\MetaTrader - Alpari UK\experts\oa_NLV3_Core_12t09IN.mq4;331:73;'trailingstop_after_nr' - variable not defined
2;75;C:\Program Files\MetaTrader - Alpari UK\experts\oa_NLV3_Core_12t09IN.mq4;343:13;'tradinghour_start' - variable not defined
2;75;C:\Program Files\MetaTrader - Alpari UK\experts\oa_NLV3_Core_12t09IN.mq4;343:31;'tradinghour_end' - variable not defined
2;75;C:\Program Files\MetaTrader - Alpari UK\experts\oa_NLV3_Core_12t09IN.mq4;343:75;'tradinghour_start' - variable not defined
2;75;C:\Program Files\MetaTrader - Alpari UK\experts\oa_NLV3_Core_12t09IN.mq4;343:121;'tradinghour_end' - variable not defined
2;75;C:\Program Files\MetaTrader - Alpari UK\experts\oa_NLV3_Core_12t09IN.mq4;344:26;'tradinghour_end' - variable not defined
2;75;C:\Program Files\MetaTrader - Alpari UK\experts\oa_NLV3_Core_12t09IN.mq4;344:43;'tradinghour_start' - variable not defined
2;75;C:\Program Files\MetaTrader - Alpari UK\experts\oa_NLV3_Core_12t09IN.mq4;344:89;'tradinghour_start' - variable not defined
2;75;C:\Program Files\MetaTrader - Alpari UK\experts\oa_NLV3_Core_12t09IN.mq4;344:135;'tradinghour_end' - variable not defined
2;75;C:\Program Files\MetaTrader - Alpari UK\experts\oa_NLV3_Core_12t09IN.mq4;345:16;'tradinghour' - variable not defined
2;75;C:\Program Files\MetaTrader - Alpari UK\experts\oa_NLV3_Core_12t09IN.mq4;345:31;'tradinghour' - variable not defined
2;75;C:\Program Files\MetaTrader - Alpari UK\experts\oa_NLV3_Core_12t09IN.mq4;346:20;'tradingdayoyearmax' - variable not defined
2;75;C:\Program Files\MetaTrader - Alpari UK\experts\oa_NLV3_Core_12t09IN.mq4;347:34;'tradingfridaytill' - variable not defined
2;75;C:\Program Files\MetaTrader - Alpari UK\experts\oa_NLV3_Core_12t09IN.mq4;349:8;'strat_period' - variable not defined
2;75;C:\Program Files\MetaTrader - Alpari UK\experts\oa_NLV3_Core_12t09IN.mq4;349:25;'strat_period' - variable not defined
2;75;C:\Program Files\MetaTrader - Alpari UK\experts\oa_NLV3_Core_12t09IN.mq4;351:49;'delayminutes' - variable not defined
2;75;C:\Program Files\MetaTrader - Alpari UK\experts\oa_NLV3_Core_12t09IN.mq4;351:93;'delayminutesafterclose' - variable not defined
2;75;C:\Program Files\MetaTrader - Alpari UK\experts\oa_NLV3_Core_12t09IN.mq4;351:146;'delayminutesafterloss' - variable not defined
2;75;C:\Program Files\MetaTrader - Alpari UK\experts\oa_NLV3_Core_12t09IN.mq4;352:30;'strat_period' - variable not defined
2;75;C:\Program Files\MetaTrader - Alpari UK\experts\oa_NLV3_Core_12t09IN.mq4;352:43;'adx_preiod' - variable not defined
2;75;C:\Program Files\MetaTrader - Alpari UK\experts\oa_NLV3_Core_12t09IN.mq4;352:82;'signal_adx_limit' - variable not defined
2;75;C:\Program Files\MetaTrader - Alpari UK\experts\oa_NLV3_Core_12t09IN.mq4;353:30;'strat_period' - variable not defined
2;75;C:\Program Files\MetaTrader - Alpari UK\experts\oa_NLV3_Core_12t09IN.mq4;353:43;'adx_preiod' - variable not defined
2;75;C:\Program Files\MetaTrader - Alpari UK\experts\oa_NLV3_Core_12t09IN.mq4;353:82;'signal_adx_max' - variable not defined
2;75;C:\Program Files\MetaTrader - Alpari UK\experts\oa_NLV3_Core_12t09IN.mq4;354:30;'strat_period' - variable not defined
2;75;C:\Program Files\MetaTrader - Alpari UK\experts\oa_NLV3_Core_12t09IN.mq4;354:43;'adx_preiod2' - variable not defined
2;75;C:\Program Files\MetaTrader - Alpari UK\experts\oa_NLV3_Core_12t09IN.mq4;354:82;'signal_adx_limit2' - variable not defined
2;75;C:\Program Files\MetaTrader - Alpari UK\experts\oa_NLV3_Core_12t09IN.mq4;355:30;'strat_period' - variable not defined
2;75;C:\Program Files\MetaTrader - Alpari UK\experts\oa_NLV3_Core_12t09IN.mq4;355:43;'atr_preiod' - variable not defined
2;75;C:\Program Files\MetaTrader - Alpari UK\experts\oa_NLV3_Core_12t09IN.mq4;355:58;'signal_atr_min' - variable not defined
2;75;C:\Program Files\MetaTrader - Alpari UK\experts\oa_NLV3_Core_12t09IN.mq4;356:30;'strat_period' - variable not defined
2;75;C:\Program Files\MetaTrader - Alpari UK\experts\oa_NLV3_Core_12t09IN.mq4;356:43;'atr_preiod' - variable not defined
2;75;C:\Program Files\MetaTrader - Alpari UK\experts\oa_NLV3_Core_12t09IN.mq4;356:58;'signal_atr_max' - variable not defined
2;75;C:\Program Files\MetaTrader - Alpari UK\experts\oa_NLV3_Core_12t09IN.mq4;358:20;'bool_dev' - variable not defined
2;75;C:\Program Files\MetaTrader - Alpari UK\experts\oa_NLV3_Core_12t09IN.mq4;358:61;'strat_period' - variable not defined
2;75;C:\Program Files\MetaTrader - Alpari UK\experts\oa_NLV3_Core_12t09IN.mq4;358:74;'bool_preiod' - variable not defined
2;75;C:\Program Files\MetaTrader - Alpari UK\experts\oa_NLV3_Core_12t09IN.mq4;358:86;'bool_dev' - variable not defined
2;75;C:\Program Files\MetaTrader - Alpari UK\experts\oa_NLV3_Core_12t09IN.mq4;361:22;'rsi_period' - variable not defined
2;75;C:\Program Files\MetaTrader - Alpari UK\experts\oa_NLV3_Core_12t09IN.mq4;361:53;'strat_period' - variable not defined
2;75;C:\Program Files\MetaTrader - Alpari UK\experts\oa_NLV3_Core_12t09IN.mq4;361:66;'rsi_period' - variable not defined
2;75;C:\Program Files\MetaTrader - Alpari UK\experts\oa_NLV3_Core_12t09IN.mq4;361:99;'rsi_limit_down' - variable not defined
2;75;C:\Program Files\MetaTrader - Alpari UK\experts\oa_NLV3_Core_12t09IN.mq4;362:22;'rsi_period' - variable not defined
2;75;C:\Program Files\MetaTrader - Alpari UK\experts\oa_NLV3_Core_12t09IN.mq4;362:53;'strat_period' - variable not defined
2;75;C:\Program Files\MetaTrader - Alpari UK\experts\oa_NLV3_Core_12t09IN.mq4;362:66;'rsi_period' - variable not defined
2;75;C:\Program Files\MetaTrader - Alpari UK\experts\oa_NLV3_Core_12t09IN.mq4;362:99;'rsi_min_down' - variable not defined
2;75;C:\Program Files\MetaTrader - Alpari UK\experts\oa_NLV3_Core_12t09IN.mq4;363:22;'stoch_preiod' - variable not defined
2;75;C:\Program Files\MetaTrader - Alpari UK\experts\oa_NLV3_Core_12t09IN.mq4;363:63;'strat_period' - variable not defined
2;75;C:\Program Files\MetaTrader - Alpari UK\experts\oa_NLV3_Core_12t09IN.mq4;363:115;'signal_stoch_down' - variable not defined
2;75;C:\Program Files\MetaTrader - Alpari UK\experts\oa_NLV3_Core_12t09IN.mq4;364:22;'stepmin1' - variable not defined
2;75;C:\Program Files\MetaTrader - Alpari UK\experts\oa_NLV3_Core_12t09IN.mq4;364:38;'steppip1' - variable not defined
2;75;C:\Program Files\MetaTrader - Alpari UK\experts\oa_NLV3_Core_12t09IN.mq4;364:68;'stepmin1' - variable not defined
2;75;C:\Program Files\MetaTrader - Alpari UK\experts\oa_NLV3_Core_12t09IN.mq4;364:78;'steppip1' - variable not defined
2;75;C:\Program Files\MetaTrader - Alpari UK\experts\oa_NLV3_Core_12t09IN.mq4;364:98;'steppip1' - variable not defined
2;75;C:\Program Files\MetaTrader - Alpari UK\experts\oa_NLV3_Core_12t09IN.mq4;364:128;'stepmin1' - variable not defined
2;75;C:\Program Files\MetaTrader - Alpari UK\experts\oa_NLV3_Core_12t09IN.mq4;364:138;'steppip1' - variable not defined
2;75;C:\Program Files\MetaTrader - Alpari UK\experts\oa_NLV3_Core_12t09IN.mq4;365:22;'stepmin2' - variable not defined
2;75;C:\Program Files\MetaTrader - Alpari UK\experts\oa_NLV3_Core_12t09IN.mq4;365:38;'steppip2' - variable not defined
2;75;C:\Program Files\MetaTrader - Alpari UK\experts\oa_NLV3_Core_12t09IN.mq4;365:68;'stepmin2' - variable not defined
2;75;C:\Program Files\MetaTrader - Alpari UK\experts\oa_NLV3_Core_12t09IN.mq4;365:78;'steppip2' - variable not defined
2;75;C:\Program Files\MetaTrader - Alpari UK\experts\oa_NLV3_Core_12t09IN.mq4;365:98;'steppip2' - variable not defined
2;75;C:\Program Files\MetaTrader - Alpari UK\experts\oa_NLV3_Core_12t09IN.mq4;365:128;'stepmin2' - variable not defined
2;75;C:\Program Files\MetaTrader - Alpari UK\experts\oa_NLV3_Core_12t09IN.mq4;365:138;'steppip2' - variable not defined
2;75;C:\Program Files\MetaTrader - Alpari UK\experts\oa_NLV3_Core_12t09IN.mq4;366:22;'stepmin3' - variable not defined
2;75;C:\Program Files\MetaTrader - Alpari UK\experts\oa_NLV3_Core_12t09IN.mq4;366:38;'steppip3' - variable not defined
2;75;C:\Program Files\MetaTrader - Alpari UK\experts\oa_NLV3_Core_12t09IN.mq4;366:68;'stepmin3' - variable not defined
2;75;C:\Program Files\MetaTrader - Alpari UK\experts\oa_NLV3_Core_12t09IN.mq4;366:78;'steppip3' - variable not defined
2;75;C:\Program Files\MetaTrader - Alpari UK\experts\oa_NLV3_Core_12t09IN.mq4;366:98;'steppip3' - variable not defined
2;75;C:\Program Files\MetaTrader - Alpari UK\experts\oa_NLV3_Core_12t09IN.mq4;366:128;'stepmin3' - variable not defined
2;75;C:\Program Files\MetaTrader - Alpari UK\experts\oa_NLV3_Core_12t09IN.mq4;366:138;'steppip3' - variable not defined
2;75;C:\Program Files\MetaTrader - Alpari UK\experts\oa_NLV3_Core_12t09IN.mq4;368:31;'entry_reverse' - variable not defined
2;75;C:\Program Files\MetaTrader - Alpari UK\experts\oa_NLV3_Core_12t09IN.mq4;368:45;'ult_reverse' - variable not defined
2;75;C:\Program Files\MetaTrader - Alpari UK\experts\oa_NLV3_Core_12t09IN.mq4;370:20;'bool_dev' - variable not defined
2;75;C:\Program Files\MetaTrader - Alpari UK\experts\oa_NLV3_Core_12t09IN.mq4;370:61;'strat_period' - variable not defined
2;75;C:\Program Files\MetaTrader - Alpari UK\experts\oa_NLV3_Core_12t09IN.mq4;370:74;'bool_preiod' - variable not defined
2;75;C:\Program Files\MetaTrader - Alpari UK\experts\oa_NLV3_Core_12t09IN.mq4;370:86;'bool_dev' - variable not defined
2;75;C:\Program Files\MetaTrader - Alpari UK\experts\oa_NLV3_Core_12t09IN.mq4;373:22;'rsi_period' - variable not defined
2;75;C:\Program Files\MetaTrader - Alpari UK\experts\oa_NLV3_Core_12t09IN.mq4;373:53;'strat_period' - variable not defined
2;75;C:\Program Files\MetaTrader - Alpari UK\experts\oa_NLV3_Core_12t09IN.mq4;373:66;'rsi_period' - variable not defined
2;75;C:\Program Files\MetaTrader - Alpari UK\experts\oa_NLV3_Core_12t09IN.mq4;373:93;'rsi_limit_down' - variable not defined
2;75;C:\Program Files\MetaTrader - Alpari UK\experts\oa_NLV3_Core_12t09IN.mq4;374:22;'rsi_period' - variable not defined
2;75;C:\Program Files\MetaTrader - Alpari UK\experts\oa_NLV3_Core_12t09IN.mq4;374:53;'strat_period' - variable not defined
2;75;C:\Program Files\MetaTrader - Alpari UK\experts\oa_NLV3_Core_12t09IN.mq4;374:66;'rsi_period' - variable not defined
2;75;C:\Program Files\MetaTrader - Alpari UK\experts\oa_NLV3_Core_12t09IN.mq4;374:93;'rsi_min_down' - variable not defined
2;75;C:\Program Files\MetaTrader - Alpari UK\experts\oa_NLV3_Core_12t09IN.mq4;375:22;'stoch_preiod' - variable not defined
2;75;C:\Program Files\MetaTrader - Alpari UK\experts\oa_NLV3_Core_12t09IN.mq4;375:63;'strat_period' - variable not defined
2;75;C:\Program Files\MetaTrader - Alpari UK\experts\oa_NLV3_Core_12t09IN.mq4;375:109;'signal_stoch_down' - variable not defined
2;75;C:\Program Files\MetaTrader - Alpari UK\experts\oa_NLV3_Core_12t09IN.mq4;376:22;'steppip1' - variable not defined
2;75;C:\Program Files\MetaTrader - Alpari UK\experts\oa_NLV3_Core_12t09IN.mq4;376:38;'steppip1' - variable not defined
2;75;C:\Program Files\MetaTrader - Alpari UK\experts\oa_NLV3_Core_12t09IN.mq4;376:68;'stepmin1' - variable not defined
2;75;C:\Program Files\MetaTrader - Alpari UK\experts\oa_NLV3_Core_12t09IN.mq4;376:78;'steppip1' - variable not defined
2;75;C:\Program Files\MetaTrader - Alpari UK\experts\oa_NLV3_Core_12t09IN.mq4;376:98;'steppip1' - variable not defined
2;75;C:\Program Files\MetaTrader - Alpari UK\experts\oa_NLV3_Core_12t09IN.mq4;376:128;'stepmin1' - variable not defined
2;75;C:\Program Files\MetaTrader - Alpari UK\experts\oa_NLV3_Core_12t09IN.mq4;376:138;'steppip1' - variable not defined
2;75;C:\Program Files\MetaTrader - Alpari UK\experts\oa_NLV3_Core_12t09IN.mq4;377:22;'steppip2' - variable not defined
2;75;C:\Program Files\MetaTrader - Alpari UK\experts\oa_NLV3_Core_12t09IN.mq4;377:38;'steppip2' - variable not defined
2;75;C:\Program Files\MetaTrader - Alpari UK\experts\oa_NLV3_Core_12t09IN.mq4;377:68;'stepmin2' - variable not defined
2;75;C:\Program Files\MetaTrader - Alpari UK\experts\oa_NLV3_Core_12t09IN.mq4;377:78;'steppip2' - variable not defined
2;75;C:\Program Files\MetaTrader - Alpari UK\experts\oa_NLV3_Core_12t09IN.mq4;377:98;'steppip2' - variable not defined
2;75;C:\Program Files\MetaTrader - Alpari UK\experts\oa_NLV3_Core_12t09IN.mq4;377:128;'stepmin2' - variable not defined
2;75;C:\Program Files\MetaTrader - Alpari UK\experts\oa_NLV3_Core_12t09IN.mq4;377:138;'steppip2' - variable not defined
2;75;C:\Program Files\MetaTrader - Alpari UK\experts\oa_NLV3_Core_12t09IN.mq4;378:22;'steppip3' - variable not defined
2;75;C:\Program Files\MetaTrader - Alpari UK\experts\oa_NLV3_Core_12t09IN.mq4;378:38;'steppip3' - variable not defined
2;75;C:\Program Files\MetaTrader - Alpari UK\experts\oa_NLV3_Core_12t09IN.mq4;378:68;'stepmin3' - variable not defined
2;75;C:\Program Files\MetaTrader - Alpari UK\experts\oa_NLV3_Core_12t09IN.mq4;378:78;'steppip3' - variable not defined
2;75;C:\Program Files\MetaTrader - Alpari UK\experts\oa_NLV3_Core_12t09IN.mq4;378:98;'steppip3' - variable not defined
2;75;C:\Program Files\MetaTrader - Alpari UK\experts\oa_NLV3_Core_12t09IN.mq4;378:128;'stepmin3' - variable not defined
2;75;C:\Program Files\MetaTrader - Alpari UK\experts\oa_NLV3_Core_12t09IN.mq4;378:138;'steppip3' - variable not defined
2;75;C:\Program Files\MetaTrader - Alpari UK\experts\oa_NLV3_Core_12t09IN.mq4;380:30;'entry_reverse' - variable not defined
2;75;C:\Program Files\MetaTrader - Alpari UK\experts\oa_NLV3_Core_12t09IN.mq4;380:44;'ult_reverse' - variable not defined
2;75;C:\Program Files\MetaTrader - Alpari UK\experts\oa_NLV3_Core_12t09IN.mq4;382:49;'delayminutes' - variable not defined
2;75;C:\Program Files\MetaTrader - Alpari UK\experts\oa_NLV3_Core_12t09IN.mq4;382:93;'delayminutesafterclose' - variable not defined
2;75;C:\Program Files\MetaTrader - Alpari UK\experts\oa_NLV3_Core_12t09IN.mq4;382:146;'delayminutesafterloss' - variable not defined
2;75;C:\Program Files\MetaTrader - Alpari UK\experts\oa_NLV3_Core_12t09IN.mq4;383:30;'strat_period' - variable not defined
2;75;C:\Program Files\MetaTrader - Alpari UK\experts\oa_NLV3_Core_12t09IN.mq4;383:43;'adx_preiod' - variable not defined
2;75;C:\Program Files\MetaTrader - Alpari UK\experts\oa_NLV3_Core_12t09IN.mq4;383:82;'signal_adx_limit' - variable not defined
2;75;C:\Program Files\MetaTrader - Alpari UK\experts\oa_NLV3_Core_12t09IN.mq4;384:30;'strat_period' - variable not defined
2;75;C:\Program Files\MetaTrader - Alpari UK\experts\oa_NLV3_Core_12t09IN.mq4;384:43;'adx_preiod' - variable not defined
2;75;C:\Program Files\MetaTrader - Alpari UK\experts\oa_NLV3_Core_12t09IN.mq4;384:82;'signal_adx_max' - variable not defined
2;75;C:\Program Files\MetaTrader - Alpari UK\experts\oa_NLV3_Core_12t09IN.mq4;385:30;'strat_period' - variable not defined
2;75;C:\Program Files\MetaTrader - Alpari UK\experts\oa_NLV3_Core_12t09IN.mq4;385:43;'adx_preiod2' - variable not defined
2;75;C:\Program Files\MetaTrader - Alpari UK\experts\oa_NLV3_Core_12t09IN.mq4;385:82;'signal_adx_limit2' - variable not defined
2;75;C:\Program Files\MetaTrader - Alpari UK\experts\oa_NLV3_Core_12t09IN.mq4;386:30;'strat_period' - variable not defined
2;75;C:\Program Files\MetaTrader - Alpari UK\experts\oa_NLV3_Core_12t09IN.mq4;386:43;'atr_preiod' - variable not defined
2;75;C:\Program Files\MetaTrader - Alpari UK\experts\oa_NLV3_Core_12t09IN.mq4;386:58;'signal_atr_min' - variable not defined
2;75;C:\Program Files\MetaTrader - Alpari UK\experts\oa_NLV3_Core_12t09IN.mq4;387:30;'strat_period' - variable not defined
2;75;C:\Program Files\MetaTrader - Alpari UK\experts\oa_NLV3_Core_12t09IN.mq4;387:43;'atr_preiod' - variable not defined
2;75;C:\Program Files\MetaTrader - Alpari UK\experts\oa_NLV3_Core_12t09IN.mq4;387:58;'signal_atr_max' - variable not defined
2;75;C:\Program Files\MetaTrader - Alpari UK\experts\oa_NLV3_Core_12t09IN.mq4;389:20;'bool_dev' - variable not defined
2;75;C:\Program Files\MetaTrader - Alpari UK\experts\oa_NLV3_Core_12t09IN.mq4;389:61;'strat_period' - variable not defined
2;75;C:\Program Files\MetaTrader - Alpari UK\experts\oa_NLV3_Core_12t09IN.mq4;389:74;'bool_preiod' - variable not defined
2;75;C:\Program Files\MetaTrader - Alpari UK\experts\oa_NLV3_Core_12t09IN.mq4;389:86;'bool_dev' - variable not defined
2;75;C:\Program Files\MetaTrader - Alpari UK\experts\oa_NLV3_Core_12t09IN.mq4;392:22;'rsi_period' - variable not defined
2;75;C:\Program Files\MetaTrader - Alpari UK\experts\oa_NLV3_Core_12t09IN.mq4;392:53;'strat_period' - variable not defined
2;75;C:\Program Files\MetaTrader - Alpari UK\experts\oa_NLV3_Core_12t09IN.mq4;392:66;'rsi_period' - variable not defined
2;75;C:\Program Files\MetaTrader - Alpari UK\experts\oa_NLV3_Core_12t09IN.mq4;392:93;'rsi_limit_down' - variable not defined
2;75;C:\Program Files\MetaTrader - Alpari UK\experts\oa_NLV3_Core_12t09IN.mq4;393:22;'rsi_period' - variable not defined
2;75;C:\Program Files\MetaTrader - Alpari UK\experts\oa_NLV3_Core_12t09IN.mq4;393:53;'strat_period' - variable not defined
2;75;C:\Program Files\MetaTrader - Alpari UK\experts\oa_NLV3_Core_12t09IN.mq4;393:66;'rsi_period' - variable not defined
2;75;C:\Program Files\MetaTrader - Alpari UK\experts\oa_NLV3_Core_12t09IN.mq4;393:93;'rsi_min_down' - variable not defined
2;75;C:\Program Files\MetaTrader - Alpari UK\experts\oa_NLV3_Core_12t09IN.mq4;394:22;'stoch_preiod' - variable not defined
2;75;C:\Program Files\MetaTrader - Alpari UK\experts\oa_NLV3_Core_12t09IN.mq4;394:63;'strat_period' - variable not defined
2;75;C:\Program Files\MetaTrader - Alpari UK\experts\oa_NLV3_Core_12t09IN.mq4;394:109;'signal_stoch_down' - variable not defined
2;75;C:\Program Files\MetaTrader - Alpari UK\experts\oa_NLV3_Core_12t09IN.mq4;395:22;'stepmin1' - variable not defined
2;75;C:\Program Files\MetaTrader - Alpari UK\experts\oa_NLV3_Core_12t09IN.mq4;395:38;'steppip1' - variable not defined
2;75;C:\Program Files\MetaTrader - Alpari UK\experts\oa_NLV3_Core_12t09IN.mq4;395:68;'stepmin1' - variable not defined
2;75;C:\Program Files\MetaTrader - Alpari UK\experts\oa_NLV3_Core_12t09IN.mq4;395:78;'steppip1' - variable not defined
2;75;C:\Program Files\MetaTrader - Alpari UK\experts\oa_NLV3_Core_12t09IN.mq4;395:98;'steppip1' - variable not defined
2;75;C:\Program Files\MetaTrader - Alpari UK\experts\oa_NLV3_Core_12t09IN.mq4;395:128;'stepmin1' - variable not defined
2;75;C:\Program Files\MetaTrader - Alpari UK\experts\oa_NLV3_Core_12t09IN.mq4;395:138;'steppip1' - variable not defined
2;75;C:\Program Files\MetaTrader - Alpari UK\experts\oa_NLV3_Core_12t09IN.mq4;396:22;'stepmin2' - variable not defined
2;75;C:\Program Files\MetaTrader - Alpari UK\experts\oa_NLV3_Core_12t09IN.mq4;396:38;'steppip2' - variable not defined
2;75;C:\Program Files\MetaTrader - Alpari UK\experts\oa_NLV3_Core_12t09IN.mq4;396:68;'stepmin2' - variable not defined
2;75;C:\Program Files\MetaTrader - Alpari UK\experts\oa_NLV3_Core_12t09IN.mq4;396:78;'steppip2' - variable not defined
2;75;C:\Program Files\MetaTrader - Alpari UK\experts\oa_NLV3_Core_12t09IN.mq4;396:98;'steppip2' - variable not defined
2;75;C:\Program Files\MetaTrader - Alpari UK\experts\oa_NLV3_Core_12t09IN.mq4;396:128;'stepmin2' - variable not defined
2;75;C:\Program Files\MetaTrader - Alpari UK\experts\oa_NLV3_Core_12t09IN.mq4;396:138;'steppip2' - variable not defined
2;75;C:\Program Files\MetaTrader - Alpari UK\experts\oa_NLV3_Core_12t09IN.mq4;397:22;'stepmin3' - variable not defined
2;75;C:\Program Files\MetaTrader - Alpari UK\experts\oa_NLV3_Core_12t09IN.mq4;397:38;'steppip3' - variable not defined
2;75;C:\Program Files\MetaTrader - Alpari UK\experts\oa_NLV3_Core_12t09IN.mq4;397:68;'stepmin3' - variable not defined
2;75;C:\Program Files\MetaTrader - Alpari UK\experts\oa_NLV3_Core_12t09IN.mq4;397:78;'steppip3' - variable not defined
2;75;C:\Program Files\MetaTrader - Alpari UK\experts\oa_NLV3_Core_12t09IN.mq4;397:98;'steppip3' - variable not defined
2;75;C:\Program Files\MetaTrader - Alpari UK\experts\oa_NLV3_Core_12t09IN.mq4;397:128;'stepmin3' - variable not defined
2;75;C:\Program Files\MetaTrader - Alpari UK\experts\oa_NLV3_Core_12t09IN.mq4;397:138;'steppip3' - variable not defined
2;75;C:\Program Files\MetaTrader - Alpari UK\experts\oa_NLV3_Core_12t09IN.mq4;399:30;'entry_reverse' - variable not defined
2;75;C:\Program Files\MetaTrader - Alpari UK\experts\oa_NLV3_Core_12t09IN.mq4;399:44;'ult_reverse' - variable not defined
2;75;C:\Program Files\MetaTrader - Alpari UK\experts\oa_NLV3_Core_12t09IN.mq4;401:20;'bool_dev' - variable not defined
2;75;C:\Program Files\MetaTrader - Alpari UK\experts\oa_NLV3_Core_12t09IN.mq4;401:61;'strat_period' - variable not defined
2;75;C:\Program Files\MetaTrader - Alpari UK\experts\oa_NLV3_Core_12t09IN.mq4;401:74;'bool_preiod' - variable not defined
2;75;C:\Program Files\MetaTrader - Alpari UK\experts\oa_NLV3_Core_12t09IN.mq4;401:86;'bool_dev' - variable not defined
2;75;C:\Program Files\MetaTrader - Alpari UK\experts\oa_NLV3_Core_12t09IN.mq4;404:22;'rsi_period' - variable not defined
2;75;C:\Program Files\MetaTrader - Alpari UK\experts\oa_NLV3_Core_12t09IN.mq4;404:53;'strat_period' - variable not defined
2;75;C:\Program Files\MetaTrader - Alpari UK\experts\oa_NLV3_Core_12t09IN.mq4;404:66;'rsi_period' - variable not defined
2;75;C:\Program Files\MetaTrader - Alpari UK\experts\oa_NLV3_Core_12t09IN.mq4;404:99;'rsi_limit_down' - variable not defined
2;75;C:\Program Files\MetaTrader - Alpari UK\experts\oa_NLV3_Core_12t09IN.mq4;405:22;'rsi_period' - variable not defined
2;75;C:\Program Files\MetaTrader - Alpari UK\experts\oa_NLV3_Core_12t09IN.mq4;405:53;'strat_period' - variable not defined
2;75;C:\Program Files\MetaTrader - Alpari UK\experts\oa_NLV3_Core_12t09IN.mq4;405:66;'rsi_period' - variable not defined
2;75;C:\Program Files\MetaTrader - Alpari UK\experts\oa_NLV3_Core_12t09IN.mq4;405:99;'rsi_min_down' - variable not defined
2;75;C:\Program Files\MetaTrader - Alpari UK\experts\oa_NLV3_Core_12t09IN.mq4;406:22;'stoch_preiod' - variable not defined
2;75;C:\Program Files\MetaTrader - Alpari UK\experts\oa_NLV3_Core_12t09IN.mq4;406:63;'strat_period' - variable not defined
2;75;C:\Program Files\MetaTrader - Alpari UK\experts\oa_NLV3_Core_12t09IN.mq4;406:115;'signal_stoch_down' - variable not defined
2;75;C:\Program Files\MetaTrader - Alpari UK\experts\oa_NLV3_Core_12t09IN.mq4;407:22;'steppip1' - variable not defined
2;75;C:\Program Files\MetaTrader - Alpari UK\experts\oa_NLV3_Core_12t09IN.mq4;407:38;'steppip1' - variable not defined
2;75;C:\Program Files\MetaTrader - Alpari UK\experts\oa_NLV3_Core_12t09IN.mq4;407:68;'stepmin1' - variable not defined
2;75;C:\Program Files\MetaTrader - Alpari UK\experts\oa_NLV3_Core_12t09IN.mq4;407:78;'steppip1' - variable not defined
2;75;C:\Program Files\MetaTrader - Alpari UK\experts\oa_NLV3_Core_12t09IN.mq4;407:98;'steppip1' - variable not defined
2;75;C:\Program Files\MetaTrader - Alpari UK\experts\oa_NLV3_Core_12t09IN.mq4;407:128;'stepmin1' - variable not defined
2;75;C:\Program Files\MetaTrader - Alpari UK\experts\oa_NLV3_Core_12t09IN.mq4;407:138;'steppip1' - variable not defined
2;75;C:\Program Files\MetaTrader - Alpari UK\experts\oa_NLV3_Core_12t09IN.mq4;408:22;'steppip2' - variable not defined
2;75;C:\Program Files\MetaTrader - Alpari UK\experts\oa_NLV3_Core_12t09IN.mq4;408:38;'steppip2' - variable not defined
2;75;C:\Program Files\MetaTrader - Alpari UK\experts\oa_NLV3_Core_12t09IN.mq4;408:68;'stepmin2' - variable not defined
2;75;C:\Program Files\MetaTrader - Alpari UK\experts\oa_NLV3_Core_12t09IN.mq4;408:78;'steppip2' - variable not defined
2;75;C:\Program Files\MetaTrader - Alpari UK\experts\oa_NLV3_Core_12t09IN.mq4;408:98;'steppip2' - variable not defined
2;75;C:\Program Files\MetaTrader - Alpari UK\experts\oa_NLV3_Core_12t09IN.mq4;408:128;'stepmin2' - variable not defined
2;75;C:\Program Files\MetaTrader - Alpari UK\experts\oa_NLV3_Core_12t09IN.mq4;408:138;'steppip2' - variable not defined
2;75;C:\Program Files\MetaTrader - Alpari UK\experts\oa_NLV3_Core_12t09IN.mq4;409:22;'steppip3' - variable not defined
2;75;C:\Program Files\MetaTrader - Alpari UK\experts\oa_NLV3_Core_12t09IN.mq4;409:38;'steppip3' - variable not defined
2;75;C:\Program Files\MetaTrader - Alpari UK\experts\oa_NLV3_Core_12t09IN.mq4;409:68;'stepmin3' - variable not defined
2;75;C:\Program Files\MetaTrader - Alpari UK\experts\oa_NLV3_Core_12t09IN.mq4;409:78;'steppip3' - variable not defined
2;75;C:\Program Files\MetaTrader - Alpari UK\experts\oa_NLV3_Core_12t09IN.mq4;409:98;'steppip3' - variable not defined
2;75;C:\Program Files\MetaTrader - Alpari UK\experts\oa_NLV3_Core_12t09IN.mq4;409:128;'stepmin3' - variable not defined
2;75;C:\Program Files\MetaTrader - Alpari UK\experts\oa_NLV3_Core_12t09IN.mq4;409:138;'steppip3' - variable not defined
2;75;C:\Program Files\MetaTrader - Alpari UK\experts\oa_NLV3_Core_12t09IN.mq4;411:31;'entry_reverse' - variable not defined
2;75;C:\Program Files\MetaTrader - Alpari UK\experts\oa_NLV3_Core_12t09IN.mq4;411:45;'ult_reverse' - variable not defined
2;75;C:\Program Files\MetaTrader - Alpari UK\experts\oa_NLV3_Core_12t09IN.mq4;418:36;'entry_type' - variable not defined
2;75;C:\Program Files\MetaTrader - Alpari UK\experts\oa_NLV3_Core_12t09IN.mq4;418:83;'strat_period' - variable not defined
2;75;C:\Program Files\MetaTrader - Alpari UK\experts\oa_NLV3_Core_12t09IN.mq4;418:96;'adx_preiod' - variable not defined
2;75;C:\Program Files\MetaTrader - Alpari UK\experts\oa_NLV3_Core_12t09IN.mq4;419:122;'b_signal2_trading' - variable not defined
2;75;C:\Program Files\MetaTrader - Alpari UK\experts\oa_NLV3_Core_12t09IN.mq4;428:14;'b_signal2_trading' - variable not defined
2;75;C:\Program Files\MetaTrader - Alpari UK\experts\oa_NLV3_Core_12t09IN.mq4;429:14;'b_signal2_trading' - variable not defined
2;75;C:\Program Files\MetaTrader - Alpari UK\experts\oa_NLV3_Core_12t09IN.mq4;444:25;'strat_nr' - variable not defined
2;75;C:\Program Files\MetaTrader - Alpari UK\experts\oa_NLV3_Core_12t09IN.mq4;447:17;'b_run_multistrat' - variable not defined
2;75;C:\Program Files\MetaTrader - Alpari UK\experts\oa_NLV3_Core_12t09IN.mq4;447:53;'strat_nr' - variable not defined
2;75;C:\Program Files\MetaTrader - Alpari UK\experts\oa_NLV3_Core_12t09IN.mq4;448:76;'MAGIC_Rf_m' - variable not defined
2;75;C:\Program Files\MetaTrader - Alpari UK\experts\oa_NLV3_Core_12t09IN.mq4;448:113;'MAGIC_Rf_m' - variable not defined
2;75;C:\Program Files\MetaTrader - Alpari UK\experts\oa_NLV3_Core_12t09IN.mq4;453:17;'b_run_multistrat' - variable not defined
2;75;C:\Program Files\MetaTrader - Alpari UK\experts\oa_NLV3_Core_12t09IN.mq4;454:69;'MAGIC_Rf' - variable not defined
2;75;C:\Program Files\MetaTrader - Alpari UK\experts\oa_NLV3_Core_12t09IN.mq4;454:101;'MAGIC_Rf' - variable not defined
2;75;C:\Program Files\MetaTrader - Alpari UK\experts\oa_NLV3_Core_12t09IN.mq4;475:29;'strat_nr' - variable not defined
2;75;C:\Program Files\MetaTrader - Alpari UK\experts\oa_NLV3_Core_12t09IN.mq4;476:17;'strat_run' - variable not defined
2;75;C:\Program Files\MetaTrader - Alpari UK\experts\oa_NLV3_Core_12t09IN.mq4;476:40;'MAGIC_Rf_m' - variable not defined
2;75;C:\Program Files\MetaTrader - Alpari UK\experts\oa_NLV3_Core_12t09IN.mq4;476:77;'MAGIC_Rf_m' - variable not defined
2;75;C:\Program Files\MetaTrader - Alpari UK\experts\oa_NLV3_Core_12t09IN.mq4;478:32;'MAGIC_Rf' - variable not defined
2;75;C:\Program Files\MetaTrader - Alpari UK\experts\oa_NLV3_Core_12t09IN.mq4;478:64;'MAGIC_Rf' - variable not defined
2;75;C:\Program Files\MetaTrader - Alpari UK\experts\oa_NLV3_Core_12t09IN.mq4;481:24;'strat_act' - variable not defined
2;75;C:\Program Files\MetaTrader - Alpari UK\experts\oa_NLV3_Core_12t09IN.mq4;481:53;'strat_act' - variable not defined
2;75;C:\Program Files\MetaTrader - Alpari UK\experts\oa_NLV3_Core_12t09IN.mq4;482:41;'ult_reverse' - variable not defined
2;75;C:\Program Files\MetaTrader - Alpari UK\experts\oa_NLV3_Core_12t09IN.mq4;483:14;'ult_reverse' - variable not defined
2;75;C:\Program Files\MetaTrader - Alpari UK\experts\oa_NLV3_Core_12t09IN.mq4;483:31;'revkorr' - variable not defined
2;75;C:\Program Files\MetaTrader - Alpari UK\experts\oa_NLV3_Core_12t09IN.mq4;483:65;'revkorr' - variable not defined
2;75;C:\Program Files\MetaTrader - Alpari UK\experts\oa_NLV3_Core_12t09IN.mq4;487:75;'ult_reverse' - variable not defined
2;75;C:\Program Files\MetaTrader - Alpari UK\experts\oa_NLV3_Core_12t09IN.mq4;488:53;'revkorr' - variable not defined
2;75;C:\Program Files\MetaTrader - Alpari UK\experts\oa_NLV3_Core_12t09IN.mq4;490:51;'revkorr' - variable not defined
2;75;C:\Program Files\MetaTrader - Alpari UK\experts\oa_NLV3_Core_12t09IN.mq4;492:68;'revkorr' - variable not defined
2;75;C:\Program Files\MetaTrader - Alpari UK\experts\oa_NLV3_Core_12t09IN.mq4;493:76;'revkorr' - variable not defined
2;75;C:\Program Files\MetaTrader - Alpari UK\experts\oa_NLV3_Core_12t09IN.mq4;494:70;'revkorr' - variable not defined
2;75;C:\Program Files\MetaTrader - Alpari UK\experts\oa_NLV3_Core_12t09IN.mq4;495:76;'revkorr' - variable not defined
2;75;C:\Program Files\MetaTrader - Alpari UK\experts\oa_NLV3_Core_12t09IN.mq4;496:14;'tp_price' - variable not defined
2;75;C:\Program Files\MetaTrader - Alpari UK\experts\oa_NLV3_Core_12t09IN.mq4;496:53;'tp_price' - variable not defined
2;75;C:\Program Files\MetaTrader - Alpari UK\experts\oa_NLV3_Core_12t09IN.mq4;497:14;'sl_price' - variable not defined
2;75;C:\Program Files\MetaTrader - Alpari UK\experts\oa_NLV3_Core_12t09IN.mq4;497:53;'sl_price' - variable not defined
2;75;C:\Program Files\MetaTrader - Alpari UK\experts\oa_NLV3_Core_12t09IN.mq4;498:14;'step_type' - variable not defined
2;75;C:\Program Files\MetaTrader - Alpari UK\experts\oa_NLV3_Core_12t09IN.mq4;498:66;'step_down' - variable not defined
2;75;C:\Program Files\MetaTrader - Alpari UK\experts\oa_NLV3_Core_12t09IN.mq4;498:91;'sl_price' - variable not defined
2;75;C:\Program Files\MetaTrader - Alpari UK\experts\oa_NLV3_Core_12t09IN.mq4;498:110;'sl_step' - variable not defined
2;75;C:\Program Files\MetaTrader - Alpari UK\experts\oa_NLV3_Core_12t09IN.mq4;499:14;'step_type' - variable not defined
2;75;C:\Program Files\MetaTrader - Alpari UK\experts\oa_NLV3_Core_12t09IN.mq4;499:66;'step_up' - variable not defined
2;75;C:\Program Files\MetaTrader - Alpari UK\experts\oa_NLV3_Core_12t09IN.mq4;499:89;'sl_price' - variable not defined
2;75;C:\Program Files\MetaTrader - Alpari UK\experts\oa_NLV3_Core_12t09IN.mq4;499:108;'sl_step' - variable not defined
2;75;C:\Program Files\MetaTrader - Alpari UK\experts\oa_NLV3_Core_12t09IN.mq4;506:32;'MAGIC_Rf' - variable not defined
2;75;C:\Program Files\MetaTrader - Alpari UK\experts\oa_NLV3_Core_12t09IN.mq4;506:64;'MAGIC_Rf' - variable not defined
2;75;C:\Program Files\MetaTrader - Alpari UK\experts\oa_NLV3_Core_12t09IN.mq4;506:98;'MAGIC_Rf' - variable not defined
2;75;C:\Program Files\MetaTrader - Alpari UK\experts\oa_NLV3_Core_12t09IN.mq4;543:11;'martingal' - variable not defined
2;75;C:\Program Files\MetaTrader - Alpari UK\experts\oa_NLV3_Core_12t09IN.mq4;543:69;'martingal' - variable not defined
2;75;C:\Program Files\MetaTrader - Alpari UK\experts\oa_NLV3_Core_12t09IN.mq4;544:16;'martingal' - variable not defined
2;75;C:\Program Files\MetaTrader - Alpari UK\experts\oa_NLV3_Core_12t09IN.mq4;545:16;'money_management' - variable not defined
2;75;C:\Program Files\MetaTrader - Alpari UK\experts\oa_NLV3_Core_12t09IN.mq4;545:88;'hidden_equity' - variable not defined
2;75;C:\Program Files\MetaTrader - Alpari UK\experts\oa_NLV3_Core_12t09IN.mq4;545:103;'lots_equityperlot' - variable not defined
2;75;C:\Program Files\MetaTrader - Alpari UK\experts\oa_NLV3_Core_12t09IN.mq4;545:121;'lots_multipliyer' - variable not defined
2;75;C:\Program Files\MetaTrader - Alpari UK\experts\oa_NLV3_Core_12t09IN.mq4;546:27;'lots' - variable not defined
2;75;C:\Program Files\MetaTrader - Alpari UK\experts\oa_NLV3_Core_12t09IN.mq4;551:28;'b_compeetingbot' - variable not defined
2;75;C:\Program Files\MetaTrader - Alpari UK\experts\oa_NLV3_Core_12t09IN.mq4;552:28;'b_compeetingbot' - variable not defined
2;75;C:\Program Files\MetaTrader - Alpari UK\experts\oa_NLV3_Core_12t09IN.mq4;553:57;'delayminutes' - variable not defined
2;75;C:\Program Files\MetaTrader - Alpari UK\experts\oa_NLV3_Core_12t09IN.mq4;554:21;'maxspread' - variable not defined
2;75;C:\Program Files\MetaTrader - Alpari UK\experts\oa_NLV3_Core_12t09IN.mq4;555:44;'maxspread' - variable not defined
2;75;C:\Program Files\MetaTrader - Alpari UK\experts\oa_NLV3_Core_12t09IN.mq4;561:84;'program_name' - variable not defined
2;75;C:\Program Files\MetaTrader - Alpari UK\experts\oa_NLV3_Core_12t09IN.mq4;561:97;'strat_symbol' - variable not defined
2;75;C:\Program Files\MetaTrader - Alpari UK\experts\oa_NLV3_Core_12t09IN.mq4;561:110;'MAGIC_Rf' - variable not defined
2;75;C:\Program Files\MetaTrader - Alpari UK\experts\oa_NLV3_Core_12t09IN.mq4;563:93;'tp_avg' - variable not defined
2;75;C:\Program Files\MetaTrader - Alpari UK\experts\oa_NLV3_Core_12t09IN.mq4;563:148;'hidden_equity' - variable not defined
2;75;C:\Program Files\MetaTrader - Alpari UK\experts\oa_NLV3_Core_12t09IN.mq4;564:31;'step_type' - variable not defined
2;75;C:\Program Files\MetaTrader - Alpari UK\experts\oa_NLV3_Core_12t09IN.mq4;564:47;'tp_avg' - variable not defined
2;75;C:\Program Files\MetaTrader - Alpari UK\experts\oa_NLV3_Core_12t09IN.mq4;566:85;'program_name' - variable not defined
2;75;C:\Program Files\MetaTrader - Alpari UK\experts\oa_NLV3_Core_12t09IN.mq4;566:98;'strat_symbol' - variable not defined
2;75;C:\Program Files\MetaTrader - Alpari UK\experts\oa_NLV3_Core_12t09IN.mq4;566:111;'MAGIC_Rf' - variable not defined
2;75;C:\Program Files\MetaTrader - Alpari UK\experts\oa_NLV3_Core_12t09IN.mq4;568:93;'tp_avg' - variable not defined
2;75;C:\Program Files\MetaTrader - Alpari UK\experts\oa_NLV3_Core_12t09IN.mq4;568:148;'hidden_equity' - variable not defined
2;75;C:\Program Files\MetaTrader - Alpari UK\experts\oa_NLV3_Core_12t09IN.mq4;569:31;'step_type' - variable not defined
2;75;C:\Program Files\MetaTrader - Alpari UK\experts\oa_NLV3_Core_12t09IN.mq4;569:47;'tp_avg' - variable not defined
2;75;C:\Program Files\MetaTrader - Alpari UK\experts\oa_NLV3_Core_12t09IN.mq4;573:89;'entry_orderbridge' - variable not defined
2;75;C:\Program Files\MetaTrader - Alpari UK\experts\oa_NLV3_Core_12t09IN.mq4;573:119;'program_name' - variable not defined
2;75;C:\Program Files\MetaTrader - Alpari UK\experts\oa_NLV3_Core_12t09IN.mq4;573:132;'strat_symbol' - variable not defined
2;75;C:\Program Files\MetaTrader - Alpari UK\experts\oa_NLV3_Core_12t09IN.mq4;573:145;'MAGIC_Rf' - variable not defined
2;75;C:\Program Files\MetaTrader - Alpari UK\experts\oa_NLV3_Core_12t09IN.mq4;573:168;'entry_expire' - variable not defined
2;75;C:\Program Files\MetaTrader - Alpari UK\experts\oa_NLV3_Core_12t09IN.mq4;575:93;'tp_avg' - variable not defined
2;75;C:\Program Files\MetaTrader - Alpari UK\experts\oa_NLV3_Core_12t09IN.mq4;575:151;'hidden_equity' - variable not defined
2;75;C:\Program Files\MetaTrader - Alpari UK\experts\oa_NLV3_Core_12t09IN.mq4;578:90;'entry_orderbridge' - variable not defined
2;75;C:\Program Files\MetaTrader - Alpari UK\experts\oa_NLV3_Core_12t09IN.mq4;578:120;'program_name' - variable not defined
2;75;C:\Program Files\MetaTrader - Alpari UK\experts\oa_NLV3_Core_12t09IN.mq4;578:133;'strat_symbol' - variable not defined
2;75;C:\Program Files\MetaTrader - Alpari UK\experts\oa_NLV3_Core_12t09IN.mq4;578:146;'MAGIC_Rf' - variable not defined
2;75;C:\Program Files\MetaTrader - Alpari UK\experts\oa_NLV3_Core_12t09IN.mq4;578:171;'entry_expire' - variable not defined
2;75;C:\Program Files\MetaTrader - Alpari UK\experts\oa_NLV3_Core_12t09IN.mq4;580:93;'tp_avg' - variable not defined
2;75;C:\Program Files\MetaTrader - Alpari UK\experts\oa_NLV3_Core_12t09IN.mq4;580:151;'hidden_equity' - variable not defined
2;75;C:\Program Files\MetaTrader - Alpari UK\experts\oa_NLV3_Core_12t09IN.mq4;586:88;'entry_orderbridge' - variable not defined
2;75;C:\Program Files\MetaTrader - Alpari UK\experts\oa_NLV3_Core_12t09IN.mq4;586:118;'program_name' - variable not defined
2;75;C:\Program Files\MetaTrader - Alpari UK\experts\oa_NLV3_Core_12t09IN.mq4;586:131;'strat_symbol' - variable not defined
2;75;C:\Program Files\MetaTrader - Alpari UK\experts\oa_NLV3_Core_12t09IN.mq4;586:144;'MAGIC_Rf' - variable not defined
2;75;C:\Program Files\MetaTrader - Alpari UK\experts\oa_NLV3_Core_12t09IN.mq4;586:167;'entry_expire' - variable not defined
2;75;C:\Program Files\MetaTrader - Alpari UK\experts\oa_NLV3_Core_12t09IN.mq4;588:93;'tp_avg' - variable not defined
2;75;C:\Program Files\MetaTrader - Alpari UK\experts\oa_NLV3_Core_12t09IN.mq4;588:151;'hidden_equity' - variable not defined
2;75;C:\Program Files\MetaTrader - Alpari UK\experts\oa_NLV3_Core_12t09IN.mq4;591:89;'entry_orderbridge' - variable not defined
2;75;C:\Program Files\MetaTrader - Alpari UK\experts\oa_NLV3_Core_12t09IN.mq4;591:119;'program_name' - variable not defined
2;75;C:\Program Files\MetaTrader - Alpari UK\experts\oa_NLV3_Core_12t09IN.mq4;591:132;'strat_symbol' - variable not defined
2;75;C:\Program Files\MetaTrader - Alpari UK\experts\oa_NLV3_Core_12t09IN.mq4;591:145;'MAGIC_Rf' - variable not defined
2;75;C:\Program Files\MetaTrader - Alpari UK\experts\oa_NLV3_Core_12t09IN.mq4;591:170;'entry_expire' - variable not defined
2;75;C:\Program Files\MetaTrader - Alpari UK\experts\oa_NLV3_Core_12t09IN.mq4;593:93;'tp_avg' - variable not defined
2;75;C:\Program Files\MetaTrader - Alpari UK\experts\oa_NLV3_Core_12t09IN.mq4;593:151;'hidden_equity' - variable not defined
2;75;C:\Program Files\MetaTrader - Alpari UK\experts\oa_NLV3_Core_12t09IN.mq4;596:7;'tp_price' - variable not defined
2;75;C:\Program Files\MetaTrader - Alpari UK\experts\oa_NLV3_Core_12t09IN.mq4;596:18;'sl_price' - variable not defined
2;75;C:\Program Files\MetaTrader - Alpari UK\experts\oa_NLV3_Core_12t09IN.mq4;601:20;'step_max_nr' - variable not defined
2;75;C:\Program Files\MetaTrader - Alpari UK\experts\oa_NLV3_Core_12t09IN.mq4;603:18;'step_max_nr_down' - variable not defined
2;75;C:\Program Files\MetaTrader - Alpari UK\experts\oa_NLV3_Core_12t09IN.mq4;604:10;'step_type' - variable not defined
2;75;C:\Program Files\MetaTrader - Alpari UK\experts\oa_NLV3_Core_12t09IN.mq4;604:26;'step_type' - variable not defined
2;75;C:\Program Files\MetaTrader - Alpari UK\experts\oa_NLV3_Core_12t09IN.mq4;605:50;'step_down' - variable not defined
2;75;C:\Program Files\MetaTrader - Alpari UK\experts\oa_NLV3_Core_12t09IN.mq4;605:91;'step_down_first' - variable not defined
2;75;C:\Program Files\MetaTrader - Alpari UK\experts\oa_NLV3_Core_12t09IN.mq4;606:37;'step_down_minute' - variable not defined
2;75;C:\Program Files\MetaTrader - Alpari UK\experts\oa_NLV3_Core_12t09IN.mq4;607:18;'increase_lots' - variable not defined
2;75;C:\Program Files\MetaTrader - Alpari UK\experts\oa_NLV3_Core_12t09IN.mq4;607:51;'increase_for_every' - variable not defined
2;75;C:\Program Files\MetaTrader - Alpari UK\experts\oa_NLV3_Core_12t09IN.mq4;607:103;'lots' - variable not defined
2;75;C:\Program Files\MetaTrader - Alpari UK\experts\oa_NLV3_Core_12t09IN.mq4;607:108;'increase_percent' - variable not defined
2;75;C:\Program Files\MetaTrader - Alpari UK\experts\oa_NLV3_Core_12t09IN.mq4;609:17;'ult_reverse' - variable not defined
2;75;C:\Program Files\MetaTrader - Alpari UK\experts\oa_NLV3_Core_12t09IN.mq4;609:104;'MAGIC_Rf' - variable not defined
2;75;C:\Program Files\MetaTrader - Alpari UK\experts\oa_NLV3_Core_12t09IN.mq4;610:93;'MAGIC_Rf' - variable not defined
2;75;C:\Program Files\MetaTrader - Alpari UK\experts\oa_NLV3_Core_12t09IN.mq4;612:22;'step_movegoal' - variable not defined
2;75;C:\Program Files\MetaTrader - Alpari UK\experts\oa_NLV3_Core_12t09IN.mq4;614:51;'step_down' - variable not defined
2;75;C:\Program Files\MetaTrader - Alpari UK\experts\oa_NLV3_Core_12t09IN.mq4;614:92;'step_down_first' - variable not defined
2;75;C:\Program Files\MetaTrader - Alpari UK\experts\oa_NLV3_Core_12t09IN.mq4;615:37;'step_down_minute' - variable not defined
2;75;C:\Program Files\MetaTrader - Alpari UK\experts\oa_NLV3_Core_12t09IN.mq4;616:18;'increase_lots' - variable not defined
2;75;C:\Program Files\MetaTrader - Alpari UK\experts\oa_NLV3_Core_12t09IN.mq4;616:51;'increase_for_every' - variable not defined
2;75;C:\Program Files\MetaTrader - Alpari UK\experts\oa_NLV3_Core_12t09IN.mq4;616:103;'lots' - variable not defined
2;75;C:\Program Files\MetaTrader - Alpari UK\experts\oa_NLV3_Core_12t09IN.mq4;616:108;'increase_percent' - variable not defined
2;75;C:\Program Files\MetaTrader - Alpari UK\experts\oa_NLV3_Core_12t09IN.mq4;618:17;'ult_reverse' - variable not defined
2;75;C:\Program Files\MetaTrader - Alpari UK\experts\oa_NLV3_Core_12t09IN.mq4;618:105;'MAGIC_Rf' - variable not defined
2;75;C:\Program Files\MetaTrader - Alpari UK\experts\oa_NLV3_Core_12t09IN.mq4;619:92;'MAGIC_Rf' - variable not defined
2;75;C:\Program Files\MetaTrader - Alpari UK\experts\oa_NLV3_Core_12t09IN.mq4;621:22;'step_movegoal' - variable not defined
2;75;C:\Program Files\MetaTrader - Alpari UK\experts\oa_NLV3_Core_12t09IN.mq4;625:18;'step_max_nr' - variable not defined
2;75;C:\Program Files\MetaTrader - Alpari UK\experts\oa_NLV3_Core_12t09IN.mq4;626:10;'step_type' - variable not defined
2;75;C:\Program Files\MetaTrader - Alpari UK\experts\oa_NLV3_Core_12t09IN.mq4;626:26;'step_type' - variable not defined
2;75;C:\Program Files\MetaTrader - Alpari UK\experts\oa_NLV3_Core_12t09IN.mq4;627:50;'step_up' - variable not defined
2;75;C:\Program Files\MetaTrader - Alpari UK\experts\oa_NLV3_Core_12t09IN.mq4;628:18;'increase_lots' - variable not defined
2;75;C:\Program Files\MetaTrader - Alpari UK\experts\oa_NLV3_Core_12t09IN.mq4;628:51;'increase_for_every' - variable not defined
2;75;C:\Program Files\MetaTrader - Alpari UK\experts\oa_NLV3_Core_12t09IN.mq4;628:103;'lots' - variable not defined
2;75;C:\Program Files\MetaTrader - Alpari UK\experts\oa_NLV3_Core_12t09IN.mq4;628:108;'increase_percent' - variable not defined
2;75;C:\Program Files\MetaTrader - Alpari UK\experts\oa_NLV3_Core_12t09IN.mq4;630:17;'ult_reverse' - variable not defined
2;75;C:\Program Files\MetaTrader - Alpari UK\experts\oa_NLV3_Core_12t09IN.mq4;630:104;'MAGIC_Rf' - variable not defined
2;75;C:\Program Files\MetaTrader - Alpari UK\experts\oa_NLV3_Core_12t09IN.mq4;631:93;'MAGIC_Rf' - variable not defined
2;75;C:\Program Files\MetaTrader - Alpari UK\experts\oa_NLV3_Core_12t09IN.mq4;633:22;'step_movegoal' - variable not defined
2;75;C:\Program Files\MetaTrader - Alpari UK\experts\oa_NLV3_Core_12t09IN.mq4;635:51;'step_up' - variable not defined
2;75;C:\Program Files\MetaTrader - Alpari UK\experts\oa_NLV3_Core_12t09IN.mq4;636:18;'increase_lots' - variable not defined
2;75;C:\Program Files\MetaTrader - Alpari UK\experts\oa_NLV3_Core_12t09IN.mq4;636:51;'increase_for_every' - variable not defined
2;75;C:\Program Files\MetaTrader - Alpari UK\experts\oa_NLV3_Core_12t09IN.mq4;636:103;'lots' - variable not defined
2;75;C:\Program Files\MetaTrader - Alpari UK\experts\oa_NLV3_Core_12t09IN.mq4;636:108;'increase_percent' - variable not defined
2;75;C:\Program Files\MetaTrader - Alpari UK\experts\oa_NLV3_Core_12t09IN.mq4;638:17;'ult_reverse' - variable not defined
2;75;C:\Program Files\MetaTrader - Alpari UK\experts\oa_NLV3_Core_12t09IN.mq4;638:105;'MAGIC_Rf' - variable not defined
2;75;C:\Program Files\MetaTrader - Alpari UK\experts\oa_NLV3_Core_12t09IN.mq4;639:92;'MAGIC_Rf' - variable not defined
2;75;C:\Program Files\MetaTrader - Alpari UK\experts\oa_NLV3_Core_12t09IN.mq4;641:22;'step_movegoal' - variable not defined
2;75;C:\Program Files\MetaTrader - Alpari UK\experts\oa_NLV3_Core_12t09IN.mq4;644:18;'step_max_nr' - variable not defined
2;75;C:\Program Files\MetaTrader - Alpari UK\experts\oa_NLV3_Core_12t09IN.mq4;645:10;'step_type' - variable not defined
2;75;C:\Program Files\MetaTrader - Alpari UK\experts\oa_NLV3_Core_12t09IN.mq4;645:26;'step_type' - variable not defined
2;75;C:\Program Files\MetaTrader - Alpari UK\experts\oa_NLV3_Core_12t09IN.mq4;646:50;'step_up' - variable not defined
2;75;C:\Program Files\MetaTrader - Alpari UK\experts\oa_NLV3_Core_12t09IN.mq4;646:87;'sl_onavgprice' - variable not defined
2;75;C:\Program Files\MetaTrader - Alpari UK\experts\oa_NLV3_Core_12t09IN.mq4;646:101;'sl_trail' - variable not defined
2;75;C:\Program Files\MetaTrader - Alpari UK\experts\oa_NLV3_Core_12t09IN.mq4;646:110;'sl_trail' - variable not defined
2;75;C:\Program Files\MetaTrader - Alpari UK\experts\oa_NLV3_Core_12t09IN.mq4;647:18;'increase_lots' - variable not defined
2;75;C:\Program Files\MetaTrader - Alpari UK\experts\oa_NLV3_Core_12t09IN.mq4;647:51;'increase_for_every' - variable not defined
2;75;C:\Program Files\MetaTrader - Alpari UK\experts\oa_NLV3_Core_12t09IN.mq4;647:103;'lots' - variable not defined
2;75;C:\Program Files\MetaTrader - Alpari UK\experts\oa_NLV3_Core_12t09IN.mq4;647:108;'increase_percent' - variable not defined
2;75;C:\Program Files\MetaTrader - Alpari UK\experts\oa_NLV3_Core_12t09IN.mq4;649:17;'ult_reverse' - variable not defined
2;75;C:\Program Files\MetaTrader - Alpari UK\experts\oa_NLV3_Core_12t09IN.mq4;649:104;'MAGIC_Rf' - variable not defined
2;75;C:\Program Files\MetaTrader - Alpari UK\experts\oa_NLV3_Core_12t09IN.mq4;650:93;'MAGIC_Rf' - variable not defined
2;75;C:\Program Files\MetaTrader - Alpari UK\experts\oa_NLV3_Core_12t09IN.mq4;652:22;'step_movegoal' - variable not defined
2;75;C:\Program Files\MetaTrader - Alpari UK\experts\oa_NLV3_Core_12t09IN.mq4;654:13;'sl_price' - variable not defined
2;75;C:\Program Files\MetaTrader - Alpari UK\experts\oa_NLV3_Core_12t09IN.mq4;654:46;'sl_onavgprice' - variable not defined
2;75;C:\Program Files\MetaTrader - Alpari UK\experts\oa_NLV3_Core_12t09IN.mq4;656:51;'step_up' - variable not defined
2;75;C:\Program Files\MetaTrader - Alpari UK\experts\oa_NLV3_Core_12t09IN.mq4;656:88;'sl_onavgprice' - variable not defined
2;75;C:\Program Files\MetaTrader - Alpari UK\experts\oa_NLV3_Core_12t09IN.mq4;656:102;'sl_trail' - variable not defined
2;75;C:\Program Files\MetaTrader - Alpari UK\experts\oa_NLV3_Core_12t09IN.mq4;656:111;'sl_trail' - variable not defined
2;75;C:\Program Files\MetaTrader - Alpari UK\experts\oa_NLV3_Core_12t09IN.mq4;657:18;'increase_lots' - variable not defined
2;75;C:\Program Files\MetaTrader - Alpari UK\experts\oa_NLV3_Core_12t09IN.mq4;657:51;'increase_for_every' - variable not defined
2;75;C:\Program Files\MetaTrader - Alpari UK\experts\oa_NLV3_Core_12t09IN.mq4;657:103;'lots' - variable not defined
2;75;C:\Program Files\MetaTrader - Alpari UK\experts\oa_NLV3_Core_12t09IN.mq4;657:108;'increase_percent' - variable not defined
2;75;C:\Program Files\MetaTrader - Alpari UK\experts\oa_NLV3_Core_12t09IN.mq4;659:17;'ult_reverse' - variable not defined
2;75;C:\Program Files\MetaTrader - Alpari UK\experts\oa_NLV3_Core_12t09IN.mq4;659:105;'MAGIC_Rf' - variable not defined
2;75;C:\Program Files\MetaTrader - Alpari UK\experts\oa_NLV3_Core_12t09IN.mq4;660:92;'MAGIC_Rf' - variable not defined
2;75;C:\Program Files\MetaTrader - Alpari UK\experts\oa_NLV3_Core_12t09IN.mq4;662:22;'step_movegoal' - variable not defined
2;75;C:\Program Files\MetaTrader - Alpari UK\experts\oa_NLV3_Core_12t09IN.mq4;664:13;'sl_price' - variable not defined
2;75;C:\Program Files\MetaTrader - Alpari UK\experts\oa_NLV3_Core_12t09IN.mq4;664:46;'sl_onavgprice' - variable not defined
2;75;C:\Program Files\MetaTrader - Alpari UK\experts\oa_NLV3_Core_12t09IN.mq4;671:28;'b_fivedigitbroker' - variable not defined
2;75;C:\Program Files\MetaTrader - Alpari UK\experts\oa_NLV3_Core_12t09IN.mq4;673:11;'tp_price' - variable not defined
2;75;C:\Program Files\MetaTrader - Alpari UK\experts\oa_NLV3_Core_12t09IN.mq4;673:26;'tp' - variable not defined
2;75;C:\Program Files\MetaTrader - Alpari UK\experts\oa_NLV3_Core_12t09IN.mq4;673:34;'tp_price' - variable not defined
2;75;C:\Program Files\MetaTrader - Alpari UK\experts\oa_NLV3_Core_12t09IN.mq4;673:70;'tp' - variable not defined
2;75;C:\Program Files\MetaTrader - Alpari UK\experts\oa_NLV3_Core_12t09IN.mq4;675:11;'sl_price' - variable not defined
2;75;C:\Program Files\MetaTrader - Alpari UK\experts\oa_NLV3_Core_12t09IN.mq4;675:28;'sl_price' - variable not defined
2;75;C:\Program Files\MetaTrader - Alpari UK\experts\oa_NLV3_Core_12t09IN.mq4;676:11;'sl' - variable not defined
2;75;C:\Program Files\MetaTrader - Alpari UK\experts\oa_NLV3_Core_12t09IN.mq4;676:20;'stop_after_nr' - variable not defined
2;75;C:\Program Files\MetaTrader - Alpari UK\experts\oa_NLV3_Core_12t09IN.mq4;676:49;'stop_after_nr' - variable not defined
2;75;C:\Program Files\MetaTrader - Alpari UK\experts\oa_NLV3_Core_12t09IN.mq4;676:95;'sl' - variable not defined
2;75;C:\Program Files\MetaTrader - Alpari UK\experts\oa_NLV3_Core_12t09IN.mq4;678:11;'sl_trail' - variable not defined
2;75;C:\Program Files\MetaTrader - Alpari UK\experts\oa_NLV3_Core_12t09IN.mq4;678:26;'trailingstop_after_nr' - variable not defined
2;75;C:\Program Files\MetaTrader - Alpari UK\experts\oa_NLV3_Core_12t09IN.mq4;678:63;'trailingstop_after_nr' - variable not defined
2;75;C:\Program Files\MetaTrader - Alpari UK\experts\oa_NLV3_Core_12t09IN.mq4;678:146;'sl_trail' - variable not defined
2;75;C:\Program Files\MetaTrader - Alpari UK\experts\oa_NLV3_Core_12t09IN.mq4;680:11;'sl_trail' - variable not defined
2;75;C:\Program Files\MetaTrader - Alpari UK\experts\oa_NLV3_Core_12t09IN.mq4;680:26;'trailingstop_after_nr' - variable not defined
2;75;C:\Program Files\MetaTrader - Alpari UK\experts\oa_NLV3_Core_12t09IN.mq4;680:63;'trailingstop_after_nr' - variable not defined
2;75;C:\Program Files\MetaTrader - Alpari UK\experts\oa_NLV3_Core_12t09IN.mq4;681:48;'sl_trail' - variable not defined
2;75;C:\Program Files\MetaTrader - Alpari UK\experts\oa_NLV3_Core_12t09IN.mq4;681:77;'sl_trail' - variable not defined
2;75;C:\Program Files\MetaTrader - Alpari UK\experts\oa_NLV3_Core_12t09IN.mq4;682:35;'sl_onavgprice' - variable not defined
2;75;C:\Program Files\MetaTrader - Alpari UK\experts\oa_NLV3_Core_12t09IN.mq4;684:11;'sl_price' - variable not defined
2;75;C:\Program Files\MetaTrader - Alpari UK\experts\oa_NLV3_Core_12t09IN.mq4;684:31;'sl_price' - variable not defined
2;75;C:\Program Files\MetaTrader - Alpari UK\experts\oa_NLV3_Core_12t09IN.mq4;684:50;'sl_step' - variable not defined
2;75;C:\Program Files\MetaTrader - Alpari UK\experts\oa_NLV3_Core_12t09IN.mq4;685:124;'sl_price' - variable not defined
2;75;C:\Program Files\MetaTrader - Alpari UK\experts\oa_NLV3_Core_12t09IN.mq4;686:18;'sl_price' - variable not defined
2;75;C:\Program Files\MetaTrader - Alpari UK\experts\oa_NLV3_Core_12t09IN.mq4;686:28;'sl_price' - variable not defined
2;75;C:\Program Files\MetaTrader - Alpari UK\experts\oa_NLV3_Core_12t09IN.mq4;687:125;'sl_price' - variable not defined
2;75;C:\Program Files\MetaTrader - Alpari UK\experts\oa_NLV3_Core_12t09IN.mq4;688:14;'sl' - variable not defined
2;75;C:\Program Files\MetaTrader - Alpari UK\experts\oa_NLV3_Core_12t09IN.mq4;688:23;'stop_after_nr' - variable not defined
2;75;C:\Program Files\MetaTrader - Alpari UK\experts\oa_NLV3_Core_12t09IN.mq4;688:52;'stop_after_nr' - variable not defined
2;75;C:\Program Files\MetaTrader - Alpari UK\experts\oa_NLV3_Core_12t09IN.mq4;688:74;'sl_price' - variable not defined
2;75;C:\Program Files\MetaTrader - Alpari UK\experts\oa_NLV3_Core_12t09IN.mq4;688:86;'sl_price' - variable not defined
2;75;C:\Program Files\MetaTrader - Alpari UK\experts\oa_NLV3_Core_12t09IN.mq4;688:100;'sl_price' - variable not defined
2;75;C:\Program Files\MetaTrader - Alpari UK\experts\oa_NLV3_Core_12t09IN.mq4;696:13;'sl_trail' - variable not defined
2;75;C:\Program Files\MetaTrader - Alpari UK\experts\oa_NLV3_Core_12t09IN.mq4;696:27;'trailingstop_after_nr' - variable not defined
2;75;C:\Program Files\MetaTrader - Alpari UK\experts\oa_NLV3_Core_12t09IN.mq4;696:64;'trailingstop_after_nr' - variable not defined
2;75;C:\Program Files\MetaTrader - Alpari UK\experts\oa_NLV3_Core_12t09IN.mq4;699:32;'tp_price' - variable not defined
2;75;C:\Program Files\MetaTrader - Alpari UK\experts\oa_NLV3_Core_12t09IN.mq4;699:61;'sl_price' - variable not defined
2;75;C:\Program Files\MetaTrader - Alpari UK\experts\oa_NLV3_Core_12t09IN.mq4;700:56;'sl_price' - variable not defined
2;75;C:\Program Files\MetaTrader - Alpari UK\experts\oa_NLV3_Core_12t09IN.mq4;700:65;'tp_price' - variable not defined
2;75;C:\Program Files\MetaTrader - Alpari UK\experts\oa_NLV3_Core_12t09IN.mq4;705:27;'b_fivedigitbroker' - variable not defined
2;75;C:\Program Files\MetaTrader - Alpari UK\experts\oa_NLV3_Core_12t09IN.mq4;724:28;'hidden_equity' - variable not defined
2;75;C:\Program Files\MetaTrader - Alpari UK\experts\oa_NLV3_Core_12t09IN.mq4;724:64;'max_loss_percent' - variable not defined
2;75;C:\Program Files\MetaTrader - Alpari UK\experts\oa_NLV3_Core_12t09IN.mq4;725:28;'hidden_equity' - variable not defined
2;75;C:\Program Files\MetaTrader - Alpari UK\experts\oa_NLV3_Core_12t09IN.mq4;725:64;'ult_max_loss_percent' - variable not defined
2;75;C:\Program Files\MetaTrader - Alpari UK\experts\oa_NLV3_Core_12t09IN.mq4;726:11;'b_letprofitrun' - variable not defined
2;75;C:\Program Files\MetaTrader - Alpari UK\experts\oa_NLV3_Core_12t09IN.mq4;727:11;'b_letprofitrun' - variable not defined
2;75;C:\Program Files\MetaTrader - Alpari UK\experts\oa_NLV3_Core_12t09IN.mq4;727:82;'fallbackpip_min' - variable not defined
2;75;C:\Program Files\MetaTrader - Alpari UK\experts\oa_NLV3_Core_12t09IN.mq4;728:33;'fallbackpip_max' - variable not defined
2;75;C:\Program Files\MetaTrader - Alpari UK\experts\oa_NLV3_Core_12t09IN.mq4;728:86;'fallbackpercent_max' - variable not defined
2;75;C:\Program Files\MetaTrader - Alpari UK\experts\oa_NLV3_Core_12t09IN.mq4;729:20;'stop_after_hour_tillsection' - variable not defined
2;75;C:\Program Files\MetaTrader - Alpari UK\experts\oa_NLV3_Core_12t09IN.mq4;729:76;'stop_after_hour' - variable not defined
2;75;C:\Program Files\MetaTrader - Alpari UK\experts\oa_NLV3_Core_12t09IN.mq4;729:100;'stop_after_hour' - variable not defined
2;75;C:\Program Files\MetaTrader - Alpari UK\experts\oa_NLV3_Core_12t09IN.mq4;729:122;'stop_after_hour_minloss' - variable not defined
2;75;C:\Program Files\MetaTrader - Alpari UK\experts\oa_NLV3_Core_12t09IN.mq4;729:166;'stop_after_hour_minprofit' - variable not defined
2;75;C:\Program Files\MetaTrader - Alpari UK\experts\oa_NLV3_Core_12t09IN.mq4;730:20;'stop_after_hour_tillsection' - variable not defined
2;75;C:\Program Files\MetaTrader - Alpari UK\experts\oa_NLV3_Core_12t09IN.mq4;730:76;'stop_after_hour2' - variable not defined
2;75;C:\Program Files\MetaTrader - Alpari UK\experts\oa_NLV3_Core_12t09IN.mq4;730:101;'stop_after_hour2' - variable not defined
2;75;C:\Program Files\MetaTrader - Alpari UK\experts\oa_NLV3_Core_12t09IN.mq4;730:124;'stop_after_hour_minloss2' - variable not defined
2;75;C:\Program Files\MetaTrader - Alpari UK\experts\oa_NLV3_Core_12t09IN.mq4;730:169;'stop_after_hour_minprofit2' - variable not defined
2;75;C:\Program Files\MetaTrader - Alpari UK\experts\oa_NLV3_Core_12t09IN.mq4;731:20;'stop_after_hour_tillsection' - variable not defined
2;75;C:\Program Files\MetaTrader - Alpari UK\experts\oa_NLV3_Core_12t09IN.mq4;731:76;'stop_after_hour' - variable not defined
2;75;C:\Program Files\MetaTrader - Alpari UK\experts\oa_NLV3_Core_12t09IN.mq4;731:100;'stop_after_hour' - variable not defined
2;75;C:\Program Files\MetaTrader - Alpari UK\experts\oa_NLV3_Core_12t09IN.mq4;731:122;'stop_after_hour_minloss' - variable not defined
2;75;C:\Program Files\MetaTrader - Alpari UK\experts\oa_NLV3_Core_12t09IN.mq4;731:152;'stop_after_hour_minprofit' - variable not defined
2;75;C:\Program Files\MetaTrader - Alpari UK\experts\oa_NLV3_Core_12t09IN.mq4;731:198;'stop_after_hour_minloss' - variable not defined
2;75;C:\Program Files\MetaTrader - Alpari UK\experts\oa_NLV3_Core_12t09IN.mq4;732:20;'stop_after_hour_tillsection' - variable not defined
2;75;C:\Program Files\MetaTrader - Alpari UK\experts\oa_NLV3_Core_12t09IN.mq4;732:76;'stop_after_hour2' - variable not defined
2;75;C:\Program Files\MetaTrader - Alpari UK\experts\oa_NLV3_Core_12t09IN.mq4;732:101;'stop_after_hour2' - variable not defined
2;75;C:\Program Files\MetaTrader - Alpari UK\experts\oa_NLV3_Core_12t09IN.mq4;732:124;'stop_after_hour_minloss2' - variable not defined
2;75;C:\Program Files\MetaTrader - Alpari UK\experts\oa_NLV3_Core_12t09IN.mq4;732:154;'stop_after_hour_minprofit2' - variable not defined
2;75;C:\Program Files\MetaTrader - Alpari UK\experts\oa_NLV3_Core_12t09IN.mq4;732:201;'stop_after_hour_minloss2' - variable not defined
2;75;C:\Program Files\MetaTrader - Alpari UK\experts\oa_NLV3_Core_12t09IN.mq4;733:35;'sl_price' - variable not defined
2;75;C:\Program Files\MetaTrader - Alpari UK\experts\oa_NLV3_Core_12t09IN.mq4;733:47;'sl_price' - variable not defined
2;75;C:\Program Files\MetaTrader - Alpari UK\experts\oa_NLV3_Core_12t09IN.mq4;733:69;'tp_price' - variable not defined
2;75;C:\Program Files\MetaTrader - Alpari UK\experts\oa_NLV3_Core_12t09IN.mq4;733:81;'tp_price' - variable not defined
2;75;C:\Program Files\MetaTrader - Alpari UK\experts\oa_NLV3_Core_12t09IN.mq4;734:36;'sl_price' - variable not defined
2;75;C:\Program Files\MetaTrader - Alpari UK\experts\oa_NLV3_Core_12t09IN.mq4;734:48;'sl_price' - variable not defined
2;75;C:\Program Files\MetaTrader - Alpari UK\experts\oa_NLV3_Core_12t09IN.mq4;734:70;'tp_price' - variable not defined
2;75;C:\Program Files\MetaTrader - Alpari UK\experts\oa_NLV3_Core_12t09IN.mq4;734:82;'tp_price' - variable not defined
2;75;C:\Program Files\MetaTrader - Alpari UK\experts\oa_NLV3_Core_12t09IN.mq4;736:36;'stop_after_lastopen_min' - variable not defined
2;75;C:\Program Files\MetaTrader - Alpari UK\experts\oa_NLV3_Core_12t09IN.mq4;736:66;'stop_after_lastopen_min' - variable not defined
2;75;C:\Program Files\MetaTrader - Alpari UK\experts\oa_NLV3_Core_12t09IN.mq4;736:110;'stop_after_lastopen_minprofit' - variable not defined
2;75;C:\Program Files\MetaTrader - Alpari UK\experts\oa_NLV3_Core_12t09IN.mq4;744:34;'ult_reverse' - variable not defined
2;75;C:\Program Files\MetaTrader - Alpari UK\experts\oa_NLV3_Core_12t09IN.mq4;745:35;'ult_reverse' - variable not defined
2;75;C:\Program Files\MetaTrader - Alpari UK\experts\oa_NLV3_Core_12t09IN.mq4;755:27;'strat_act' - variable not defined
2;75;C:\Program Files\MetaTrader - Alpari UK\experts\oa_NLV3_Core_12t09IN.mq4;756:47;'strat_act' - variable not defined
2;75;C:\Program Files\MetaTrader - Alpari UK\experts\oa_NLV3_Core_12t09IN.mq4;760:53;'MAGIC_Rf' - variable not defined
2;75;C:\Program Files\MetaTrader - Alpari UK\experts\oa_NLV3_Core_12t09IN.mq4;764:57;'MAGIC_Rf' - variable not defined
2;75;C:\Program Files\MetaTrader - Alpari UK\experts\oa_NLV3_Core_12t09IN.mq4;776:10;'strat_act' - variable not defined
2;75;C:\Program Files\MetaTrader - Alpari UK\experts\oa_NLV3_Core_12t09IN.mq4;792:10;'strat_act' - variable not defined
2;75;C:\Program Files\MetaTrader - Alpari UK\experts\oa_NLV3_Core_12t09IN.mq4;812:4;'strat_symbol' - variable not defined
2;75;C:\Program Files\MetaTrader - Alpari UK\experts\oa_NLV3_Core_12t09IN.mq4;812:23;'strat_symbol_m' - variable not defined
2;75;C:\Program Files\MetaTrader - Alpari UK\experts\oa_NLV3_Core_12t09IN.mq4;813:4;'strat_period' - variable not defined
2;75;C:\Program Files\MetaTrader - Alpari UK\experts\oa_NLV3_Core_12t09IN.mq4;813:23;'strat_preiod_m' - variable not defined
2;75;C:\Program Files\MetaTrader - Alpari UK\experts\oa_NLV3_Core_12t09IN.mq4;814:4;'b_signal2_trading' - variable not defined
2;75;C:\Program Files\MetaTrader - Alpari UK\experts\oa_NLV3_Core_12t09IN.mq4;814:22;'b_signal2_trading_m' - variable not defined
2;75;C:\Program Files\MetaTrader - Alpari UK\experts\oa_NLV3_Core_12t09IN.mq4;815:4;'tradinghour_start' - variable not defined
2;75;C:\Program Files\MetaTrader - Alpari UK\experts\oa_NLV3_Core_12t09IN.mq4;815:23;'tradinghour_start_m' - variable not defined
2;75;C:\Program Files\MetaTrader - Alpari UK\experts\oa_NLV3_Core_12t09IN.mq4;816:4;'tradinghour_end' - variable not defined
2;75;C:\Program Files\MetaTrader - Alpari UK\experts\oa_NLV3_Core_12t09IN.mq4;816:23;'tradinghour_end_m' - variable not defined
2;75;C:\Program Files\MetaTrader - Alpari UK\experts\oa_NLV3_Core_12t09IN.mq4;817:4;'tradinghour' - variable not defined
2;75;C:\Program Files\MetaTrader - Alpari UK\experts\oa_NLV3_Core_12t09IN.mq4;817:23;'tradinghour_m' - variable not defined
2;75;C:\Program Files\MetaTrader - Alpari UK\experts\oa_NLV3_Core_12t09IN.mq4;818:4;'tradingfridaytill' - variable not defined
2;75;C:\Program Files\MetaTrader - Alpari UK\experts\oa_NLV3_Core_12t09IN.mq4;818:23;'tradingfridaytill_m' - variable not defined
2;75;C:\Program Files\MetaTrader - Alpari UK\experts\oa_NLV3_Core_12t09IN.mq4;819:4;'tradingdayoyearmax' - variable not defined
2;75;C:\Program Files\MetaTrader - Alpari UK\experts\oa_NLV3_Core_12t09IN.mq4;819:23;'tradingdayoyearmax_m' - variable not defined
2;75;C:\Program Files\MetaTrader - Alpari UK\experts\oa_NLV3_Core_12t09IN.mq4;821:4;'entry_type' - variable not defined
2;75;C:\Program Files\MetaTrader - Alpari UK\experts\oa_NLV3_Core_12t09IN.mq4;821:23;'entry_type_m' - variable not defined
2;75;C:\Program Files\MetaTrader - Alpari UK\experts\oa_NLV3_Core_12t09IN.mq4;822:4;'entry_reverse' - variable not defined
2;75;C:\Program Files\MetaTrader - Alpari UK\experts\oa_NLV3_Core_12t09IN.mq4;822:23;'entry_reverse_m' - variable not defined
2;75;C:\Program Files\MetaTrader - Alpari UK\experts\oa_NLV3_Core_12t09IN.mq4;823:38;'entry_ordertype' - variable not defined
2;75;C:\Program Files\MetaTrader - Alpari UK\experts\oa_NLV3_Core_12t09IN.mq4;823:57;'entry_ordertype_m' - variable not defined
2;75;C:\Program Files\MetaTrader - Alpari UK\experts\oa_NLV3_Core_12t09IN.mq4;824:38;'entry_orderbridge' - variable not defined
2;75;C:\Program Files\MetaTrader - Alpari UK\experts\oa_NLV3_Core_12t09IN.mq4;824:57;'entry_orderbridge_m' - variable not defined
2;75;C:\Program Files\MetaTrader - Alpari UK\experts\oa_NLV3_Core_12t09IN.mq4;825:38;'entry_expire' - variable not defined
2;75;C:\Program Files\MetaTrader - Alpari UK\experts\oa_NLV3_Core_12t09IN.mq4;825:57;'entry_expire_m' - variable not defined
2;75;C:\Program Files\MetaTrader - Alpari UK\experts\oa_NLV3_Core_12t09IN.mq4;827:4;'lots_equityperlot' - variable not defined
2;75;C:\Program Files\MetaTrader - Alpari UK\experts\oa_NLV3_Core_12t09IN.mq4;827:23;'lots_equityperlot_m' - variable not defined
2;75;C:\Program Files\MetaTrader - Alpari UK\experts\oa_NLV3_Core_12t09IN.mq4;828:4;'martingal' - variable not defined
2;75;C:\Program Files\MetaTrader - Alpari UK\experts\oa_NLV3_Core_12t09IN.mq4;828:23;'martingal_m' - variable not defined
2;75;C:\Program Files\MetaTrader - Alpari UK\experts\oa_NLV3_Core_12t09IN.mq4;830:8;'b_aggressive' - variable not defined
2;75;C:\Program Files\MetaTrader - Alpari UK\experts\oa_NLV3_Core_12t09IN.mq4;830:28;'lots_equityperlot' - variable not defined
2;75;C:\Program Files\MetaTrader - Alpari UK\experts\oa_NLV3_Core_12t09IN.mq4;830:47;'lots_equityperlot_ma' - variable not defined
2;75;C:\Program Files\MetaTrader - Alpari UK\experts\oa_NLV3_Core_12t09IN.mq4;831:4;'MAGIC_Rf' - variable not defined
2;75;C:\Program Files\MetaTrader - Alpari UK\experts\oa_NLV3_Core_12t09IN.mq4;831:23;'MAGIC_Rf_m' - variable not defined
2;75;C:\Program Files\MetaTrader - Alpari UK\experts\oa_NLV3_Core_12t09IN.mq4;833:4;'increase_lots' - variable not defined
2;75;C:\Program Files\MetaTrader - Alpari UK\experts\oa_NLV3_Core_12t09IN.mq4;833:29;'increase_lots_m' - variable not defined
2;75;C:\Program Files\MetaTrader - Alpari UK\experts\oa_NLV3_Core_12t09IN.mq4;834:4;'increase_for_every' - variable not defined
2;75;C:\Program Files\MetaTrader - Alpari UK\experts\oa_NLV3_Core_12t09IN.mq4;834:30;'increase_for_every_m' - variable not defined
2;75;C:\Program Files\MetaTrader - Alpari UK\experts\oa_NLV3_Core_12t09IN.mq4;835:4;'increase_percent' - variable not defined
2;75;C:\Program Files\MetaTrader - Alpari UK\experts\oa_NLV3_Core_12t09IN.mq4;835:29;'increase_percent_m' - variable not defined
2;75;C:\Program Files\MetaTrader - Alpari UK\experts\oa_NLV3_Core_12t09IN.mq4;837:4;'step_up' - variable not defined
2;75;C:\Program Files\MetaTrader - Alpari UK\experts\oa_NLV3_Core_12t09IN.mq4;837:29;'step_up_m' - variable not defined
2;75;C:\Program Files\MetaTrader - Alpari UK\experts\oa_NLV3_Core_12t09IN.mq4;838:4;'step_down' - variable not defined
2;75;C:\Program Files\MetaTrader - Alpari UK\experts\oa_NLV3_Core_12t09IN.mq4;838:29;'step_down_m' - variable not defined
2;75;C:\Program Files\MetaTrader - Alpari UK\experts\oa_NLV3_Core_12t09IN.mq4;839:4;'step_down_first' - variable not defined
2;75;C:\Program Files\MetaTrader - Alpari UK\experts\oa_NLV3_Core_12t09IN.mq4;839:29;'step_down_first_m' - variable not defined
2;75;C:\Program Files\MetaTrader - Alpari UK\experts\oa_NLV3_Core_12t09IN.mq4;840:4;'step_down_minute' - variable not defined
2;75;C:\Program Files\MetaTrader - Alpari UK\experts\oa_NLV3_Core_12t09IN.mq4;840:29;'step_down_minute_m' - variable not defined
2;75;C:\Program Files\MetaTrader - Alpari UK\experts\oa_NLV3_Core_12t09IN.mq4;841:4;'step_max_nr' - variable not defined
2;75;C:\Program Files\MetaTrader - Alpari UK\experts\oa_NLV3_Core_12t09IN.mq4;841:29;'step_max_nr_m' - variable not defined
2;75;C:\Program Files\MetaTrader - Alpari UK\experts\oa_NLV3_Core_12t09IN.mq4;842:4;'step_max_nr_down' - variable not defined
2;75;C:\Program Files\MetaTrader - Alpari UK\experts\oa_NLV3_Core_12t09IN.mq4;842:29;'step_max_nr_down_m' - variable not defined
2;75;C:\Program Files\MetaTrader - Alpari UK\experts\oa_NLV3_Core_12t09IN.mq4;843:4;'step_movegoal' - variable not defined
2;75;C:\Program Files\MetaTrader - Alpari UK\experts\oa_NLV3_Core_12t09IN.mq4;843:29;'step_movegoal_m' - variable not defined
2;75;C:\Program Files\MetaTrader - Alpari UK\experts\oa_NLV3_Core_12t09IN.mq4;844:4;'step_type' - variable not defined
2;75;C:\Program Files\MetaTrader - Alpari UK\experts\oa_NLV3_Core_12t09IN.mq4;844:29;'step_type_m' - variable not defined
2;75;C:\Program Files\MetaTrader - Alpari UK\experts\oa_NLV3_Core_12t09IN.mq4;846:4;'tp_avg' - variable not defined
2;75;C:\Program Files\MetaTrader - Alpari UK\experts\oa_NLV3_Core_12t09IN.mq4;846:29;'tp_avg_m' - variable not defined
2;75;C:\Program Files\MetaTrader - Alpari UK\experts\oa_NLV3_Core_12t09IN.mq4;847:4;'tp' - variable not defined
2;75;C:\Program Files\MetaTrader - Alpari UK\experts\oa_NLV3_Core_12t09IN.mq4;847:29;'tp_m' - variable not defined
2;75;C:\Program Files\MetaTrader - Alpari UK\experts\oa_NLV3_Core_12t09IN.mq4;848:4;'tp_price' - variable not defined
2;75;C:\Program Files\MetaTrader - Alpari UK\experts\oa_NLV3_Core_12t09IN.mq4;848:29;'tp_price_m' - variable not defined
2;75;C:\Program Files\MetaTrader - Alpari UK\experts\oa_NLV3_Core_12t09IN.mq4;850:4;'b_letprofitrun' - variable not defined
2;75;C:\Program Files\MetaTrader - Alpari UK\experts\oa_NLV3_Core_12t09IN.mq4;850:29;'b_letprofitrun_m' - variable not defined
2;75;C:\Program Files\MetaTrader - Alpari UK\experts\oa_NLV3_Core_12t09IN.mq4;851:4;'fallbackpip_min' - variable not defined
2;75;C:\Program Files\MetaTrader - Alpari UK\experts\oa_NLV3_Core_12t09IN.mq4;851:29;'fallbackpip_min_m' - variable not defined
2;75;C:\Program Files\MetaTrader - Alpari UK\experts\oa_NLV3_Core_12t09IN.mq4;852:4;'fallbackpip_max' - variable not defined
2;75;C:\Program Files\MetaTrader - Alpari UK\experts\oa_NLV3_Core_12t09IN.mq4;852:29;'fallbackpip_max_m' - variable not defined
2;75;C:\Program Files\MetaTrader - Alpari UK\experts\oa_NLV3_Core_12t09IN.mq4;853:4;'fallbackpercent_max' - variable not defined
2;75;C:\Program Files\MetaTrader - Alpari UK\experts\oa_NLV3_Core_12t09IN.mq4;853:29;'fallbackpercent_max_m' - variable not defined
2;75;C:\Program Files\MetaTrader - Alpari UK\experts\oa_NLV3_Core_12t09IN.mq4;855:4;'max_loss_percent' - variable not defined
2;75;C:\Program Files\MetaTrader - Alpari UK\experts\oa_NLV3_Core_12t09IN.mq4;855:29;'max_loss_percent_m' - variable not defined
2;75;C:\Program Files\MetaTrader - Alpari UK\experts\oa_NLV3_Core_12t09IN.mq4;856:4;'sl' - variable not defined
2;75;C:\Program Files\MetaTrader - Alpari UK\experts\oa_NLV3_Core_12t09IN.mq4;856:29;'sl_m' - variable not defined
2;75;C:\Program Files\MetaTrader - Alpari UK\experts\oa_NLV3_Core_12t09IN.mq4;857:4;'sl_trail' - variable not defined
2;75;C:\Program Files\MetaTrader - Alpari UK\experts\oa_NLV3_Core_12t09IN.mq4;857:29;'sl_trail_m' - variable not defined
2;75;C:\Program Files\MetaTrader - Alpari UK\experts\oa_NLV3_Core_12t09IN.mq4;858:4;'sl_price' - variable not defined
2;75;C:\Program Files\MetaTrader - Alpari UK\experts\oa_NLV3_Core_12t09IN.mq4;858:29;'sl_price_m' - variable not defined
2;75;C:\Program Files\MetaTrader - Alpari UK\experts\oa_NLV3_Core_12t09IN.mq4;859:4;'sl_step' - variable not defined
2;75;C:\Program Files\MetaTrader - Alpari UK\experts\oa_NLV3_Core_12t09IN.mq4;859:29;'sl_step_m' - variable not defined
2;75;C:\Program Files\MetaTrader - Alpari UK\experts\oa_NLV3_Core_12t09IN.mq4;860:4;'sl_step_first' - variable not defined
2;75;C:\Program Files\MetaTrader - Alpari UK\experts\oa_NLV3_Core_12t09IN.mq4;860:29;'sl_step_first_m' - variable not defined
2;75;C:\Program Files\MetaTrader - Alpari UK\experts\oa_NLV3_Core_12t09IN.mq4;861:4;'sl_onavgprice' - variable not defined
2;75;C:\Program Files\MetaTrader - Alpari UK\experts\oa_NLV3_Core_12t09IN.mq4;861:29;'sl_onavgprice_m' - variable not defined
2;75;C:\Program Files\MetaTrader - Alpari UK\experts\oa_NLV3_Core_12t09IN.mq4;863:4;'trailingstop_after_nr' - variable not defined
2;75;C:\Program Files\MetaTrader - Alpari UK\experts\oa_NLV3_Core_12t09IN.mq4;863:29;'trailingstop_after_nr_m' - variable not defined
2;75;C:\Program Files\MetaTrader - Alpari UK\experts\oa_NLV3_Core_12t09IN.mq4;864:4;'stop_after_nr' - variable not defined
2;75;C:\Program Files\MetaTrader - Alpari UK\experts\oa_NLV3_Core_12t09IN.mq4;864:29;'stop_after_nr_m' - variable not defined
2;75;C:\Program Files\MetaTrader - Alpari UK\experts\oa_NLV3_Core_12t09IN.mq4;866:4;'stop_after_hour' - variable not defined
2;75;C:\Program Files\MetaTrader - Alpari UK\experts\oa_NLV3_Core_12t09IN.mq4;866:32;'stop_after_hour_m' - variable not defined
2;75;C:\Program Files\MetaTrader - Alpari UK\experts\oa_NLV3_Core_12t09IN.mq4;867:4;'stop_after_hour_minprofit' - variable not defined
2;75;C:\Program Files\MetaTrader - Alpari UK\experts\oa_NLV3_Core_12t09IN.mq4;867:32;'stop_after_hour_minprofit_m' - variable not defined
2;75;C:\Program Files\MetaTrader - Alpari UK\experts\oa_NLV3_Core_12t09IN.mq4;868:4;'stop_after_hour_minloss' - variable not defined
2;75;C:\Program Files\MetaTrader - Alpari UK\experts\oa_NLV3_Core_12t09IN.mq4;868:32;'stop_after_hour_minloss_m' - variable not defined
2;75;C:\Program Files\MetaTrader - Alpari UK\experts\oa_NLV3_Core_12t09IN.mq4;869:4;'stop_after_hour2' - variable not defined
2;75;C:\Program Files\MetaTrader - Alpari UK\experts\oa_NLV3_Core_12t09IN.mq4;869:32;'stop_after_hour2_m' - variable not defined
2;75;C:\Program Files\MetaTrader - Alpari UK\experts\oa_NLV3_Core_12t09IN.mq4;870:4;'stop_after_hour_minprofit2' - variable not defined
2;75;C:\Program Files\MetaTrader - Alpari UK\experts\oa_NLV3_Core_12t09IN.mq4;870:32;'stop_after_hour_minprofit2_m' - variable not defined
2;75;C:\Program Files\MetaTrader - Alpari UK\experts\oa_NLV3_Core_12t09IN.mq4;871:4;'stop_after_hour_minloss2' - variable not defined
2;75;C:\Program Files\MetaTrader - Alpari UK\experts\oa_NLV3_Core_12t09IN.mq4;871:33;'stop_after_hour_minloss2_m' - variable not defined
2;75;C:\Program Files\MetaTrader - Alpari UK\experts\oa_NLV3_Core_12t09IN.mq4;873:4;'signal_atr_max' - variable not defined
2;75;C:\Program Files\MetaTrader - Alpari UK\experts\oa_NLV3_Core_12t09IN.mq4;873:23;'signal_atr_max_m' - variable not defined
2;75;C:\Program Files\MetaTrader - Alpari UK\experts\oa_NLV3_Core_12t09IN.mq4;874:4;'signal_atr_min' - variable not defined
2;75;C:\Program Files\MetaTrader - Alpari UK\experts\oa_NLV3_Core_12t09IN.mq4;874:23;'signal_atr_min_m' - variable not defined
2;75;C:\Program Files\MetaTrader - Alpari UK\experts\oa_NLV3_Core_12t09IN.mq4;875:4;'atr_preiod' - variable not defined
2;75;C:\Program Files\MetaTrader - Alpari UK\experts\oa_NLV3_Core_12t09IN.mq4;875:23;'atr_preiod_m' - variable not defined
2;75;C:\Program Files\MetaTrader - Alpari UK\experts\oa_NLV3_Core_12t09IN.mq4;877:4;'signal_adx_limit' - variable not defined
2;75;C:\Program Files\MetaTrader - Alpari UK\experts\oa_NLV3_Core_12t09IN.mq4;877:23;'signal_adx_limit_m' - variable not defined
2;75;C:\Program Files\MetaTrader - Alpari UK\experts\oa_NLV3_Core_12t09IN.mq4;878:4;'signal_adx_max' - variable not defined
2;75;C:\Program Files\MetaTrader - Alpari UK\experts\oa_NLV3_Core_12t09IN.mq4;878:23;'signal_adx_max_m' - variable not defined
2;75;C:\Program Files\MetaTrader - Alpari UK\experts\oa_NLV3_Core_12t09IN.mq4;879:4;'adx_preiod' - variable not defined
2;75;C:\Program Files\MetaTrader - Alpari UK\experts\oa_NLV3_Core_12t09IN.mq4;879:23;'adx_preiod_m' - variable not defined
2;75;C:\Program Files\MetaTrader - Alpari UK\experts\oa_NLV3_Core_12t09IN.mq4;880:4;'signal_adx_limit2' - variable not defined
2;75;C:\Program Files\MetaTrader - Alpari UK\experts\oa_NLV3_Core_12t09IN.mq4;880:23;'signal_adx_limit2_m' - variable not defined
2;75;C:\Program Files\MetaTrader - Alpari UK\experts\oa_NLV3_Core_12t09IN.mq4;881:4;'adx_preiod2' - variable not defined
2;75;C:\Program Files\MetaTrader - Alpari UK\experts\oa_NLV3_Core_12t09IN.mq4;881:23;'adx_preiod2_m' - variable not defined
2;75;C:\Program Files\MetaTrader - Alpari UK\experts\oa_NLV3_Core_12t09IN.mq4;882:4;'signal_stoch_down' - variable not defined
2;75;C:\Program Files\MetaTrader - Alpari UK\experts\oa_NLV3_Core_12t09IN.mq4;882:23;'signal_stoch_limit_m' - variable not defined
2;75;C:\Program Files\MetaTrader - Alpari UK\experts\oa_NLV3_Core_12t09IN.mq4;883:4;'stoch_preiod' - variable not defined
2;75;C:\Program Files\MetaTrader - Alpari UK\experts\oa_NLV3_Core_12t09IN.mq4;883:23;'adx_stoch_m' - variable not defined
2;75;C:\Program Files\MetaTrader - Alpari UK\experts\oa_NLV3_Core_12t09IN.mq4;884:4;'rsi_limit_down' - variable not defined
2;75;C:\Program Files\MetaTrader - Alpari UK\experts\oa_NLV3_Core_12t09IN.mq4;884:23;'rsi_limit_down_m' - variable not defined
2;75;C:\Program Files\MetaTrader - Alpari UK\experts\oa_NLV3_Core_12t09IN.mq4;885:4;'rsi_min_down' - variable not defined
2;75;C:\Program Files\MetaTrader - Alpari UK\experts\oa_NLV3_Core_12t09IN.mq4;885:23;'rsi_limit_min_m' - variable not defined
2;75;C:\Program Files\MetaTrader - Alpari UK\experts\oa_NLV3_Core_12t09IN.mq4;886:4;'rsi_period' - variable not defined
2;75;C:\Program Files\MetaTrader - Alpari UK\experts\oa_NLV3_Core_12t09IN.mq4;886:23;'rsi_period_m' - variable not defined
2;75;C:\Program Files\MetaTrader - Alpari UK\experts\oa_NLV3_Core_12t09IN.mq4;887:4;'bool_dev' - variable not defined
2;75;C:\Program Files\MetaTrader - Alpari UK\experts\oa_NLV3_Core_12t09IN.mq4;887:23;'bool_dev_m' - variable not defined
2;75;C:\Program Files\MetaTrader - Alpari UK\experts\oa_NLV3_Core_12t09IN.mq4;888:4;'bool_preiod' - variable not defined
2;75;C:\Program Files\MetaTrader - Alpari UK\experts\oa_NLV3_Core_12t09IN.mq4;888:23;'bool_preiod_m' - variable not defined
2;75;C:\Program Files\MetaTrader - Alpari UK\experts\oa_NLV3_Core_12t09IN.mq4;890:4;'stepmin1' - variable not defined
2;75;C:\Program Files\MetaTrader - Alpari UK\experts\oa_NLV3_Core_12t09IN.mq4;890:17;'stepmin1_m' - variable not defined
2;75;C:\Program Files\MetaTrader - Alpari UK\experts\oa_NLV3_Core_12t09IN.mq4;891:4;'steppip1' - variable not defined
2;75;C:\Program Files\MetaTrader - Alpari UK\experts\oa_NLV3_Core_12t09IN.mq4;891:17;'steppip1_m' - variable not defined
2;75;C:\Program Files\MetaTrader - Alpari UK\experts\oa_NLV3_Core_12t09IN.mq4;892:4;'stepmin2' - variable not defined
2;75;C:\Program Files\MetaTrader - Alpari UK\experts\oa_NLV3_Core_12t09IN.mq4;892:17;'stepmin2_m' - variable not defined
2;75;C:\Program Files\MetaTrader - Alpari UK\experts\oa_NLV3_Core_12t09IN.mq4;893:4;'steppip2' - variable not defined
2;75;C:\Program Files\MetaTrader - Alpari UK\experts\oa_NLV3_Core_12t09IN.mq4;893:17;'steppip2_m' - variable not defined
2;75;C:\Program Files\MetaTrader - Alpari UK\experts\oa_NLV3_Core_12t09IN.mq4;894:4;'stepmin3' - variable not defined
2;75;C:\Program Files\MetaTrader - Alpari UK\experts\oa_NLV3_Core_12t09IN.mq4;894:17;'stepmin3_m' - variable not defined
2;75;C:\Program Files\MetaTrader - Alpari UK\experts\oa_NLV3_Core_12t09IN.mq4;895:4;'steppip3' - variable not defined
2;75;C:\Program Files\MetaTrader - Alpari UK\experts\oa_NLV3_Core_12t09IN.mq4;895:17;'steppip3_m' - variable not defined
2;75;C:\Program Files\MetaTrader - Alpari UK\experts\oa_NLV3_Core_12t09IN.mq4;897:4;'delayminutes' - variable not defined
2;75;C:\Program Files\MetaTrader - Alpari UK\experts\oa_NLV3_Core_12t09IN.mq4;897:22;'delayminutes_m' - variable not defined
2;75;C:\Program Files\MetaTrader - Alpari UK\experts\oa_NLV3_Core_12t09IN.mq4;898:4;'delayminutesafterclose' - variable not defined
2;75;C:\Program Files\MetaTrader - Alpari UK\experts\oa_NLV3_Core_12t09IN.mq4;898:27;'delayminutesafterclose_m' - variable not defined
2;75;C:\Program Files\MetaTrader - Alpari UK\experts\oa_NLV3_Core_12t09IN.mq4;899:4;'delayminutesafterloss' - variable not defined
2;75;C:\Program Files\MetaTrader - Alpari UK\experts\oa_NLV3_Core_12t09IN.mq4;899:26;'delayminutesafterloss_m' - variable not defined
2;75;C:\Program Files\MetaTrader - Alpari UK\experts\oa_NLV3_Core_12t09IN.mq4;908:11;'b_fivedigitbroker' - variable not defined
2;75;C:\Program Files\MetaTrader - Alpari UK\experts\oa_NLV3_Core_12t09IN.mq4;909:44;'entry_orderbridge' - variable not defined
2;75;C:\Program Files\MetaTrader - Alpari UK\experts\oa_NLV3_Core_12t09IN.mq4;910:10;'step_up' - variable not defined
2;75;C:\Program Files\MetaTrader - Alpari UK\experts\oa_NLV3_Core_12t09IN.mq4;911:10;'step_down' - variable not defined
2;75;C:\Program Files\MetaTrader - Alpari UK\experts\oa_NLV3_Core_12t09IN.mq4;912:10;'step_down_first' - variable not defined
2;75;C:\Program Files\MetaTrader - Alpari UK\experts\oa_NLV3_Core_12t09IN.mq4;913:10;'step_movegoal' - variable not defined
2;75;C:\Program Files\MetaTrader - Alpari UK\experts\oa_NLV3_Core_12t09IN.mq4;914:10;'tp_avg' - variable not defined
2;75;C:\Program Files\MetaTrader - Alpari UK\experts\oa_NLV3_Core_12t09IN.mq4;915:10;'fallbackpip_min' - variable not defined
2;75;C:\Program Files\MetaTrader - Alpari UK\experts\oa_NLV3_Core_12t09IN.mq4;916:10;'fallbackpip_max' - variable not defined
2;75;C:\Program Files\MetaTrader - Alpari UK\experts\oa_NLV3_Core_12t09IN.mq4;917:10;'tp' - variable not defined
2;75;C:\Program Files\MetaTrader - Alpari UK\experts\oa_NLV3_Core_12t09IN.mq4;918:10;'sl' - variable not defined
2;75;C:\Program Files\MetaTrader - Alpari UK\experts\oa_NLV3_Core_12t09IN.mq4;919:10;'sl_trail' - variable not defined
2;75;C:\Program Files\MetaTrader - Alpari UK\experts\oa_NLV3_Core_12t09IN.mq4;920:10;'sl_step' - variable not defined
2;75;C:\Program Files\MetaTrader - Alpari UK\experts\oa_NLV3_Core_12t09IN.mq4;921:10;'sl_onavgprice' - variable not defined
2;75;C:\Program Files\MetaTrader - Alpari UK\experts\oa_NLV3_Core_12t09IN.mq4;922:10;'stop_after_hour_minprofit' - variable not defined
2;75;C:\Program Files\MetaTrader - Alpari UK\experts\oa_NLV3_Core_12t09IN.mq4;923:10;'stop_after_hour_minprofit2' - variable not defined
2;75;C:\Program Files\MetaTrader - Alpari UK\experts\oa_NLV3_Core_12t09IN.mq4;924:10;'stop_after_hour_minloss' - variable not defined
2;75;C:\Program Files\MetaTrader - Alpari UK\experts\oa_NLV3_Core_12t09IN.mq4;925:10;'stop_after_hour_minloss2' - variable not defined
2;75;C:\Program Files\MetaTrader - Alpari UK\experts\oa_NLV3_Core_12t09IN.mq4;926:10;'signal_atr_max' - variable not defined
2;75;C:\Program Files\MetaTrader - Alpari UK\experts\oa_NLV3_Core_12t09IN.mq4;927:10;'signal_atr_min' - variable not defined
2;75;C:\Program Files\MetaTrader - Alpari UK\experts\oa_NLV3_Core_12t09IN.mq4;928:10;'steppip1' - variable not defined
2;75;C:\Program Files\MetaTrader - Alpari UK\experts\oa_NLV3_Core_12t09IN.mq4;928:24;'steppip2' - variable not defined
2;75;C:\Program Files\MetaTrader - Alpari UK\experts\oa_NLV3_Core_12t09IN.mq4;928:38;'steppip3' - variable not defined
2;75;C:\Program Files\MetaTrader - Alpari UK\experts\oa_NLV3_Core_12t09IN.mq4;951:77;'b_fivedigitbroker' - variable not defined
2;75;C:\Program Files\MetaTrader - Alpari UK\experts\oa_NLV3_Core_12t09IN.mq4;967:129;'sl_price' - variable not defined
2;75;C:\Program Files\MetaTrader - Alpari UK\experts\oa_NLV3_Core_12t09IN.mq4;967:196;'tp_price' - variable not defined
2;75;C:\Program Files\MetaTrader - Alpari UK\experts\oa_NLV3_Core_12t09IN.mq4;969:79;'b_fivedigitbroker' - variable not defined
2;75;C:\Program Files\MetaTrader - Alpari UK\experts\oa_NLV3_Core_12t09IN.mq4;990:7;'sl_price' - variable not defined
2;75;C:\Program Files\MetaTrader - Alpari UK\experts\oa_NLV3_Core_12t09IN.mq4;993:54;'sl_price' - variable not defined
2;75;C:\Program Files\MetaTrader - Alpari UK\experts\oa_NLV3_Core_12t09IN.mq4;1032:47;'b_compeetingbot' - variable not defined
2;75;C:\Program Files\MetaTrader - Alpari UK\experts\oa_NLV3_Core_12t09IN.mq4;1033:49;'b_fivedigitbroker' - variable not defined
2;75;C:\Program Files\MetaTrader - Alpari UK\experts\oa_NLV3_Core_12t09IN.mq4;1034:48;'b_run_multistrat' - variable not defined
2;75;C:\Program Files\MetaTrader - Alpari UK\experts\oa_NLV3_Core_12t09IN.mq4;1035:39;'strat_1' - variable not defined
2;75;C:\Program Files\MetaTrader - Alpari UK\experts\oa_NLV3_Core_12t09IN.mq4;1036:39;'strat_2' - variable not defined
2;75;C:\Program Files\MetaTrader - Alpari UK\experts\oa_NLV3_Core_12t09IN.mq4;1037:39;'strat_3' - variable not defined
2;75;C:\Program Files\MetaTrader - Alpari UK\experts\oa_NLV3_Core_12t09IN.mq4;1038:39;'strat_4' - variable not defined
2;75;C:\Program Files\MetaTrader - Alpari UK\experts\oa_NLV3_Core_12t09IN.mq4;1039:39;'strat_5' - variable not defined
2;75;C:\Program Files\MetaTrader - Alpari UK\experts\oa_NLV3_Core_12t09IN.mq4;1040:39;'strat_6' - variable not defined
2;75;C:\Program Files\MetaTrader - Alpari UK\experts\oa_NLV3_Core_12t09IN.mq4;1041:39;'strat_7' - variable not defined
2;75;C:\Program Files\MetaTrader - Alpari UK\experts\oa_NLV3_Core_12t09IN.mq4;1042:50;'test_strategies_to' - variable not defined
2;75;C:\Program Files\MetaTrader - Alpari UK\experts\oa_NLV3_Core_12t09IN.mq4;1043:40;'MAGIC_Rf' - variable not defined
2;75;C:\Program Files\MetaTrader - Alpari UK\experts\oa_NLV3_Core_12t09IN.mq4;1044:41;'maxspread' - variable not defined
2;75;C:\Program Files\MetaTrader - Alpari UK\experts\oa_NLV3_Core_12t09IN.mq4;1045:52;'ult_max_loss_percent' - variable not defined
2;75;C:\Program Files\MetaTrader - Alpari UK\experts\oa_NLV3_Core_12t09IN.mq4;1046:43;'ult_reverse' - variable not defined
2;75;C:\Program Files\MetaTrader - Alpari UK\experts\oa_NLV3_Core_12t09IN.mq4;1047:48;'money_management' - variable not defined
2;75;C:\Program Files\MetaTrader - Alpari UK\experts\oa_NLV3_Core_12t09IN.mq4;1048:44;'b_aggressive' - variable not defined
2;75;C:\Program Files\MetaTrader - Alpari UK\experts\oa_NLV3_Core_12t09IN.mq4;1049:45;'hidden_equity' - variable not defined
2;75;C:\Program Files\MetaTrader - Alpari UK\experts\oa_NLV3_Core_12t09IN.mq4;1050:36;'lots' - variable not defined
2;75;C:\Program Files\MetaTrader - Alpari UK\experts\oa_NLV3_Core_12t09IN.mq4;1051:48;'lots_multipliyer' - variable not defined
2;75;C:\Program Files\MetaTrader - Alpari UK\experts\oa_NLV3_Core_12t09IN.mq4;1052:49;'lots_equityperlot' - variable not defined
2;75;C:\Program Files\MetaTrader - Alpari UK\experts\oa_NLV3_Core_12t09IN.mq4;1053:41;'martingal' - variable not defined
2;75;C:\Program Files\MetaTrader - Alpari UK\experts\oa_NLV3_Core_12t09IN.mq4;1054:44;'strat_period' - variable not defined
2;75;C:\Program Files\MetaTrader - Alpari UK\experts\oa_NLV3_Core_12t09IN.mq4;1055:49;'tradinghour_start' - variable not defined
2;75;C:\Program Files\MetaTrader - Alpari UK\experts\oa_NLV3_Core_12t09IN.mq4;1056:47;'tradinghour_end' - variable not defined
2;75;C:\Program Files\MetaTrader - Alpari UK\experts\oa_NLV3_Core_12t09IN.mq4;1057:43;'tradinghour' - variable not defined
2;75;C:\Program Files\MetaTrader - Alpari UK\experts\oa_NLV3_Core_12t09IN.mq4;1058:49;'tradingfridaytill' - variable not defined
2;75;C:\Program Files\MetaTrader - Alpari UK\experts\oa_NLV3_Core_12t09IN.mq4;1059:50;'tradingdayoyearmax' - variable not defined
2;75;C:\Program Files\MetaTrader - Alpari UK\experts\oa_NLV3_Core_12t09IN.mq4;1060:42;'entry_type' - variable not defined
2;75;C:\Program Files\MetaTrader - Alpari UK\experts\oa_NLV3_Core_12t09IN.mq4;1061:45;'entry_reverse' - variable not defined
2;75;C:\Program Files\MetaTrader - Alpari UK\experts\oa_NLV3_Core_12t09IN.mq4;1062:47;'entry_ordertype' - variable not defined
2;75;C:\Program Files\MetaTrader - Alpari UK\experts\oa_NLV3_Core_12t09IN.mq4;1063:49;'entry_orderbridge' - variable not defined
2;75;C:\Program Files\MetaTrader - Alpari UK\experts\oa_NLV3_Core_12t09IN.mq4;1064:44;'entry_expire' - variable not defined
2;75;C:\Program Files\MetaTrader - Alpari UK\experts\oa_NLV3_Core_12t09IN.mq4;1065:45;'increase_lots' - variable not defined
2;75;C:\Program Files\MetaTrader - Alpari UK\experts\oa_NLV3_Core_12t09IN.mq4;1066:50;'increase_for_every' - variable not defined
2;75;C:\Program Files\MetaTrader - Alpari UK\experts\oa_NLV3_Core_12t09IN.mq4;1067:48;'increase_percent' - variable not defined
2;75;C:\Program Files\MetaTrader - Alpari UK\experts\oa_NLV3_Core_12t09IN.mq4;1068:41;'step_type' - variable not defined
2;75;C:\Program Files\MetaTrader - Alpari UK\experts\oa_NLV3_Core_12t09IN.mq4;1069:39;'step_up' - variable not defined
2;75;C:\Program Files\MetaTrader - Alpari UK\experts\oa_NLV3_Core_12t09IN.mq4;1070:41;'step_down' - variable not defined
2;75;C:\Program Files\MetaTrader - Alpari UK\experts\oa_NLV3_Core_12t09IN.mq4;1071:47;'step_down_first' - variable not defined
2;75;C:\Program Files\MetaTrader - Alpari UK\experts\oa_NLV3_Core_12t09IN.mq4;1072:48;'step_down_minute' - variable not defined
2;75;C:\Program Files\MetaTrader - Alpari UK\experts\oa_NLV3_Core_12t09IN.mq4;1073:43;'step_max_nr' - variable not defined
2;75;C:\Program Files\MetaTrader - Alpari UK\experts\oa_NLV3_Core_12t09IN.mq4;1074:48;'step_max_nr_down' - variable not defined
2;75;C:\Program Files\MetaTrader - Alpari UK\experts\oa_NLV3_Core_12t09IN.mq4;1075:45;'step_movegoal' - variable not defined
2;75;C:\Program Files\MetaTrader - Alpari UK\experts\oa_NLV3_Core_12t09IN.mq4;1076:40;'tp_price' - variable not defined
2;75;C:\Program Files\MetaTrader - Alpari UK\experts\oa_NLV3_Core_12t09IN.mq4;1077:38;'tp_avg' - variable not defined
2;75;C:\Program Files\MetaTrader - Alpari UK\experts\oa_NLV3_Core_12t09IN.mq4;1078:34;'tp' - variable not defined
2;75;C:\Program Files\MetaTrader - Alpari UK\experts\oa_NLV3_Core_12t09IN.mq4;1079:46;'b_letprofitrun' - variable not defined
2;75;C:\Program Files\MetaTrader - Alpari UK\experts\oa_NLV3_Core_12t09IN.mq4;1080:47;'fallbackpip_min' - variable not defined
2;75;C:\Program Files\MetaTrader - Alpari UK\experts\oa_NLV3_Core_12t09IN.mq4;1081:47;'fallbackpip_max' - variable not defined
2;75;C:\Program Files\MetaTrader - Alpari UK\experts\oa_NLV3_Core_12t09IN.mq4;1082:51;'fallbackpercent_max' - variable not defined
2;75;C:\Program Files\MetaTrader - Alpari UK\experts\oa_NLV3_Core_12t09IN.mq4;1083:48;'max_loss_percent' - variable not defined
2;75;C:\Program Files\MetaTrader - Alpari UK\experts\oa_NLV3_Core_12t09IN.mq4;1084:40;'sl_price' - variable not defined
2;75;C:\Program Files\MetaTrader - Alpari UK\experts\oa_NLV3_Core_12t09IN.mq4;1085:34;'sl' - variable not defined
2;75;C:\Program Files\MetaTrader - Alpari UK\experts\oa_NLV3_Core_12t09IN.mq4;1086:40;'sl_trail' - variable not defined
2;75;C:\Program Files\MetaTrader - Alpari UK\experts\oa_NLV3_Core_12t09IN.mq4;1087:39;'sl_step' - variable not defined
2;75;C:\Program Files\MetaTrader - Alpari UK\experts\oa_NLV3_Core_12t09IN.mq4;1088:45;'sl_step_first' - variable not defined
2;75;C:\Program Files\MetaTrader - Alpari UK\experts\oa_NLV3_Core_12t09IN.mq4;1089:45;'sl_onavgprice' - variable not defined
2;75;C:\Program Files\MetaTrader - Alpari UK\experts\oa_NLV3_Core_12t09IN.mq4;1090:53;'trailingstop_after_nr' - variable not defined
2;75;C:\Program Files\MetaTrader - Alpari UK\experts\oa_NLV3_Core_12t09IN.mq4;1091:45;'stop_after_nr' - variable not defined
2;75;C:\Program Files\MetaTrader - Alpari UK\experts\oa_NLV3_Core_12t09IN.mq4;1092:59;'stop_after_hour_tillsection' - variable not defined
2;75;C:\Program Files\MetaTrader - Alpari UK\experts\oa_NLV3_Core_12t09IN.mq4;1093:47;'stop_after_hour' - variable not defined
2;75;C:\Program Files\MetaTrader - Alpari UK\experts\oa_NLV3_Core_12t09IN.mq4;1094:57;'stop_after_hour_minprofit' - variable not defined
2;75;C:\Program Files\MetaTrader - Alpari UK\experts\oa_NLV3_Core_12t09IN.mq4;1095:55;'stop_after_hour_minloss' - variable not defined
2;75;C:\Program Files\MetaTrader - Alpari UK\experts\oa_NLV3_Core_12t09IN.mq4;1096:48;'stop_after_hour2' - variable not defined
2;75;C:\Program Files\MetaTrader - Alpari UK\experts\oa_NLV3_Core_12t09IN.mq4;1097:58;'stop_after_hour_minprofit2' - variable not defined
2;75;C:\Program Files\MetaTrader - Alpari UK\experts\oa_NLV3_Core_12t09IN.mq4;1098:56;'stop_after_hour_minloss2' - variable not defined
2;75;C:\Program Files\MetaTrader - Alpari UK\experts\oa_NLV3_Core_12t09IN.mq4;1099:55;'stop_after_lastopen_min' - variable not defined
2;75;C:\Program Files\MetaTrader - Alpari UK\experts\oa_NLV3_Core_12t09IN.mq4;1100:61;'stop_after_lastopen_minprofit' - variable not defined
2;75;C:\Program Files\MetaTrader - Alpari UK\experts\oa_NLV3_Core_12t09IN.mq4;1101:61;'stop_after_lastopen_maxprofit' - variable not defined
2;75;C:\Program Files\MetaTrader - Alpari UK\experts\oa_NLV3_Core_12t09IN.mq4;1102:46;'signal_atr_max' - variable not defined
2;75;C:\Program Files\MetaTrader - Alpari UK\experts\oa_NLV3_Core_12t09IN.mq4;1103:46;'signal_atr_min' - variable not defined
2;75;C:\Program Files\MetaTrader - Alpari UK\experts\oa_NLV3_Core_12t09IN.mq4;1104:42;'atr_preiod' - variable not defined
2;75;C:\Program Files\MetaTrader - Alpari UK\experts\oa_NLV3_Core_12t09IN.mq4;1105:48;'signal_adx_limit' - variable not defined
2;75;C:\Program Files\MetaTrader - Alpari UK\experts\oa_NLV3_Core_12t09IN.mq4;1106:46;'signal_adx_max' - variable not defined
2;75;C:\Program Files\MetaTrader - Alpari UK\experts\oa_NLV3_Core_12t09IN.mq4;1107:42;'adx_preiod' - variable not defined
2;75;C:\Program Files\MetaTrader - Alpari UK\experts\oa_NLV3_Core_12t09IN.mq4;1108:49;'signal_adx_limit2' - variable not defined
2;75;C:\Program Files\MetaTrader - Alpari UK\experts\oa_NLV3_Core_12t09IN.mq4;1109:43;'adx_preiod2' - variable not defined
2;75;C:\Program Files\MetaTrader - Alpari UK\experts\oa_NLV3_Core_12t09IN.mq4;1110:49;'signal_stoch_down' - variable not defined
2;75;C:\Program Files\MetaTrader - Alpari UK\experts\oa_NLV3_Core_12t09IN.mq4;1111:44;'stoch_preiod' - variable not defined
2;75;C:\Program Files\MetaTrader - Alpari UK\experts\oa_NLV3_Core_12t09IN.mq4;1112:46;'rsi_limit_down' - variable not defined
2;75;C:\Program Files\MetaTrader - Alpari UK\experts\oa_NLV3_Core_12t09IN.mq4;1113:44;'rsi_min_down' - variable not defined
2;75;C:\Program Files\MetaTrader - Alpari UK\experts\oa_NLV3_Core_12t09IN.mq4;1114:42;'rsi_period' - variable not defined
2;75;C:\Program Files\MetaTrader - Alpari UK\experts\oa_NLV3_Core_12t09IN.mq4;1115:40;'bool_dev' - variable not defined
2;75;C:\Program Files\MetaTrader - Alpari UK\experts\oa_NLV3_Core_12t09IN.mq4;1116:43;'bool_preiod' - variable not defined
2;75;C:\Program Files\MetaTrader - Alpari UK\experts\oa_NLV3_Core_12t09IN.mq4;1117:40;'stepmin1' - variable not defined
2;75;C:\Program Files\MetaTrader - Alpari UK\experts\oa_NLV3_Core_12t09IN.mq4;1118:40;'steppip1' - variable not defined
2;75;C:\Program Files\MetaTrader - Alpari UK\experts\oa_NLV3_Core_12t09IN.mq4;1119:40;'stepmin2' - variable not defined
2;75;C:\Program Files\MetaTrader - Alpari UK\experts\oa_NLV3_Core_12t09IN.mq4;1120:40;'steppip2' - variable not defined
2;75;C:\Program Files\MetaTrader - Alpari UK\experts\oa_NLV3_Core_12t09IN.mq4;1121:40;'stepmin3' - variable not defined
2;75;C:\Program Files\MetaTrader - Alpari UK\experts\oa_NLV3_Core_12t09IN.mq4;1122:40;'steppip3' - variable not defined
2;75;C:\Program Files\MetaTrader - Alpari UK\experts\oa_NLV3_Core_12t09IN.mq4;1123:44;'delayminutes' - variable not defined
2;75;C:\Program Files\MetaTrader - Alpari UK\experts\oa_NLV3_Core_12t09IN.mq4;1124:54;'delayminutesafterclose' - variable not defined
2;75;C:\Program Files\MetaTrader - Alpari UK\experts\oa_NLV3_Core_12t09IN.mq4;1125:53;'delayminutesafterloss' - variable not defined
