2;75;C:\Program Files\MetaTrader - Alpari UK\experts\oa_NLV3_Core_10t05IN.mq4;205:12;'b_fivedigitbroker' - variable not defined
2;75;C:\Program Files\MetaTrader - Alpari UK\experts\oa_NLV3_Core_10t05IN.mq4;205:37;'maxspread' - variable not defined
2;75;C:\Program Files\MetaTrader - Alpari UK\experts\oa_NLV3_Core_10t05IN.mq4;206:12;'b_fivedigitbroker' - variable not defined
2;75;C:\Program Files\MetaTrader - Alpari UK\experts\oa_NLV3_Core_10t05IN.mq4;206:69;'entry_orderbridge' - variable not defined
2;75;C:\Program Files\MetaTrader - Alpari UK\experts\oa_NLV3_Core_10t05IN.mq4;210:19;'program_name' - variable not defined
2;75;C:\Program Files\MetaTrader - Alpari UK\experts\oa_NLV3_Core_10t05IN.mq4;219:11;'b_run_multistrat' - variable not defined
2;75;C:\Program Files\MetaTrader - Alpari UK\experts\oa_NLV3_Core_10t05IN.mq4;219:37;'strat_symbol' - variable not defined
2;75;C:\Program Files\MetaTrader - Alpari UK\experts\oa_NLV3_Core_10t05IN.mq4;220:7;'strat_run' - variable not defined
2;75;C:\Program Files\MetaTrader - Alpari UK\experts\oa_NLV3_Core_10t05IN.mq4;220:20;'strat_1' - variable not defined
2;75;C:\Program Files\MetaTrader - Alpari UK\experts\oa_NLV3_Core_10t05IN.mq4;221:7;'strat_run' - variable not defined
2;75;C:\Program Files\MetaTrader - Alpari UK\experts\oa_NLV3_Core_10t05IN.mq4;221:20;'strat_2' - variable not defined
2;75;C:\Program Files\MetaTrader - Alpari UK\experts\oa_NLV3_Core_10t05IN.mq4;222:7;'strat_run' - variable not defined
2;75;C:\Program Files\MetaTrader - Alpari UK\experts\oa_NLV3_Core_10t05IN.mq4;222:20;'strat_3' - variable not defined
2;75;C:\Program Files\MetaTrader - Alpari UK\experts\oa_NLV3_Core_10t05IN.mq4;223:7;'strat_run' - variable not defined
2;75;C:\Program Files\MetaTrader - Alpari UK\experts\oa_NLV3_Core_10t05IN.mq4;223:20;'strat_4' - variable not defined
2;75;C:\Program Files\MetaTrader - Alpari UK\experts\oa_NLV3_Core_10t05IN.mq4;224:7;'strat_run' - variable not defined
2;75;C:\Program Files\MetaTrader - Alpari UK\experts\oa_NLV3_Core_10t05IN.mq4;224:20;'strat_5' - variable not defined
2;75;C:\Program Files\MetaTrader - Alpari UK\experts\oa_NLV3_Core_10t05IN.mq4;225:7;'strat_run' - variable not defined
2;75;C:\Program Files\MetaTrader - Alpari UK\experts\oa_NLV3_Core_10t05IN.mq4;225:20;'strat_6' - variable not defined
2;75;C:\Program Files\MetaTrader - Alpari UK\experts\oa_NLV3_Core_10t05IN.mq4;226:7;'strat_run' - variable not defined
2;75;C:\Program Files\MetaTrader - Alpari UK\experts\oa_NLV3_Core_10t05IN.mq4;226:20;'strat_7' - variable not defined
2;75;C:\Program Files\MetaTrader - Alpari UK\experts\oa_NLV3_Core_10t05IN.mq4;227:11;'test_strategies_to' - variable not defined
2;75;C:\Program Files\MetaTrader - Alpari UK\experts\oa_NLV3_Core_10t05IN.mq4;227:65;'test_strategies_to' - variable not defined
2;75;C:\Program Files\MetaTrader - Alpari UK\experts\oa_NLV3_Core_10t05IN.mq4;227:85;'strat_run' - variable not defined
2;75;C:\Program Files\MetaTrader - Alpari UK\experts\oa_NLV3_Core_10t05IN.mq4;227:111;'strat_run' - variable not defined
2;75;C:\Program Files\MetaTrader - Alpari UK\experts\oa_NLV3_Core_10t05IN.mq4;229:11;'money_management' - variable not defined
2;75;C:\Program Files\MetaTrader - Alpari UK\experts\oa_NLV3_Core_10t05IN.mq4;229:35;'lots' - variable not defined
2;75;C:\Program Files\MetaTrader - Alpari UK\experts\oa_NLV3_Core_10t05IN.mq4;229:72;'lots_equityperlot' - variable not defined
2;75;C:\Program Files\MetaTrader - Alpari UK\experts\oa_NLV3_Core_10t05IN.mq4;229:90;'lots_multipliyer' - variable not defined
2;75;C:\Program Files\MetaTrader - Alpari UK\experts\oa_NLV3_Core_10t05IN.mq4;229:117;'lots' - variable not defined
2;75;C:\Program Files\MetaTrader - Alpari UK\experts\oa_NLV3_Core_10t05IN.mq4;235:31;'strat_period' - variable not defined
2;75;C:\Program Files\MetaTrader - Alpari UK\experts\oa_NLV3_Core_10t05IN.mq4;235:51;'entry_type' - variable not defined
2;75;C:\Program Files\MetaTrader - Alpari UK\experts\oa_NLV3_Core_10t05IN.mq4;235:65;'entry_ordertype' - variable not defined
2;75;C:\Program Files\MetaTrader - Alpari UK\experts\oa_NLV3_Core_10t05IN.mq4;243:37;'strat_symbol' - variable not defined
2;75;C:\Program Files\MetaTrader - Alpari UK\experts\oa_NLV3_Core_10t05IN.mq4;247:28;'b_run_multistrat' - variable not defined
2;75;C:\Program Files\MetaTrader - Alpari UK\experts\oa_NLV3_Core_10t05IN.mq4;249:37;'entry_ordertype' - variable not defined
2;75;C:\Program Files\MetaTrader - Alpari UK\experts\oa_NLV3_Core_10t05IN.mq4;251:28;'b_run_multistrat' - variable not defined
2;75;C:\Program Files\MetaTrader - Alpari UK\experts\oa_NLV3_Core_10t05IN.mq4;252:26;'strat_nr' - variable not defined
2;75;C:\Program Files\MetaTrader - Alpari UK\experts\oa_NLV3_Core_10t05IN.mq4;253:17;'strat_run' - variable not defined
2;75;C:\Program Files\MetaTrader - Alpari UK\experts\oa_NLV3_Core_10t05IN.mq4;257:43;'entry_ordertype' - variable not defined
2;75;C:\Program Files\MetaTrader - Alpari UK\experts\oa_NLV3_Core_10t05IN.mq4;270:44;'step' - variable not defined
2;75;C:\Program Files\MetaTrader - Alpari UK\experts\oa_NLV3_Core_10t05IN.mq4;270:66;'step_first' - variable not defined
2;75;C:\Program Files\MetaTrader - Alpari UK\experts\oa_NLV3_Core_10t05IN.mq4;270:77;'step_type' - variable not defined
2;75;C:\Program Files\MetaTrader - Alpari UK\experts\oa_NLV3_Core_10t05IN.mq4;281:13;'tradinghour_start' - variable not defined
2;75;C:\Program Files\MetaTrader - Alpari UK\experts\oa_NLV3_Core_10t05IN.mq4;281:31;'tradinghour_end' - variable not defined
2;75;C:\Program Files\MetaTrader - Alpari UK\experts\oa_NLV3_Core_10t05IN.mq4;281:75;'tradinghour_start' - variable not defined
2;75;C:\Program Files\MetaTrader - Alpari UK\experts\oa_NLV3_Core_10t05IN.mq4;281:121;'tradinghour_end' - variable not defined
2;75;C:\Program Files\MetaTrader - Alpari UK\experts\oa_NLV3_Core_10t05IN.mq4;282:26;'tradinghour_end' - variable not defined
2;75;C:\Program Files\MetaTrader - Alpari UK\experts\oa_NLV3_Core_10t05IN.mq4;282:43;'tradinghour_start' - variable not defined
2;75;C:\Program Files\MetaTrader - Alpari UK\experts\oa_NLV3_Core_10t05IN.mq4;282:89;'tradinghour_start' - variable not defined
2;75;C:\Program Files\MetaTrader - Alpari UK\experts\oa_NLV3_Core_10t05IN.mq4;282:135;'tradinghour_end' - variable not defined
2;75;C:\Program Files\MetaTrader - Alpari UK\experts\oa_NLV3_Core_10t05IN.mq4;283:16;'tradinghour' - variable not defined
2;75;C:\Program Files\MetaTrader - Alpari UK\experts\oa_NLV3_Core_10t05IN.mq4;283:31;'tradinghour' - variable not defined
2;75;C:\Program Files\MetaTrader - Alpari UK\experts\oa_NLV3_Core_10t05IN.mq4;284:20;'tradingdayoyearmax' - variable not defined
2;75;C:\Program Files\MetaTrader - Alpari UK\experts\oa_NLV3_Core_10t05IN.mq4;285:34;'tradingfridaytill' - variable not defined
2;75;C:\Program Files\MetaTrader - Alpari UK\experts\oa_NLV3_Core_10t05IN.mq4;287:8;'strat_period' - variable not defined
2;75;C:\Program Files\MetaTrader - Alpari UK\experts\oa_NLV3_Core_10t05IN.mq4;287:25;'strat_period' - variable not defined
2;75;C:\Program Files\MetaTrader - Alpari UK\experts\oa_NLV3_Core_10t05IN.mq4;289:49;'delayminutes' - variable not defined
2;75;C:\Program Files\MetaTrader - Alpari UK\experts\oa_NLV3_Core_10t05IN.mq4;289:93;'delayminutesafterclose' - variable not defined
2;75;C:\Program Files\MetaTrader - Alpari UK\experts\oa_NLV3_Core_10t05IN.mq4;289:146;'delayminutesafterloss' - variable not defined
2;75;C:\Program Files\MetaTrader - Alpari UK\experts\oa_NLV3_Core_10t05IN.mq4;290:30;'strat_period' - variable not defined
2;75;C:\Program Files\MetaTrader - Alpari UK\experts\oa_NLV3_Core_10t05IN.mq4;290:43;'adx_preiod' - variable not defined
2;75;C:\Program Files\MetaTrader - Alpari UK\experts\oa_NLV3_Core_10t05IN.mq4;290:82;'signal_adx_limit' - variable not defined
2;75;C:\Program Files\MetaTrader - Alpari UK\experts\oa_NLV3_Core_10t05IN.mq4;291:30;'strat_period' - variable not defined
2;75;C:\Program Files\MetaTrader - Alpari UK\experts\oa_NLV3_Core_10t05IN.mq4;291:43;'adx_preiod' - variable not defined
2;75;C:\Program Files\MetaTrader - Alpari UK\experts\oa_NLV3_Core_10t05IN.mq4;291:82;'signal_adx_max' - variable not defined
2;75;C:\Program Files\MetaTrader - Alpari UK\experts\oa_NLV3_Core_10t05IN.mq4;292:30;'strat_period' - variable not defined
2;75;C:\Program Files\MetaTrader - Alpari UK\experts\oa_NLV3_Core_10t05IN.mq4;292:43;'adx_preiod2' - variable not defined
2;75;C:\Program Files\MetaTrader - Alpari UK\experts\oa_NLV3_Core_10t05IN.mq4;292:82;'signal_adx_limit2' - variable not defined
2;75;C:\Program Files\MetaTrader - Alpari UK\experts\oa_NLV3_Core_10t05IN.mq4;293:30;'strat_period' - variable not defined
2;75;C:\Program Files\MetaTrader - Alpari UK\experts\oa_NLV3_Core_10t05IN.mq4;293:43;'atr_preiod' - variable not defined
2;75;C:\Program Files\MetaTrader - Alpari UK\experts\oa_NLV3_Core_10t05IN.mq4;293:58;'signal_atr_min' - variable not defined
2;75;C:\Program Files\MetaTrader - Alpari UK\experts\oa_NLV3_Core_10t05IN.mq4;294:30;'strat_period' - variable not defined
2;75;C:\Program Files\MetaTrader - Alpari UK\experts\oa_NLV3_Core_10t05IN.mq4;294:43;'atr_preiod' - variable not defined
2;75;C:\Program Files\MetaTrader - Alpari UK\experts\oa_NLV3_Core_10t05IN.mq4;294:58;'signal_atr_max' - variable not defined
2;75;C:\Program Files\MetaTrader - Alpari UK\experts\oa_NLV3_Core_10t05IN.mq4;295:22;'bool_dev' - variable not defined
2;75;C:\Program Files\MetaTrader - Alpari UK\experts\oa_NLV3_Core_10t05IN.mq4;295:63;'strat_period' - variable not defined
2;75;C:\Program Files\MetaTrader - Alpari UK\experts\oa_NLV3_Core_10t05IN.mq4;295:76;'bool_preiod' - variable not defined
2;75;C:\Program Files\MetaTrader - Alpari UK\experts\oa_NLV3_Core_10t05IN.mq4;295:88;'bool_dev' - variable not defined
2;75;C:\Program Files\MetaTrader - Alpari UK\experts\oa_NLV3_Core_10t05IN.mq4;296:22;'rsi_period' - variable not defined
2;75;C:\Program Files\MetaTrader - Alpari UK\experts\oa_NLV3_Core_10t05IN.mq4;296:53;'strat_period' - variable not defined
2;75;C:\Program Files\MetaTrader - Alpari UK\experts\oa_NLV3_Core_10t05IN.mq4;296:66;'rsi_period' - variable not defined
2;75;C:\Program Files\MetaTrader - Alpari UK\experts\oa_NLV3_Core_10t05IN.mq4;296:99;'rsi_limit_down' - variable not defined
2;75;C:\Program Files\MetaTrader - Alpari UK\experts\oa_NLV3_Core_10t05IN.mq4;297:22;'rsi_period' - variable not defined
2;75;C:\Program Files\MetaTrader - Alpari UK\experts\oa_NLV3_Core_10t05IN.mq4;297:53;'strat_period' - variable not defined
2;75;C:\Program Files\MetaTrader - Alpari UK\experts\oa_NLV3_Core_10t05IN.mq4;297:66;'rsi_period' - variable not defined
2;75;C:\Program Files\MetaTrader - Alpari UK\experts\oa_NLV3_Core_10t05IN.mq4;297:99;'rsi_min_down' - variable not defined
2;75;C:\Program Files\MetaTrader - Alpari UK\experts\oa_NLV3_Core_10t05IN.mq4;298:22;'stoch_preiod' - variable not defined
2;75;C:\Program Files\MetaTrader - Alpari UK\experts\oa_NLV3_Core_10t05IN.mq4;298:63;'strat_period' - variable not defined
2;75;C:\Program Files\MetaTrader - Alpari UK\experts\oa_NLV3_Core_10t05IN.mq4;298:115;'signal_stoch_down' - variable not defined
2;75;C:\Program Files\MetaTrader - Alpari UK\experts\oa_NLV3_Core_10t05IN.mq4;299:22;'stepmin1' - variable not defined
2;75;C:\Program Files\MetaTrader - Alpari UK\experts\oa_NLV3_Core_10t05IN.mq4;299:38;'steppip1' - variable not defined
2;75;C:\Program Files\MetaTrader - Alpari UK\experts\oa_NLV3_Core_10t05IN.mq4;299:68;'stepmin1' - variable not defined
2;75;C:\Program Files\MetaTrader - Alpari UK\experts\oa_NLV3_Core_10t05IN.mq4;299:78;'steppip1' - variable not defined
2;75;C:\Program Files\MetaTrader - Alpari UK\experts\oa_NLV3_Core_10t05IN.mq4;299:98;'steppip1' - variable not defined
2;75;C:\Program Files\MetaTrader - Alpari UK\experts\oa_NLV3_Core_10t05IN.mq4;299:128;'stepmin1' - variable not defined
2;75;C:\Program Files\MetaTrader - Alpari UK\experts\oa_NLV3_Core_10t05IN.mq4;299:138;'steppip1' - variable not defined
2;75;C:\Program Files\MetaTrader - Alpari UK\experts\oa_NLV3_Core_10t05IN.mq4;300:22;'stepmin2' - variable not defined
2;75;C:\Program Files\MetaTrader - Alpari UK\experts\oa_NLV3_Core_10t05IN.mq4;300:38;'steppip2' - variable not defined
2;75;C:\Program Files\MetaTrader - Alpari UK\experts\oa_NLV3_Core_10t05IN.mq4;300:68;'stepmin2' - variable not defined
2;75;C:\Program Files\MetaTrader - Alpari UK\experts\oa_NLV3_Core_10t05IN.mq4;300:78;'steppip2' - variable not defined
2;75;C:\Program Files\MetaTrader - Alpari UK\experts\oa_NLV3_Core_10t05IN.mq4;300:98;'steppip2' - variable not defined
2;75;C:\Program Files\MetaTrader - Alpari UK\experts\oa_NLV3_Core_10t05IN.mq4;300:128;'stepmin2' - variable not defined
2;75;C:\Program Files\MetaTrader - Alpari UK\experts\oa_NLV3_Core_10t05IN.mq4;300:138;'steppip2' - variable not defined
2;75;C:\Program Files\MetaTrader - Alpari UK\experts\oa_NLV3_Core_10t05IN.mq4;301:22;'stepmin3' - variable not defined
2;75;C:\Program Files\MetaTrader - Alpari UK\experts\oa_NLV3_Core_10t05IN.mq4;301:38;'steppip3' - variable not defined
2;75;C:\Program Files\MetaTrader - Alpari UK\experts\oa_NLV3_Core_10t05IN.mq4;301:68;'stepmin3' - variable not defined
2;75;C:\Program Files\MetaTrader - Alpari UK\experts\oa_NLV3_Core_10t05IN.mq4;301:78;'steppip3' - variable not defined
2;75;C:\Program Files\MetaTrader - Alpari UK\experts\oa_NLV3_Core_10t05IN.mq4;301:98;'steppip3' - variable not defined
2;75;C:\Program Files\MetaTrader - Alpari UK\experts\oa_NLV3_Core_10t05IN.mq4;301:128;'stepmin3' - variable not defined
2;75;C:\Program Files\MetaTrader - Alpari UK\experts\oa_NLV3_Core_10t05IN.mq4;301:138;'steppip3' - variable not defined
2;75;C:\Program Files\MetaTrader - Alpari UK\experts\oa_NLV3_Core_10t05IN.mq4;303:31;'entry_reverse' - variable not defined
2;75;C:\Program Files\MetaTrader - Alpari UK\experts\oa_NLV3_Core_10t05IN.mq4;304:22;'bool_dev' - variable not defined
2;75;C:\Program Files\MetaTrader - Alpari UK\experts\oa_NLV3_Core_10t05IN.mq4;304:63;'strat_period' - variable not defined
2;75;C:\Program Files\MetaTrader - Alpari UK\experts\oa_NLV3_Core_10t05IN.mq4;304:76;'bool_preiod' - variable not defined
2;75;C:\Program Files\MetaTrader - Alpari UK\experts\oa_NLV3_Core_10t05IN.mq4;304:88;'bool_dev' - variable not defined
2;75;C:\Program Files\MetaTrader - Alpari UK\experts\oa_NLV3_Core_10t05IN.mq4;305:22;'rsi_period' - variable not defined
2;75;C:\Program Files\MetaTrader - Alpari UK\experts\oa_NLV3_Core_10t05IN.mq4;305:53;'strat_period' - variable not defined
2;75;C:\Program Files\MetaTrader - Alpari UK\experts\oa_NLV3_Core_10t05IN.mq4;305:66;'rsi_period' - variable not defined
2;75;C:\Program Files\MetaTrader - Alpari UK\experts\oa_NLV3_Core_10t05IN.mq4;305:93;'rsi_limit_down' - variable not defined
2;75;C:\Program Files\MetaTrader - Alpari UK\experts\oa_NLV3_Core_10t05IN.mq4;306:22;'rsi_period' - variable not defined
2;75;C:\Program Files\MetaTrader - Alpari UK\experts\oa_NLV3_Core_10t05IN.mq4;306:53;'strat_period' - variable not defined
2;75;C:\Program Files\MetaTrader - Alpari UK\experts\oa_NLV3_Core_10t05IN.mq4;306:66;'rsi_period' - variable not defined
2;75;C:\Program Files\MetaTrader - Alpari UK\experts\oa_NLV3_Core_10t05IN.mq4;306:93;'rsi_min_down' - variable not defined
2;75;C:\Program Files\MetaTrader - Alpari UK\experts\oa_NLV3_Core_10t05IN.mq4;307:22;'stoch_preiod' - variable not defined
2;75;C:\Program Files\MetaTrader - Alpari UK\experts\oa_NLV3_Core_10t05IN.mq4;307:63;'strat_period' - variable not defined
2;75;C:\Program Files\MetaTrader - Alpari UK\experts\oa_NLV3_Core_10t05IN.mq4;307:109;'signal_stoch_down' - variable not defined
2;75;C:\Program Files\MetaTrader - Alpari UK\experts\oa_NLV3_Core_10t05IN.mq4;308:22;'steppip1' - variable not defined
2;75;C:\Program Files\MetaTrader - Alpari UK\experts\oa_NLV3_Core_10t05IN.mq4;308:38;'steppip1' - variable not defined
2;75;C:\Program Files\MetaTrader - Alpari UK\experts\oa_NLV3_Core_10t05IN.mq4;308:68;'stepmin1' - variable not defined
2;75;C:\Program Files\MetaTrader - Alpari UK\experts\oa_NLV3_Core_10t05IN.mq4;308:78;'steppip1' - variable not defined
2;75;C:\Program Files\MetaTrader - Alpari UK\experts\oa_NLV3_Core_10t05IN.mq4;308:98;'steppip1' - variable not defined
2;75;C:\Program Files\MetaTrader - Alpari UK\experts\oa_NLV3_Core_10t05IN.mq4;308:128;'stepmin1' - variable not defined
2;75;C:\Program Files\MetaTrader - Alpari UK\experts\oa_NLV3_Core_10t05IN.mq4;308:138;'steppip1' - variable not defined
2;75;C:\Program Files\MetaTrader - Alpari UK\experts\oa_NLV3_Core_10t05IN.mq4;309:22;'steppip2' - variable not defined
2;75;C:\Program Files\MetaTrader - Alpari UK\experts\oa_NLV3_Core_10t05IN.mq4;309:38;'steppip2' - variable not defined
2;75;C:\Program Files\MetaTrader - Alpari UK\experts\oa_NLV3_Core_10t05IN.mq4;309:68;'stepmin2' - variable not defined
2;75;C:\Program Files\MetaTrader - Alpari UK\experts\oa_NLV3_Core_10t05IN.mq4;309:78;'steppip2' - variable not defined
2;75;C:\Program Files\MetaTrader - Alpari UK\experts\oa_NLV3_Core_10t05IN.mq4;309:98;'steppip2' - variable not defined
2;75;C:\Program Files\MetaTrader - Alpari UK\experts\oa_NLV3_Core_10t05IN.mq4;309:128;'stepmin2' - variable not defined
2;75;C:\Program Files\MetaTrader - Alpari UK\experts\oa_NLV3_Core_10t05IN.mq4;309:138;'steppip2' - variable not defined
2;75;C:\Program Files\MetaTrader - Alpari UK\experts\oa_NLV3_Core_10t05IN.mq4;310:22;'steppip3' - variable not defined
2;75;C:\Program Files\MetaTrader - Alpari UK\experts\oa_NLV3_Core_10t05IN.mq4;310:38;'steppip3' - variable not defined
2;75;C:\Program Files\MetaTrader - Alpari UK\experts\oa_NLV3_Core_10t05IN.mq4;310:68;'stepmin3' - variable not defined
2;75;C:\Program Files\MetaTrader - Alpari UK\experts\oa_NLV3_Core_10t05IN.mq4;310:78;'steppip3' - variable not defined
2;75;C:\Program Files\MetaTrader - Alpari UK\experts\oa_NLV3_Core_10t05IN.mq4;310:98;'steppip3' - variable not defined
2;75;C:\Program Files\MetaTrader - Alpari UK\experts\oa_NLV3_Core_10t05IN.mq4;310:128;'stepmin3' - variable not defined
2;75;C:\Program Files\MetaTrader - Alpari UK\experts\oa_NLV3_Core_10t05IN.mq4;310:138;'steppip3' - variable not defined
2;75;C:\Program Files\MetaTrader - Alpari UK\experts\oa_NLV3_Core_10t05IN.mq4;312:30;'entry_reverse' - variable not defined
2;75;C:\Program Files\MetaTrader - Alpari UK\experts\oa_NLV3_Core_10t05IN.mq4;314:49;'delayminutes' - variable not defined
2;75;C:\Program Files\MetaTrader - Alpari UK\experts\oa_NLV3_Core_10t05IN.mq4;314:93;'delayminutesafterclose' - variable not defined
2;75;C:\Program Files\MetaTrader - Alpari UK\experts\oa_NLV3_Core_10t05IN.mq4;314:146;'delayminutesafterloss' - variable not defined
2;75;C:\Program Files\MetaTrader - Alpari UK\experts\oa_NLV3_Core_10t05IN.mq4;315:30;'strat_period' - variable not defined
2;75;C:\Program Files\MetaTrader - Alpari UK\experts\oa_NLV3_Core_10t05IN.mq4;315:43;'adx_preiod' - variable not defined
2;75;C:\Program Files\MetaTrader - Alpari UK\experts\oa_NLV3_Core_10t05IN.mq4;315:82;'signal_adx_limit' - variable not defined
2;75;C:\Program Files\MetaTrader - Alpari UK\experts\oa_NLV3_Core_10t05IN.mq4;316:30;'strat_period' - variable not defined
2;75;C:\Program Files\MetaTrader - Alpari UK\experts\oa_NLV3_Core_10t05IN.mq4;316:43;'adx_preiod' - variable not defined
2;75;C:\Program Files\MetaTrader - Alpari UK\experts\oa_NLV3_Core_10t05IN.mq4;316:82;'signal_adx_max' - variable not defined
2;75;C:\Program Files\MetaTrader - Alpari UK\experts\oa_NLV3_Core_10t05IN.mq4;317:30;'strat_period' - variable not defined
2;75;C:\Program Files\MetaTrader - Alpari UK\experts\oa_NLV3_Core_10t05IN.mq4;317:43;'adx_preiod2' - variable not defined
2;75;C:\Program Files\MetaTrader - Alpari UK\experts\oa_NLV3_Core_10t05IN.mq4;317:82;'signal_adx_limit2' - variable not defined
2;75;C:\Program Files\MetaTrader - Alpari UK\experts\oa_NLV3_Core_10t05IN.mq4;318:30;'strat_period' - variable not defined
2;75;C:\Program Files\MetaTrader - Alpari UK\experts\oa_NLV3_Core_10t05IN.mq4;318:43;'atr_preiod' - variable not defined
2;75;C:\Program Files\MetaTrader - Alpari UK\experts\oa_NLV3_Core_10t05IN.mq4;318:58;'signal_atr_min' - variable not defined
2;75;C:\Program Files\MetaTrader - Alpari UK\experts\oa_NLV3_Core_10t05IN.mq4;319:30;'strat_period' - variable not defined
2;75;C:\Program Files\MetaTrader - Alpari UK\experts\oa_NLV3_Core_10t05IN.mq4;319:43;'atr_preiod' - variable not defined
2;75;C:\Program Files\MetaTrader - Alpari UK\experts\oa_NLV3_Core_10t05IN.mq4;319:58;'signal_atr_max' - variable not defined
2;75;C:\Program Files\MetaTrader - Alpari UK\experts\oa_NLV3_Core_10t05IN.mq4;320:22;'bool_dev' - variable not defined
2;75;C:\Program Files\MetaTrader - Alpari UK\experts\oa_NLV3_Core_10t05IN.mq4;320:63;'strat_period' - variable not defined
2;75;C:\Program Files\MetaTrader - Alpari UK\experts\oa_NLV3_Core_10t05IN.mq4;320:76;'bool_preiod' - variable not defined
2;75;C:\Program Files\MetaTrader - Alpari UK\experts\oa_NLV3_Core_10t05IN.mq4;320:88;'bool_dev' - variable not defined
2;75;C:\Program Files\MetaTrader - Alpari UK\experts\oa_NLV3_Core_10t05IN.mq4;321:22;'rsi_period' - variable not defined
2;75;C:\Program Files\MetaTrader - Alpari UK\experts\oa_NLV3_Core_10t05IN.mq4;321:53;'strat_period' - variable not defined
2;75;C:\Program Files\MetaTrader - Alpari UK\experts\oa_NLV3_Core_10t05IN.mq4;321:66;'rsi_period' - variable not defined
2;75;C:\Program Files\MetaTrader - Alpari UK\experts\oa_NLV3_Core_10t05IN.mq4;321:93;'rsi_limit_down' - variable not defined
2;75;C:\Program Files\MetaTrader - Alpari UK\experts\oa_NLV3_Core_10t05IN.mq4;322:22;'rsi_period' - variable not defined
2;75;C:\Program Files\MetaTrader - Alpari UK\experts\oa_NLV3_Core_10t05IN.mq4;322:53;'strat_period' - variable not defined
2;75;C:\Program Files\MetaTrader - Alpari UK\experts\oa_NLV3_Core_10t05IN.mq4;322:66;'rsi_period' - variable not defined
2;75;C:\Program Files\MetaTrader - Alpari UK\experts\oa_NLV3_Core_10t05IN.mq4;322:93;'rsi_min_down' - variable not defined
2;75;C:\Program Files\MetaTrader - Alpari UK\experts\oa_NLV3_Core_10t05IN.mq4;323:22;'stoch_preiod' - variable not defined
2;75;C:\Program Files\MetaTrader - Alpari UK\experts\oa_NLV3_Core_10t05IN.mq4;323:63;'strat_period' - variable not defined
2;75;C:\Program Files\MetaTrader - Alpari UK\experts\oa_NLV3_Core_10t05IN.mq4;323:109;'signal_stoch_down' - variable not defined
2;75;C:\Program Files\MetaTrader - Alpari UK\experts\oa_NLV3_Core_10t05IN.mq4;324:22;'stepmin1' - variable not defined
2;75;C:\Program Files\MetaTrader - Alpari UK\experts\oa_NLV3_Core_10t05IN.mq4;324:38;'steppip1' - variable not defined
2;75;C:\Program Files\MetaTrader - Alpari UK\experts\oa_NLV3_Core_10t05IN.mq4;324:68;'stepmin1' - variable not defined
2;75;C:\Program Files\MetaTrader - Alpari UK\experts\oa_NLV3_Core_10t05IN.mq4;324:78;'steppip1' - variable not defined
2;75;C:\Program Files\MetaTrader - Alpari UK\experts\oa_NLV3_Core_10t05IN.mq4;324:98;'steppip1' - variable not defined
2;75;C:\Program Files\MetaTrader - Alpari UK\experts\oa_NLV3_Core_10t05IN.mq4;324:128;'stepmin1' - variable not defined
2;75;C:\Program Files\MetaTrader - Alpari UK\experts\oa_NLV3_Core_10t05IN.mq4;324:138;'steppip1' - variable not defined
2;75;C:\Program Files\MetaTrader - Alpari UK\experts\oa_NLV3_Core_10t05IN.mq4;325:22;'stepmin2' - variable not defined
2;75;C:\Program Files\MetaTrader - Alpari UK\experts\oa_NLV3_Core_10t05IN.mq4;325:38;'steppip2' - variable not defined
2;75;C:\Program Files\MetaTrader - Alpari UK\experts\oa_NLV3_Core_10t05IN.mq4;325:68;'stepmin2' - variable not defined
2;75;C:\Program Files\MetaTrader - Alpari UK\experts\oa_NLV3_Core_10t05IN.mq4;325:78;'steppip2' - variable not defined
2;75;C:\Program Files\MetaTrader - Alpari UK\experts\oa_NLV3_Core_10t05IN.mq4;325:98;'steppip2' - variable not defined
2;75;C:\Program Files\MetaTrader - Alpari UK\experts\oa_NLV3_Core_10t05IN.mq4;325:128;'stepmin2' - variable not defined
2;75;C:\Program Files\MetaTrader - Alpari UK\experts\oa_NLV3_Core_10t05IN.mq4;325:138;'steppip2' - variable not defined
2;75;C:\Program Files\MetaTrader - Alpari UK\experts\oa_NLV3_Core_10t05IN.mq4;326:22;'stepmin3' - variable not defined
2;75;C:\Program Files\MetaTrader - Alpari UK\experts\oa_NLV3_Core_10t05IN.mq4;326:38;'steppip3' - variable not defined
2;75;C:\Program Files\MetaTrader - Alpari UK\experts\oa_NLV3_Core_10t05IN.mq4;326:68;'stepmin3' - variable not defined
2;75;C:\Program Files\MetaTrader - Alpari UK\experts\oa_NLV3_Core_10t05IN.mq4;326:78;'steppip3' - variable not defined
2;75;C:\Program Files\MetaTrader - Alpari UK\experts\oa_NLV3_Core_10t05IN.mq4;326:98;'steppip3' - variable not defined
2;75;C:\Program Files\MetaTrader - Alpari UK\experts\oa_NLV3_Core_10t05IN.mq4;326:128;'stepmin3' - variable not defined
2;75;C:\Program Files\MetaTrader - Alpari UK\experts\oa_NLV3_Core_10t05IN.mq4;326:138;'steppip3' - variable not defined
2;75;C:\Program Files\MetaTrader - Alpari UK\experts\oa_NLV3_Core_10t05IN.mq4;328:30;'entry_reverse' - variable not defined
2;75;C:\Program Files\MetaTrader - Alpari UK\experts\oa_NLV3_Core_10t05IN.mq4;329:22;'bool_dev' - variable not defined
2;75;C:\Program Files\MetaTrader - Alpari UK\experts\oa_NLV3_Core_10t05IN.mq4;329:63;'strat_period' - variable not defined
2;75;C:\Program Files\MetaTrader - Alpari UK\experts\oa_NLV3_Core_10t05IN.mq4;329:76;'bool_preiod' - variable not defined
2;75;C:\Program Files\MetaTrader - Alpari UK\experts\oa_NLV3_Core_10t05IN.mq4;329:88;'bool_dev' - variable not defined
2;75;C:\Program Files\MetaTrader - Alpari UK\experts\oa_NLV3_Core_10t05IN.mq4;330:22;'rsi_period' - variable not defined
2;75;C:\Program Files\MetaTrader - Alpari UK\experts\oa_NLV3_Core_10t05IN.mq4;330:53;'strat_period' - variable not defined
2;75;C:\Program Files\MetaTrader - Alpari UK\experts\oa_NLV3_Core_10t05IN.mq4;330:66;'rsi_period' - variable not defined
2;75;C:\Program Files\MetaTrader - Alpari UK\experts\oa_NLV3_Core_10t05IN.mq4;330:99;'rsi_limit_down' - variable not defined
2;75;C:\Program Files\MetaTrader - Alpari UK\experts\oa_NLV3_Core_10t05IN.mq4;331:22;'rsi_period' - variable not defined
2;75;C:\Program Files\MetaTrader - Alpari UK\experts\oa_NLV3_Core_10t05IN.mq4;331:53;'strat_period' - variable not defined
2;75;C:\Program Files\MetaTrader - Alpari UK\experts\oa_NLV3_Core_10t05IN.mq4;331:66;'rsi_period' - variable not defined
2;75;C:\Program Files\MetaTrader - Alpari UK\experts\oa_NLV3_Core_10t05IN.mq4;331:99;'rsi_min_down' - variable not defined
2;75;C:\Program Files\MetaTrader - Alpari UK\experts\oa_NLV3_Core_10t05IN.mq4;332:22;'stoch_preiod' - variable not defined
2;75;C:\Program Files\MetaTrader - Alpari UK\experts\oa_NLV3_Core_10t05IN.mq4;332:63;'strat_period' - variable not defined
2;75;C:\Program Files\MetaTrader - Alpari UK\experts\oa_NLV3_Core_10t05IN.mq4;332:115;'signal_stoch_down' - variable not defined
2;75;C:\Program Files\MetaTrader - Alpari UK\experts\oa_NLV3_Core_10t05IN.mq4;333:22;'steppip1' - variable not defined
2;75;C:\Program Files\MetaTrader - Alpari UK\experts\oa_NLV3_Core_10t05IN.mq4;333:38;'steppip1' - variable not defined
2;75;C:\Program Files\MetaTrader - Alpari UK\experts\oa_NLV3_Core_10t05IN.mq4;333:68;'stepmin1' - variable not defined
2;75;C:\Program Files\MetaTrader - Alpari UK\experts\oa_NLV3_Core_10t05IN.mq4;333:78;'steppip1' - variable not defined
2;75;C:\Program Files\MetaTrader - Alpari UK\experts\oa_NLV3_Core_10t05IN.mq4;333:98;'steppip1' - variable not defined
2;75;C:\Program Files\MetaTrader - Alpari UK\experts\oa_NLV3_Core_10t05IN.mq4;333:128;'stepmin1' - variable not defined
2;75;C:\Program Files\MetaTrader - Alpari UK\experts\oa_NLV3_Core_10t05IN.mq4;333:138;'steppip1' - variable not defined
2;75;C:\Program Files\MetaTrader - Alpari UK\experts\oa_NLV3_Core_10t05IN.mq4;334:22;'steppip2' - variable not defined
2;75;C:\Program Files\MetaTrader - Alpari UK\experts\oa_NLV3_Core_10t05IN.mq4;334:38;'steppip2' - variable not defined
2;75;C:\Program Files\MetaTrader - Alpari UK\experts\oa_NLV3_Core_10t05IN.mq4;334:68;'stepmin2' - variable not defined
2;75;C:\Program Files\MetaTrader - Alpari UK\experts\oa_NLV3_Core_10t05IN.mq4;334:78;'steppip2' - variable not defined
2;75;C:\Program Files\MetaTrader - Alpari UK\experts\oa_NLV3_Core_10t05IN.mq4;334:98;'steppip2' - variable not defined
2;75;C:\Program Files\MetaTrader - Alpari UK\experts\oa_NLV3_Core_10t05IN.mq4;334:128;'stepmin2' - variable not defined
2;75;C:\Program Files\MetaTrader - Alpari UK\experts\oa_NLV3_Core_10t05IN.mq4;334:138;'steppip2' - variable not defined
2;75;C:\Program Files\MetaTrader - Alpari UK\experts\oa_NLV3_Core_10t05IN.mq4;335:22;'steppip3' - variable not defined
2;75;C:\Program Files\MetaTrader - Alpari UK\experts\oa_NLV3_Core_10t05IN.mq4;335:38;'steppip3' - variable not defined
2;75;C:\Program Files\MetaTrader - Alpari UK\experts\oa_NLV3_Core_10t05IN.mq4;335:68;'stepmin3' - variable not defined
2;75;C:\Program Files\MetaTrader - Alpari UK\experts\oa_NLV3_Core_10t05IN.mq4;335:78;'steppip3' - variable not defined
2;75;C:\Program Files\MetaTrader - Alpari UK\experts\oa_NLV3_Core_10t05IN.mq4;335:98;'steppip3' - variable not defined
2;75;C:\Program Files\MetaTrader - Alpari UK\experts\oa_NLV3_Core_10t05IN.mq4;335:128;'stepmin3' - variable not defined
2;75;C:\Program Files\MetaTrader - Alpari UK\experts\oa_NLV3_Core_10t05IN.mq4;335:138;'steppip3' - variable not defined
2;75;C:\Program Files\MetaTrader - Alpari UK\experts\oa_NLV3_Core_10t05IN.mq4;337:31;'entry_reverse' - variable not defined
2;75;C:\Program Files\MetaTrader - Alpari UK\experts\oa_NLV3_Core_10t05IN.mq4;345:36;'entry_type' - variable not defined
2;75;C:\Program Files\MetaTrader - Alpari UK\experts\oa_NLV3_Core_10t05IN.mq4;345:83;'strat_period' - variable not defined
2;75;C:\Program Files\MetaTrader - Alpari UK\experts\oa_NLV3_Core_10t05IN.mq4;345:96;'adx_preiod' - variable not defined
2;75;C:\Program Files\MetaTrader - Alpari UK\experts\oa_NLV3_Core_10t05IN.mq4;346:122;'b_signal2_trading' - variable not defined
2;75;C:\Program Files\MetaTrader - Alpari UK\experts\oa_NLV3_Core_10t05IN.mq4;355:14;'b_signal2_trading' - variable not defined
2;75;C:\Program Files\MetaTrader - Alpari UK\experts\oa_NLV3_Core_10t05IN.mq4;356:14;'b_signal2_trading' - variable not defined
2;75;C:\Program Files\MetaTrader - Alpari UK\experts\oa_NLV3_Core_10t05IN.mq4;371:25;'strat_nr' - variable not defined
2;75;C:\Program Files\MetaTrader - Alpari UK\experts\oa_NLV3_Core_10t05IN.mq4;374:17;'b_run_multistrat' - variable not defined
2;75;C:\Program Files\MetaTrader - Alpari UK\experts\oa_NLV3_Core_10t05IN.mq4;374:53;'strat_nr' - variable not defined
2;75;C:\Program Files\MetaTrader - Alpari UK\experts\oa_NLV3_Core_10t05IN.mq4;375:76;'MAGIC_Rf_m' - variable not defined
2;75;C:\Program Files\MetaTrader - Alpari UK\experts\oa_NLV3_Core_10t05IN.mq4;375:113;'MAGIC_Rf_m' - variable not defined
2;75;C:\Program Files\MetaTrader - Alpari UK\experts\oa_NLV3_Core_10t05IN.mq4;380:17;'b_run_multistrat' - variable not defined
2;75;C:\Program Files\MetaTrader - Alpari UK\experts\oa_NLV3_Core_10t05IN.mq4;381:69;'MAGIC_Rf' - variable not defined
2;75;C:\Program Files\MetaTrader - Alpari UK\experts\oa_NLV3_Core_10t05IN.mq4;381:101;'MAGIC_Rf' - variable not defined
2;75;C:\Program Files\MetaTrader - Alpari UK\experts\oa_NLV3_Core_10t05IN.mq4;401:29;'strat_nr' - variable not defined
2;75;C:\Program Files\MetaTrader - Alpari UK\experts\oa_NLV3_Core_10t05IN.mq4;402:17;'strat_run' - variable not defined
2;75;C:\Program Files\MetaTrader - Alpari UK\experts\oa_NLV3_Core_10t05IN.mq4;402:40;'MAGIC_Rf_m' - variable not defined
2;75;C:\Program Files\MetaTrader - Alpari UK\experts\oa_NLV3_Core_10t05IN.mq4;402:77;'MAGIC_Rf_m' - variable not defined
2;75;C:\Program Files\MetaTrader - Alpari UK\experts\oa_NLV3_Core_10t05IN.mq4;404:32;'MAGIC_Rf' - variable not defined
2;75;C:\Program Files\MetaTrader - Alpari UK\experts\oa_NLV3_Core_10t05IN.mq4;404:64;'MAGIC_Rf' - variable not defined
2;75;C:\Program Files\MetaTrader - Alpari UK\experts\oa_NLV3_Core_10t05IN.mq4;407:24;'strat_act' - variable not defined
2;75;C:\Program Files\MetaTrader - Alpari UK\experts\oa_NLV3_Core_10t05IN.mq4;407:53;'strat_act' - variable not defined
2;75;C:\Program Files\MetaTrader - Alpari UK\experts\oa_NLV3_Core_10t05IN.mq4;418:70;'step_type' - variable not defined
2;75;C:\Program Files\MetaTrader - Alpari UK\experts\oa_NLV3_Core_10t05IN.mq4;419:70;'step_type' - variable not defined
2;75;C:\Program Files\MetaTrader - Alpari UK\experts\oa_NLV3_Core_10t05IN.mq4;421:71;'step_type' - variable not defined
2;75;C:\Program Files\MetaTrader - Alpari UK\experts\oa_NLV3_Core_10t05IN.mq4;422:71;'step_type' - variable not defined
2;75;C:\Program Files\MetaTrader - Alpari UK\experts\oa_NLV3_Core_10t05IN.mq4;423:14;'tp_price' - variable not defined
2;75;C:\Program Files\MetaTrader - Alpari UK\experts\oa_NLV3_Core_10t05IN.mq4;423:53;'tp_price' - variable not defined
2;75;C:\Program Files\MetaTrader - Alpari UK\experts\oa_NLV3_Core_10t05IN.mq4;424:14;'sl_price' - variable not defined
2;75;C:\Program Files\MetaTrader - Alpari UK\experts\oa_NLV3_Core_10t05IN.mq4;424:53;'sl_price' - variable not defined
2;75;C:\Program Files\MetaTrader - Alpari UK\experts\oa_NLV3_Core_10t05IN.mq4;425:14;'step_type' - variable not defined
2;75;C:\Program Files\MetaTrader - Alpari UK\experts\oa_NLV3_Core_10t05IN.mq4;425:66;'step' - variable not defined
2;75;C:\Program Files\MetaTrader - Alpari UK\experts\oa_NLV3_Core_10t05IN.mq4;425:86;'sl_price' - variable not defined
2;75;C:\Program Files\MetaTrader - Alpari UK\experts\oa_NLV3_Core_10t05IN.mq4;425:105;'sl_step' - variable not defined
2;75;C:\Program Files\MetaTrader - Alpari UK\experts\oa_NLV3_Core_10t05IN.mq4;426:14;'step_type' - variable not defined
2;75;C:\Program Files\MetaTrader - Alpari UK\experts\oa_NLV3_Core_10t05IN.mq4;426:66;'step' - variable not defined
2;75;C:\Program Files\MetaTrader - Alpari UK\experts\oa_NLV3_Core_10t05IN.mq4;426:86;'sl_price' - variable not defined
2;75;C:\Program Files\MetaTrader - Alpari UK\experts\oa_NLV3_Core_10t05IN.mq4;426:105;'sl_step' - variable not defined
2;75;C:\Program Files\MetaTrader - Alpari UK\experts\oa_NLV3_Core_10t05IN.mq4;433:32;'MAGIC_Rf' - variable not defined
2;75;C:\Program Files\MetaTrader - Alpari UK\experts\oa_NLV3_Core_10t05IN.mq4;433:64;'MAGIC_Rf' - variable not defined
2;75;C:\Program Files\MetaTrader - Alpari UK\experts\oa_NLV3_Core_10t05IN.mq4;457:11;'money_management' - variable not defined
2;75;C:\Program Files\MetaTrader - Alpari UK\experts\oa_NLV3_Core_10t05IN.mq4;457:82;'lots_equityperlot' - variable not defined
2;75;C:\Program Files\MetaTrader - Alpari UK\experts\oa_NLV3_Core_10t05IN.mq4;457:100;'lots_multipliyer' - variable not defined
2;75;C:\Program Files\MetaTrader - Alpari UK\experts\oa_NLV3_Core_10t05IN.mq4;458:27;'lots' - variable not defined
2;75;C:\Program Files\MetaTrader - Alpari UK\experts\oa_NLV3_Core_10t05IN.mq4;463:28;'b_compeetingbot' - variable not defined
2;75;C:\Program Files\MetaTrader - Alpari UK\experts\oa_NLV3_Core_10t05IN.mq4;464:28;'b_compeetingbot' - variable not defined
2;75;C:\Program Files\MetaTrader - Alpari UK\experts\oa_NLV3_Core_10t05IN.mq4;465:57;'delayminutes' - variable not defined
2;75;C:\Program Files\MetaTrader - Alpari UK\experts\oa_NLV3_Core_10t05IN.mq4;466:21;'maxspread' - variable not defined
2;75;C:\Program Files\MetaTrader - Alpari UK\experts\oa_NLV3_Core_10t05IN.mq4;467:44;'maxspread' - variable not defined
2;75;C:\Program Files\MetaTrader - Alpari UK\experts\oa_NLV3_Core_10t05IN.mq4;473:84;'program_name' - variable not defined
2;75;C:\Program Files\MetaTrader - Alpari UK\experts\oa_NLV3_Core_10t05IN.mq4;473:97;'strat_symbol' - variable not defined
2;75;C:\Program Files\MetaTrader - Alpari UK\experts\oa_NLV3_Core_10t05IN.mq4;473:110;'MAGIC_Rf' - variable not defined
2;75;C:\Program Files\MetaTrader - Alpari UK\experts\oa_NLV3_Core_10t05IN.mq4;475:98;'average_win' - variable not defined
2;75;C:\Program Files\MetaTrader - Alpari UK\experts\oa_NLV3_Core_10t05IN.mq4;476:31;'step_type' - variable not defined
2;75;C:\Program Files\MetaTrader - Alpari UK\experts\oa_NLV3_Core_10t05IN.mq4;476:47;'average_win' - variable not defined
2;75;C:\Program Files\MetaTrader - Alpari UK\experts\oa_NLV3_Core_10t05IN.mq4;478:85;'program_name' - variable not defined
2;75;C:\Program Files\MetaTrader - Alpari UK\experts\oa_NLV3_Core_10t05IN.mq4;478:98;'strat_symbol' - variable not defined
2;75;C:\Program Files\MetaTrader - Alpari UK\experts\oa_NLV3_Core_10t05IN.mq4;478:111;'MAGIC_Rf' - variable not defined
2;75;C:\Program Files\MetaTrader - Alpari UK\experts\oa_NLV3_Core_10t05IN.mq4;480:98;'average_win' - variable not defined
2;75;C:\Program Files\MetaTrader - Alpari UK\experts\oa_NLV3_Core_10t05IN.mq4;481:31;'step_type' - variable not defined
2;75;C:\Program Files\MetaTrader - Alpari UK\experts\oa_NLV3_Core_10t05IN.mq4;481:47;'average_win' - variable not defined
2;75;C:\Program Files\MetaTrader - Alpari UK\experts\oa_NLV3_Core_10t05IN.mq4;485:89;'entry_orderbridge' - variable not defined
2;75;C:\Program Files\MetaTrader - Alpari UK\experts\oa_NLV3_Core_10t05IN.mq4;485:119;'program_name' - variable not defined
2;75;C:\Program Files\MetaTrader - Alpari UK\experts\oa_NLV3_Core_10t05IN.mq4;485:132;'strat_symbol' - variable not defined
2;75;C:\Program Files\MetaTrader - Alpari UK\experts\oa_NLV3_Core_10t05IN.mq4;485:145;'MAGIC_Rf' - variable not defined
2;75;C:\Program Files\MetaTrader - Alpari UK\experts\oa_NLV3_Core_10t05IN.mq4;485:168;'entry_expire' - variable not defined
2;75;C:\Program Files\MetaTrader - Alpari UK\experts\oa_NLV3_Core_10t05IN.mq4;487:98;'average_win' - variable not defined
2;75;C:\Program Files\MetaTrader - Alpari UK\experts\oa_NLV3_Core_10t05IN.mq4;490:90;'entry_orderbridge' - variable not defined
2;75;C:\Program Files\MetaTrader - Alpari UK\experts\oa_NLV3_Core_10t05IN.mq4;490:120;'program_name' - variable not defined
2;75;C:\Program Files\MetaTrader - Alpari UK\experts\oa_NLV3_Core_10t05IN.mq4;490:133;'strat_symbol' - variable not defined
2;75;C:\Program Files\MetaTrader - Alpari UK\experts\oa_NLV3_Core_10t05IN.mq4;490:146;'MAGIC_Rf' - variable not defined
2;75;C:\Program Files\MetaTrader - Alpari UK\experts\oa_NLV3_Core_10t05IN.mq4;490:171;'entry_expire' - variable not defined
2;75;C:\Program Files\MetaTrader - Alpari UK\experts\oa_NLV3_Core_10t05IN.mq4;492:98;'average_win' - variable not defined
2;75;C:\Program Files\MetaTrader - Alpari UK\experts\oa_NLV3_Core_10t05IN.mq4;498:88;'entry_orderbridge' - variable not defined
2;75;C:\Program Files\MetaTrader - Alpari UK\experts\oa_NLV3_Core_10t05IN.mq4;498:118;'program_name' - variable not defined
2;75;C:\Program Files\MetaTrader - Alpari UK\experts\oa_NLV3_Core_10t05IN.mq4;498:131;'strat_symbol' - variable not defined
2;75;C:\Program Files\MetaTrader - Alpari UK\experts\oa_NLV3_Core_10t05IN.mq4;498:144;'MAGIC_Rf' - variable not defined
2;75;C:\Program Files\MetaTrader - Alpari UK\experts\oa_NLV3_Core_10t05IN.mq4;498:167;'entry_expire' - variable not defined
2;75;C:\Program Files\MetaTrader - Alpari UK\experts\oa_NLV3_Core_10t05IN.mq4;500:98;'average_win' - variable not defined
2;75;C:\Program Files\MetaTrader - Alpari UK\experts\oa_NLV3_Core_10t05IN.mq4;503:89;'entry_orderbridge' - variable not defined
2;75;C:\Program Files\MetaTrader - Alpari UK\experts\oa_NLV3_Core_10t05IN.mq4;503:119;'program_name' - variable not defined
2;75;C:\Program Files\MetaTrader - Alpari UK\experts\oa_NLV3_Core_10t05IN.mq4;503:132;'strat_symbol' - variable not defined
2;75;C:\Program Files\MetaTrader - Alpari UK\experts\oa_NLV3_Core_10t05IN.mq4;503:145;'MAGIC_Rf' - variable not defined
2;75;C:\Program Files\MetaTrader - Alpari UK\experts\oa_NLV3_Core_10t05IN.mq4;503:170;'entry_expire' - variable not defined
2;75;C:\Program Files\MetaTrader - Alpari UK\experts\oa_NLV3_Core_10t05IN.mq4;505:98;'average_win' - variable not defined
2;75;C:\Program Files\MetaTrader - Alpari UK\experts\oa_NLV3_Core_10t05IN.mq4;508:7;'tp_price' - variable not defined
2;75;C:\Program Files\MetaTrader - Alpari UK\experts\oa_NLV3_Core_10t05IN.mq4;508:18;'sl_price' - variable not defined
2;75;C:\Program Files\MetaTrader - Alpari UK\experts\oa_NLV3_Core_10t05IN.mq4;513:20;'step_max_nr' - variable not defined
2;75;C:\Program Files\MetaTrader - Alpari UK\experts\oa_NLV3_Core_10t05IN.mq4;517:37;'step_minute' - variable not defined
2;75;C:\Program Files\MetaTrader - Alpari UK\experts\oa_NLV3_Core_10t05IN.mq4;518:18;'increase_lots' - variable not defined
2;75;C:\Program Files\MetaTrader - Alpari UK\experts\oa_NLV3_Core_10t05IN.mq4;518:51;'increase_for_every' - variable not defined
2;75;C:\Program Files\MetaTrader - Alpari UK\experts\oa_NLV3_Core_10t05IN.mq4;518:103;'lots' - variable not defined
2;75;C:\Program Files\MetaTrader - Alpari UK\experts\oa_NLV3_Core_10t05IN.mq4;518:108;'increase_percent' - variable not defined
2;75;C:\Program Files\MetaTrader - Alpari UK\experts\oa_NLV3_Core_10t05IN.mq4;520:84;'MAGIC_Rf' - variable not defined
2;75;C:\Program Files\MetaTrader - Alpari UK\experts\oa_NLV3_Core_10t05IN.mq4;522:27;'step_movegoal' - variable not defined
2;75;C:\Program Files\MetaTrader - Alpari UK\experts\oa_NLV3_Core_10t05IN.mq4;525:37;'step_minute' - variable not defined
2;75;C:\Program Files\MetaTrader - Alpari UK\experts\oa_NLV3_Core_10t05IN.mq4;526:18;'increase_lots' - variable not defined
2;75;C:\Program Files\MetaTrader - Alpari UK\experts\oa_NLV3_Core_10t05IN.mq4;526:51;'increase_for_every' - variable not defined
2;75;C:\Program Files\MetaTrader - Alpari UK\experts\oa_NLV3_Core_10t05IN.mq4;526:103;'lots' - variable not defined
2;75;C:\Program Files\MetaTrader - Alpari UK\experts\oa_NLV3_Core_10t05IN.mq4;526:108;'increase_percent' - variable not defined
2;75;C:\Program Files\MetaTrader - Alpari UK\experts\oa_NLV3_Core_10t05IN.mq4;528:85;'MAGIC_Rf' - variable not defined
2;75;C:\Program Files\MetaTrader - Alpari UK\experts\oa_NLV3_Core_10t05IN.mq4;530:27;'step_movegoal' - variable not defined
2;75;C:\Program Files\MetaTrader - Alpari UK\experts\oa_NLV3_Core_10t05IN.mq4;535:37;'step_minute' - variable not defined
2;75;C:\Program Files\MetaTrader - Alpari UK\experts\oa_NLV3_Core_10t05IN.mq4;536:18;'increase_lots' - variable not defined
2;75;C:\Program Files\MetaTrader - Alpari UK\experts\oa_NLV3_Core_10t05IN.mq4;536:51;'increase_for_every' - variable not defined
2;75;C:\Program Files\MetaTrader - Alpari UK\experts\oa_NLV3_Core_10t05IN.mq4;536:103;'lots' - variable not defined
2;75;C:\Program Files\MetaTrader - Alpari UK\experts\oa_NLV3_Core_10t05IN.mq4;536:108;'increase_percent' - variable not defined
2;75;C:\Program Files\MetaTrader - Alpari UK\experts\oa_NLV3_Core_10t05IN.mq4;538:84;'MAGIC_Rf' - variable not defined
2;75;C:\Program Files\MetaTrader - Alpari UK\experts\oa_NLV3_Core_10t05IN.mq4;540:27;'step_movegoal' - variable not defined
2;75;C:\Program Files\MetaTrader - Alpari UK\experts\oa_NLV3_Core_10t05IN.mq4;543:37;'step_minute' - variable not defined
2;75;C:\Program Files\MetaTrader - Alpari UK\experts\oa_NLV3_Core_10t05IN.mq4;544:18;'increase_lots' - variable not defined
2;75;C:\Program Files\MetaTrader - Alpari UK\experts\oa_NLV3_Core_10t05IN.mq4;544:51;'increase_for_every' - variable not defined
2;75;C:\Program Files\MetaTrader - Alpari UK\experts\oa_NLV3_Core_10t05IN.mq4;544:103;'lots' - variable not defined
2;75;C:\Program Files\MetaTrader - Alpari UK\experts\oa_NLV3_Core_10t05IN.mq4;544:108;'increase_percent' - variable not defined
2;75;C:\Program Files\MetaTrader - Alpari UK\experts\oa_NLV3_Core_10t05IN.mq4;546:85;'MAGIC_Rf' - variable not defined
2;75;C:\Program Files\MetaTrader - Alpari UK\experts\oa_NLV3_Core_10t05IN.mq4;548:27;'step_movegoal' - variable not defined
2;75;C:\Program Files\MetaTrader - Alpari UK\experts\oa_NLV3_Core_10t05IN.mq4;555:11;'tp_price' - variable not defined
2;75;C:\Program Files\MetaTrader - Alpari UK\experts\oa_NLV3_Core_10t05IN.mq4;555:26;'tp' - variable not defined
2;75;C:\Program Files\MetaTrader - Alpari UK\experts\oa_NLV3_Core_10t05IN.mq4;555:50;'tp_price' - variable not defined
2;75;C:\Program Files\MetaTrader - Alpari UK\experts\oa_NLV3_Core_10t05IN.mq4;555:76;'tp' - variable not defined
2;75;C:\Program Files\MetaTrader - Alpari UK\experts\oa_NLV3_Core_10t05IN.mq4;556:11;'tp_price' - variable not defined
2;75;C:\Program Files\MetaTrader - Alpari UK\experts\oa_NLV3_Core_10t05IN.mq4;556:26;'tp' - variable not defined
2;75;C:\Program Files\MetaTrader - Alpari UK\experts\oa_NLV3_Core_10t05IN.mq4;556:50;'tp_price' - variable not defined
2;75;C:\Program Files\MetaTrader - Alpari UK\experts\oa_NLV3_Core_10t05IN.mq4;556:76;'tp' - variable not defined
2;75;C:\Program Files\MetaTrader - Alpari UK\experts\oa_NLV3_Core_10t05IN.mq4;557:11;'sl_price' - variable not defined
2;75;C:\Program Files\MetaTrader - Alpari UK\experts\oa_NLV3_Core_10t05IN.mq4;557:26;'sl' - variable not defined
2;75;C:\Program Files\MetaTrader - Alpari UK\experts\oa_NLV3_Core_10t05IN.mq4;557:50;'sl_price' - variable not defined
2;75;C:\Program Files\MetaTrader - Alpari UK\experts\oa_NLV3_Core_10t05IN.mq4;557:76;'sl' - variable not defined
2;75;C:\Program Files\MetaTrader - Alpari UK\experts\oa_NLV3_Core_10t05IN.mq4;558:11;'sl_price' - variable not defined
2;75;C:\Program Files\MetaTrader - Alpari UK\experts\oa_NLV3_Core_10t05IN.mq4;558:26;'sl' - variable not defined
2;75;C:\Program Files\MetaTrader - Alpari UK\experts\oa_NLV3_Core_10t05IN.mq4;558:51;'sl_price' - variable not defined
2;75;C:\Program Files\MetaTrader - Alpari UK\experts\oa_NLV3_Core_10t05IN.mq4;558:77;'sl' - variable not defined
2;75;C:\Program Files\MetaTrader - Alpari UK\experts\oa_NLV3_Core_10t05IN.mq4;559:11;'trailingstop' - variable not defined
2;75;C:\Program Files\MetaTrader - Alpari UK\experts\oa_NLV3_Core_10t05IN.mq4;559:39;'trailingstop_after_nr' - variable not defined
2;75;C:\Program Files\MetaTrader - Alpari UK\experts\oa_NLV3_Core_10t05IN.mq4;560:17;'sl' - variable not defined
2;75;C:\Program Files\MetaTrader - Alpari UK\experts\oa_NLV3_Core_10t05IN.mq4;560:27;'sl_price' - variable not defined
2;75;C:\Program Files\MetaTrader - Alpari UK\experts\oa_NLV3_Core_10t05IN.mq4;560:36;'sl_step' - variable not defined
2;75;C:\Program Files\MetaTrader - Alpari UK\experts\oa_NLV3_Core_10t05IN.mq4;561:17;'sl' - variable not defined
2;75;C:\Program Files\MetaTrader - Alpari UK\experts\oa_NLV3_Core_10t05IN.mq4;561:44;'sl_step_first' - variable not defined
2;75;C:\Program Files\MetaTrader - Alpari UK\experts\oa_NLV3_Core_10t05IN.mq4;562:17;'sl' - variable not defined
2;75;C:\Program Files\MetaTrader - Alpari UK\experts\oa_NLV3_Core_10t05IN.mq4;562:41;'sl_onavgprice' - variable not defined
2;75;C:\Program Files\MetaTrader - Alpari UK\experts\oa_NLV3_Core_10t05IN.mq4;563:12;'sl_price' - variable not defined
2;75;C:\Program Files\MetaTrader - Alpari UK\experts\oa_NLV3_Core_10t05IN.mq4;563:25;'sl' - variable not defined
2;75;C:\Program Files\MetaTrader - Alpari UK\experts\oa_NLV3_Core_10t05IN.mq4;564:11;'trailingstop' - variable not defined
2;75;C:\Program Files\MetaTrader - Alpari UK\experts\oa_NLV3_Core_10t05IN.mq4;564:39;'trailingstop_after_nr' - variable not defined
2;75;C:\Program Files\MetaTrader - Alpari UK\experts\oa_NLV3_Core_10t05IN.mq4;565:17;'sl' - variable not defined
2;75;C:\Program Files\MetaTrader - Alpari UK\experts\oa_NLV3_Core_10t05IN.mq4;565:27;'sl_price' - variable not defined
2;75;C:\Program Files\MetaTrader - Alpari UK\experts\oa_NLV3_Core_10t05IN.mq4;565:36;'sl_step' - variable not defined
2;75;C:\Program Files\MetaTrader - Alpari UK\experts\oa_NLV3_Core_10t05IN.mq4;566:17;'sl' - variable not defined
2;75;C:\Program Files\MetaTrader - Alpari UK\experts\oa_NLV3_Core_10t05IN.mq4;566:44;'sl_step_first' - variable not defined
2;75;C:\Program Files\MetaTrader - Alpari UK\experts\oa_NLV3_Core_10t05IN.mq4;567:17;'sl' - variable not defined
2;75;C:\Program Files\MetaTrader - Alpari UK\experts\oa_NLV3_Core_10t05IN.mq4;567:41;'sl_onavgprice' - variable not defined
2;75;C:\Program Files\MetaTrader - Alpari UK\experts\oa_NLV3_Core_10t05IN.mq4;568:12;'sl_price' - variable not defined
2;75;C:\Program Files\MetaTrader - Alpari UK\experts\oa_NLV3_Core_10t05IN.mq4;568:25;'sl' - variable not defined
2;75;C:\Program Files\MetaTrader - Alpari UK\experts\oa_NLV3_Core_10t05IN.mq4;575:32;'tp_price' - variable not defined
2;75;C:\Program Files\MetaTrader - Alpari UK\experts\oa_NLV3_Core_10t05IN.mq4;575:61;'sl_price' - variable not defined
2;75;C:\Program Files\MetaTrader - Alpari UK\experts\oa_NLV3_Core_10t05IN.mq4;576:56;'sl_price' - variable not defined
2;75;C:\Program Files\MetaTrader - Alpari UK\experts\oa_NLV3_Core_10t05IN.mq4;576:65;'tp_price' - variable not defined
2;75;C:\Program Files\MetaTrader - Alpari UK\experts\oa_NLV3_Core_10t05IN.mq4;581:27;'b_fivedigitbroker' - variable not defined
2;75;C:\Program Files\MetaTrader - Alpari UK\experts\oa_NLV3_Core_10t05IN.mq4;599:48;'max_loss_percent' - variable not defined
2;75;C:\Program Files\MetaTrader - Alpari UK\experts\oa_NLV3_Core_10t05IN.mq4;600:48;'ult_max_loss_percent' - variable not defined
2;75;C:\Program Files\MetaTrader - Alpari UK\experts\oa_NLV3_Core_10t05IN.mq4;601:11;'b_letprofitrun' - variable not defined
2;75;C:\Program Files\MetaTrader - Alpari UK\experts\oa_NLV3_Core_10t05IN.mq4;602:11;'b_letprofitrun' - variable not defined
2;75;C:\Program Files\MetaTrader - Alpari UK\experts\oa_NLV3_Core_10t05IN.mq4;602:87;'fallbackpip_min' - variable not defined
2;75;C:\Program Files\MetaTrader - Alpari UK\experts\oa_NLV3_Core_10t05IN.mq4;603:33;'fallbackpip_max' - variable not defined
2;75;C:\Program Files\MetaTrader - Alpari UK\experts\oa_NLV3_Core_10t05IN.mq4;603:86;'fallbackpercent_max' - variable not defined
2;75;C:\Program Files\MetaTrader - Alpari UK\experts\oa_NLV3_Core_10t05IN.mq4;604:35;'stop_after_hour' - variable not defined
2;75;C:\Program Files\MetaTrader - Alpari UK\experts\oa_NLV3_Core_10t05IN.mq4;604:59;'stop_after_hour' - variable not defined
2;75;C:\Program Files\MetaTrader - Alpari UK\experts\oa_NLV3_Core_10t05IN.mq4;604:81;'stop_after_hour_minloss' - variable not defined
2;75;C:\Program Files\MetaTrader - Alpari UK\experts\oa_NLV3_Core_10t05IN.mq4;604:125;'stop_after_hour_minprofit' - variable not defined
2;75;C:\Program Files\MetaTrader - Alpari UK\experts\oa_NLV3_Core_10t05IN.mq4;605:35;'stop_after_hour2' - variable not defined
2;75;C:\Program Files\MetaTrader - Alpari UK\experts\oa_NLV3_Core_10t05IN.mq4;605:60;'stop_after_hour2' - variable not defined
2;75;C:\Program Files\MetaTrader - Alpari UK\experts\oa_NLV3_Core_10t05IN.mq4;605:83;'stop_after_hour_minloss2' - variable not defined
2;75;C:\Program Files\MetaTrader - Alpari UK\experts\oa_NLV3_Core_10t05IN.mq4;605:128;'stop_after_hour_minprofit2' - variable not defined
2;75;C:\Program Files\MetaTrader - Alpari UK\experts\oa_NLV3_Core_10t05IN.mq4;606:35;'stop_after_hour' - variable not defined
2;75;C:\Program Files\MetaTrader - Alpari UK\experts\oa_NLV3_Core_10t05IN.mq4;606:59;'stop_after_hour' - variable not defined
2;75;C:\Program Files\MetaTrader - Alpari UK\experts\oa_NLV3_Core_10t05IN.mq4;606:81;'stop_after_hour_minloss' - variable not defined
2;75;C:\Program Files\MetaTrader - Alpari UK\experts\oa_NLV3_Core_10t05IN.mq4;606:111;'stop_after_hour_minprofit' - variable not defined
2;75;C:\Program Files\MetaTrader - Alpari UK\experts\oa_NLV3_Core_10t05IN.mq4;606:157;'stop_after_hour_minloss' - variable not defined
2;75;C:\Program Files\MetaTrader - Alpari UK\experts\oa_NLV3_Core_10t05IN.mq4;607:35;'stop_after_hour2' - variable not defined
2;75;C:\Program Files\MetaTrader - Alpari UK\experts\oa_NLV3_Core_10t05IN.mq4;607:60;'stop_after_hour2' - variable not defined
2;75;C:\Program Files\MetaTrader - Alpari UK\experts\oa_NLV3_Core_10t05IN.mq4;607:83;'stop_after_hour_minloss2' - variable not defined
2;75;C:\Program Files\MetaTrader - Alpari UK\experts\oa_NLV3_Core_10t05IN.mq4;607:113;'stop_after_hour_minprofit2' - variable not defined
2;75;C:\Program Files\MetaTrader - Alpari UK\experts\oa_NLV3_Core_10t05IN.mq4;607:160;'stop_after_hour_minloss2' - variable not defined
2;75;C:\Program Files\MetaTrader - Alpari UK\experts\oa_NLV3_Core_10t05IN.mq4;611:35;'sl_price' - variable not defined
2;75;C:\Program Files\MetaTrader - Alpari UK\experts\oa_NLV3_Core_10t05IN.mq4;611:47;'sl_price' - variable not defined
2;75;C:\Program Files\MetaTrader - Alpari UK\experts\oa_NLV3_Core_10t05IN.mq4;611:69;'tp_price' - variable not defined
2;75;C:\Program Files\MetaTrader - Alpari UK\experts\oa_NLV3_Core_10t05IN.mq4;611:81;'tp_price' - variable not defined
2;75;C:\Program Files\MetaTrader - Alpari UK\experts\oa_NLV3_Core_10t05IN.mq4;612:36;'sl_price' - variable not defined
2;75;C:\Program Files\MetaTrader - Alpari UK\experts\oa_NLV3_Core_10t05IN.mq4;612:48;'sl_price' - variable not defined
2;75;C:\Program Files\MetaTrader - Alpari UK\experts\oa_NLV3_Core_10t05IN.mq4;612:70;'tp_price' - variable not defined
2;75;C:\Program Files\MetaTrader - Alpari UK\experts\oa_NLV3_Core_10t05IN.mq4;612:82;'tp_price' - variable not defined
2;75;C:\Program Files\MetaTrader - Alpari UK\experts\oa_NLV3_Core_10t05IN.mq4;614:36;'stop_after_lastopen_min' - variable not defined
2;75;C:\Program Files\MetaTrader - Alpari UK\experts\oa_NLV3_Core_10t05IN.mq4;614:66;'stop_after_lastopen_min' - variable not defined
2;75;C:\Program Files\MetaTrader - Alpari UK\experts\oa_NLV3_Core_10t05IN.mq4;614:110;'stop_after_lastopen_minprofit' - variable not defined
2;75;C:\Program Files\MetaTrader - Alpari UK\experts\oa_NLV3_Core_10t05IN.mq4;631:27;'strat_act' - variable not defined
2;75;C:\Program Files\MetaTrader - Alpari UK\experts\oa_NLV3_Core_10t05IN.mq4;632:47;'strat_act' - variable not defined
2;75;C:\Program Files\MetaTrader - Alpari UK\experts\oa_NLV3_Core_10t05IN.mq4;636:53;'MAGIC_Rf' - variable not defined
2;75;C:\Program Files\MetaTrader - Alpari UK\experts\oa_NLV3_Core_10t05IN.mq4;640:57;'MAGIC_Rf' - variable not defined
2;75;C:\Program Files\MetaTrader - Alpari UK\experts\oa_NLV3_Core_10t05IN.mq4;652:10;'strat_act' - variable not defined
2;75;C:\Program Files\MetaTrader - Alpari UK\experts\oa_NLV3_Core_10t05IN.mq4;668:10;'strat_act' - variable not defined
2;75;C:\Program Files\MetaTrader - Alpari UK\experts\oa_NLV3_Core_10t05IN.mq4;688:4;'strat_symbol' - variable not defined
2;75;C:\Program Files\MetaTrader - Alpari UK\experts\oa_NLV3_Core_10t05IN.mq4;688:23;'strat_symbol_m' - variable not defined
2;75;C:\Program Files\MetaTrader - Alpari UK\experts\oa_NLV3_Core_10t05IN.mq4;689:4;'strat_period' - variable not defined
2;75;C:\Program Files\MetaTrader - Alpari UK\experts\oa_NLV3_Core_10t05IN.mq4;689:23;'strat_preiod_m' - variable not defined
2;75;C:\Program Files\MetaTrader - Alpari UK\experts\oa_NLV3_Core_10t05IN.mq4;690:4;'b_signal2_trading' - variable not defined
2;75;C:\Program Files\MetaTrader - Alpari UK\experts\oa_NLV3_Core_10t05IN.mq4;690:22;'b_signal2_trading_m' - variable not defined
2;75;C:\Program Files\MetaTrader - Alpari UK\experts\oa_NLV3_Core_10t05IN.mq4;691:4;'tradinghour_start' - variable not defined
2;75;C:\Program Files\MetaTrader - Alpari UK\experts\oa_NLV3_Core_10t05IN.mq4;691:23;'tradinghour_start_m' - variable not defined
2;75;C:\Program Files\MetaTrader - Alpari UK\experts\oa_NLV3_Core_10t05IN.mq4;692:4;'tradinghour_end' - variable not defined
2;75;C:\Program Files\MetaTrader - Alpari UK\experts\oa_NLV3_Core_10t05IN.mq4;692:23;'tradinghour_end_m' - variable not defined
2;75;C:\Program Files\MetaTrader - Alpari UK\experts\oa_NLV3_Core_10t05IN.mq4;693:4;'tradinghour' - variable not defined
2;75;C:\Program Files\MetaTrader - Alpari UK\experts\oa_NLV3_Core_10t05IN.mq4;693:23;'tradinghour_m' - variable not defined
2;75;C:\Program Files\MetaTrader - Alpari UK\experts\oa_NLV3_Core_10t05IN.mq4;694:4;'tradingfridaytill' - variable not defined
2;75;C:\Program Files\MetaTrader - Alpari UK\experts\oa_NLV3_Core_10t05IN.mq4;694:23;'tradingfridaytill_m' - variable not defined
2;75;C:\Program Files\MetaTrader - Alpari UK\experts\oa_NLV3_Core_10t05IN.mq4;695:4;'tradingdayoyearmax' - variable not defined
2;75;C:\Program Files\MetaTrader - Alpari UK\experts\oa_NLV3_Core_10t05IN.mq4;695:23;'tradingdayoyearmax_m' - variable not defined
2;75;C:\Program Files\MetaTrader - Alpari UK\experts\oa_NLV3_Core_10t05IN.mq4;697:4;'entry_type' - variable not defined
2;75;C:\Program Files\MetaTrader - Alpari UK\experts\oa_NLV3_Core_10t05IN.mq4;697:23;'entry_type_m' - variable not defined
2;75;C:\Program Files\MetaTrader - Alpari UK\experts\oa_NLV3_Core_10t05IN.mq4;698:4;'entry_reverse' - variable not defined
2;75;C:\Program Files\MetaTrader - Alpari UK\experts\oa_NLV3_Core_10t05IN.mq4;698:23;'entry_reverse_m' - variable not defined
2;75;C:\Program Files\MetaTrader - Alpari UK\experts\oa_NLV3_Core_10t05IN.mq4;699:38;'entry_ordertype' - variable not defined
2;75;C:\Program Files\MetaTrader - Alpari UK\experts\oa_NLV3_Core_10t05IN.mq4;699:57;'entry_ordertype_m' - variable not defined
2;75;C:\Program Files\MetaTrader - Alpari UK\experts\oa_NLV3_Core_10t05IN.mq4;700:38;'entry_orderbridge' - variable not defined
2;75;C:\Program Files\MetaTrader - Alpari UK\experts\oa_NLV3_Core_10t05IN.mq4;700:57;'entry_orderbridge_m' - variable not defined
2;75;C:\Program Files\MetaTrader - Alpari UK\experts\oa_NLV3_Core_10t05IN.mq4;701:38;'entry_expire' - variable not defined
2;75;C:\Program Files\MetaTrader - Alpari UK\experts\oa_NLV3_Core_10t05IN.mq4;701:57;'entry_expire_m' - variable not defined
2;75;C:\Program Files\MetaTrader - Alpari UK\experts\oa_NLV3_Core_10t05IN.mq4;703:4;'lots_equityperlot' - variable not defined
2;75;C:\Program Files\MetaTrader - Alpari UK\experts\oa_NLV3_Core_10t05IN.mq4;703:23;'lots_equityperlot_m' - variable not defined
2;75;C:\Program Files\MetaTrader - Alpari UK\experts\oa_NLV3_Core_10t05IN.mq4;704:4;'martingal' - variable not defined
2;75;C:\Program Files\MetaTrader - Alpari UK\experts\oa_NLV3_Core_10t05IN.mq4;704:23;'martingal_m' - variable not defined
2;75;C:\Program Files\MetaTrader - Alpari UK\experts\oa_NLV3_Core_10t05IN.mq4;706:8;'b_aggressive' - variable not defined
2;75;C:\Program Files\MetaTrader - Alpari UK\experts\oa_NLV3_Core_10t05IN.mq4;706:28;'lots_equityperlot' - variable not defined
2;75;C:\Program Files\MetaTrader - Alpari UK\experts\oa_NLV3_Core_10t05IN.mq4;706:47;'lots_equityperlot_ma' - variable not defined
2;75;C:\Program Files\MetaTrader - Alpari UK\experts\oa_NLV3_Core_10t05IN.mq4;707:4;'MAGIC_Rf' - variable not defined
2;75;C:\Program Files\MetaTrader - Alpari UK\experts\oa_NLV3_Core_10t05IN.mq4;707:23;'MAGIC_Rf_m' - variable not defined
2;75;C:\Program Files\MetaTrader - Alpari UK\experts\oa_NLV3_Core_10t05IN.mq4;709:4;'increase_lots' - variable not defined
2;75;C:\Program Files\MetaTrader - Alpari UK\experts\oa_NLV3_Core_10t05IN.mq4;709:29;'increase_lots_m' - variable not defined
2;75;C:\Program Files\MetaTrader - Alpari UK\experts\oa_NLV3_Core_10t05IN.mq4;710:4;'increase_for_every' - variable not defined
2;75;C:\Program Files\MetaTrader - Alpari UK\experts\oa_NLV3_Core_10t05IN.mq4;710:30;'increase_for_every_m' - variable not defined
2;75;C:\Program Files\MetaTrader - Alpari UK\experts\oa_NLV3_Core_10t05IN.mq4;711:4;'increase_percent' - variable not defined
2;75;C:\Program Files\MetaTrader - Alpari UK\experts\oa_NLV3_Core_10t05IN.mq4;711:29;'increase_percent_m' - variable not defined
2;75;C:\Program Files\MetaTrader - Alpari UK\experts\oa_NLV3_Core_10t05IN.mq4;713:4;'step' - variable not defined
2;75;C:\Program Files\MetaTrader - Alpari UK\experts\oa_NLV3_Core_10t05IN.mq4;713:29;'step_m' - variable not defined
2;75;C:\Program Files\MetaTrader - Alpari UK\experts\oa_NLV3_Core_10t05IN.mq4;714:4;'step_first' - variable not defined
2;75;C:\Program Files\MetaTrader - Alpari UK\experts\oa_NLV3_Core_10t05IN.mq4;714:29;'step_first_m' - variable not defined
2;75;C:\Program Files\MetaTrader - Alpari UK\experts\oa_NLV3_Core_10t05IN.mq4;715:4;'step_minute' - variable not defined
2;75;C:\Program Files\MetaTrader - Alpari UK\experts\oa_NLV3_Core_10t05IN.mq4;715:29;'step_minute_m' - variable not defined
2;75;C:\Program Files\MetaTrader - Alpari UK\experts\oa_NLV3_Core_10t05IN.mq4;716:4;'step_max_nr' - variable not defined
2;75;C:\Program Files\MetaTrader - Alpari UK\experts\oa_NLV3_Core_10t05IN.mq4;716:29;'step_max_nr_m' - variable not defined
2;75;C:\Program Files\MetaTrader - Alpari UK\experts\oa_NLV3_Core_10t05IN.mq4;717:4;'step_movegoal' - variable not defined
2;75;C:\Program Files\MetaTrader - Alpari UK\experts\oa_NLV3_Core_10t05IN.mq4;717:29;'step_movegoal_m' - variable not defined
2;75;C:\Program Files\MetaTrader - Alpari UK\experts\oa_NLV3_Core_10t05IN.mq4;718:4;'step_type' - variable not defined
2;75;C:\Program Files\MetaTrader - Alpari UK\experts\oa_NLV3_Core_10t05IN.mq4;718:29;'step_type_m' - variable not defined
2;75;C:\Program Files\MetaTrader - Alpari UK\experts\oa_NLV3_Core_10t05IN.mq4;720:4;'average_win' - variable not defined
2;75;C:\Program Files\MetaTrader - Alpari UK\experts\oa_NLV3_Core_10t05IN.mq4;720:29;'average_win_m' - variable not defined
2;75;C:\Program Files\MetaTrader - Alpari UK\experts\oa_NLV3_Core_10t05IN.mq4;721:4;'tp' - variable not defined
2;75;C:\Program Files\MetaTrader - Alpari UK\experts\oa_NLV3_Core_10t05IN.mq4;721:29;'tp_m' - variable not defined
2;75;C:\Program Files\MetaTrader - Alpari UK\experts\oa_NLV3_Core_10t05IN.mq4;722:4;'tp_price' - variable not defined
2;75;C:\Program Files\MetaTrader - Alpari UK\experts\oa_NLV3_Core_10t05IN.mq4;722:29;'tp_price_m' - variable not defined
2;75;C:\Program Files\MetaTrader - Alpari UK\experts\oa_NLV3_Core_10t05IN.mq4;724:4;'b_letprofitrun' - variable not defined
2;75;C:\Program Files\MetaTrader - Alpari UK\experts\oa_NLV3_Core_10t05IN.mq4;724:29;'b_letprofitrun_m' - variable not defined
2;75;C:\Program Files\MetaTrader - Alpari UK\experts\oa_NLV3_Core_10t05IN.mq4;725:4;'fallbackpip_min' - variable not defined
2;75;C:\Program Files\MetaTrader - Alpari UK\experts\oa_NLV3_Core_10t05IN.mq4;725:29;'fallbackpip_min_m' - variable not defined
2;75;C:\Program Files\MetaTrader - Alpari UK\experts\oa_NLV3_Core_10t05IN.mq4;726:4;'fallbackpip_max' - variable not defined
2;75;C:\Program Files\MetaTrader - Alpari UK\experts\oa_NLV3_Core_10t05IN.mq4;726:29;'fallbackpip_max_m' - variable not defined
2;75;C:\Program Files\MetaTrader - Alpari UK\experts\oa_NLV3_Core_10t05IN.mq4;727:4;'fallbackpercent_max' - variable not defined
2;75;C:\Program Files\MetaTrader - Alpari UK\experts\oa_NLV3_Core_10t05IN.mq4;727:29;'fallbackpercent_max_m' - variable not defined
2;75;C:\Program Files\MetaTrader - Alpari UK\experts\oa_NLV3_Core_10t05IN.mq4;729:4;'max_loss_percent' - variable not defined
2;75;C:\Program Files\MetaTrader - Alpari UK\experts\oa_NLV3_Core_10t05IN.mq4;729:29;'max_loss_percent_m' - variable not defined
2;75;C:\Program Files\MetaTrader - Alpari UK\experts\oa_NLV3_Core_10t05IN.mq4;730:4;'sl' - variable not defined
2;75;C:\Program Files\MetaTrader - Alpari UK\experts\oa_NLV3_Core_10t05IN.mq4;730:29;'sl_m' - variable not defined
2;75;C:\Program Files\MetaTrader - Alpari UK\experts\oa_NLV3_Core_10t05IN.mq4;731:4;'sl_price' - variable not defined
2;75;C:\Program Files\MetaTrader - Alpari UK\experts\oa_NLV3_Core_10t05IN.mq4;731:29;'sl_price_m' - variable not defined
2;75;C:\Program Files\MetaTrader - Alpari UK\experts\oa_NLV3_Core_10t05IN.mq4;732:4;'sl_step' - variable not defined
2;75;C:\Program Files\MetaTrader - Alpari UK\experts\oa_NLV3_Core_10t05IN.mq4;732:29;'sl_step_m' - variable not defined
2;75;C:\Program Files\MetaTrader - Alpari UK\experts\oa_NLV3_Core_10t05IN.mq4;733:4;'sl_step_first' - variable not defined
2;75;C:\Program Files\MetaTrader - Alpari UK\experts\oa_NLV3_Core_10t05IN.mq4;733:29;'sl_step_first_m' - variable not defined
2;75;C:\Program Files\MetaTrader - Alpari UK\experts\oa_NLV3_Core_10t05IN.mq4;734:4;'sl_onavgprice' - variable not defined
2;75;C:\Program Files\MetaTrader - Alpari UK\experts\oa_NLV3_Core_10t05IN.mq4;734:29;'sl_onavgprice_m' - variable not defined
2;75;C:\Program Files\MetaTrader - Alpari UK\experts\oa_NLV3_Core_10t05IN.mq4;735:4;'trailingstop' - variable not defined
2;75;C:\Program Files\MetaTrader - Alpari UK\experts\oa_NLV3_Core_10t05IN.mq4;735:29;'trailingstop_m' - variable not defined
2;75;C:\Program Files\MetaTrader - Alpari UK\experts\oa_NLV3_Core_10t05IN.mq4;736:4;'trailingstop_after_nr' - variable not defined
2;75;C:\Program Files\MetaTrader - Alpari UK\experts\oa_NLV3_Core_10t05IN.mq4;736:29;'trailingstop_after_nr_m' - variable not defined
2;75;C:\Program Files\MetaTrader - Alpari UK\experts\oa_NLV3_Core_10t05IN.mq4;738:4;'stop_after_hour' - variable not defined
2;75;C:\Program Files\MetaTrader - Alpari UK\experts\oa_NLV3_Core_10t05IN.mq4;738:32;'stop_after_hour_m' - variable not defined
2;75;C:\Program Files\MetaTrader - Alpari UK\experts\oa_NLV3_Core_10t05IN.mq4;739:4;'stop_after_hour_minprofit' - variable not defined
2;75;C:\Program Files\MetaTrader - Alpari UK\experts\oa_NLV3_Core_10t05IN.mq4;739:32;'stop_after_hour_minprofit_m' - variable not defined
2;75;C:\Program Files\MetaTrader - Alpari UK\experts\oa_NLV3_Core_10t05IN.mq4;740:4;'stop_after_hour_minloss' - variable not defined
2;75;C:\Program Files\MetaTrader - Alpari UK\experts\oa_NLV3_Core_10t05IN.mq4;740:32;'stop_after_hour_minloss_m' - variable not defined
2;75;C:\Program Files\MetaTrader - Alpari UK\experts\oa_NLV3_Core_10t05IN.mq4;741:4;'stop_after_hour2' - variable not defined
2;75;C:\Program Files\MetaTrader - Alpari UK\experts\oa_NLV3_Core_10t05IN.mq4;741:32;'stop_after_hour2_m' - variable not defined
2;75;C:\Program Files\MetaTrader - Alpari UK\experts\oa_NLV3_Core_10t05IN.mq4;742:4;'stop_after_hour_minprofit2' - variable not defined
2;75;C:\Program Files\MetaTrader - Alpari UK\experts\oa_NLV3_Core_10t05IN.mq4;742:32;'stop_after_hour_minprofit2_m' - variable not defined
2;75;C:\Program Files\MetaTrader - Alpari UK\experts\oa_NLV3_Core_10t05IN.mq4;743:4;'stop_after_hour_minloss2' - variable not defined
2;75;C:\Program Files\MetaTrader - Alpari UK\experts\oa_NLV3_Core_10t05IN.mq4;743:31;'stop_after_hour_minloss2_m' - variable not defined
2;75;C:\Program Files\MetaTrader - Alpari UK\experts\oa_NLV3_Core_10t05IN.mq4;745:4;'signal_atr_max' - variable not defined
2;75;C:\Program Files\MetaTrader - Alpari UK\experts\oa_NLV3_Core_10t05IN.mq4;745:23;'signal_atr_max_m' - variable not defined
2;75;C:\Program Files\MetaTrader - Alpari UK\experts\oa_NLV3_Core_10t05IN.mq4;746:4;'signal_atr_min' - variable not defined
2;75;C:\Program Files\MetaTrader - Alpari UK\experts\oa_NLV3_Core_10t05IN.mq4;746:23;'signal_atr_min_m' - variable not defined
2;75;C:\Program Files\MetaTrader - Alpari UK\experts\oa_NLV3_Core_10t05IN.mq4;747:4;'atr_preiod' - variable not defined
2;75;C:\Program Files\MetaTrader - Alpari UK\experts\oa_NLV3_Core_10t05IN.mq4;747:23;'atr_preiod_m' - variable not defined
2;75;C:\Program Files\MetaTrader - Alpari UK\experts\oa_NLV3_Core_10t05IN.mq4;749:4;'signal_adx_limit' - variable not defined
2;75;C:\Program Files\MetaTrader - Alpari UK\experts\oa_NLV3_Core_10t05IN.mq4;749:23;'signal_adx_limit_m' - variable not defined
2;75;C:\Program Files\MetaTrader - Alpari UK\experts\oa_NLV3_Core_10t05IN.mq4;750:4;'signal_adx_max' - variable not defined
2;75;C:\Program Files\MetaTrader - Alpari UK\experts\oa_NLV3_Core_10t05IN.mq4;750:23;'signal_adx_max_m' - variable not defined
2;75;C:\Program Files\MetaTrader - Alpari UK\experts\oa_NLV3_Core_10t05IN.mq4;751:4;'adx_preiod' - variable not defined
2;75;C:\Program Files\MetaTrader - Alpari UK\experts\oa_NLV3_Core_10t05IN.mq4;751:23;'adx_preiod_m' - variable not defined
2;75;C:\Program Files\MetaTrader - Alpari UK\experts\oa_NLV3_Core_10t05IN.mq4;752:4;'signal_adx_limit2' - variable not defined
2;75;C:\Program Files\MetaTrader - Alpari UK\experts\oa_NLV3_Core_10t05IN.mq4;752:23;'signal_adx_limit2_m' - variable not defined
2;75;C:\Program Files\MetaTrader - Alpari UK\experts\oa_NLV3_Core_10t05IN.mq4;753:4;'adx_preiod2' - variable not defined
2;75;C:\Program Files\MetaTrader - Alpari UK\experts\oa_NLV3_Core_10t05IN.mq4;753:23;'adx_preiod2_m' - variable not defined
2;75;C:\Program Files\MetaTrader - Alpari UK\experts\oa_NLV3_Core_10t05IN.mq4;754:4;'signal_stoch_down' - variable not defined
2;75;C:\Program Files\MetaTrader - Alpari UK\experts\oa_NLV3_Core_10t05IN.mq4;754:23;'signal_stoch_limit_m' - variable not defined
2;75;C:\Program Files\MetaTrader - Alpari UK\experts\oa_NLV3_Core_10t05IN.mq4;755:4;'stoch_preiod' - variable not defined
2;75;C:\Program Files\MetaTrader - Alpari UK\experts\oa_NLV3_Core_10t05IN.mq4;755:23;'adx_stoch_m' - variable not defined
2;75;C:\Program Files\MetaTrader - Alpari UK\experts\oa_NLV3_Core_10t05IN.mq4;756:4;'rsi_limit_down' - variable not defined
2;75;C:\Program Files\MetaTrader - Alpari UK\experts\oa_NLV3_Core_10t05IN.mq4;756:23;'rsi_limit_down_m' - variable not defined
2;75;C:\Program Files\MetaTrader - Alpari UK\experts\oa_NLV3_Core_10t05IN.mq4;757:4;'rsi_min_down' - variable not defined
2;75;C:\Program Files\MetaTrader - Alpari UK\experts\oa_NLV3_Core_10t05IN.mq4;757:23;'rsi_limit_min_m' - variable not defined
2;75;C:\Program Files\MetaTrader - Alpari UK\experts\oa_NLV3_Core_10t05IN.mq4;758:4;'rsi_period' - variable not defined
2;75;C:\Program Files\MetaTrader - Alpari UK\experts\oa_NLV3_Core_10t05IN.mq4;758:23;'rsi_period_m' - variable not defined
2;75;C:\Program Files\MetaTrader - Alpari UK\experts\oa_NLV3_Core_10t05IN.mq4;759:4;'bool_dev' - variable not defined
2;75;C:\Program Files\MetaTrader - Alpari UK\experts\oa_NLV3_Core_10t05IN.mq4;759:23;'bool_dev_m' - variable not defined
2;75;C:\Program Files\MetaTrader - Alpari UK\experts\oa_NLV3_Core_10t05IN.mq4;760:4;'bool_preiod' - variable not defined
2;75;C:\Program Files\MetaTrader - Alpari UK\experts\oa_NLV3_Core_10t05IN.mq4;760:23;'bool_preiod_m' - variable not defined
2;75;C:\Program Files\MetaTrader - Alpari UK\experts\oa_NLV3_Core_10t05IN.mq4;762:4;'stepmin1' - variable not defined
2;75;C:\Program Files\MetaTrader - Alpari UK\experts\oa_NLV3_Core_10t05IN.mq4;762:17;'stepmin1_m' - variable not defined
2;75;C:\Program Files\MetaTrader - Alpari UK\experts\oa_NLV3_Core_10t05IN.mq4;763:4;'steppip1' - variable not defined
2;75;C:\Program Files\MetaTrader - Alpari UK\experts\oa_NLV3_Core_10t05IN.mq4;763:17;'steppip1_m' - variable not defined
2;75;C:\Program Files\MetaTrader - Alpari UK\experts\oa_NLV3_Core_10t05IN.mq4;764:4;'stepmin2' - variable not defined
2;75;C:\Program Files\MetaTrader - Alpari UK\experts\oa_NLV3_Core_10t05IN.mq4;764:17;'stepmin2_m' - variable not defined
2;75;C:\Program Files\MetaTrader - Alpari UK\experts\oa_NLV3_Core_10t05IN.mq4;765:4;'steppip2' - variable not defined
2;75;C:\Program Files\MetaTrader - Alpari UK\experts\oa_NLV3_Core_10t05IN.mq4;765:17;'steppip2_m' - variable not defined
2;75;C:\Program Files\MetaTrader - Alpari UK\experts\oa_NLV3_Core_10t05IN.mq4;766:4;'stepmin3' - variable not defined
2;75;C:\Program Files\MetaTrader - Alpari UK\experts\oa_NLV3_Core_10t05IN.mq4;766:17;'stepmin3_m' - variable not defined
2;75;C:\Program Files\MetaTrader - Alpari UK\experts\oa_NLV3_Core_10t05IN.mq4;767:4;'steppip3' - variable not defined
2;75;C:\Program Files\MetaTrader - Alpari UK\experts\oa_NLV3_Core_10t05IN.mq4;767:17;'steppip3_m' - variable not defined
2;75;C:\Program Files\MetaTrader - Alpari UK\experts\oa_NLV3_Core_10t05IN.mq4;769:4;'delayminutes' - variable not defined
2;75;C:\Program Files\MetaTrader - Alpari UK\experts\oa_NLV3_Core_10t05IN.mq4;769:22;'delayminutes_m' - variable not defined
2;75;C:\Program Files\MetaTrader - Alpari UK\experts\oa_NLV3_Core_10t05IN.mq4;770:4;'delayminutesafterclose' - variable not defined
2;75;C:\Program Files\MetaTrader - Alpari UK\experts\oa_NLV3_Core_10t05IN.mq4;770:27;'delayminutesafterclose_m' - variable not defined
2;75;C:\Program Files\MetaTrader - Alpari UK\experts\oa_NLV3_Core_10t05IN.mq4;771:4;'delayminutesafterloss' - variable not defined
2;75;C:\Program Files\MetaTrader - Alpari UK\experts\oa_NLV3_Core_10t05IN.mq4;771:26;'delayminutesafterloss_m' - variable not defined
2;75;C:\Program Files\MetaTrader - Alpari UK\experts\oa_NLV3_Core_10t05IN.mq4;783:11;'b_fivedigitbroker' - variable not defined
2;75;C:\Program Files\MetaTrader - Alpari UK\experts\oa_NLV3_Core_10t05IN.mq4;784:44;'entry_orderbridge' - variable not defined
2;75;C:\Program Files\MetaTrader - Alpari UK\experts\oa_NLV3_Core_10t05IN.mq4;785:10;'step' - variable not defined
2;75;C:\Program Files\MetaTrader - Alpari UK\experts\oa_NLV3_Core_10t05IN.mq4;786:10;'step_first' - variable not defined
2;75;C:\Program Files\MetaTrader - Alpari UK\experts\oa_NLV3_Core_10t05IN.mq4;787:10;'step_movegoal' - variable not defined
2;75;C:\Program Files\MetaTrader - Alpari UK\experts\oa_NLV3_Core_10t05IN.mq4;788:10;'average_win' - variable not defined
2;75;C:\Program Files\MetaTrader - Alpari UK\experts\oa_NLV3_Core_10t05IN.mq4;789:10;'fallbackpip_min' - variable not defined
2;75;C:\Program Files\MetaTrader - Alpari UK\experts\oa_NLV3_Core_10t05IN.mq4;790:10;'fallbackpip_max' - variable not defined
2;75;C:\Program Files\MetaTrader - Alpari UK\experts\oa_NLV3_Core_10t05IN.mq4;791:10;'tp' - variable not defined
2;75;C:\Program Files\MetaTrader - Alpari UK\experts\oa_NLV3_Core_10t05IN.mq4;792:10;'sl' - variable not defined
2;75;C:\Program Files\MetaTrader - Alpari UK\experts\oa_NLV3_Core_10t05IN.mq4;793:10;'sl_step' - variable not defined
2;75;C:\Program Files\MetaTrader - Alpari UK\experts\oa_NLV3_Core_10t05IN.mq4;794:10;'sl_onavgprice' - variable not defined
2;75;C:\Program Files\MetaTrader - Alpari UK\experts\oa_NLV3_Core_10t05IN.mq4;795:10;'stop_after_hour_minprofit' - variable not defined
2;75;C:\Program Files\MetaTrader - Alpari UK\experts\oa_NLV3_Core_10t05IN.mq4;796:10;'stop_after_hour_minprofit2' - variable not defined
2;75;C:\Program Files\MetaTrader - Alpari UK\experts\oa_NLV3_Core_10t05IN.mq4;797:10;'stop_after_hour_minloss' - variable not defined
2;75;C:\Program Files\MetaTrader - Alpari UK\experts\oa_NLV3_Core_10t05IN.mq4;798:10;'stop_after_hour_minloss2' - variable not defined
2;75;C:\Program Files\MetaTrader - Alpari UK\experts\oa_NLV3_Core_10t05IN.mq4;799:10;'signal_atr_max' - variable not defined
2;75;C:\Program Files\MetaTrader - Alpari UK\experts\oa_NLV3_Core_10t05IN.mq4;800:10;'signal_atr_min' - variable not defined
2;75;C:\Program Files\MetaTrader - Alpari UK\experts\oa_NLV3_Core_10t05IN.mq4;801:10;'steppip1' - variable not defined
2;75;C:\Program Files\MetaTrader - Alpari UK\experts\oa_NLV3_Core_10t05IN.mq4;801:24;'steppip2' - variable not defined
2;75;C:\Program Files\MetaTrader - Alpari UK\experts\oa_NLV3_Core_10t05IN.mq4;801:38;'steppip3' - variable not defined
2;75;C:\Program Files\MetaTrader - Alpari UK\experts\oa_NLV3_Core_10t05IN.mq4;823:77;'b_fivedigitbroker' - variable not defined
2;75;C:\Program Files\MetaTrader - Alpari UK\experts\oa_NLV3_Core_10t05IN.mq4;839:129;'sl_price' - variable not defined
2;75;C:\Program Files\MetaTrader - Alpari UK\experts\oa_NLV3_Core_10t05IN.mq4;839:196;'tp_price' - variable not defined
2;75;C:\Program Files\MetaTrader - Alpari UK\experts\oa_NLV3_Core_10t05IN.mq4;841:79;'b_fivedigitbroker' - variable not defined
