2;75;C:\Program Files\MetaTrader - Alpari UK\experts\oa_NLV3_Core_01.mq4;163:12;'b_fivedigitbroker' - variable not defined
2;75;C:\Program Files\MetaTrader - Alpari UK\experts\oa_NLV3_Core_01.mq4;163:37;'maxspread' - variable not defined
2;75;C:\Program Files\MetaTrader - Alpari UK\experts\oa_NLV3_Core_01.mq4;166:19;'program_name' - variable not defined
2;75;C:\Program Files\MetaTrader - Alpari UK\experts\oa_NLV3_Core_01.mq4;170:11;'b_run_multistrat' - variable not defined
2;75;C:\Program Files\MetaTrader - Alpari UK\experts\oa_NLV3_Core_01.mq4;170:37;'strat_symbol' - variable not defined
2;75;C:\Program Files\MetaTrader - Alpari UK\experts\oa_NLV3_Core_01.mq4;171:7;'strat_run' - variable not defined
2;75;C:\Program Files\MetaTrader - Alpari UK\experts\oa_NLV3_Core_01.mq4;171:20;'strat_1' - variable not defined
2;75;C:\Program Files\MetaTrader - Alpari UK\experts\oa_NLV3_Core_01.mq4;172:7;'strat_run' - variable not defined
2;75;C:\Program Files\MetaTrader - Alpari UK\experts\oa_NLV3_Core_01.mq4;172:20;'strat_2' - variable not defined
2;75;C:\Program Files\MetaTrader - Alpari UK\experts\oa_NLV3_Core_01.mq4;173:7;'strat_run' - variable not defined
2;75;C:\Program Files\MetaTrader - Alpari UK\experts\oa_NLV3_Core_01.mq4;173:20;'strat_3' - variable not defined
2;75;C:\Program Files\MetaTrader - Alpari UK\experts\oa_NLV3_Core_01.mq4;174:7;'strat_run' - variable not defined
2;75;C:\Program Files\MetaTrader - Alpari UK\experts\oa_NLV3_Core_01.mq4;174:20;'strat_4' - variable not defined
2;75;C:\Program Files\MetaTrader - Alpari UK\experts\oa_NLV3_Core_01.mq4;175:7;'strat_run' - variable not defined
2;75;C:\Program Files\MetaTrader - Alpari UK\experts\oa_NLV3_Core_01.mq4;175:20;'strat_5' - variable not defined
2;75;C:\Program Files\MetaTrader - Alpari UK\experts\oa_NLV3_Core_01.mq4;195:37;'strat_symbol' - variable not defined
2;75;C:\Program Files\MetaTrader - Alpari UK\experts\oa_NLV3_Core_01.mq4;198:28;'b_run_multistrat' - variable not defined
2;75;C:\Program Files\MetaTrader - Alpari UK\experts\oa_NLV3_Core_01.mq4;200:37;'entry_ordertype' - variable not defined
2;75;C:\Program Files\MetaTrader - Alpari UK\experts\oa_NLV3_Core_01.mq4;202:28;'b_run_multistrat' - variable not defined
2;75;C:\Program Files\MetaTrader - Alpari UK\experts\oa_NLV3_Core_01.mq4;203:26;'strat_nr' - variable not defined
2;75;C:\Program Files\MetaTrader - Alpari UK\experts\oa_NLV3_Core_01.mq4;204:17;'strat_run' - variable not defined
2;75;C:\Program Files\MetaTrader - Alpari UK\experts\oa_NLV3_Core_01.mq4;208:43;'entry_ordertype' - variable not defined
2;75;C:\Program Files\MetaTrader - Alpari UK\experts\oa_NLV3_Core_01.mq4;218:44;'step' - variable not defined
2;75;C:\Program Files\MetaTrader - Alpari UK\experts\oa_NLV3_Core_01.mq4;218:49;'step_type' - variable not defined
2;75;C:\Program Files\MetaTrader - Alpari UK\experts\oa_NLV3_Core_01.mq4;232:13;'tradinghour_start' - variable not defined
2;75;C:\Program Files\MetaTrader - Alpari UK\experts\oa_NLV3_Core_01.mq4;232:31;'tradinghour_end' - variable not defined
2;75;C:\Program Files\MetaTrader - Alpari UK\experts\oa_NLV3_Core_01.mq4;232:75;'tradinghour_start' - variable not defined
2;75;C:\Program Files\MetaTrader - Alpari UK\experts\oa_NLV3_Core_01.mq4;232:121;'tradinghour_end' - variable not defined
2;75;C:\Program Files\MetaTrader - Alpari UK\experts\oa_NLV3_Core_01.mq4;233:13;'tradinghour_end' - variable not defined
2;75;C:\Program Files\MetaTrader - Alpari UK\experts\oa_NLV3_Core_01.mq4;233:30;'tradinghour_start' - variable not defined
2;75;C:\Program Files\MetaTrader - Alpari UK\experts\oa_NLV3_Core_01.mq4;233:76;'tradinghour_start' - variable not defined
2;75;C:\Program Files\MetaTrader - Alpari UK\experts\oa_NLV3_Core_01.mq4;233:122;'tradinghour_end' - variable not defined
2;75;C:\Program Files\MetaTrader - Alpari UK\experts\oa_NLV3_Core_01.mq4;234:20;'tradingdayoyearmax' - variable not defined
2;75;C:\Program Files\MetaTrader - Alpari UK\experts\oa_NLV3_Core_01.mq4;236:47;'delayminutes' - variable not defined
2;75;C:\Program Files\MetaTrader - Alpari UK\experts\oa_NLV3_Core_01.mq4;236:92;'delayminutes' - variable not defined
2;75;C:\Program Files\MetaTrader - Alpari UK\experts\oa_NLV3_Core_01.mq4;237:30;'strat_period' - variable not defined
2;75;C:\Program Files\MetaTrader - Alpari UK\experts\oa_NLV3_Core_01.mq4;237:43;'adx_preiod' - variable not defined
2;75;C:\Program Files\MetaTrader - Alpari UK\experts\oa_NLV3_Core_01.mq4;237:82;'signal_adx_limit' - variable not defined
2;75;C:\Program Files\MetaTrader - Alpari UK\experts\oa_NLV3_Core_01.mq4;238:30;'strat_period' - variable not defined
2;75;C:\Program Files\MetaTrader - Alpari UK\experts\oa_NLV3_Core_01.mq4;238:43;'adx_preiod' - variable not defined
2;75;C:\Program Files\MetaTrader - Alpari UK\experts\oa_NLV3_Core_01.mq4;238:82;'signal_adx_max' - variable not defined
2;75;C:\Program Files\MetaTrader - Alpari UK\experts\oa_NLV3_Core_01.mq4;239:30;'strat_period' - variable not defined
2;75;C:\Program Files\MetaTrader - Alpari UK\experts\oa_NLV3_Core_01.mq4;239:43;'adx_preiod2' - variable not defined
2;75;C:\Program Files\MetaTrader - Alpari UK\experts\oa_NLV3_Core_01.mq4;239:82;'signal_adx_limit2' - variable not defined
2;75;C:\Program Files\MetaTrader - Alpari UK\experts\oa_NLV3_Core_01.mq4;240:30;'strat_period' - variable not defined
2;75;C:\Program Files\MetaTrader - Alpari UK\experts\oa_NLV3_Core_01.mq4;240:43;'atr_preiod' - variable not defined
2;75;C:\Program Files\MetaTrader - Alpari UK\experts\oa_NLV3_Core_01.mq4;240:58;'signal_atr_min' - variable not defined
2;75;C:\Program Files\MetaTrader - Alpari UK\experts\oa_NLV3_Core_01.mq4;241:30;'strat_period' - variable not defined
2;75;C:\Program Files\MetaTrader - Alpari UK\experts\oa_NLV3_Core_01.mq4;241:43;'atr_preiod' - variable not defined
2;75;C:\Program Files\MetaTrader - Alpari UK\experts\oa_NLV3_Core_01.mq4;241:58;'signal_atr_max' - variable not defined
2;75;C:\Program Files\MetaTrader - Alpari UK\experts\oa_NLV3_Core_01.mq4;242:22;'bool_dev' - variable not defined
2;75;C:\Program Files\MetaTrader - Alpari UK\experts\oa_NLV3_Core_01.mq4;242:63;'strat_period' - variable not defined
2;75;C:\Program Files\MetaTrader - Alpari UK\experts\oa_NLV3_Core_01.mq4;242:76;'bool_preiod' - variable not defined
2;75;C:\Program Files\MetaTrader - Alpari UK\experts\oa_NLV3_Core_01.mq4;242:88;'bool_dev' - variable not defined
2;75;C:\Program Files\MetaTrader - Alpari UK\experts\oa_NLV3_Core_01.mq4;243:22;'rsi_period' - variable not defined
2;75;C:\Program Files\MetaTrader - Alpari UK\experts\oa_NLV3_Core_01.mq4;243:53;'strat_period' - variable not defined
2;75;C:\Program Files\MetaTrader - Alpari UK\experts\oa_NLV3_Core_01.mq4;243:66;'rsi_period' - variable not defined
2;75;C:\Program Files\MetaTrader - Alpari UK\experts\oa_NLV3_Core_01.mq4;243:99;'rsi_limit_down' - variable not defined
2;75;C:\Program Files\MetaTrader - Alpari UK\experts\oa_NLV3_Core_01.mq4;244:22;'rsi_period' - variable not defined
2;75;C:\Program Files\MetaTrader - Alpari UK\experts\oa_NLV3_Core_01.mq4;244:53;'strat_period' - variable not defined
2;75;C:\Program Files\MetaTrader - Alpari UK\experts\oa_NLV3_Core_01.mq4;244:66;'rsi_period' - variable not defined
2;75;C:\Program Files\MetaTrader - Alpari UK\experts\oa_NLV3_Core_01.mq4;244:99;'rsi_min_down' - variable not defined
2;75;C:\Program Files\MetaTrader - Alpari UK\experts\oa_NLV3_Core_01.mq4;245:22;'stoch_preiod' - variable not defined
2;75;C:\Program Files\MetaTrader - Alpari UK\experts\oa_NLV3_Core_01.mq4;245:63;'strat_period' - variable not defined
2;75;C:\Program Files\MetaTrader - Alpari UK\experts\oa_NLV3_Core_01.mq4;245:115;'signal_stoch_down' - variable not defined
2;75;C:\Program Files\MetaTrader - Alpari UK\experts\oa_NLV3_Core_01.mq4;246:22;'steppip1' - variable not defined
2;75;C:\Program Files\MetaTrader - Alpari UK\experts\oa_NLV3_Core_01.mq4;246:38;'steppip1' - variable not defined
2;75;C:\Program Files\MetaTrader - Alpari UK\experts\oa_NLV3_Core_01.mq4;246:69;'stepmin1' - variable not defined
2;75;C:\Program Files\MetaTrader - Alpari UK\experts\oa_NLV3_Core_01.mq4;246:79;'steppip1' - variable not defined
2;75;C:\Program Files\MetaTrader - Alpari UK\experts\oa_NLV3_Core_01.mq4;247:22;'steppip2' - variable not defined
2;75;C:\Program Files\MetaTrader - Alpari UK\experts\oa_NLV3_Core_01.mq4;247:38;'steppip2' - variable not defined
2;75;C:\Program Files\MetaTrader - Alpari UK\experts\oa_NLV3_Core_01.mq4;247:69;'stepmin2' - variable not defined
2;75;C:\Program Files\MetaTrader - Alpari UK\experts\oa_NLV3_Core_01.mq4;247:79;'steppip2' - variable not defined
2;75;C:\Program Files\MetaTrader - Alpari UK\experts\oa_NLV3_Core_01.mq4;248:22;'steppip3' - variable not defined
2;75;C:\Program Files\MetaTrader - Alpari UK\experts\oa_NLV3_Core_01.mq4;248:38;'steppip3' - variable not defined
2;75;C:\Program Files\MetaTrader - Alpari UK\experts\oa_NLV3_Core_01.mq4;248:69;'stepmin3' - variable not defined
2;75;C:\Program Files\MetaTrader - Alpari UK\experts\oa_NLV3_Core_01.mq4;248:79;'steppip3' - variable not defined
2;75;C:\Program Files\MetaTrader - Alpari UK\experts\oa_NLV3_Core_01.mq4;249:22;'str3_diff' - variable not defined
2;75;C:\Program Files\MetaTrader - Alpari UK\experts\oa_NLV3_Core_01.mq4;249:63;'strat_period2' - variable not defined
2;75;C:\Program Files\MetaTrader - Alpari UK\experts\oa_NLV3_Core_01.mq4;249:95;'strat_period2' - variable not defined
2;75;C:\Program Files\MetaTrader - Alpari UK\experts\oa_NLV3_Core_01.mq4;249:119;'str3_period' - variable not defined
2;75;C:\Program Files\MetaTrader - Alpari UK\experts\oa_NLV3_Core_01.mq4;249:135;'str3_diff' - variable not defined
2;75;C:\Program Files\MetaTrader - Alpari UK\experts\oa_NLV3_Core_01.mq4;250:31;'entry_reverse' - variable not defined
2;75;C:\Program Files\MetaTrader - Alpari UK\experts\oa_NLV3_Core_01.mq4;251:22;'bool_dev' - variable not defined
2;75;C:\Program Files\MetaTrader - Alpari UK\experts\oa_NLV3_Core_01.mq4;251:63;'strat_period' - variable not defined
2;75;C:\Program Files\MetaTrader - Alpari UK\experts\oa_NLV3_Core_01.mq4;251:76;'bool_preiod' - variable not defined
2;75;C:\Program Files\MetaTrader - Alpari UK\experts\oa_NLV3_Core_01.mq4;251:88;'bool_dev' - variable not defined
2;75;C:\Program Files\MetaTrader - Alpari UK\experts\oa_NLV3_Core_01.mq4;252:22;'rsi_period' - variable not defined
2;75;C:\Program Files\MetaTrader - Alpari UK\experts\oa_NLV3_Core_01.mq4;252:53;'strat_period' - variable not defined
2;75;C:\Program Files\MetaTrader - Alpari UK\experts\oa_NLV3_Core_01.mq4;252:66;'rsi_period' - variable not defined
2;75;C:\Program Files\MetaTrader - Alpari UK\experts\oa_NLV3_Core_01.mq4;252:93;'rsi_limit_down' - variable not defined
2;75;C:\Program Files\MetaTrader - Alpari UK\experts\oa_NLV3_Core_01.mq4;253:22;'rsi_period' - variable not defined
2;75;C:\Program Files\MetaTrader - Alpari UK\experts\oa_NLV3_Core_01.mq4;253:53;'strat_period' - variable not defined
2;75;C:\Program Files\MetaTrader - Alpari UK\experts\oa_NLV3_Core_01.mq4;253:66;'rsi_period' - variable not defined
2;75;C:\Program Files\MetaTrader - Alpari UK\experts\oa_NLV3_Core_01.mq4;253:93;'rsi_min_down' - variable not defined
2;75;C:\Program Files\MetaTrader - Alpari UK\experts\oa_NLV3_Core_01.mq4;254:22;'stoch_preiod' - variable not defined
2;75;C:\Program Files\MetaTrader - Alpari UK\experts\oa_NLV3_Core_01.mq4;254:63;'strat_period' - variable not defined
2;75;C:\Program Files\MetaTrader - Alpari UK\experts\oa_NLV3_Core_01.mq4;254:109;'signal_stoch_down' - variable not defined
2;75;C:\Program Files\MetaTrader - Alpari UK\experts\oa_NLV3_Core_01.mq4;255:22;'steppip1' - variable not defined
2;75;C:\Program Files\MetaTrader - Alpari UK\experts\oa_NLV3_Core_01.mq4;255:38;'steppip1' - variable not defined
2;75;C:\Program Files\MetaTrader - Alpari UK\experts\oa_NLV3_Core_01.mq4;255:69;'stepmin1' - variable not defined
2;75;C:\Program Files\MetaTrader - Alpari UK\experts\oa_NLV3_Core_01.mq4;255:79;'steppip1' - variable not defined
2;75;C:\Program Files\MetaTrader - Alpari UK\experts\oa_NLV3_Core_01.mq4;256:22;'steppip2' - variable not defined
2;75;C:\Program Files\MetaTrader - Alpari UK\experts\oa_NLV3_Core_01.mq4;256:38;'steppip2' - variable not defined
2;75;C:\Program Files\MetaTrader - Alpari UK\experts\oa_NLV3_Core_01.mq4;256:69;'stepmin2' - variable not defined
2;75;C:\Program Files\MetaTrader - Alpari UK\experts\oa_NLV3_Core_01.mq4;256:79;'steppip2' - variable not defined
2;75;C:\Program Files\MetaTrader - Alpari UK\experts\oa_NLV3_Core_01.mq4;257:22;'steppip3' - variable not defined
2;75;C:\Program Files\MetaTrader - Alpari UK\experts\oa_NLV3_Core_01.mq4;257:38;'steppip3' - variable not defined
2;75;C:\Program Files\MetaTrader - Alpari UK\experts\oa_NLV3_Core_01.mq4;257:69;'stepmin3' - variable not defined
2;75;C:\Program Files\MetaTrader - Alpari UK\experts\oa_NLV3_Core_01.mq4;257:79;'steppip3' - variable not defined
2;75;C:\Program Files\MetaTrader - Alpari UK\experts\oa_NLV3_Core_01.mq4;258:22;'str3_diff' - variable not defined
2;75;C:\Program Files\MetaTrader - Alpari UK\experts\oa_NLV3_Core_01.mq4;258:62;'strat_period2' - variable not defined
2;75;C:\Program Files\MetaTrader - Alpari UK\experts\oa_NLV3_Core_01.mq4;258:93;'strat_period2' - variable not defined
2;75;C:\Program Files\MetaTrader - Alpari UK\experts\oa_NLV3_Core_01.mq4;258:116;'str3_period' - variable not defined
2;75;C:\Program Files\MetaTrader - Alpari UK\experts\oa_NLV3_Core_01.mq4;258:132;'str3_diff' - variable not defined
2;75;C:\Program Files\MetaTrader - Alpari UK\experts\oa_NLV3_Core_01.mq4;259:30;'entry_reverse' - variable not defined
2;75;C:\Program Files\MetaTrader - Alpari UK\experts\oa_NLV3_Core_01.mq4;261:47;'delayminutes' - variable not defined
2;75;C:\Program Files\MetaTrader - Alpari UK\experts\oa_NLV3_Core_01.mq4;261:92;'delayminutes' - variable not defined
2;75;C:\Program Files\MetaTrader - Alpari UK\experts\oa_NLV3_Core_01.mq4;262:30;'strat_period' - variable not defined
2;75;C:\Program Files\MetaTrader - Alpari UK\experts\oa_NLV3_Core_01.mq4;262:43;'adx_preiod' - variable not defined
2;75;C:\Program Files\MetaTrader - Alpari UK\experts\oa_NLV3_Core_01.mq4;262:82;'signal_adx_limit' - variable not defined
2;75;C:\Program Files\MetaTrader - Alpari UK\experts\oa_NLV3_Core_01.mq4;263:30;'strat_period' - variable not defined
2;75;C:\Program Files\MetaTrader - Alpari UK\experts\oa_NLV3_Core_01.mq4;263:43;'adx_preiod' - variable not defined
2;75;C:\Program Files\MetaTrader - Alpari UK\experts\oa_NLV3_Core_01.mq4;263:82;'signal_adx_max' - variable not defined
2;75;C:\Program Files\MetaTrader - Alpari UK\experts\oa_NLV3_Core_01.mq4;264:30;'strat_period' - variable not defined
2;75;C:\Program Files\MetaTrader - Alpari UK\experts\oa_NLV3_Core_01.mq4;264:43;'adx_preiod2' - variable not defined
2;75;C:\Program Files\MetaTrader - Alpari UK\experts\oa_NLV3_Core_01.mq4;264:82;'signal_adx_limit2' - variable not defined
2;75;C:\Program Files\MetaTrader - Alpari UK\experts\oa_NLV3_Core_01.mq4;265:30;'strat_period' - variable not defined
2;75;C:\Program Files\MetaTrader - Alpari UK\experts\oa_NLV3_Core_01.mq4;265:43;'atr_preiod' - variable not defined
2;75;C:\Program Files\MetaTrader - Alpari UK\experts\oa_NLV3_Core_01.mq4;265:58;'signal_atr_min' - variable not defined
2;75;C:\Program Files\MetaTrader - Alpari UK\experts\oa_NLV3_Core_01.mq4;266:30;'strat_period' - variable not defined
2;75;C:\Program Files\MetaTrader - Alpari UK\experts\oa_NLV3_Core_01.mq4;266:43;'atr_preiod' - variable not defined
2;75;C:\Program Files\MetaTrader - Alpari UK\experts\oa_NLV3_Core_01.mq4;266:58;'signal_atr_max' - variable not defined
2;75;C:\Program Files\MetaTrader - Alpari UK\experts\oa_NLV3_Core_01.mq4;267:22;'bool_dev' - variable not defined
2;75;C:\Program Files\MetaTrader - Alpari UK\experts\oa_NLV3_Core_01.mq4;267:63;'strat_period' - variable not defined
2;75;C:\Program Files\MetaTrader - Alpari UK\experts\oa_NLV3_Core_01.mq4;267:76;'bool_preiod' - variable not defined
2;75;C:\Program Files\MetaTrader - Alpari UK\experts\oa_NLV3_Core_01.mq4;267:88;'bool_dev' - variable not defined
2;75;C:\Program Files\MetaTrader - Alpari UK\experts\oa_NLV3_Core_01.mq4;268:22;'rsi_period' - variable not defined
2;75;C:\Program Files\MetaTrader - Alpari UK\experts\oa_NLV3_Core_01.mq4;268:53;'strat_period' - variable not defined
2;75;C:\Program Files\MetaTrader - Alpari UK\experts\oa_NLV3_Core_01.mq4;268:66;'rsi_period' - variable not defined
2;75;C:\Program Files\MetaTrader - Alpari UK\experts\oa_NLV3_Core_01.mq4;268:93;'rsi_limit_down' - variable not defined
2;75;C:\Program Files\MetaTrader - Alpari UK\experts\oa_NLV3_Core_01.mq4;269:22;'rsi_period' - variable not defined
2;75;C:\Program Files\MetaTrader - Alpari UK\experts\oa_NLV3_Core_01.mq4;269:53;'strat_period' - variable not defined
2;75;C:\Program Files\MetaTrader - Alpari UK\experts\oa_NLV3_Core_01.mq4;269:66;'rsi_period' - variable not defined
2;75;C:\Program Files\MetaTrader - Alpari UK\experts\oa_NLV3_Core_01.mq4;269:93;'rsi_min_down' - variable not defined
2;75;C:\Program Files\MetaTrader - Alpari UK\experts\oa_NLV3_Core_01.mq4;270:22;'stoch_preiod' - variable not defined
2;75;C:\Program Files\MetaTrader - Alpari UK\experts\oa_NLV3_Core_01.mq4;270:63;'strat_period' - variable not defined
2;75;C:\Program Files\MetaTrader - Alpari UK\experts\oa_NLV3_Core_01.mq4;270:109;'signal_stoch_down' - variable not defined
2;75;C:\Program Files\MetaTrader - Alpari UK\experts\oa_NLV3_Core_01.mq4;271:22;'steppip1' - variable not defined
2;75;C:\Program Files\MetaTrader - Alpari UK\experts\oa_NLV3_Core_01.mq4;271:38;'steppip1' - variable not defined
2;75;C:\Program Files\MetaTrader - Alpari UK\experts\oa_NLV3_Core_01.mq4;271:69;'stepmin1' - variable not defined
2;75;C:\Program Files\MetaTrader - Alpari UK\experts\oa_NLV3_Core_01.mq4;271:79;'steppip1' - variable not defined
2;75;C:\Program Files\MetaTrader - Alpari UK\experts\oa_NLV3_Core_01.mq4;272:22;'steppip2' - variable not defined
2;75;C:\Program Files\MetaTrader - Alpari UK\experts\oa_NLV3_Core_01.mq4;272:38;'steppip2' - variable not defined
2;75;C:\Program Files\MetaTrader - Alpari UK\experts\oa_NLV3_Core_01.mq4;272:69;'stepmin2' - variable not defined
2;75;C:\Program Files\MetaTrader - Alpari UK\experts\oa_NLV3_Core_01.mq4;272:79;'steppip2' - variable not defined
2;75;C:\Program Files\MetaTrader - Alpari UK\experts\oa_NLV3_Core_01.mq4;273:22;'steppip3' - variable not defined
2;75;C:\Program Files\MetaTrader - Alpari UK\experts\oa_NLV3_Core_01.mq4;273:38;'steppip3' - variable not defined
2;75;C:\Program Files\MetaTrader - Alpari UK\experts\oa_NLV3_Core_01.mq4;273:69;'stepmin3' - variable not defined
2;75;C:\Program Files\MetaTrader - Alpari UK\experts\oa_NLV3_Core_01.mq4;273:79;'steppip3' - variable not defined
2;75;C:\Program Files\MetaTrader - Alpari UK\experts\oa_NLV3_Core_01.mq4;274:22;'str3_diff' - variable not defined
2;75;C:\Program Files\MetaTrader - Alpari UK\experts\oa_NLV3_Core_01.mq4;274:63;'strat_period2' - variable not defined
2;75;C:\Program Files\MetaTrader - Alpari UK\experts\oa_NLV3_Core_01.mq4;274:95;'strat_period2' - variable not defined
2;75;C:\Program Files\MetaTrader - Alpari UK\experts\oa_NLV3_Core_01.mq4;274:119;'str3_period' - variable not defined
2;75;C:\Program Files\MetaTrader - Alpari UK\experts\oa_NLV3_Core_01.mq4;274:135;'str3_diff' - variable not defined
2;75;C:\Program Files\MetaTrader - Alpari UK\experts\oa_NLV3_Core_01.mq4;275:30;'entry_reverse' - variable not defined
2;75;C:\Program Files\MetaTrader - Alpari UK\experts\oa_NLV3_Core_01.mq4;276:22;'bool_dev' - variable not defined
2;75;C:\Program Files\MetaTrader - Alpari UK\experts\oa_NLV3_Core_01.mq4;276:63;'strat_period' - variable not defined
2;75;C:\Program Files\MetaTrader - Alpari UK\experts\oa_NLV3_Core_01.mq4;276:76;'bool_preiod' - variable not defined
2;75;C:\Program Files\MetaTrader - Alpari UK\experts\oa_NLV3_Core_01.mq4;276:88;'bool_dev' - variable not defined
2;75;C:\Program Files\MetaTrader - Alpari UK\experts\oa_NLV3_Core_01.mq4;277:22;'rsi_period' - variable not defined
2;75;C:\Program Files\MetaTrader - Alpari UK\experts\oa_NLV3_Core_01.mq4;277:53;'strat_period' - variable not defined
2;75;C:\Program Files\MetaTrader - Alpari UK\experts\oa_NLV3_Core_01.mq4;277:66;'rsi_period' - variable not defined
2;75;C:\Program Files\MetaTrader - Alpari UK\experts\oa_NLV3_Core_01.mq4;277:99;'rsi_limit_down' - variable not defined
2;75;C:\Program Files\MetaTrader - Alpari UK\experts\oa_NLV3_Core_01.mq4;278:22;'rsi_period' - variable not defined
2;75;C:\Program Files\MetaTrader - Alpari UK\experts\oa_NLV3_Core_01.mq4;278:53;'strat_period' - variable not defined
2;75;C:\Program Files\MetaTrader - Alpari UK\experts\oa_NLV3_Core_01.mq4;278:66;'rsi_period' - variable not defined
2;75;C:\Program Files\MetaTrader - Alpari UK\experts\oa_NLV3_Core_01.mq4;278:99;'rsi_min_down' - variable not defined
2;75;C:\Program Files\MetaTrader - Alpari UK\experts\oa_NLV3_Core_01.mq4;279:22;'stoch_preiod' - variable not defined
2;75;C:\Program Files\MetaTrader - Alpari UK\experts\oa_NLV3_Core_01.mq4;279:63;'strat_period' - variable not defined
2;75;C:\Program Files\MetaTrader - Alpari UK\experts\oa_NLV3_Core_01.mq4;279:115;'signal_stoch_down' - variable not defined
2;75;C:\Program Files\MetaTrader - Alpari UK\experts\oa_NLV3_Core_01.mq4;280:22;'steppip1' - variable not defined
2;75;C:\Program Files\MetaTrader - Alpari UK\experts\oa_NLV3_Core_01.mq4;280:38;'steppip1' - variable not defined
2;75;C:\Program Files\MetaTrader - Alpari UK\experts\oa_NLV3_Core_01.mq4;280:69;'stepmin1' - variable not defined
2;75;C:\Program Files\MetaTrader - Alpari UK\experts\oa_NLV3_Core_01.mq4;280:79;'steppip1' - variable not defined
2;75;C:\Program Files\MetaTrader - Alpari UK\experts\oa_NLV3_Core_01.mq4;281:22;'steppip2' - variable not defined
2;75;C:\Program Files\MetaTrader - Alpari UK\experts\oa_NLV3_Core_01.mq4;281:38;'steppip2' - variable not defined
2;75;C:\Program Files\MetaTrader - Alpari UK\experts\oa_NLV3_Core_01.mq4;281:69;'stepmin2' - variable not defined
2;75;C:\Program Files\MetaTrader - Alpari UK\experts\oa_NLV3_Core_01.mq4;281:79;'steppip2' - variable not defined
2;75;C:\Program Files\MetaTrader - Alpari UK\experts\oa_NLV3_Core_01.mq4;282:22;'steppip3' - variable not defined
2;75;C:\Program Files\MetaTrader - Alpari UK\experts\oa_NLV3_Core_01.mq4;282:38;'steppip3' - variable not defined
2;75;C:\Program Files\MetaTrader - Alpari UK\experts\oa_NLV3_Core_01.mq4;282:69;'stepmin3' - variable not defined
2;75;C:\Program Files\MetaTrader - Alpari UK\experts\oa_NLV3_Core_01.mq4;282:79;'steppip3' - variable not defined
2;75;C:\Program Files\MetaTrader - Alpari UK\experts\oa_NLV3_Core_01.mq4;283:22;'str3_diff' - variable not defined
2;75;C:\Program Files\MetaTrader - Alpari UK\experts\oa_NLV3_Core_01.mq4;283:62;'strat_period2' - variable not defined
2;75;C:\Program Files\MetaTrader - Alpari UK\experts\oa_NLV3_Core_01.mq4;283:93;'strat_period2' - variable not defined
2;75;C:\Program Files\MetaTrader - Alpari UK\experts\oa_NLV3_Core_01.mq4;283:116;'str3_period' - variable not defined
2;75;C:\Program Files\MetaTrader - Alpari UK\experts\oa_NLV3_Core_01.mq4;283:132;'str3_diff' - variable not defined
2;75;C:\Program Files\MetaTrader - Alpari UK\experts\oa_NLV3_Core_01.mq4;284:31;'entry_reverse' - variable not defined
2;75;C:\Program Files\MetaTrader - Alpari UK\experts\oa_NLV3_Core_01.mq4;291:36;'entry_type' - variable not defined
2;75;C:\Program Files\MetaTrader - Alpari UK\experts\oa_NLV3_Core_01.mq4;291:83;'strat_period' - variable not defined
2;75;C:\Program Files\MetaTrader - Alpari UK\experts\oa_NLV3_Core_01.mq4;291:96;'adx_preiod' - variable not defined
2;75;C:\Program Files\MetaTrader - Alpari UK\experts\oa_NLV3_Core_01.mq4;292:122;'b_signal2_trading' - variable not defined
2;75;C:\Program Files\MetaTrader - Alpari UK\experts\oa_NLV3_Core_01.mq4;302:14;'b_signal2_trading' - variable not defined
2;75;C:\Program Files\MetaTrader - Alpari UK\experts\oa_NLV3_Core_01.mq4;303:14;'b_signal2_trading' - variable not defined
2;75;C:\Program Files\MetaTrader - Alpari UK\experts\oa_NLV3_Core_01.mq4;317:23;'strat_nr' - variable not defined
2;75;C:\Program Files\MetaTrader - Alpari UK\experts\oa_NLV3_Core_01.mq4;334:29;'strat_nr' - variable not defined
2;75;C:\Program Files\MetaTrader - Alpari UK\experts\oa_NLV3_Core_01.mq4;335:17;'strat_run' - variable not defined
2;75;C:\Program Files\MetaTrader - Alpari UK\experts\oa_NLV3_Core_01.mq4;335:39;'MAGIC_Rf_m' - variable not defined
2;75;C:\Program Files\MetaTrader - Alpari UK\experts\oa_NLV3_Core_01.mq4;337:31;'MAGIC_Rf' - variable not defined
2;75;C:\Program Files\MetaTrader - Alpari UK\experts\oa_NLV3_Core_01.mq4;350:70;'step_type' - variable not defined
2;75;C:\Program Files\MetaTrader - Alpari UK\experts\oa_NLV3_Core_01.mq4;351:70;'step_type' - variable not defined
2;75;C:\Program Files\MetaTrader - Alpari UK\experts\oa_NLV3_Core_01.mq4;356:31;'MAGIC_Rf' - variable not defined
2;75;C:\Program Files\MetaTrader - Alpari UK\experts\oa_NLV3_Core_01.mq4;379:28;'b_compeetingbot' - variable not defined
2;75;C:\Program Files\MetaTrader - Alpari UK\experts\oa_NLV3_Core_01.mq4;380:28;'b_compeetingbot' - variable not defined
2;75;C:\Program Files\MetaTrader - Alpari UK\experts\oa_NLV3_Core_01.mq4;381:57;'delayminutes' - variable not defined
2;75;C:\Program Files\MetaTrader - Alpari UK\experts\oa_NLV3_Core_01.mq4;382:21;'maxspread' - variable not defined
2;75;C:\Program Files\MetaTrader - Alpari UK\experts\oa_NLV3_Core_01.mq4;383:44;'maxspread' - variable not defined
2;75;C:\Program Files\MetaTrader - Alpari UK\experts\oa_NLV3_Core_01.mq4;385:11;'money_management' - variable not defined
2;75;C:\Program Files\MetaTrader - Alpari UK\experts\oa_NLV3_Core_01.mq4;385:35;'lots' - variable not defined
2;75;C:\Program Files\MetaTrader - Alpari UK\experts\oa_NLV3_Core_01.mq4;385:72;'lots_equityperlot' - variable not defined
2;75;C:\Program Files\MetaTrader - Alpari UK\experts\oa_NLV3_Core_01.mq4;385:90;'lots_multipliyer' - variable not defined
2;75;C:\Program Files\MetaTrader - Alpari UK\experts\oa_NLV3_Core_01.mq4;385:117;'lots' - variable not defined
2;75;C:\Program Files\MetaTrader - Alpari UK\experts\oa_NLV3_Core_01.mq4;387:68;'lots' - variable not defined
2;75;C:\Program Files\MetaTrader - Alpari UK\experts\oa_NLV3_Core_01.mq4;387:83;'program_name' - variable not defined
2;75;C:\Program Files\MetaTrader - Alpari UK\experts\oa_NLV3_Core_01.mq4;387:96;'strat_symbol' - variable not defined
2;75;C:\Program Files\MetaTrader - Alpari UK\experts\oa_NLV3_Core_01.mq4;387:109;'MAGIC_Rf' - variable not defined
2;75;C:\Program Files\MetaTrader - Alpari UK\experts\oa_NLV3_Core_01.mq4;389:81;'average_win' - variable not defined
2;75;C:\Program Files\MetaTrader - Alpari UK\experts\oa_NLV3_Core_01.mq4;393:69;'lots' - variable not defined
2;75;C:\Program Files\MetaTrader - Alpari UK\experts\oa_NLV3_Core_01.mq4;393:84;'program_name' - variable not defined
2;75;C:\Program Files\MetaTrader - Alpari UK\experts\oa_NLV3_Core_01.mq4;393:97;'strat_symbol' - variable not defined
2;75;C:\Program Files\MetaTrader - Alpari UK\experts\oa_NLV3_Core_01.mq4;393:110;'MAGIC_Rf' - variable not defined
2;75;C:\Program Files\MetaTrader - Alpari UK\experts\oa_NLV3_Core_01.mq4;395:81;'average_win' - variable not defined
2;75;C:\Program Files\MetaTrader - Alpari UK\experts\oa_NLV3_Core_01.mq4;402:20;'step_max_nr' - variable not defined
2;75;C:\Program Files\MetaTrader - Alpari UK\experts\oa_NLV3_Core_01.mq4;405:94;'step_minute' - variable not defined
2;75;C:\Program Files\MetaTrader - Alpari UK\experts\oa_NLV3_Core_01.mq4;406:17;'increase_lots' - variable not defined
2;75;C:\Program Files\MetaTrader - Alpari UK\experts\oa_NLV3_Core_01.mq4;406:50;'increase_for_every' - variable not defined
2;75;C:\Program Files\MetaTrader - Alpari UK\experts\oa_NLV3_Core_01.mq4;406:102;'lots' - variable not defined
2;75;C:\Program Files\MetaTrader - Alpari UK\experts\oa_NLV3_Core_01.mq4;406:107;'increase_percent' - variable not defined
2;75;C:\Program Files\MetaTrader - Alpari UK\experts\oa_NLV3_Core_01.mq4;408:84;'MAGIC_Rf' - variable not defined
2;75;C:\Program Files\MetaTrader - Alpari UK\experts\oa_NLV3_Core_01.mq4;410:27;'step_movegoal' - variable not defined
2;75;C:\Program Files\MetaTrader - Alpari UK\experts\oa_NLV3_Core_01.mq4;412:95;'step_minute' - variable not defined
2;75;C:\Program Files\MetaTrader - Alpari UK\experts\oa_NLV3_Core_01.mq4;413:17;'increase_lots' - variable not defined
2;75;C:\Program Files\MetaTrader - Alpari UK\experts\oa_NLV3_Core_01.mq4;413:50;'increase_for_every' - variable not defined
2;75;C:\Program Files\MetaTrader - Alpari UK\experts\oa_NLV3_Core_01.mq4;413:102;'lots' - variable not defined
2;75;C:\Program Files\MetaTrader - Alpari UK\experts\oa_NLV3_Core_01.mq4;413:107;'increase_percent' - variable not defined
2;75;C:\Program Files\MetaTrader - Alpari UK\experts\oa_NLV3_Core_01.mq4;415:85;'MAGIC_Rf' - variable not defined
2;75;C:\Program Files\MetaTrader - Alpari UK\experts\oa_NLV3_Core_01.mq4;417:27;'step_movegoal' - variable not defined
2;75;C:\Program Files\MetaTrader - Alpari UK\experts\oa_NLV3_Core_01.mq4;422:94;'step_minute' - variable not defined
2;75;C:\Program Files\MetaTrader - Alpari UK\experts\oa_NLV3_Core_01.mq4;423:17;'increase_lots' - variable not defined
2;75;C:\Program Files\MetaTrader - Alpari UK\experts\oa_NLV3_Core_01.mq4;423:50;'increase_for_every' - variable not defined
2;75;C:\Program Files\MetaTrader - Alpari UK\experts\oa_NLV3_Core_01.mq4;423:102;'lots' - variable not defined
2;75;C:\Program Files\MetaTrader - Alpari UK\experts\oa_NLV3_Core_01.mq4;423:107;'increase_percent' - variable not defined
2;75;C:\Program Files\MetaTrader - Alpari UK\experts\oa_NLV3_Core_01.mq4;425:84;'MAGIC_Rf' - variable not defined
2;75;C:\Program Files\MetaTrader - Alpari UK\experts\oa_NLV3_Core_01.mq4;427:27;'step_movegoal' - variable not defined
2;75;C:\Program Files\MetaTrader - Alpari UK\experts\oa_NLV3_Core_01.mq4;429:95;'step_minute' - variable not defined
2;75;C:\Program Files\MetaTrader - Alpari UK\experts\oa_NLV3_Core_01.mq4;430:17;'increase_lots' - variable not defined
2;75;C:\Program Files\MetaTrader - Alpari UK\experts\oa_NLV3_Core_01.mq4;430:50;'increase_for_every' - variable not defined
2;75;C:\Program Files\MetaTrader - Alpari UK\experts\oa_NLV3_Core_01.mq4;430:102;'lots' - variable not defined
2;75;C:\Program Files\MetaTrader - Alpari UK\experts\oa_NLV3_Core_01.mq4;430:107;'increase_percent' - variable not defined
2;75;C:\Program Files\MetaTrader - Alpari UK\experts\oa_NLV3_Core_01.mq4;432:85;'MAGIC_Rf' - variable not defined
2;75;C:\Program Files\MetaTrader - Alpari UK\experts\oa_NLV3_Core_01.mq4;434:27;'step_movegoal' - variable not defined
2;75;C:\Program Files\MetaTrader - Alpari UK\experts\oa_NLV3_Core_01.mq4;441:27;'b_fivedigitbroker' - variable not defined
2;75;C:\Program Files\MetaTrader - Alpari UK\experts\oa_NLV3_Core_01.mq4;461:48;'max_loss_percent' - variable not defined
2;75;C:\Program Files\MetaTrader - Alpari UK\experts\oa_NLV3_Core_01.mq4;462:48;'ult_max_loss_percent' - variable not defined
2;75;C:\Program Files\MetaTrader - Alpari UK\experts\oa_NLV3_Core_01.mq4;463:11;'b_letprofitrun' - variable not defined
2;75;C:\Program Files\MetaTrader - Alpari UK\experts\oa_NLV3_Core_01.mq4;464:11;'b_letprofitrun' - variable not defined
2;75;C:\Program Files\MetaTrader - Alpari UK\experts\oa_NLV3_Core_01.mq4;464:87;'fallbackpip_min' - variable not defined
2;75;C:\Program Files\MetaTrader - Alpari UK\experts\oa_NLV3_Core_01.mq4;465:33;'fallbackpip_max' - variable not defined
2;75;C:\Program Files\MetaTrader - Alpari UK\experts\oa_NLV3_Core_01.mq4;465:86;'fallbackpercent_max' - variable not defined
2;75;C:\Program Files\MetaTrader - Alpari UK\experts\oa_NLV3_Core_01.mq4;466:28;'stopp_loss' - variable not defined
2;75;C:\Program Files\MetaTrader - Alpari UK\experts\oa_NLV3_Core_01.mq4;466:48;'stopp_loss' - variable not defined
2;75;C:\Program Files\MetaTrader - Alpari UK\experts\oa_NLV3_Core_01.mq4;467:35;'stop_after_hour' - variable not defined
2;75;C:\Program Files\MetaTrader - Alpari UK\experts\oa_NLV3_Core_01.mq4;467:59;'stop_after_hour' - variable not defined
2;75;C:\Program Files\MetaTrader - Alpari UK\experts\oa_NLV3_Core_01.mq4;467:81;'stop_after_hour_minloss' - variable not defined
2;75;C:\Program Files\MetaTrader - Alpari UK\experts\oa_NLV3_Core_01.mq4;467:125;'stop_after_hour_minprofit' - variable not defined
2;75;C:\Program Files\MetaTrader - Alpari UK\experts\oa_NLV3_Core_01.mq4;468:35;'stop_after_hour2' - variable not defined
2;75;C:\Program Files\MetaTrader - Alpari UK\experts\oa_NLV3_Core_01.mq4;468:60;'stop_after_hour2' - variable not defined
2;75;C:\Program Files\MetaTrader - Alpari UK\experts\oa_NLV3_Core_01.mq4;468:83;'stop_after_hour_minloss2' - variable not defined
2;75;C:\Program Files\MetaTrader - Alpari UK\experts\oa_NLV3_Core_01.mq4;468:128;'stop_after_hour_minprofit2' - variable not defined
2;75;C:\Program Files\MetaTrader - Alpari UK\experts\oa_NLV3_Core_01.mq4;469:35;'stop_after_hour' - variable not defined
2;75;C:\Program Files\MetaTrader - Alpari UK\experts\oa_NLV3_Core_01.mq4;469:59;'stop_after_hour' - variable not defined
2;75;C:\Program Files\MetaTrader - Alpari UK\experts\oa_NLV3_Core_01.mq4;469:81;'stop_after_hour_minloss' - variable not defined
2;75;C:\Program Files\MetaTrader - Alpari UK\experts\oa_NLV3_Core_01.mq4;469:111;'stop_after_hour_minprofit' - variable not defined
2;75;C:\Program Files\MetaTrader - Alpari UK\experts\oa_NLV3_Core_01.mq4;469:157;'stop_after_hour_minloss' - variable not defined
2;75;C:\Program Files\MetaTrader - Alpari UK\experts\oa_NLV3_Core_01.mq4;470:35;'stop_after_hour2' - variable not defined
2;75;C:\Program Files\MetaTrader - Alpari UK\experts\oa_NLV3_Core_01.mq4;470:60;'stop_after_hour2' - variable not defined
2;75;C:\Program Files\MetaTrader - Alpari UK\experts\oa_NLV3_Core_01.mq4;470:83;'stop_after_hour_minloss2' - variable not defined
2;75;C:\Program Files\MetaTrader - Alpari UK\experts\oa_NLV3_Core_01.mq4;470:113;'stop_after_hour_minprofit2' - variable not defined
2;75;C:\Program Files\MetaTrader - Alpari UK\experts\oa_NLV3_Core_01.mq4;470:160;'stop_after_hour_minloss2' - variable not defined
2;75;C:\Program Files\MetaTrader - Alpari UK\experts\oa_NLV3_Core_01.mq4;471:11;'trailingstop' - variable not defined
2;75;C:\Program Files\MetaTrader - Alpari UK\experts\oa_NLV3_Core_01.mq4;471:42;'trailingstop_after_nr' - variable not defined
2;75;C:\Program Files\MetaTrader - Alpari UK\experts\oa_NLV3_Core_01.mq4;471:67;'stopp_loss' - variable not defined
2;75;C:\Program Files\MetaTrader - Alpari UK\experts\oa_NLV3_Core_01.mq4;471:116;'stopp_loss' - variable not defined
2;75;C:\Program Files\MetaTrader - Alpari UK\experts\oa_NLV3_Core_01.mq4;472:11;'trailingstop' - variable not defined
2;75;C:\Program Files\MetaTrader - Alpari UK\experts\oa_NLV3_Core_01.mq4;472:42;'trailingstop_after_nr' - variable not defined
2;75;C:\Program Files\MetaTrader - Alpari UK\experts\oa_NLV3_Core_01.mq4;472:67;'stopp_loss' - variable not defined
2;75;C:\Program Files\MetaTrader - Alpari UK\experts\oa_NLV3_Core_01.mq4;472:117;'stopp_loss' - variable not defined
2;75;C:\Program Files\MetaTrader - Alpari UK\experts\oa_NLV3_Core_01.mq4;488:41;'strat_period' - variable not defined
2;75;C:\Program Files\MetaTrader - Alpari UK\experts\oa_NLV3_Core_01.mq4;519:4;'strat_symbol' - variable not defined
2;75;C:\Program Files\MetaTrader - Alpari UK\experts\oa_NLV3_Core_01.mq4;519:23;'strat_symbol_m' - variable not defined
2;75;C:\Program Files\MetaTrader - Alpari UK\experts\oa_NLV3_Core_01.mq4;520:4;'strat_period' - variable not defined
2;75;C:\Program Files\MetaTrader - Alpari UK\experts\oa_NLV3_Core_01.mq4;520:23;'strat_preiod_m' - variable not defined
2;75;C:\Program Files\MetaTrader - Alpari UK\experts\oa_NLV3_Core_01.mq4;521:4;'b_signal2_trading' - variable not defined
2;75;C:\Program Files\MetaTrader - Alpari UK\experts\oa_NLV3_Core_01.mq4;521:22;'b_signal2_trading_m' - variable not defined
2;75;C:\Program Files\MetaTrader - Alpari UK\experts\oa_NLV3_Core_01.mq4;522:4;'tradinghour_start' - variable not defined
2;75;C:\Program Files\MetaTrader - Alpari UK\experts\oa_NLV3_Core_01.mq4;522:23;'tradinghour_start_m' - variable not defined
2;75;C:\Program Files\MetaTrader - Alpari UK\experts\oa_NLV3_Core_01.mq4;523:4;'tradinghour_end' - variable not defined
2;75;C:\Program Files\MetaTrader - Alpari UK\experts\oa_NLV3_Core_01.mq4;523:23;'tradinghour_end_m' - variable not defined
2;75;C:\Program Files\MetaTrader - Alpari UK\experts\oa_NLV3_Core_01.mq4;524:4;'tradingdayoyearmax' - variable not defined
2;75;C:\Program Files\MetaTrader - Alpari UK\experts\oa_NLV3_Core_01.mq4;524:23;'tradingdayoyearmax_m' - variable not defined
2;75;C:\Program Files\MetaTrader - Alpari UK\experts\oa_NLV3_Core_01.mq4;526:4;'entry_type' - variable not defined
2;75;C:\Program Files\MetaTrader - Alpari UK\experts\oa_NLV3_Core_01.mq4;526:23;'entry_type_m' - variable not defined
2;75;C:\Program Files\MetaTrader - Alpari UK\experts\oa_NLV3_Core_01.mq4;527:4;'entry_reverse' - variable not defined
2;75;C:\Program Files\MetaTrader - Alpari UK\experts\oa_NLV3_Core_01.mq4;527:23;'entry_reverse_m' - variable not defined
2;75;C:\Program Files\MetaTrader - Alpari UK\experts\oa_NLV3_Core_01.mq4;528:4;'entry_ordertype' - variable not defined
2;75;C:\Program Files\MetaTrader - Alpari UK\experts\oa_NLV3_Core_01.mq4;528:23;'entry_ordertype_m' - variable not defined
2;75;C:\Program Files\MetaTrader - Alpari UK\experts\oa_NLV3_Core_01.mq4;529:4;'entry_orderbridge' - variable not defined
2;75;C:\Program Files\MetaTrader - Alpari UK\experts\oa_NLV3_Core_01.mq4;529:23;'entry_orderbridge_m' - variable not defined
2;75;C:\Program Files\MetaTrader - Alpari UK\experts\oa_NLV3_Core_01.mq4;531:4;'lots_equityperlot' - variable not defined
2;75;C:\Program Files\MetaTrader - Alpari UK\experts\oa_NLV3_Core_01.mq4;531:23;'lots_equityperlot_m' - variable not defined
2;75;C:\Program Files\MetaTrader - Alpari UK\experts\oa_NLV3_Core_01.mq4;532:8;'b_aggressive' - variable not defined
2;75;C:\Program Files\MetaTrader - Alpari UK\experts\oa_NLV3_Core_01.mq4;532:28;'lots_equityperlot' - variable not defined
2;75;C:\Program Files\MetaTrader - Alpari UK\experts\oa_NLV3_Core_01.mq4;532:47;'lots_equityperlot_ma' - variable not defined
2;75;C:\Program Files\MetaTrader - Alpari UK\experts\oa_NLV3_Core_01.mq4;533:4;'MAGIC_Rf' - variable not defined
2;75;C:\Program Files\MetaTrader - Alpari UK\experts\oa_NLV3_Core_01.mq4;533:23;'MAGIC_Rf_m' - variable not defined
2;75;C:\Program Files\MetaTrader - Alpari UK\experts\oa_NLV3_Core_01.mq4;535:4;'increase_lots' - variable not defined
2;75;C:\Program Files\MetaTrader - Alpari UK\experts\oa_NLV3_Core_01.mq4;535:29;'increase_lots_m' - variable not defined
2;75;C:\Program Files\MetaTrader - Alpari UK\experts\oa_NLV3_Core_01.mq4;536:4;'increase_for_every' - variable not defined
2;75;C:\Program Files\MetaTrader - Alpari UK\experts\oa_NLV3_Core_01.mq4;536:30;'increase_for_every_m' - variable not defined
2;75;C:\Program Files\MetaTrader - Alpari UK\experts\oa_NLV3_Core_01.mq4;537:4;'increase_percent' - variable not defined
2;75;C:\Program Files\MetaTrader - Alpari UK\experts\oa_NLV3_Core_01.mq4;537:29;'increase_percent_m' - variable not defined
2;75;C:\Program Files\MetaTrader - Alpari UK\experts\oa_NLV3_Core_01.mq4;539:4;'step' - variable not defined
2;75;C:\Program Files\MetaTrader - Alpari UK\experts\oa_NLV3_Core_01.mq4;539:29;'step_m' - variable not defined
2;75;C:\Program Files\MetaTrader - Alpari UK\experts\oa_NLV3_Core_01.mq4;540:4;'step_minute' - variable not defined
2;75;C:\Program Files\MetaTrader - Alpari UK\experts\oa_NLV3_Core_01.mq4;540:29;'step_minute_m' - variable not defined
2;75;C:\Program Files\MetaTrader - Alpari UK\experts\oa_NLV3_Core_01.mq4;541:4;'step_max_nr' - variable not defined
2;75;C:\Program Files\MetaTrader - Alpari UK\experts\oa_NLV3_Core_01.mq4;541:29;'step_max_nr_m' - variable not defined
2;75;C:\Program Files\MetaTrader - Alpari UK\experts\oa_NLV3_Core_01.mq4;542:4;'step_movegoal' - variable not defined
2;75;C:\Program Files\MetaTrader - Alpari UK\experts\oa_NLV3_Core_01.mq4;542:29;'step_movegoal_m' - variable not defined
2;75;C:\Program Files\MetaTrader - Alpari UK\experts\oa_NLV3_Core_01.mq4;543:4;'step_type' - variable not defined
2;75;C:\Program Files\MetaTrader - Alpari UK\experts\oa_NLV3_Core_01.mq4;543:29;'step_type_m' - variable not defined
2;75;C:\Program Files\MetaTrader - Alpari UK\experts\oa_NLV3_Core_01.mq4;545:4;'average_win' - variable not defined
2;75;C:\Program Files\MetaTrader - Alpari UK\experts\oa_NLV3_Core_01.mq4;545:29;'average_win_m' - variable not defined
2;75;C:\Program Files\MetaTrader - Alpari UK\experts\oa_NLV3_Core_01.mq4;546:4;'b_letprofitrun' - variable not defined
2;75;C:\Program Files\MetaTrader - Alpari UK\experts\oa_NLV3_Core_01.mq4;546:29;'b_letprofitrun_m' - variable not defined
2;75;C:\Program Files\MetaTrader - Alpari UK\experts\oa_NLV3_Core_01.mq4;547:4;'fallbackpip_min' - variable not defined
2;75;C:\Program Files\MetaTrader - Alpari UK\experts\oa_NLV3_Core_01.mq4;547:29;'fallbackpip_min_m' - variable not defined
2;75;C:\Program Files\MetaTrader - Alpari UK\experts\oa_NLV3_Core_01.mq4;548:4;'fallbackpip_max' - variable not defined
2;75;C:\Program Files\MetaTrader - Alpari UK\experts\oa_NLV3_Core_01.mq4;548:29;'fallbackpip_max_m' - variable not defined
2;75;C:\Program Files\MetaTrader - Alpari UK\experts\oa_NLV3_Core_01.mq4;549:4;'fallbackpercent_max' - variable not defined
2;75;C:\Program Files\MetaTrader - Alpari UK\experts\oa_NLV3_Core_01.mq4;549:29;'fallbackpercent_max_m' - variable not defined
2;75;C:\Program Files\MetaTrader - Alpari UK\experts\oa_NLV3_Core_01.mq4;551:4;'max_loss_percent' - variable not defined
2;75;C:\Program Files\MetaTrader - Alpari UK\experts\oa_NLV3_Core_01.mq4;551:29;'max_loss_percent_m' - variable not defined
2;75;C:\Program Files\MetaTrader - Alpari UK\experts\oa_NLV3_Core_01.mq4;552:4;'stopp_loss' - variable not defined
2;75;C:\Program Files\MetaTrader - Alpari UK\experts\oa_NLV3_Core_01.mq4;552:29;'stopp_loss_m' - variable not defined
2;75;C:\Program Files\MetaTrader - Alpari UK\experts\oa_NLV3_Core_01.mq4;553:4;'trailingstop' - variable not defined
2;75;C:\Program Files\MetaTrader - Alpari UK\experts\oa_NLV3_Core_01.mq4;553:29;'trailingstop_m' - variable not defined
2;75;C:\Program Files\MetaTrader - Alpari UK\experts\oa_NLV3_Core_01.mq4;554:4;'trailingstop_after_nr' - variable not defined
2;75;C:\Program Files\MetaTrader - Alpari UK\experts\oa_NLV3_Core_01.mq4;554:29;'trailingstop_after_nr_m' - variable not defined
2;75;C:\Program Files\MetaTrader - Alpari UK\experts\oa_NLV3_Core_01.mq4;556:4;'stop_after_hour' - variable not defined
2;75;C:\Program Files\MetaTrader - Alpari UK\experts\oa_NLV3_Core_01.mq4;556:33;'stop_after_hour_m' - variable not defined
2;75;C:\Program Files\MetaTrader - Alpari UK\experts\oa_NLV3_Core_01.mq4;557:4;'stop_after_hour_minprofit' - variable not defined
2;75;C:\Program Files\MetaTrader - Alpari UK\experts\oa_NLV3_Core_01.mq4;557:32;'stop_after_hour_minprofit_m' - variable not defined
2;75;C:\Program Files\MetaTrader - Alpari UK\experts\oa_NLV3_Core_01.mq4;558:4;'stop_after_hour_minloss' - variable not defined
2;75;C:\Program Files\MetaTrader - Alpari UK\experts\oa_NLV3_Core_01.mq4;558:30;'stop_after_hour_minloss_m' - variable not defined
2;75;C:\Program Files\MetaTrader - Alpari UK\experts\oa_NLV3_Core_01.mq4;559:4;'stop_after_hour2' - variable not defined
2;75;C:\Program Files\MetaTrader - Alpari UK\experts\oa_NLV3_Core_01.mq4;559:33;'stop_after_hour2_m' - variable not defined
2;75;C:\Program Files\MetaTrader - Alpari UK\experts\oa_NLV3_Core_01.mq4;560:4;'stop_after_hour_minprofit2' - variable not defined
2;75;C:\Program Files\MetaTrader - Alpari UK\experts\oa_NLV3_Core_01.mq4;560:32;'stop_after_hour_minprofit2_m' - variable not defined
2;75;C:\Program Files\MetaTrader - Alpari UK\experts\oa_NLV3_Core_01.mq4;561:4;'stop_after_hour_minloss2' - variable not defined
2;75;C:\Program Files\MetaTrader - Alpari UK\experts\oa_NLV3_Core_01.mq4;561:31;'stop_after_hour_minloss2_m' - variable not defined
2;75;C:\Program Files\MetaTrader - Alpari UK\experts\oa_NLV3_Core_01.mq4;563:4;'signal_atr_max' - variable not defined
2;75;C:\Program Files\MetaTrader - Alpari UK\experts\oa_NLV3_Core_01.mq4;563:23;'signal_atr_max_m' - variable not defined
2;75;C:\Program Files\MetaTrader - Alpari UK\experts\oa_NLV3_Core_01.mq4;564:4;'signal_atr_min' - variable not defined
2;75;C:\Program Files\MetaTrader - Alpari UK\experts\oa_NLV3_Core_01.mq4;564:23;'signal_atr_min_m' - variable not defined
2;75;C:\Program Files\MetaTrader - Alpari UK\experts\oa_NLV3_Core_01.mq4;565:4;'atr_preiod' - variable not defined
2;75;C:\Program Files\MetaTrader - Alpari UK\experts\oa_NLV3_Core_01.mq4;565:23;'atr_preiod_m' - variable not defined
2;75;C:\Program Files\MetaTrader - Alpari UK\experts\oa_NLV3_Core_01.mq4;567:4;'signal_adx_limit' - variable not defined
2;75;C:\Program Files\MetaTrader - Alpari UK\experts\oa_NLV3_Core_01.mq4;567:23;'signal_adx_limit_m' - variable not defined
2;75;C:\Program Files\MetaTrader - Alpari UK\experts\oa_NLV3_Core_01.mq4;568:4;'signal_adx_max' - variable not defined
2;75;C:\Program Files\MetaTrader - Alpari UK\experts\oa_NLV3_Core_01.mq4;568:23;'signal_adx_max_m' - variable not defined
2;75;C:\Program Files\MetaTrader - Alpari UK\experts\oa_NLV3_Core_01.mq4;569:4;'adx_preiod' - variable not defined
2;75;C:\Program Files\MetaTrader - Alpari UK\experts\oa_NLV3_Core_01.mq4;569:23;'adx_preiod_m' - variable not defined
2;75;C:\Program Files\MetaTrader - Alpari UK\experts\oa_NLV3_Core_01.mq4;570:4;'signal_adx_limit2' - variable not defined
2;75;C:\Program Files\MetaTrader - Alpari UK\experts\oa_NLV3_Core_01.mq4;570:23;'signal_adx_limit2_m' - variable not defined
2;75;C:\Program Files\MetaTrader - Alpari UK\experts\oa_NLV3_Core_01.mq4;571:4;'adx_preiod2' - variable not defined
2;75;C:\Program Files\MetaTrader - Alpari UK\experts\oa_NLV3_Core_01.mq4;571:23;'adx_preiod2_m' - variable not defined
2;75;C:\Program Files\MetaTrader - Alpari UK\experts\oa_NLV3_Core_01.mq4;572:4;'signal_stoch_down' - variable not defined
2;75;C:\Program Files\MetaTrader - Alpari UK\experts\oa_NLV3_Core_01.mq4;572:23;'signal_stoch_limit_m' - variable not defined
2;75;C:\Program Files\MetaTrader - Alpari UK\experts\oa_NLV3_Core_01.mq4;573:4;'stoch_preiod' - variable not defined
2;75;C:\Program Files\MetaTrader - Alpari UK\experts\oa_NLV3_Core_01.mq4;573:23;'adx_stoch_m' - variable not defined
2;75;C:\Program Files\MetaTrader - Alpari UK\experts\oa_NLV3_Core_01.mq4;574:4;'rsi_limit_down' - variable not defined
2;75;C:\Program Files\MetaTrader - Alpari UK\experts\oa_NLV3_Core_01.mq4;574:23;'rsi_limit_down_m' - variable not defined
2;75;C:\Program Files\MetaTrader - Alpari UK\experts\oa_NLV3_Core_01.mq4;575:4;'rsi_min_down' - variable not defined
2;75;C:\Program Files\MetaTrader - Alpari UK\experts\oa_NLV3_Core_01.mq4;575:23;'rsi_limit_min_m' - variable not defined
2;75;C:\Program Files\MetaTrader - Alpari UK\experts\oa_NLV3_Core_01.mq4;576:4;'rsi_period' - variable not defined
2;75;C:\Program Files\MetaTrader - Alpari UK\experts\oa_NLV3_Core_01.mq4;576:23;'rsi_period_m' - variable not defined
2;75;C:\Program Files\MetaTrader - Alpari UK\experts\oa_NLV3_Core_01.mq4;577:4;'bool_dev' - variable not defined
2;75;C:\Program Files\MetaTrader - Alpari UK\experts\oa_NLV3_Core_01.mq4;577:23;'bool_dev_m' - variable not defined
2;75;C:\Program Files\MetaTrader - Alpari UK\experts\oa_NLV3_Core_01.mq4;578:4;'bool_preiod' - variable not defined
2;75;C:\Program Files\MetaTrader - Alpari UK\experts\oa_NLV3_Core_01.mq4;578:23;'bool_preiod_m' - variable not defined
2;75;C:\Program Files\MetaTrader - Alpari UK\experts\oa_NLV3_Core_01.mq4;580:4;'stepmin1' - variable not defined
2;75;C:\Program Files\MetaTrader - Alpari UK\experts\oa_NLV3_Core_01.mq4;580:17;'stepmin1_m' - variable not defined
2;75;C:\Program Files\MetaTrader - Alpari UK\experts\oa_NLV3_Core_01.mq4;581:4;'steppip1' - variable not defined
2;75;C:\Program Files\MetaTrader - Alpari UK\experts\oa_NLV3_Core_01.mq4;581:17;'steppip1_m' - variable not defined
2;75;C:\Program Files\MetaTrader - Alpari UK\experts\oa_NLV3_Core_01.mq4;582:4;'stepmin2' - variable not defined
2;75;C:\Program Files\MetaTrader - Alpari UK\experts\oa_NLV3_Core_01.mq4;582:17;'stepmin2_m' - variable not defined
2;75;C:\Program Files\MetaTrader - Alpari UK\experts\oa_NLV3_Core_01.mq4;583:4;'steppip2' - variable not defined
2;75;C:\Program Files\MetaTrader - Alpari UK\experts\oa_NLV3_Core_01.mq4;583:17;'steppip2_m' - variable not defined
2;75;C:\Program Files\MetaTrader - Alpari UK\experts\oa_NLV3_Core_01.mq4;584:4;'stepmin3' - variable not defined
2;75;C:\Program Files\MetaTrader - Alpari UK\experts\oa_NLV3_Core_01.mq4;584:17;'stepmin3_m' - variable not defined
2;75;C:\Program Files\MetaTrader - Alpari UK\experts\oa_NLV3_Core_01.mq4;585:4;'steppip3' - variable not defined
2;75;C:\Program Files\MetaTrader - Alpari UK\experts\oa_NLV3_Core_01.mq4;585:17;'steppip3_m' - variable not defined
2;75;C:\Program Files\MetaTrader - Alpari UK\experts\oa_NLV3_Core_01.mq4;587:4;'delayminutes' - variable not defined
2;75;C:\Program Files\MetaTrader - Alpari UK\experts\oa_NLV3_Core_01.mq4;587:22;'delayminutes_m' - variable not defined
2;75;C:\Program Files\MetaTrader - Alpari UK\experts\oa_NLV3_Core_01.mq4;588:4;'strat_period2' - variable not defined
2;75;C:\Program Files\MetaTrader - Alpari UK\experts\oa_NLV3_Core_01.mq4;588:22;'strat_period2_m' - variable not defined
2;75;C:\Program Files\MetaTrader - Alpari UK\experts\oa_NLV3_Core_01.mq4;589:4;'str3_period' - variable not defined
2;75;C:\Program Files\MetaTrader - Alpari UK\experts\oa_NLV3_Core_01.mq4;589:22;'str3_period_m' - variable not defined
2;75;C:\Program Files\MetaTrader - Alpari UK\experts\oa_NLV3_Core_01.mq4;590:4;'str3_diff' - variable not defined
2;75;C:\Program Files\MetaTrader - Alpari UK\experts\oa_NLV3_Core_01.mq4;590:22;'str3_diff_m' - variable not defined
2;75;C:\Program Files\MetaTrader - Alpari UK\experts\oa_NLV3_Core_01.mq4;598:11;'b_fivedigitbroker' - variable not defined
2;75;C:\Program Files\MetaTrader - Alpari UK\experts\oa_NLV3_Core_01.mq4;599:10;'step' - variable not defined
2;75;C:\Program Files\MetaTrader - Alpari UK\experts\oa_NLV3_Core_01.mq4;600:10;'step_movegoal' - variable not defined
2;75;C:\Program Files\MetaTrader - Alpari UK\experts\oa_NLV3_Core_01.mq4;601:10;'average_win' - variable not defined
2;75;C:\Program Files\MetaTrader - Alpari UK\experts\oa_NLV3_Core_01.mq4;602:10;'fallbackpip_min' - variable not defined
2;75;C:\Program Files\MetaTrader - Alpari UK\experts\oa_NLV3_Core_01.mq4;603:10;'fallbackpip_max' - variable not defined
2;75;C:\Program Files\MetaTrader - Alpari UK\experts\oa_NLV3_Core_01.mq4;604:10;'stopp_loss' - variable not defined
2;75;C:\Program Files\MetaTrader - Alpari UK\experts\oa_NLV3_Core_01.mq4;605:10;'stop_after_hour_minprofit' - variable not defined
2;75;C:\Program Files\MetaTrader - Alpari UK\experts\oa_NLV3_Core_01.mq4;606:10;'stop_after_hour_minprofit2' - variable not defined
2;75;C:\Program Files\MetaTrader - Alpari UK\experts\oa_NLV3_Core_01.mq4;607:10;'stop_after_hour_minloss' - variable not defined
2;75;C:\Program Files\MetaTrader - Alpari UK\experts\oa_NLV3_Core_01.mq4;608:10;'stop_after_hour_minloss2' - variable not defined
2;75;C:\Program Files\MetaTrader - Alpari UK\experts\oa_NLV3_Core_01.mq4;609:10;'signal_atr_max' - variable not defined
2;75;C:\Program Files\MetaTrader - Alpari UK\experts\oa_NLV3_Core_01.mq4;610:10;'signal_atr_min' - variable not defined
2;75;C:\Program Files\MetaTrader - Alpari UK\experts\oa_NLV3_Core_01.mq4;611:10;'steppip1' - variable not defined
2;75;C:\Program Files\MetaTrader - Alpari UK\experts\oa_NLV3_Core_01.mq4;611:24;'steppip2' - variable not defined
2;75;C:\Program Files\MetaTrader - Alpari UK\experts\oa_NLV3_Core_01.mq4;611:38;'steppip3' - variable not defined
2;75;C:\Program Files\MetaTrader - Alpari UK\experts\oa_NLV3_Core_01.mq4;612:10;'str3_diff' - variable not defined
2;75;C:\Program Files\MetaTrader - Alpari UK\experts\oa_NLV3_Core_01.mq4;631:77;'b_fivedigitbroker' - variable not defined
2;75;C:\Program Files\MetaTrader - Alpari UK\experts\oa_NLV3_Core_01.mq4;639:77;'b_fivedigitbroker' - variable not defined
